


NVFORTRAN (Version     23.1)          02/24/2023  13:30:32      page 1

Switches: -noasm -nodclchk -debug -nodlines -line -list
          -idir .D[1]
          -idir .D[2]
          -idir .D[3]
          -idir .D[4]
          -idir .D[5]
          -idir .D[6]
          -idir .D[7]
          -idir .D[8]
          -idir .D[9]
          -idir .D[10]
          -idir .D[11]
          -idir .D[12]
          -idir .D[13]
          -idir .D[14]
          -idir .D[15]
          -idir .D[16]
          -idir .D[17]
          -idir .D[18]
          -idir .D[19]
          -idir .D[20]
          -idir .D[21]
          -idir .D[22]
          -idir .D[23]
          -idir .D[24]
          -idir .D[25]
          -idir .D[26]
          -idir .D[27]
          -idir .D[28]
          -idir .D[29]
          -idir .D[30]
          -idir .D[31]
          -idir .D[32]
          -idir .D[33]
          -idir .D[34]
          -idir .D[35]
          -idir .D[36]
          -idir .D[37]
          -idir .D[38]
          -idir .D[39]
          -idir .D[40]
          -idir .D[41]
          -idir .D[42]
          -idir .D[43]
          -idir .D[44]
          -idir .D[45]
          -idir .D[46]
          -idir .D[47]
          -idir .D[48]
          -idir .D[49]
          -idir .D[50]
          -idir .D[51]
          -idir .D[52]
          -idir .D[53]
          -idir .D[54]
          -idir .D[55]
          -idir .D[56]
          -idir .D[57]






NVFORTRAN (Version     23.1)          02/24/2023  13:30:32      page 2

          -idir .D[58]
          -idir .D[59]
          -idir .D[60]
          -idir .D[61]
          -idir .D[62]
          -idir .D[63]
          -idir .D[64]
          -idir .D[65]
          -idir .D[66]
          -idir .D[67]
          -idir .D[68]
          -idir .D[69]
          -idir .D[70]
          -idir .D[71]
          -idir .D[72]
          -idir .D[73]
          -idir .D[74]
          -idir .D[75]
          -idir .D[76]
          -idir .D[77]
          -idir .D[78]
          -idir /opt/softs/nvidia/hpc_sdk/Linux_x86_64/23.1/comm_libs/openmpi/openmpi-3.1.5/include
          -idir /opt/softs/nvidia/hpc_sdk/Linux_x86_64/23.1/comm_libs/openmpi/openmpi-3.1.5/lib
          -inform severe -opt 0 -nosave -object -noonetrip
          -depchk on -nostandard     
          -symbol -noupcase    

Filename: modd_comppar.F90

(    1) !-----------------------------------------------------------------
(    2) !--------------- special set of characters for RCS information
(    3) !-----------------------------------------------------------------
(    4) ! $Source: /home/cvsroot/mesonh/libtools/lib/COMPRESS/src/comppar.f90,v $ $Revision: 1.1.4.1 $ $Date: 2008/04/10 10:23:35 $
(    5) !-----------------------------------------------------------------
(    6) !-----------------------------------------------------------------
(    7) !-----------------------------------------------------------------
(    8) MODULE MODD_COMPPAR
(    9) IMPLICIT NONE 
(   10) ! Debug mode : set LPDEBUG to .TRUE.
(   11) LOGICAL,PARAMETER :: LPDEBUG = .FALSE.
(   12) 
(   13) 
(   14) ! contains coding parameters for (de)compress routines
(   15) 
(   16) INTEGER,PARAMETER :: JPCSTENCOD = 1 ! constant array 
(   17) INTEGER,PARAMETER :: JPSOPENCOD = 2 ! second order packing 
(   18) INTEGER,PARAMETER :: JPEXTENCOD = 3 ! second order packing with min/max values excluded
(   19) 
(   20) ! Extended code when JPEXTENCOD enabled
(   21) !
(   22) ! BE CAREFUL : 3 bits are reserved for coding this code => max value is 7
(   23) INTEGER,PARAMETER :: JPCONST   = 0 ! constant value array
(   24) INTEGER,PARAMETER :: JPNORM    = 1 ! same as JPSOPENCOD
(   25) INTEGER,PARAMETER :: JPMINEXCL = 2 ! Min value is isolated
(   26) INTEGER,PARAMETER :: JPMAXEXCL = 3 ! Max value is isolated
(   27) INTEGER,PARAMETER :: JPMINMAXEXCL = 4 ! Min&Max values are isolated
(   28) INTEGER,PARAMETER :: JP2VAL       = 5 ! 2 different values in array
(   29) INTEGER,PARAMETER :: JP3VAL       = 6 ! 3 different values in array
(   30) INTEGER,PARAMETER :: JPOTHER      = 7 ! for future use






NVFORTRAN (Version     23.1)          02/24/2023  13:30:32      page 3

(   31) INTEGER,PARAMETER :: JPLOG        = 8
(   32) END MODULE MODD_COMPPAR






























































NVFORTRAN (Version     23.1)          02/24/2023  13:30:32      page 4

(    1) # 1 "modd_comppar.F90"
(    1) !-----------------------------------------------------------------
(    2) !--------------- special set of characters for RCS information
(    3) !-----------------------------------------------------------------
(    4) ! $Source: /home/cvsroot/mesonh/libtools/lib/COMPRESS/src/comppar.f90,v $ $Revision: 1.1.4.1 $ $Date: 2008/04/10 10:23:35 $
(    5) !-----------------------------------------------------------------
(    6) !-----------------------------------------------------------------
(    7) !-----------------------------------------------------------------
(    8) MODULE MODD_COMPPAR
(    9) IMPLICIT NONE 
(   10) ! Debug mode : set LPDEBUG to .TRUE.
(   11) LOGICAL,PARAMETER :: LPDEBUG = .FALSE.
(   12) # 14 "modd_comppar.F90"
(   14) ! contains coding parameters for (de)compress routines
(   15) # 16 "modd_comppar.F90"
(   16) INTEGER,PARAMETER :: JPCSTENCOD = 1 ! constant array 
(   17) INTEGER,PARAMETER :: JPSOPENCOD = 2 ! second order packing 
(   18) INTEGER,PARAMETER :: JPEXTENCOD = 3 ! second order packing with min/max values excluded
(   19) # 20 "modd_comppar.F90"
(   20) ! Extended code when JPEXTENCOD enabled
(   21) !
(   22) ! BE CAREFUL : 3 bits are reserved for coding this code => max value is 7
(   23) INTEGER,PARAMETER :: JPCONST   = 0 ! constant value array
(   24) INTEGER,PARAMETER :: JPNORM    = 1 ! same as JPSOPENCOD
(   25) INTEGER,PARAMETER :: JPMINEXCL = 2 ! Min value is isolated
(   26) INTEGER,PARAMETER :: JPMAXEXCL = 3 ! Max value is isolated
(   27) INTEGER,PARAMETER :: JPMINMAXEXCL = 4 ! Min&Max values are isolated
(   28) INTEGER,PARAMETER :: JP2VAL       = 5 ! 2 different values in array
(   29) INTEGER,PARAMETER :: JP3VAL       = 6 ! 3 different values in array
(   30) INTEGER,PARAMETER :: JPOTHER      = 7 ! for future use
(   31) INTEGER,PARAMETER :: JPLOG        = 8
(   32) END MODULE MODD_COMPPAR
