


NVFORTRAN (Version     23.1)          02/24/2023  13:34:41      page 1

Switches: -noasm -nodclchk -debug -nodlines -line -list
          -idir .D[1]
          -idir .D[2]
          -idir .D[3]
          -idir .D[4]
          -idir .D[5]
          -idir .D[6]
          -idir .D[7]
          -idir .D[8]
          -idir .D[9]
          -idir .D[10]
          -idir .D[11]
          -idir .D[12]
          -idir .D[13]
          -idir .D[14]
          -idir .D[15]
          -idir .D[16]
          -idir .D[17]
          -idir .D[18]
          -idir .D[19]
          -idir .D[20]
          -idir .D[21]
          -idir .D[22]
          -idir .D[23]
          -idir .D[24]
          -idir .D[25]
          -idir .D[26]
          -idir .D[27]
          -idir .D[28]
          -idir .D[29]
          -idir .D[30]
          -idir .D[31]
          -idir .D[32]
          -idir .D[33]
          -idir .D[34]
          -idir .D[35]
          -idir .D[36]
          -idir .D[37]
          -idir .D[38]
          -idir .D[39]
          -idir .D[40]
          -idir .D[41]
          -idir .D[42]
          -idir .D[43]
          -idir .D[44]
          -idir .D[45]
          -idir .D[46]
          -idir .D[47]
          -idir .D[48]
          -idir .D[49]
          -idir .D[50]
          -idir .D[51]
          -idir .D[52]
          -idir .D[53]
          -idir .D[54]
          -idir .D[55]
          -idir .D[56]
          -idir .D[57]






NVFORTRAN (Version     23.1)          02/24/2023  13:34:41      page 2

          -idir .D[58]
          -idir .D[59]
          -idir .D[60]
          -idir .D[61]
          -idir .D[62]
          -idir .D[63]
          -idir .D[64]
          -idir .D[65]
          -idir .D[66]
          -idir .D[67]
          -idir .D[68]
          -idir .D[69]
          -idir .D[70]
          -idir .D[71]
          -idir .D[72]
          -idir .D[73]
          -idir .D[74]
          -idir .D[75]
          -idir .D[76]
          -idir .D[77]
          -idir .D[78]
          -idir /opt/softs/nvidia/hpc_sdk/Linux_x86_64/23.1/comm_libs/openmpi/openmpi-3.1.5/include
          -idir /opt/softs/nvidia/hpc_sdk/Linux_x86_64/23.1/comm_libs/openmpi/openmpi-3.1.5/lib
          -inform severe -opt 0 -nosave -object -noonetrip
          -depchk on -nostandard     
          -symbol -noupcase    

Filename: datastream.F90

(    1) FUNCTION DATASTREAM(BUFRTYPE,BUFRSUBTYPE,&
(    2)  &   GEN_CENTRE,GEN_SUBCENTRE,SATID)
(    3) 
(    4) USE PARKIND1  ,ONLY : JPRD
(    5) 
(    6) IMPLICIT NONE
(    7) 
(    8) REAL(KIND=JPRD)   :: DATASTREAM
(    9) 
(   10) REAL(KIND=JPRD), INTENT(IN)   :: BUFRTYPE
(   11) REAL(KIND=JPRD), INTENT(IN)   :: BUFRSUBTYPE
(   12) REAL(KIND=JPRD), INTENT(IN)   :: GEN_CENTRE
(   13) REAL(KIND=JPRD), INTENT(IN)   :: GEN_SUBCENTRE
(   14) REAL(KIND=JPRD), INTENT(IN)   :: SATID
(   15) 
(   16) 
(   17) !  11/11/2008   I. Genkova     Modify db MODIS datastream
(   18) !======================================
(   19) 
(   20) 
(   21) DATASTREAM = 0._JPRD          ! Global data is default
(   22) 
(   23) IF(          BUFRTYPE    == 3._JPRD            &     ! SATEM
(   24)  &     .AND. (     BUFRSUBTYPE == 55._JPRD &         ! ATOVS
(   25)  &            .OR. BUFRSUBTYPE == 154._JPRD ) ) THEN ! VASS
(   26) 
(   27)   ! Special streams for ATOVS data
(   28)   !-------------------------------
(   29) 
(   30)   IF(          GEN_CENTRE    == 254._JPRD      &   ! EUMETSAT






NVFORTRAN (Version     23.1)          02/24/2023  13:34:41      page 3

(   31)    &     .AND. GEN_SUBCENTRE > 0._JPRD ) THEN      ! Some sub-centre
(   32)     DATASTREAM = 1._JPRD                            ! EARS
(   33) 
(   34)   ELSEIF(    ( GEN_CENTRE <= 72._JPRD .AND. GEN_CENTRE /= 46 ) &
(   35)           .OR. GEN_CENTRE == 110 .OR. GEN_CENTRE == 191 .OR. GEN_CENTRE == 204 ) THEN      
(   36)     DATASTREAM = 2._JPRD                            ! Pacific RARS/DBNet
(   37) 
(   38)   ELSEIF(      GEN_CENTRE == 46 .OR. GEN_CENTRE == 147 ) THEN
(   39)     DATASTREAM = 3._JPRD                            ! South American RARS/DBNet
(   40)   ENDIF
(   41) 
(   42) ELSEIF(       BUFRTYPE    == 5._JPRD            & ! SATOB/AMV
(   43)  &      .AND. BUFRSUBTYPE == 87._JPRD ) THEN      ! Ext. AMV with QI
(   44) 
(   45)   ! Special streams for AMVs 
(   46)   !-------------------------
(   47) 
(   48) 
(   49) 
(   50)   IF( ( GEN_CENTRE == 173._JPRD .OR. GEN_CENTRE == 176._JPRD  & ! CIMSS
(   51)    &    .OR.( GEN_CENTRE == 160._JPRD              & ! NESDIS
(   52)    &          .AND. GEN_SUBCENTRE > 0._JPRD )  )   &
(   53)    &  .AND. ( SATID == 783 .OR. SATID == 784) ) THEN
(   54)     DATASTREAM = 1._JPRD                             ! Direct broadcast MODIS
(   55)   ENDIF
(   56) 
(   57) ELSEIF(       BUFRTYPE    == 12._JPRD            & ! SCATT
(   58)  &      .AND. BUFRSUBTYPE == 139._JPRD           & ! ASCAT
(   59)  &      .AND. GEN_SUBCENTRE > 0._JPRD  ) THEN      ! Non-EUMETSAT 
(   60)     DATASTREAM = 1._JPRD                           ! EARS
(   61) END IF
(   62) 
(   63) 
(   64) END FUNCTION DATASTREAM






























NVFORTRAN (Version     23.1)          02/24/2023  13:34:41      page 4

(    1) # 1 "datastream.F90"
(    1) FUNCTION DATASTREAM(BUFRTYPE,BUFRSUBTYPE,&
(    2)  &   GEN_CENTRE,GEN_SUBCENTRE,SATID)
(    3) # 4 "datastream.F90"
(    4) USE PARKIND1  ,ONLY : JPRD
(    5) # 6 "datastream.F90"
(    6) IMPLICIT NONE
(    7) # 8 "datastream.F90"
(    8) REAL(KIND=JPRD)   :: DATASTREAM
(    9) # 10 "datastream.F90"
(   10) REAL(KIND=JPRD), INTENT(IN)   :: BUFRTYPE
(   11) REAL(KIND=JPRD), INTENT(IN)   :: BUFRSUBTYPE
(   12) REAL(KIND=JPRD), INTENT(IN)   :: GEN_CENTRE
(   13) REAL(KIND=JPRD), INTENT(IN)   :: GEN_SUBCENTRE
(   14) REAL(KIND=JPRD), INTENT(IN)   :: SATID
(   15) # 17 "datastream.F90"
(   17) !  11/11/2008   I. Genkova     Modify db MODIS datastream
(   18) !======================================
(   19) # 21 "datastream.F90"
(   21) DATASTREAM = 0._JPRD          ! Global data is default
(   22) # 23 "datastream.F90"
(   23) IF(          BUFRTYPE    == 3._JPRD            &     ! SATEM
(   24)  &     .AND. (     BUFRSUBTYPE == 55._JPRD &         ! ATOVS
(   25)  &            .OR. BUFRSUBTYPE == 154._JPRD ) ) THEN ! VASS
(   26) # 27 "datastream.F90"
(   27)   ! Special streams for ATOVS data
(   28)   !-------------------------------
(   29) # 30 "datastream.F90"
(   30)   IF(          GEN_CENTRE    == 254._JPRD      &   ! EUMETSAT
(   31)    &     .AND. GEN_SUBCENTRE > 0._JPRD ) THEN      ! Some sub-centre
(   32)     DATASTREAM = 1._JPRD                            ! EARS
(   33) # 34 "datastream.F90"
(   34)   ELSEIF(    ( GEN_CENTRE <= 72._JPRD .AND. GEN_CENTRE /= 46 ) &
(   35)           .OR. GEN_CENTRE == 110 .OR. GEN_CENTRE == 191 .OR. GEN_CENTRE == 204 ) THEN      
(   36)     DATASTREAM = 2._JPRD                            ! Pacific RARS/DBNet
(   37) # 38 "datastream.F90"
(   38)   ELSEIF(      GEN_CENTRE == 46 .OR. GEN_CENTRE == 147 ) THEN
(   39)     DATASTREAM = 3._JPRD                            ! South American RARS/DBNet
(   40)   ENDIF
(   41) # 42 "datastream.F90"
(   42) ELSEIF(       BUFRTYPE    == 5._JPRD            & ! SATOB/AMV
(   43)  &      .AND. BUFRSUBTYPE == 87._JPRD ) THEN      ! Ext. AMV with QI
(   44) # 45 "datastream.F90"
(   45)   ! Special streams for AMVs 
(   46)   !-------------------------
(   47) # 50 "datastream.F90"
(   50)   IF( ( GEN_CENTRE == 173._JPRD .OR. GEN_CENTRE == 176._JPRD  & ! CIMSS
(   51)    &    .OR.( GEN_CENTRE == 160._JPRD              & ! NESDIS
(   52)    &          .AND. GEN_SUBCENTRE > 0._JPRD )  )   &
(   53)    &  .AND. ( SATID == 783 .OR. SATID == 784) ) THEN
(   54)     DATASTREAM = 1._JPRD                             ! Direct broadcast MODIS
(   55)   ENDIF
(   56) # 57 "datastream.F90"
(   57) ELSEIF(       BUFRTYPE    == 12._JPRD            & ! SCATT
(   58)  &      .AND. BUFRSUBTYPE == 139._JPRD           & ! ASCAT
(   59)  &      .AND. GEN_SUBCENTRE > 0._JPRD  ) THEN      ! Non-EUMETSAT 
(   60)     DATASTREAM = 1._JPRD                           ! EARS
(   61) END IF






NVFORTRAN (Version     23.1)          02/24/2023  13:34:41      page 5

(   62) # 64 "datastream.F90"
(   64) END FUNCTION DATASTREAM
