


NVFORTRAN (Version     23.1)          02/24/2023  13:33:34      page 1

Switches: -noasm -nodclchk -debug -nodlines -line -list
          -idir .D[1]
          -idir .D[2]
          -idir .D[3]
          -idir .D[4]
          -idir .D[5]
          -idir .D[6]
          -idir .D[7]
          -idir .D[8]
          -idir .D[9]
          -idir .D[10]
          -idir .D[11]
          -idir .D[12]
          -idir .D[13]
          -idir .D[14]
          -idir .D[15]
          -idir .D[16]
          -idir .D[17]
          -idir .D[18]
          -idir .D[19]
          -idir .D[20]
          -idir .D[21]
          -idir .D[22]
          -idir .D[23]
          -idir .D[24]
          -idir .D[25]
          -idir .D[26]
          -idir .D[27]
          -idir .D[28]
          -idir .D[29]
          -idir .D[30]
          -idir .D[31]
          -idir .D[32]
          -idir .D[33]
          -idir .D[34]
          -idir .D[35]
          -idir .D[36]
          -idir .D[37]
          -idir .D[38]
          -idir .D[39]
          -idir .D[40]
          -idir .D[41]
          -idir .D[42]
          -idir .D[43]
          -idir .D[44]
          -idir .D[45]
          -idir .D[46]
          -idir .D[47]
          -idir .D[48]
          -idir .D[49]
          -idir .D[50]
          -idir .D[51]
          -idir .D[52]
          -idir .D[53]
          -idir .D[54]
          -idir .D[55]
          -idir .D[56]
          -idir .D[57]






NVFORTRAN (Version     23.1)          02/24/2023  13:33:34      page 2

          -idir .D[58]
          -idir .D[59]
          -idir .D[60]
          -idir .D[61]
          -idir .D[62]
          -idir .D[63]
          -idir .D[64]
          -idir .D[65]
          -idir .D[66]
          -idir .D[67]
          -idir .D[68]
          -idir .D[69]
          -idir .D[70]
          -idir .D[71]
          -idir .D[72]
          -idir .D[73]
          -idir .D[74]
          -idir .D[75]
          -idir .D[76]
          -idir .D[77]
          -idir .D[78]
          -idir /opt/softs/nvidia/hpc_sdk/Linux_x86_64/23.1/comm_libs/openmpi/openmpi-3.1.5/include
          -idir /opt/softs/nvidia/hpc_sdk/Linux_x86_64/23.1/comm_libs/openmpi/openmpi-3.1.5/lib
          -inform severe -opt 0 -nosave -object -noonetrip
          -depchk on -nostandard     
          -symbol -noupcase    

Filename: isrchfltpv.F

(    1)       FUNCTION ISRCHFLTPV(N,ARRAY,INC,TARGET,NBITER)
(    2)       USE PARKIND1, ONLY : JPIM, JPRB
(    3)       IMPLICIT NONE
(    4)       INTEGER(KIND=JPIM) :: ISRCHFLTPV
(    5)       INTEGER(KIND=JPIM) :: N
(    6)       INTEGER(KIND=JPIM) :: INC
(    7)       REAL(KIND=JPRB) :: ARRAY(1+INC*(N-1))
(    8)       REAL(KIND=JPRB) :: TARGET
(    9)       INTEGER(KIND=JPIM) :: NBITER
(   10)       INTEGER   :: I
(   11) !
(   12)       IF (N.LE.0) THEN
(   13)         ISRCHFLTPV=0
(   14)         RETURN
(   15)       ELSE
(   16)         IF (NBITER.EQ.3) THEN
(   17)         DO 3 I=1,N-NBITER
(   18)           IF ( ARRAY(1+INC*(I-1)).LT.TARGET ) THEN
(   19)              IF ( ARRAY(1+INC*(I)).LT.TARGET ) THEN
(   20)                 IF ( ARRAY(1+INC*(I+1)).LT.TARGET ) THEN
(   21)                    IF ( ARRAY(1+INC*(I+2)).LT.TARGET ) THEN
(   22)                       ISRCHFLTPV=I
(   23)                       RETURN
(   24)                    ENDIF
(   25)                 ENDIF
(   26)              ENDIF
(   27)           ENDIF
(   28)  3      CONTINUE
(   29)         DO I=N-NBITER+1,N
(   30)           IF ( ARRAY(1+INC*(I-1)).LT.TARGET ) THEN






NVFORTRAN (Version     23.1)          02/24/2023  13:33:34      page 3

(   31)             ISRCHFLTPV=I
(   32)             RETURN
(   33)           ENDIF
(   34)         ENDDO
(   35)         ELSEIF (NBITER.EQ.2) THEN
(   36)         DO 2 I=1,N-NBITER
(   37)           IF ( ARRAY(1+INC*(I-1)).LT.TARGET ) THEN
(   38)              IF ( ARRAY(1+INC*(I)).LT.TARGET ) THEN
(   39)                 IF ( ARRAY(1+INC*(I+1)).LT.TARGET ) THEN
(   40)                       ISRCHFLTPV=I
(   41)                       RETURN
(   42)                 ENDIF
(   43)              ENDIF
(   44)           ENDIF
(   45)  2      CONTINUE
(   46)         DO I=N-NBITER+1,N
(   47)           IF ( ARRAY(1+INC*(I-1)).LT.TARGET ) THEN
(   48)             ISRCHFLTPV=I
(   49)             RETURN
(   50)           ENDIF
(   51)         ENDDO
(   52)         ELSEIF (NBITER.EQ.1) THEN
(   53)         DO 1 I=1,N-NBITER
(   54)           IF ( ARRAY(1+INC*(I-1)).LT.TARGET ) THEN
(   55)              IF ( ARRAY(1+INC*(I)).LT.TARGET ) THEN
(   56)                       ISRCHFLTPV=I
(   57)                       RETURN
(   58)              ENDIF
(   59)           ENDIF
(   60)  1      CONTINUE
(   61)         DO I=N-NBITER+1,N
(   62)           IF ( ARRAY(1+INC*(I-1)).LT.TARGET ) THEN
(   63)             ISRCHFLTPV=I
(   64)             RETURN
(   65)           ENDIF
(   66)         ENDDO
(   67)         ELSEIF (NBITER.EQ.0) THEN
(   68)         DO 4 I=1,N-NBITER
(   69)           IF ( ARRAY(1+INC*(I-1)).LT.TARGET ) THEN
(   70)                       ISRCHFLTPV=I
(   71)                       RETURN
(   72)           ENDIF
(   73)  4      CONTINUE
(   74)         ELSE
(   75)         CALL ABOR1('ISRCHFLTPV: ERROR WITH NBITER VALUE')
(   76)         ENDIF
(   77)         ISRCHFLTPV=N+1
(   78)       ENDIF
(   79)       ENDFUNCTION ISRCHFLTPV















NVFORTRAN (Version     23.1)          02/24/2023  13:33:34      page 4

(    1) # 1 "isrchfltpv.F"
(    1)       FUNCTION ISRCHFLTPV(N,ARRAY,INC,TARGET,NBITER)
(    2)       USE PARKIND1, ONLY : JPIM, JPRB
(    3)       IMPLICIT NONE
(    4)       INTEGER(KIND=JPIM) :: ISRCHFLTPV
(    5)       INTEGER(KIND=JPIM) :: N
(    6)       INTEGER(KIND=JPIM) :: INC
(    7)       REAL(KIND=JPRB) :: ARRAY(1+INC*(N-1))
(    8)       REAL(KIND=JPRB) :: TARGET
(    9)       INTEGER(KIND=JPIM) :: NBITER
(   10)       INTEGER   :: I
(   11) !
(   12)       IF (N.LE.0) THEN
(   13)         ISRCHFLTPV=0
(   14)         RETURN
(   15)       ELSE
(   16)         IF (NBITER.EQ.3) THEN
(   17)         DO 3 I=1,N-NBITER
(   18)           IF ( ARRAY(1+INC*(I-1)).LT.TARGET ) THEN
(   19)              IF ( ARRAY(1+INC*(I)).LT.TARGET ) THEN
(   20)                 IF ( ARRAY(1+INC*(I+1)).LT.TARGET ) THEN
(   21)                    IF ( ARRAY(1+INC*(I+2)).LT.TARGET ) THEN
(   22)                       ISRCHFLTPV=I
(   23)                       RETURN
(   24)                    ENDIF
(   25)                 ENDIF
(   26)              ENDIF
(   27)           ENDIF
(   28)  3      CONTINUE
(   29)         DO I=N-NBITER+1,N
(   30)           IF ( ARRAY(1+INC*(I-1)).LT.TARGET ) THEN
(   31)             ISRCHFLTPV=I
(   32)             RETURN
(   33)           ENDIF
(   34)         ENDDO
(   35)         ELSEIF (NBITER.EQ.2) THEN
(   36)         DO 2 I=1,N-NBITER
(   37)           IF ( ARRAY(1+INC*(I-1)).LT.TARGET ) THEN
(   38)              IF ( ARRAY(1+INC*(I)).LT.TARGET ) THEN
(   39)                 IF ( ARRAY(1+INC*(I+1)).LT.TARGET ) THEN
(   40)                       ISRCHFLTPV=I
(   41)                       RETURN
(   42)                 ENDIF
(   43)              ENDIF
(   44)           ENDIF
(   45)  2      CONTINUE
(   46)         DO I=N-NBITER+1,N
(   47)           IF ( ARRAY(1+INC*(I-1)).LT.TARGET ) THEN
(   48)             ISRCHFLTPV=I
(   49)             RETURN
(   50)           ENDIF
(   51)         ENDDO
(   52)         ELSEIF (NBITER.EQ.1) THEN
(   53)         DO 1 I=1,N-NBITER
(   54)           IF ( ARRAY(1+INC*(I-1)).LT.TARGET ) THEN
(   55)              IF ( ARRAY(1+INC*(I)).LT.TARGET ) THEN
(   56)                       ISRCHFLTPV=I
(   57)                       RETURN






NVFORTRAN (Version     23.1)          02/24/2023  13:33:34      page 5

(   58)              ENDIF
(   59)           ENDIF
(   60)  1      CONTINUE
(   61)         DO I=N-NBITER+1,N
(   62)           IF ( ARRAY(1+INC*(I-1)).LT.TARGET ) THEN
(   63)             ISRCHFLTPV=I
(   64)             RETURN
(   65)           ENDIF
(   66)         ENDDO
(   67)         ELSEIF (NBITER.EQ.0) THEN
(   68)         DO 4 I=1,N-NBITER
(   69)           IF ( ARRAY(1+INC*(I-1)).LT.TARGET ) THEN
(   70)                       ISRCHFLTPV=I
(   71)                       RETURN
(   72)           ENDIF
(   73)  4      CONTINUE
(   74)         ELSE
(   75)         CALL ABOR1('ISRCHFLTPV: ERROR WITH NBITER VALUE')
(   76)         ENDIF
(   77)         ISRCHFLTPV=N+1
(   78)       ENDIF
(   79)       ENDFUNCTION ISRCHFLTPV
