


NVFORTRAN (Version     23.1)          02/24/2023  13:30:47      page 1

Switches: -noasm -nodclchk -debug -nodlines -line -list
          -idir .D[1]
          -idir .D[2]
          -idir .D[3]
          -idir .D[4]
          -idir .D[5]
          -idir .D[6]
          -idir .D[7]
          -idir .D[8]
          -idir .D[9]
          -idir .D[10]
          -idir .D[11]
          -idir .D[12]
          -idir .D[13]
          -idir .D[14]
          -idir .D[15]
          -idir .D[16]
          -idir .D[17]
          -idir .D[18]
          -idir .D[19]
          -idir .D[20]
          -idir .D[21]
          -idir .D[22]
          -idir .D[23]
          -idir .D[24]
          -idir .D[25]
          -idir .D[26]
          -idir .D[27]
          -idir .D[28]
          -idir .D[29]
          -idir .D[30]
          -idir .D[31]
          -idir .D[32]
          -idir .D[33]
          -idir .D[34]
          -idir .D[35]
          -idir .D[36]
          -idir .D[37]
          -idir .D[38]
          -idir .D[39]
          -idir .D[40]
          -idir .D[41]
          -idir .D[42]
          -idir .D[43]
          -idir .D[44]
          -idir .D[45]
          -idir .D[46]
          -idir .D[47]
          -idir .D[48]
          -idir .D[49]
          -idir .D[50]
          -idir .D[51]
          -idir .D[52]
          -idir .D[53]
          -idir .D[54]
          -idir .D[55]
          -idir .D[56]
          -idir .D[57]






NVFORTRAN (Version     23.1)          02/24/2023  13:30:47      page 2

          -idir .D[58]
          -idir .D[59]
          -idir .D[60]
          -idir .D[61]
          -idir .D[62]
          -idir .D[63]
          -idir .D[64]
          -idir .D[65]
          -idir .D[66]
          -idir .D[67]
          -idir .D[68]
          -idir .D[69]
          -idir .D[70]
          -idir .D[71]
          -idir .D[72]
          -idir .D[73]
          -idir .D[74]
          -idir .D[75]
          -idir .D[76]
          -idir .D[77]
          -idir .D[78]
          -idir /opt/softs/nvidia/hpc_sdk/Linux_x86_64/23.1/comm_libs/openmpi/openmpi-3.1.5/include
          -idir /opt/softs/nvidia/hpc_sdk/Linux_x86_64/23.1/comm_libs/openmpi/openmpi-3.1.5/lib
          -inform severe -opt 0 -nosave -object -noonetrip
          -depchk on -nostandard     
          -symbol -noupcase    

Filename: qsortr4.F

(    1) ! Sort character strings
(    2)       SUBROUTINE QSORTR4 (N,ORD,A)
(    3)       IMPLICIT INTEGER (A-Z)
(    4) 
(    5)       REAL(KIND=4) A(N)
(    6)       DIMENSION ORD(N),POPLST(2,20)
(    7)       REAL(KIND=4) X,XX,Z,ZZ,Y
(    8) 
(    9)       NDEEP=0
(   10)       U1=N
(   11)       L1=1
(   12)       DO 1  I=1,N
(   13)     1 ORD(I)=I
(   14)     2 IF (U1.LE.L1) RETURN
(   15) 
(   16)     3 L=L1
(   17)       U=U1
(   18)     4 P=L
(   19)       Q=U
(   20) 
(   21)       X=A(ORD(P))
(   22)       Z=A(ORD(Q))
(   23)       IF (X.LE.Z) GO TO 5
(   24)       Y=X
(   25)       X=Z
(   26)       Z=Y
(   27)       YP=ORD(P)
(   28)       ORD(P)=ORD(Q)
(   29)       ORD(Q)=YP
(   30)     5 IF (U-L.LE.1) GO TO 15






NVFORTRAN (Version     23.1)          02/24/2023  13:30:47      page 3

(   31)       XX=X
(   32)       IX=P
(   33)       ZZ=Z
(   34)       IZ=Q
(   35) 
(   36)     6 P=P+1
(   37)       IF (P.GE.Q) GO TO 7
(   38)       X=A(ORD(P))
(   39)       IF (X.GE.XX) GO TO 8
(   40)       GO TO 6
(   41)     7 P=Q-1
(   42)       GO TO 13
(   43) 
(   44)     8 Q=Q-1
(   45)       IF (Q.LE.P) GO TO 9
(   46)       Z=A(ORD(Q))
(   47)       IF (Z.LE.ZZ) GO TO 10
(   48)       GO TO 8
(   49)     9 Q=P
(   50)       P=P-1
(   51)       Z=X
(   52)       X=A(ORD(P))
(   53) 
(   54)    10 IF (X.LE.Z) GO TO 11
(   55)       Y=X
(   56)       X=Z
(   57)       Z=Y
(   58)       IP=ORD(P)
(   59)       ORD(P)=ORD(Q)
(   60)       ORD(Q)=IP
(   61)    11 IF (X.LE.XX) GO TO 12
(   62)       XX=X
(   63)       IX=P
(   64)    12 IF (Z.GE.ZZ) GO TO 6
(   65)       ZZ=Z
(   66)       IZ=Q
(   67)       GO TO 6
(   68) 
(   69)    13 CONTINUE
(   70)       IF (.NOT.(P.NE.IX.AND.X.NE.XX)) GO TO 14
(   71)       IP=ORD(P)
(   72)       ORD(P)=ORD(IX)
(   73)       ORD(IX)=IP
(   74)    14 CONTINUE
(   75)       IF (.NOT.(Q.NE.IZ.AND.Z.NE.ZZ)) GO TO 15
(   76)       IQ=ORD(Q)
(   77)       ORD(Q)=ORD(IZ)
(   78)       ORD(IZ)=IQ
(   79)    15 CONTINUE
(   80)       IF (U-Q.LE.P-L) GO TO 16
(   81)       L1=L
(   82)       U1=P-1
(   83)       L=Q+1
(   84)       GO TO 17
(   85)    16 U1=U
(   86)       L1=Q+1
(   87)       U=P-1
(   88)    17 CONTINUE






NVFORTRAN (Version     23.1)          02/24/2023  13:30:47      page 4

(   89)       IF (U1.LE.L1) GO TO 18
(   90) 
(   91)       NDEEP=NDEEP+1
(   92)       POPLST(1,NDEEP)=U
(   93)       POPLST(2,NDEEP)=L
(   94)       GO TO 3
(   95)    18 IF (U.GT.L) GO TO 4
(   96) 
(   97)       IF (NDEEP.EQ.0) GO TO 2
(   98)       U=POPLST(1,NDEEP)
(   99)       L=POPLST(2,NDEEP)
(  100)       NDEEP=NDEEP-1
(  101)       GO TO 18
(  102) 
(  103)       END SUBROUTINE

















































NVFORTRAN (Version     23.1)          02/24/2023  13:30:47      page 5

(    1) # 1 "qsortr4.F"
(    1) ! Sort character strings
(    2)       SUBROUTINE QSORTR4 (N,ORD,A)
(    3)       IMPLICIT INTEGER (A-Z)
(    4) # 5 "qsortr4.F"
(    5)       REAL(KIND=4) A(N)
(    6)       DIMENSION ORD(N),POPLST(2,20)
(    7)       REAL(KIND=4) X,XX,Z,ZZ,Y
(    8) # 9 "qsortr4.F"
(    9)       NDEEP=0
(   10)       U1=N
(   11)       L1=1
(   12)       DO 1  I=1,N
(   13)     1 ORD(I)=I
(   14)     2 IF (U1.LE.L1) RETURN
(   15) # 16 "qsortr4.F"
(   16)     3 L=L1
(   17)       U=U1
(   18)     4 P=L
(   19)       Q=U
(   20) # 21 "qsortr4.F"
(   21)       X=A(ORD(P))
(   22)       Z=A(ORD(Q))
(   23)       IF (X.LE.Z) GO TO 5
(   24)       Y=X
(   25)       X=Z
(   26)       Z=Y
(   27)       YP=ORD(P)
(   28)       ORD(P)=ORD(Q)
(   29)       ORD(Q)=YP
(   30)     5 IF (U-L.LE.1) GO TO 15
(   31)       XX=X
(   32)       IX=P
(   33)       ZZ=Z
(   34)       IZ=Q
(   35) # 36 "qsortr4.F"
(   36)     6 P=P+1
(   37)       IF (P.GE.Q) GO TO 7
(   38)       X=A(ORD(P))
(   39)       IF (X.GE.XX) GO TO 8
(   40)       GO TO 6
(   41)     7 P=Q-1
(   42)       GO TO 13
(   43) # 44 "qsortr4.F"
(   44)     8 Q=Q-1
(   45)       IF (Q.LE.P) GO TO 9
(   46)       Z=A(ORD(Q))
(   47)       IF (Z.LE.ZZ) GO TO 10
(   48)       GO TO 8
(   49)     9 Q=P
(   50)       P=P-1
(   51)       Z=X
(   52)       X=A(ORD(P))
(   53) # 54 "qsortr4.F"
(   54)    10 IF (X.LE.Z) GO TO 11
(   55)       Y=X
(   56)       X=Z
(   57)       Z=Y






NVFORTRAN (Version     23.1)          02/24/2023  13:30:47      page 6

(   58)       IP=ORD(P)
(   59)       ORD(P)=ORD(Q)
(   60)       ORD(Q)=IP
(   61)    11 IF (X.LE.XX) GO TO 12
(   62)       XX=X
(   63)       IX=P
(   64)    12 IF (Z.GE.ZZ) GO TO 6
(   65)       ZZ=Z
(   66)       IZ=Q
(   67)       GO TO 6
(   68) # 69 "qsortr4.F"
(   69)    13 CONTINUE
(   70)       IF (.NOT.(P.NE.IX.AND.X.NE.XX)) GO TO 14
(   71)       IP=ORD(P)
(   72)       ORD(P)=ORD(IX)
(   73)       ORD(IX)=IP
(   74)    14 CONTINUE
(   75)       IF (.NOT.(Q.NE.IZ.AND.Z.NE.ZZ)) GO TO 15
(   76)       IQ=ORD(Q)
(   77)       ORD(Q)=ORD(IZ)
(   78)       ORD(IZ)=IQ
(   79)    15 CONTINUE
(   80)       IF (U-Q.LE.P-L) GO TO 16
(   81)       L1=L
(   82)       U1=P-1
(   83)       L=Q+1
(   84)       GO TO 17
(   85)    16 U1=U
(   86)       L1=Q+1
(   87)       U=P-1
(   88)    17 CONTINUE
(   89)       IF (U1.LE.L1) GO TO 18
(   90) # 91 "qsortr4.F"
(   91)       NDEEP=NDEEP+1
(   92)       POPLST(1,NDEEP)=U
(   93)       POPLST(2,NDEEP)=L
(   94)       GO TO 3
(   95)    18 IF (U.GT.L) GO TO 4
(   96) # 97 "qsortr4.F"
(   97)       IF (NDEEP.EQ.0) GO TO 2
(   98)       U=POPLST(1,NDEEP)
(   99)       L=POPLST(2,NDEEP)
(  100)       NDEEP=NDEEP-1
(  101)       GO TO 18
(  102) # 103 "qsortr4.F"
(  103)       END SUBROUTINE
