


NVFORTRAN (Version     23.1)          02/24/2023  13:57:22      page 1

Switches: -noasm -nodclchk -debug -nodlines -line -list
          -idir .D[1]
          -idir .D[2]
          -idir .D[3]
          -idir .D[4]
          -idir .D[5]
          -idir .D[6]
          -idir .D[7]
          -idir .D[8]
          -idir .D[9]
          -idir .D[10]
          -idir .D[11]
          -idir .D[12]
          -idir .D[13]
          -idir .D[14]
          -idir .D[15]
          -idir .D[16]
          -idir .D[17]
          -idir .D[18]
          -idir .D[19]
          -idir .D[20]
          -idir .D[21]
          -idir .D[22]
          -idir .D[23]
          -idir .D[24]
          -idir .D[25]
          -idir .D[26]
          -idir .D[27]
          -idir .D[28]
          -idir .D[29]
          -idir .D[30]
          -idir .D[31]
          -idir .D[32]
          -idir .D[33]
          -idir .D[34]
          -idir .D[35]
          -idir .D[36]
          -idir .D[37]
          -idir .D[38]
          -idir .D[39]
          -idir .D[40]
          -idir .D[41]
          -idir .D[42]
          -idir .D[43]
          -idir .D[44]
          -idir .D[45]
          -idir .D[46]
          -idir .D[47]
          -idir .D[48]
          -idir .D[49]
          -idir .D[50]
          -idir .D[51]
          -idir .D[52]
          -idir .D[53]
          -idir .D[54]
          -idir .D[55]
          -idir .D[56]
          -idir .D[57]






NVFORTRAN (Version     23.1)          02/24/2023  13:57:22      page 2

          -idir .D[58]
          -idir .D[59]
          -idir .D[60]
          -idir .D[61]
          -idir .D[62]
          -idir .D[63]
          -idir .D[64]
          -idir .D[65]
          -idir .D[66]
          -idir .D[67]
          -idir .D[68]
          -idir .D[69]
          -idir .D[70]
          -idir .D[71]
          -idir .D[72]
          -idir .D[73]
          -idir .D[74]
          -idir .D[75]
          -idir .D[76]
          -idir .D[77]
          -idir .D[78]
          -idir /opt/softs/nvidia/hpc_sdk/Linux_x86_64/23.1/comm_libs/openmpi/openmpi-3.1.5/include
          -idir /opt/softs/nvidia/hpc_sdk/Linux_x86_64/23.1/comm_libs/openmpi/openmpi-3.1.5/lib
          -inform severe -opt 0 -nosave -object -noonetrip
          -depchk on -nostandard     
          -symbol -noupcase    

Filename: surface_variables_mod.F90

(    1) 
(    2) MODULE SURFACE_VARIABLES_MOD
(    3)   ! The SURFACE_VARIABLES type provides namespaced access to individual
(    4)   ! groups of surface VARIABLE objects via group-specific container
(    5)   ! types.
(    6)   !
(    7)   ! The generated group types contain the set of VARIABLE objects
(    8)   ! configured for each surface group. The VARIABLES in turn that hold
(    9)   ! metadata for surface fields and provide access to the underlying
(   10)   ! storage FIELD objects and respective data pointers for
(   11)   ! thread-parallel regions.
(   12) 
(   13) USE PARKIND1, ONLY: JPIM, JPRB
(   14) USE VARIABLE_MODULE, ONLY: VARIABLE_2D, VARIABLE_3D
(   15) USE FIELD_MODULE, ONLY: FIELD_3D, FIELD_4D
(   16) 
(   17) IMPLICIT NONE
(   18) 
(   19) ! Prognostic variable group types
(   20) TYPE SURFACE_VARIABLE_GROUP_SOILB
(   21)   ! Prognostic surface variable group
(   22)   TYPE(VARIABLE_3D) :: VT   ! temperature
(   23)   TYPE(VARIABLE_3D) :: VQ   ! liquid water content
(   24)   TYPE(VARIABLE_3D) :: VTL   ! ice water content (for MF)
(   25) 
(   26)   ! Store a field encapsualting the entire group array for backward compatibility
(   27)   TYPE(FIELD_4D) :: F_GROUP
(   28) END TYPE SURFACE_VARIABLE_GROUP_SOILB
(   29) 
(   30) TYPE SURFACE_VARIABLE_GROUP_SNOWG






NVFORTRAN (Version     23.1)          02/24/2023  13:57:22      page 3

(   31)   ! Prognostic surface variable group
(   32)   TYPE(VARIABLE_3D) :: VF   ! content of surface snow
(   33)   TYPE(VARIABLE_3D) :: VA   ! snow albedo
(   34)   TYPE(VARIABLE_3D) :: VR   ! snow density
(   35)   TYPE(VARIABLE_3D) :: VT   ! total albedo (diagnostic for MF for LVGSN)
(   36)   TYPE(VARIABLE_3D) :: VW   ! Liquid water content
(   37) 
(   38)   ! Store a field encapsualting the entire group array for backward compatibility
(   39)   TYPE(FIELD_4D) :: F_GROUP
(   40) END TYPE SURFACE_VARIABLE_GROUP_SNOWG
(   41) 
(   42) TYPE SURFACE_VARIABLE_GROUP_LAKEB
(   43)   ! Prognostic surface variable group
(   44)   TYPE(VARIABLE_2D) :: VLICT   ! lake ice temperature
(   45)   TYPE(VARIABLE_2D) :: VLMLT   ! lake mixed-layer temperature
(   46)   TYPE(VARIABLE_2D) :: VLTLT   ! lake total layer temperature
(   47)   TYPE(VARIABLE_2D) :: VLBLT   ! lake bottom layer temperature
(   48)   TYPE(VARIABLE_2D) :: VLSHF   ! lake shape factor
(   49)   TYPE(VARIABLE_2D) :: VLICD   ! lake ice depth
(   50)   TYPE(VARIABLE_2D) :: VLMLD   ! lake mixed-layer depth
(   51) 
(   52)   ! Store a field encapsualting the entire group array for backward compatibility
(   53)   TYPE(FIELD_3D) :: F_GROUP
(   54) END TYPE SURFACE_VARIABLE_GROUP_LAKEB
(   55) 
(   56) TYPE SURFACE_VARIABLE_GROUP_RESVR
(   57)   ! Prognostic surface variable group
(   58)   TYPE(VARIABLE_2D) :: VT   ! skin temperature (Ts)
(   59)   TYPE(VARIABLE_2D) :: VW   ! skin water content (Wskin) at ECMWF superficial reservoir water content (Ws) at MF
(   60)   TYPE(VARIABLE_2D) :: VFC   ! skin water content (Wl) at MF
(   61)   TYPE(VARIABLE_2D) :: VIC   ! superficial reservoir ice
(   62)   TYPE(VARIABLE_2D) :: VFP1   ! interpolated Ts for 2nd part of 927-FULLPOS
(   63) 
(   64)   ! Store a field encapsualting the entire group array for backward compatibility
(   65)   TYPE(FIELD_3D) :: F_GROUP
(   66) END TYPE SURFACE_VARIABLE_GROUP_RESVR
(   67) 
(   68) TYPE SURFACE_VARIABLE_GROUP_CLS
(   69)   ! Prognostic surface variable group
(   70)   TYPE(VARIABLE_2D) :: VTCLS   ! 2m temperature
(   71)   TYPE(VARIABLE_2D) :: VHUCLS   ! 2m humidity
(   72)   TYPE(VARIABLE_2D) :: VUCLS   ! 10m U-wind
(   73)   TYPE(VARIABLE_2D) :: VVCLS   ! 10m V-wind
(   74)   TYPE(VARIABLE_2D) :: VNUCLS   ! 10m neutral U-wind
(   75)   TYPE(VARIABLE_2D) :: VNVCLS   ! 10m neutral V-wind
(   76) 
(   77)   ! Store a field encapsualting the entire group array for backward compatibility
(   78)   TYPE(FIELD_3D) :: F_GROUP
(   79) END TYPE SURFACE_VARIABLE_GROUP_CLS
(   80) 
(   81) TYPE SURFACE_VARIABLE_GROUP_OML
(   82)   ! Prognostic surface variable group
(   83)   TYPE(VARIABLE_3D) :: VTO   ! temperature
(   84)   TYPE(VARIABLE_3D) :: VSO   ! salinity
(   85)   TYPE(VARIABLE_3D) :: VUO   ! U velocity
(   86)   TYPE(VARIABLE_3D) :: VVO   ! V velocity
(   87) 
(   88)   ! Store a field encapsualting the entire group array for backward compatibility






NVFORTRAN (Version     23.1)          02/24/2023  13:57:22      page 4

(   89)   TYPE(FIELD_4D) :: F_GROUP
(   90) END TYPE SURFACE_VARIABLE_GROUP_OML
(   91) 
(   92) TYPE SURFACE_VARIABLE_GROUP_EXTRP
(   93)   ! Prognostic surface variable group
(   94) 
(   95)   ! Store a field encapsualting the entire group array for backward compatibility
(   96)   TYPE(FIELD_4D) :: F_GROUP
(   97) END TYPE SURFACE_VARIABLE_GROUP_EXTRP
(   98) 
(   99) TYPE SURFACE_VARIABLE_GROUP_XTRP2
(  100)   ! Prognostic surface variable group
(  101) 
(  102)   ! Store a field encapsualting the entire group array for backward compatibility
(  103)   TYPE(FIELD_3D) :: F_GROUP
(  104) END TYPE SURFACE_VARIABLE_GROUP_XTRP2
(  105) 
(  106) TYPE SURFACE_VARIABLE_GROUP_CANRI
(  107)   ! Prognostic surface variable group
(  108) 
(  109)   ! Store a field encapsualting the entire group array for backward compatibility
(  110)   TYPE(FIELD_3D) :: F_GROUP
(  111) END TYPE SURFACE_VARIABLE_GROUP_CANRI
(  112) 
(  113) 
(  114) ! Diagnostic variable group types
(  115) TYPE SURFACE_VARIABLE_GROUP_VARSF
(  116)   ! Diagnostic surface variable group
(  117)   TYPE(VARIABLE_2D) :: VZ0F   ! gravity * surface roughness length
(  118)   TYPE(VARIABLE_2D) :: VALBF   ! surface shortwave albedo
(  119)   TYPE(VARIABLE_2D) :: VEMISF   ! surface longwave emissivity
(  120)   TYPE(VARIABLE_2D) :: VGETRL   ! standard deviation of orography
(  121)   TYPE(VARIABLE_2D) :: VLSM   ! land-sea mask
(  122)   TYPE(VARIABLE_2D) :: VVEG   ! vegetation cover
(  123)   TYPE(VARIABLE_2D) :: VVRLAN   ! anisotropy of the sub-grid scale orography
(  124)   TYPE(VARIABLE_2D) :: VVRLDI   ! angle of the direction of orography with the x axis
(  125)   TYPE(VARIABLE_2D) :: VSIG   ! characteristic orographic slope
(  126)   TYPE(VARIABLE_2D) :: VALBSF   ! soil shortwave albedo
(  127)   TYPE(VARIABLE_2D) :: VLAN   ! fraction of land
(  128)   TYPE(VARIABLE_2D) :: VSST   ! (open) sea surface temperature
(  129)   TYPE(VARIABLE_2D) :: VSSS   ! sea surface salinity
(  130)   TYPE(VARIABLE_2D) :: VLZ0H   ! logarithm of roughness length for heat
(  131)   TYPE(VARIABLE_2D) :: VCVL   ! low vegetation cover
(  132)   TYPE(VARIABLE_2D) :: VCVH   ! high vegetation cover
(  133)   TYPE(VARIABLE_2D) :: VTVL   ! low vegetation type
(  134)   TYPE(VARIABLE_2D) :: VTVH   ! high vegetation type
(  135)   TYPE(VARIABLE_2D) :: VLAIL   ! low vegetation LAI
(  136)   TYPE(VARIABLE_2D) :: VLAIH   ! high vegetation LAI
(  137)   TYPE(VARIABLE_2D) :: VSOTY   ! soil type
(  138)   TYPE(VARIABLE_2D) :: VCLK   ! lake cover
(  139)   TYPE(VARIABLE_2D) :: VDL   ! lake depth
(  140)   TYPE(VARIABLE_2D) :: VCI   ! sea ice fraction
(  141)   TYPE(VARIABLE_2D) :: VUCUR   ! U-component of the ocean current
(  142)   TYPE(VARIABLE_2D) :: VVCUR   ! V-component of the ocean current
(  143)   TYPE(VARIABLE_2D) :: VZ0RLF   ! gravity * vegetation roughness length
(  144)   TYPE(VARIABLE_2D) :: VCO2O   ! oceanic CO2 flux
(  145)   TYPE(VARIABLE_2D) :: VCO2B   ! biosphere CO2 flux
(  146)   TYPE(VARIABLE_2D) :: VCO2A   ! anthropogenic CO2 flux






NVFORTRAN (Version     23.1)          02/24/2023  13:57:22      page 5

(  147)   TYPE(VARIABLE_2D) :: VCO2F   ! CO2 fire emissions
(  148)   TYPE(VARIABLE_2D) :: VCGPP   ! GPP bias correction factor
(  149)   TYPE(VARIABLE_2D) :: VCREC   ! REC bias correction factor
(  150)   TYPE(VARIABLE_2D) :: VCH4AG   ! CH4 surface fluxes - aggregated field
(  151)   TYPE(VARIABLE_2D) :: VCH4F   ! CH4 fire emissions
(  152)   TYPE(VARIABLE_2D) :: VSDFOR   ! SD filtered orography
(  153)   TYPE(VARIABLE_2D) :: VALUVP   ! MODIS-derived parallel albedo for shortwave radiation
(  154)   TYPE(VARIABLE_2D) :: VALUVD   ! MODIS-derived diffuse albedo for shortwave radiation
(  155)   TYPE(VARIABLE_2D) :: VALNIP   ! MODIS-derived parallel albedo for longwave radiation
(  156)   TYPE(VARIABLE_2D) :: VALNID   ! MODIS-derived diffuse albedo for longwave radiation
(  157)   TYPE(VARIABLE_2D) :: VFP1   ! surface orography in the 2nd part of FULLPOS-927
(  158)   TYPE(VARIABLE_2D) :: VBCBF   ! black carbon biogenic
(  159)   TYPE(VARIABLE_2D) :: VBCFF   ! black carbon fossil fuel
(  160)   TYPE(VARIABLE_2D) :: VBCGF   ! black carbon GFED
(  161)   TYPE(VARIABLE_2D) :: VOMBF   ! organic matter biogenic
(  162)   TYPE(VARIABLE_2D) :: VOMFF   ! organic matter fossil fuel
(  163)   TYPE(VARIABLE_2D) :: VOMGF   ! organic matter GFED
(  164)   TYPE(VARIABLE_2D) :: VINJF   ! height of maximum injection for biomass burning emissions
(  165)   TYPE(VARIABLE_2D) :: VSO2L   ! sulphate low-level
(  166)   TYPE(VARIABLE_2D) :: VSO2H   ! sulphate higher-level
(  167)   TYPE(VARIABLE_2D) :: VSO2DD   ! sulphate dry dep velocity
(  168)   TYPE(VARIABLE_2D) :: VSOGF   ! sulphate GFED
(  169)   TYPE(VARIABLE_2D) :: VSOA   ! secondary organic
(  170)   TYPE(VARIABLE_2D) :: VVOLC   ! volcanic continuous
(  171)   TYPE(VARIABLE_2D) :: VVOLE   ! volcanic explosive
(  172)   TYPE(VARIABLE_2D) :: VDMSO   ! oceanic DMS
(  173)   TYPE(VARIABLE_2D) :: VSOACO   ! SOA from CO
(  174)   TYPE(VARIABLE_2D) :: VURBF   ! Urban fraction
(  175)   TYPE(VARIABLE_2D) :: VVOLCALTI   ! Altitude of volcanoes
(  176)   TYPE(VARIABLE_2D) :: VFCA1   ! Fraction of calcite over dust 1st bin
(  177)   TYPE(VARIABLE_2D) :: VFCA2   ! Fraction of calcite over dust 2nd bin
(  178)   TYPE(VARIABLE_2D) :: VAERDEP   ! dust emission potential
(  179)   TYPE(VARIABLE_2D) :: VAERLTS   ! dust lifting threshold speed
(  180)   TYPE(VARIABLE_2D) :: VAERSCC   ! dust soil clay content
(  181)   TYPE(VARIABLE_2D) :: VDSF   ! dust source function
(  182)   TYPE(VARIABLE_2D), ALLOCATABLE, DIMENSION(:) :: VCHEMFLX   ! chemistry emissions input
(  183)   TYPE(VARIABLE_2D), ALLOCATABLE, DIMENSION(:) :: VCHEMFLXO   ! total chemistry flux (emissions + deposition)
(  184)   TYPE(VARIABLE_2D), ALLOCATABLE, DIMENSION(:) :: VCHEMDV   ! chemistry deposition velocity
(  185)   TYPE(VARIABLE_2D) :: VNUDM   ! nudging mask
(  186) 
(  187)   ! Store a field encapsualting the entire group array for backward compatibility
(  188)   TYPE(FIELD_3D) :: F_GROUP
(  189) END TYPE SURFACE_VARIABLE_GROUP_VARSF
(  190) 
(  191) TYPE SURFACE_VARIABLE_GROUP_VCLIH
(  192)   ! Diagnostic surface variable group
(  193)   TYPE(VARIABLE_2D) :: VTCCH   ! total convective cloudiness
(  194)   TYPE(VARIABLE_2D) :: VSCCH   ! convective cloud summit
(  195)   TYPE(VARIABLE_2D) :: VBCCH   ! convective cloud base
(  196)   TYPE(VARIABLE_2D) :: VPBLH   ! PBL height
(  197)   TYPE(VARIABLE_2D) :: VSPSH   ! variable for prognostic convection scheme (ALARO)
(  198)   TYPE(VARIABLE_2D) :: VQSH   ! surface moisture historic variable (used by TOUCANS)
(  199)   TYPE(VARIABLE_2D) :: VPCL   ! 
(  200)   TYPE(VARIABLE_2D) :: VPSL   ! 
(  201)   TYPE(VARIABLE_2D) :: VPCN   ! 
(  202)   TYPE(VARIABLE_2D) :: VPSN   ! 
(  203)   TYPE(VARIABLE_2D) :: VEVA   ! 
(  204) 






NVFORTRAN (Version     23.1)          02/24/2023  13:57:22      page 6

(  205)   ! Store a field encapsualting the entire group array for backward compatibility
(  206)   TYPE(FIELD_3D) :: F_GROUP
(  207) END TYPE SURFACE_VARIABLE_GROUP_VCLIH
(  208) 
(  209) TYPE SURFACE_VARIABLE_GROUP_VCLIK
(  210)   ! Diagnostic surface variable group
(  211)   TYPE(VARIABLE_2D) :: VUDGRO   ! ud top position (accsu)
(  212) 
(  213)   ! Store a field encapsualting the entire group array for backward compatibility
(  214)   TYPE(FIELD_3D) :: F_GROUP
(  215) END TYPE SURFACE_VARIABLE_GROUP_VCLIK
(  216) 
(  217) TYPE SURFACE_VARIABLE_GROUP_VCLIP
(  218)   ! Diagnostic surface variable group
(  219)   TYPE(VARIABLE_2D) :: VTPC   ! climatological deep layer temperature
(  220)   TYPE(VARIABLE_2D) :: VWPC   ! climatological deep layer moisture
(  221) 
(  222)   ! Store a field encapsualting the entire group array for backward compatibility
(  223)   TYPE(FIELD_3D) :: F_GROUP
(  224) END TYPE SURFACE_VARIABLE_GROUP_VCLIP
(  225) 
(  226) TYPE SURFACE_VARIABLE_GROUP_VCLIV
(  227)   ! Diagnostic surface variable group
(  228)   TYPE(VARIABLE_2D) :: VARG   ! silt percentage within soil
(  229)   TYPE(VARIABLE_2D) :: VSAB   ! percentage of sand within the soil
(  230)   TYPE(VARIABLE_2D) :: VD2   ! soil depth
(  231)   TYPE(VARIABLE_2D) :: VIVEG   ! type of vegetation
(  232)   TYPE(VARIABLE_2D) :: VRSMIN   ! stomatal minimum resistance
(  233)   TYPE(VARIABLE_2D) :: VLAI   ! leaf area index
(  234)   TYPE(VARIABLE_2D) :: VHV   ! resistance to evapotranspiration
(  235)   TYPE(VARIABLE_2D) :: VZ0H   ! gravity * roughness length for heat
(  236)   TYPE(VARIABLE_2D) :: VALS   ! albedo of bare ground
(  237)   TYPE(VARIABLE_2D) :: VALV   ! albedo of vegetation
(  238) 
(  239)   ! Store a field encapsualting the entire group array for backward compatibility
(  240)   TYPE(FIELD_3D) :: F_GROUP
(  241) END TYPE SURFACE_VARIABLE_GROUP_VCLIV
(  242) 
(  243) TYPE SURFACE_VARIABLE_GROUP_VCLIA
(  244)   ! Diagnostic surface variable group
(  245)   TYPE(VARIABLE_2D) :: VSEA   ! aerosol sea
(  246)   TYPE(VARIABLE_2D) :: VLAN   ! aerosol land
(  247)   TYPE(VARIABLE_2D) :: VSOO   ! aerosol soot
(  248)   TYPE(VARIABLE_2D) :: VDES   ! aerosol desert
(  249)   TYPE(VARIABLE_2D) :: VSUL   ! aerosol sulfate
(  250)   TYPE(VARIABLE_2D) :: VVOL   ! aerosol volcano
(  251) 
(  252)   ! Store a field encapsualting the entire group array for backward compatibility
(  253)   TYPE(FIELD_3D) :: F_GROUP
(  254) END TYPE SURFACE_VARIABLE_GROUP_VCLIA
(  255) 
(  256) TYPE SURFACE_VARIABLE_GROUP_VCLIN
(  257)   ! Diagnostic surface variable group
(  258)   TYPE(VARIABLE_2D) :: VTOP   ! index of convective cloud top
(  259)   TYPE(VARIABLE_2D) :: VBAS   ! index of convective cloud base
(  260)   TYPE(VARIABLE_2D) :: VACPR   ! averaged convective precipitaion rate
(  261)   TYPE(VARIABLE_2D) :: VACCPR   ! accumulated total precipitaion for assimilation
(  262)   TYPE(VARIABLE_2D) :: VACCPR5   ! accumulated total precipitaion for assimilation (trajectory)






NVFORTRAN (Version     23.1)          02/24/2023  13:57:22      page 7

(  263) 
(  264)   ! Store a field encapsualting the entire group array for backward compatibility
(  265)   TYPE(FIELD_3D) :: F_GROUP
(  266) END TYPE SURFACE_VARIABLE_GROUP_VCLIN
(  267) 
(  268) TYPE SURFACE_VARIABLE_GROUP_VDIAGO2
(  269)   ! Diagnostic surface variable group
(  270)   TYPE(VARIABLE_2D) :: VOCDEP   ! bottom layer depth
(  271)   TYPE(VARIABLE_2D) :: VUSTRC   ! taux clim.
(  272)   TYPE(VARIABLE_2D) :: VVSTRC   ! tauy clim.
(  273) 
(  274)   ! Store a field encapsualting the entire group array for backward compatibility
(  275)   TYPE(FIELD_3D) :: F_GROUP
(  276) END TYPE SURFACE_VARIABLE_GROUP_VDIAGO2
(  277) 
(  278) TYPE SURFACE_VARIABLE_GROUP_VDIAGO3
(  279)   ! Diagnostic surface variable group
(  280)   TYPE(VARIABLE_3D) :: VDIFM   ! viscosity
(  281)   TYPE(VARIABLE_3D) :: VDIFT   ! diff. coef. of temp
(  282)   TYPE(VARIABLE_3D) :: VDIFS   ! diff. coef. of salinity
(  283)   TYPE(VARIABLE_3D) :: VADVT   ! correction term for temp.
(  284)   TYPE(VARIABLE_3D) :: VADVS   ! correction term for sal.
(  285)   TYPE(VARIABLE_3D) :: VTRI0   ! coef. for solving matrix.
(  286)   TYPE(VARIABLE_3D) :: VTRI1   ! coef. for solving matrix.
(  287)   TYPE(VARIABLE_3D) :: VSWDK   ! radiation term
(  288)   TYPE(VARIABLE_3D) :: VZO   ! depth of layer
(  289)   TYPE(VARIABLE_3D) :: VHO   ! depth of interface layer
(  290)   TYPE(VARIABLE_3D) :: VDO   ! layer thickness
(  291)   TYPE(VARIABLE_3D) :: VHO_INV   ! 1 / YHO
(  292)   TYPE(VARIABLE_3D) :: VUOC   ! U velocity clim.
(  293)   TYPE(VARIABLE_3D) :: VVOC   ! V velocity clim.
(  294) 
(  295)   ! Store a field encapsualting the entire group array for backward compatibility
(  296)   TYPE(FIELD_4D) :: F_GROUP
(  297) END TYPE SURFACE_VARIABLE_GROUP_VDIAGO3
(  298) 
(  299) TYPE SURFACE_VARIABLE_GROUP_VDIAG
(  300)   ! Diagnostic surface variable group
(  301)   TYPE(VARIABLE_2D) :: VLSP   ! Large scale precipitation
(  302)   TYPE(VARIABLE_2D) :: VCP   ! Convective precipitation
(  303)   TYPE(VARIABLE_2D) :: VSF   ! Snowfall
(  304)   TYPE(VARIABLE_2D) :: VFZRA   ! Freezing rain
(  305)   TYPE(VARIABLE_2D) :: VBLD   ! Boundary layer dissipation
(  306)   TYPE(VARIABLE_2D) :: VSSHF   ! Surface sensible heat flux
(  307)   TYPE(VARIABLE_2D) :: VSLHF   ! Surface latent heat flux
(  308)   TYPE(VARIABLE_2D) :: VNEE   ! Surface net ecosystem exchange of CO2
(  309)   TYPE(VARIABLE_2D) :: VGPP   ! Surface gross primary production of CO2
(  310)   TYPE(VARIABLE_2D) :: VREC   ! Surface ecosystem respiration of CO2
(  311)   TYPE(VARIABLE_2D) :: VMSL   ! Mean sea level pressure
(  312)   TYPE(VARIABLE_2D) :: VSP   ! Surface pressure
(  313)   TYPE(VARIABLE_2D) :: VTCC   ! Total cloud cover
(  314)   TYPE(VARIABLE_2D) :: V10U   ! U-wind at 10 m
(  315)   TYPE(VARIABLE_2D) :: V10V   ! V-wind at 10 m
(  316)   TYPE(VARIABLE_2D) :: V2T   ! Temperature at 2 m
(  317)   TYPE(VARIABLE_2D) :: V2D   ! Dewpoint temperature at 2 m
(  318)   TYPE(VARIABLE_2D) :: V2Q   ! Specific humidity at 2 m
(  319)   TYPE(VARIABLE_2D) :: VSSR   ! Surface solar radiation
(  320)   TYPE(VARIABLE_2D) :: VSTR   ! Surface thermal radiation






NVFORTRAN (Version     23.1)          02/24/2023  13:57:22      page 8

(  321)   TYPE(VARIABLE_2D) :: VTSR   ! Top solar radiation
(  322)   TYPE(VARIABLE_2D) :: VTTR   ! Top thermal radiation
(  323)   TYPE(VARIABLE_2D) :: VEWSS   ! Instantaneous surface U-wind stress
(  324)   TYPE(VARIABLE_2D) :: VNSSS   ! Instantaneous surface V-wind stress
(  325)   TYPE(VARIABLE_2D) :: VE   ! Water evaporation
(  326)   TYPE(VARIABLE_2D) :: VPEV   ! Potential evaporation
(  327)   TYPE(VARIABLE_2D) :: VCCC   ! Convective cloud cover
(  328)   TYPE(VARIABLE_2D) :: VLCC   ! Low cloud cover
(  329)   TYPE(VARIABLE_2D) :: VMCC   ! Medium cloud cover
(  330)   TYPE(VARIABLE_2D) :: VHCC   ! High cloud cover
(  331)   TYPE(VARIABLE_2D) :: VLGWS   ! Zonal gravity wave stress
(  332)   TYPE(VARIABLE_2D) :: VMGWS   ! Meridian gravity wave stress
(  333)   TYPE(VARIABLE_2D) :: VGWD   ! Gravity wave dissipation
(  334)   TYPE(VARIABLE_2D) :: VMX2T   ! Maximum temperature at 2 m
(  335)   TYPE(VARIABLE_2D) :: VMN2T   ! Minimum temperature at 2 m
(  336)   TYPE(VARIABLE_2D), ALLOCATABLE, DIMENSION(:) :: VMX2T6   ! Bins for maximum temperature at 2 m since last 6 hours
(  337)   TYPE(VARIABLE_2D), ALLOCATABLE, DIMENSION(:) :: VMN2T6   ! Bins for minimum temperature at 2 m since last 6 hours
(  338)   TYPE(VARIABLE_2D) :: VRO   ! Runoff (total)
(  339)   TYPE(VARIABLE_2D) :: VSRO   ! Runoff surface
(  340)   TYPE(VARIABLE_2D) :: VSSRO   ! Runoff sub-surface
(  341)   TYPE(VARIABLE_2D) :: VALB   ! (surface shortwave) albedo
(  342)   TYPE(VARIABLE_2D) :: VIEWSS   ! Instantaneous surface zonal component of stress
(  343)   TYPE(VARIABLE_2D) :: VINSSS   ! Instantaneous surface meridian component of stress
(  344)   TYPE(VARIABLE_2D) :: VISSHF   ! Instantaneous surface heat flux
(  345)   TYPE(VARIABLE_2D) :: VIE   ! Instantaneous surface moisture flux
(  346)   TYPE(VARIABLE_2D) :: VINEE   ! Instantaneous net ecosystem exchange of CO2
(  347)   TYPE(VARIABLE_2D) :: VIGPP   ! Instantaneous gross primary production of CO2
(  348)   TYPE(VARIABLE_2D) :: VIREC   ! Instantaneous ecosystem respiration of CO2
(  349)   TYPE(VARIABLE_2D) :: VCSF   ! Convective snow fall
(  350)   TYPE(VARIABLE_2D) :: VLSSF   ! Large scale snowfall
(  351)   TYPE(VARIABLE_2D) :: VMXTPR   ! Max precip rate since last post-processing
(  352)   TYPE(VARIABLE_2D) :: VMNTPR   ! Min precip rate since last post-processing
(  353)   TYPE(VARIABLE_2D), ALLOCATABLE, DIMENSION(:) :: VMXTPR6   ! Max precip rate in last 6 hours
(  354)   TYPE(VARIABLE_2D), ALLOCATABLE, DIMENSION(:) :: VMNTPR6   ! Min precip rate in last 6 hours
(  355)   TYPE(VARIABLE_2D) :: VTPR   ! Total precipitation rate
(  356)   TYPE(VARIABLE_2D) :: VLSRR   ! Large scale rain rate
(  357)   TYPE(VARIABLE_2D) :: VCRR   ! Convective rain rate
(  358)   TYPE(VARIABLE_2D) :: VLSSFR   ! Large scale snowfall rate
(  359)   TYPE(VARIABLE_2D) :: VCSFR   ! Convective snowfall rate
(  360)   TYPE(VARIABLE_2D) :: VPTYPE   ! Precipitation type
(  361)   TYPE(VARIABLE_2D) :: VILSPF   ! Large-scale precipitation fraction (inst.)
(  362)   TYPE(VARIABLE_2D) :: VZ0F   ! Gravity * surface roughness length
(  363)   TYPE(VARIABLE_2D) :: VLZ0H   ! Logarithm of z0 times heat flux
(  364)   TYPE(VARIABLE_2D) :: VVIWVE   ! Vertical integral of eastward water vapour flux
(  365)   TYPE(VARIABLE_2D) :: VVIWVN   ! Vertical integral of northward water vapour flux
(  366)   TYPE(VARIABLE_2D) :: VTCW   ! Total water content in a vertical column
(  367)   TYPE(VARIABLE_2D) :: VTCWV   ! Total water vapor content in a vertical column
(  368)   TYPE(VARIABLE_2D) :: VTCLW   ! Total liquid water content in a vertical column
(  369)   TYPE(VARIABLE_2D) :: VTCIW   ! Total ice water content in a vertical column
(  370)   TYPE(VARIABLE_2D) :: VTCRW   ! Total rain water content in a vertical column
(  371)   TYPE(VARIABLE_2D) :: VTCSW   ! Total snow water content in a vertical column
(  372)   TYPE(VARIABLE_2D) :: VTCSLW   ! Total supercooled liquid water content in a vertical column
(  373)   TYPE(VARIABLE_2D) :: VSSRD   ! Downward surface solar radiation
(  374)   TYPE(VARIABLE_2D) :: VSTRD   ! Downward surface thermic radiation
(  375)   TYPE(VARIABLE_2D) :: VSSRDC   ! Clear-sky downward surface solar radiation
(  376)   TYPE(VARIABLE_2D) :: VSTRDC   ! Claer-sky downward surface thermal radiation
(  377)   TYPE(VARIABLE_2D) :: VBLH   ! Height of boundary layer
(  378)   TYPE(VARIABLE_2D) :: VSUND   ! Sunshine duration






NVFORTRAN (Version     23.1)          02/24/2023  13:57:22      page 9

(  379)   TYPE(VARIABLE_2D) :: VSPAR   ! Surface downward PARadiation
(  380)   TYPE(VARIABLE_2D) :: VSUVB   ! Surface downward UV-B radiation
(  381)   TYPE(VARIABLE_2D) :: VSFDIR   ! Surface total sky direct downward SW radiation
(  382)   TYPE(VARIABLE_2D) :: VSCDIR   ! Surface clear-sky direct downward SW radiation
(  383)   TYPE(VARIABLE_2D) :: VSDSRP   ! Surface total-sky direct beam downward SW radiation
(  384)   TYPE(VARIABLE_2D) :: VCAPE   ! Conv.avail.potential energy (CAPE)
(  385)   TYPE(VARIABLE_2D) :: VCAPES   ! CAPE-Shear
(  386)   TYPE(VARIABLE_2D), ALLOCATABLE, DIMENSION(:) :: VMXCAP6   ! Bins for maximum CAPE in last 6 hours
(  387)   TYPE(VARIABLE_2D), ALLOCATABLE, DIMENSION(:) :: VMXCAPS6   ! Bins for maximum CAPE-Shear in last 6 hours
(  388)   TYPE(VARIABLE_2D) :: VTSRC   ! Top solar radiation clear sky
(  389)   TYPE(VARIABLE_2D) :: VTTRC   ! Top thermal radiation clear sky
(  390)   TYPE(VARIABLE_2D) :: VSSRC   ! Surface solar radiation clear sky
(  391)   TYPE(VARIABLE_2D) :: VSTRC   ! Surface thermal radiation clear sky
(  392)   TYPE(VARIABLE_2D) :: VES   ! Evaporation of snow
(  393)   TYPE(VARIABLE_2D) :: VSMLT   ! Snow melt
(  394)   TYPE(VARIABLE_2D) :: V10FG   ! Wind gust at 10 m (max since previous pp)
(  395)   TYPE(VARIABLE_2D), ALLOCATABLE, DIMENSION(:) :: V10FG6   ! Bins for wind gust at 10 m (max since last 6 hours)
(  396)   TYPE(VARIABLE_2D) :: V10FGCV   ! convective wind gust at 10m for current time level (m/s)
(  397)   TYPE(VARIABLE_2D) :: VI10FG   ! Wind gust at 10 m ("instantaneous")
(  398)   TYPE(VARIABLE_2D) :: VLSPF   ! Large scale precipitation fraction
(  399)   TYPE(VARIABLE_2D) :: VTCO3   ! Total ozone content in a vertical column
(  400)   TYPE(VARIABLE_2D) :: VVIMD   ! Vertically integrated mass divergence
(  401)   TYPE(VARIABLE_2D) :: VSPARC   ! Surface clear-sky parallel radiation
(  402)   TYPE(VARIABLE_2D) :: VSTINC   ! Top of atmosphere incident solar radiation
(  403)   TYPE(VARIABLE_2D) :: VCBASE   ! Cloud base level
(  404)   TYPE(VARIABLE_2D) :: V0DEGL   ! Zero deg. level
(  405)   TYPE(VARIABLE_2D) :: VVISIH   ! Horizontal visibility
(  406)   TYPE(VARIABLE_2D) :: VCIN   ! CIN
(  407)   TYPE(VARIABLE_2D) :: VKINDEX   ! Convective K-Index
(  408)   TYPE(VARIABLE_2D) :: VTTINDEX   ! Convective TT-Index
(  409)   TYPE(VARIABLE_2D) :: VCBASEA   ! Cloud base aviation
(  410)   TYPE(VARIABLE_2D) :: VCTOPC   ! Cloud top convective
(  411)   TYPE(VARIABLE_2D) :: VZTWETB0   ! Height of 0 deg wet bulb temperature
(  412)   TYPE(VARIABLE_2D) :: VZTWETB1   ! Height of 1 deg wet bulb temperature
(  413)   TYPE(VARIABLE_2D), ALLOCATABLE, DIMENSION(:) :: VTCGHG   ! Total column greenhouse gases
(  414)   TYPE(VARIABLE_2D), ALLOCATABLE, DIMENSION(:) :: VTCCHEM   ! Total column chemistry
(  415)   TYPE(VARIABLE_2D), ALLOCATABLE, DIMENSION(:,:) :: VAERODIAG   ! Per-aerosol-type diagnostics
(  416)   TYPE(VARIABLE_2D), ALLOCATABLE, DIMENSION(:,:) :: VAERO_WVL_DIAG   ! Per-wavelength aerosol optical diagnostics
(  417)   TYPE(VARIABLE_2D) :: V100U   ! 100m zonal wind
(  418)   TYPE(VARIABLE_2D) :: V100V   ! 100m meridional wind
(  419)   TYPE(VARIABLE_2D) :: V200U   ! 200m zonal wind
(  420)   TYPE(VARIABLE_2D) :: V200V   ! 200m meridional wind
(  421)   TYPE(VARIABLE_2D) :: VZUST   ! Friction velocity
(  422)   TYPE(VARIABLE_2D) :: V10NU   ! 10m zonal neutral wind
(  423)   TYPE(VARIABLE_2D) :: V10NV   ! 10m meridional neutral wind
(  424)   TYPE(VARIABLE_2D) :: VDNDZN   ! Minimum vertical refractivity gradient
(  425)   TYPE(VARIABLE_2D) :: VDNDZA   ! Mean vertical refractivity gradient
(  426)   TYPE(VARIABLE_2D) :: VDCTB   ! Duct base height
(  427)   TYPE(VARIABLE_2D) :: VTPLB   ! Trapping layer base height
(  428)   TYPE(VARIABLE_2D) :: VTPLT   ! Trapping layer top height
(  429)   TYPE(VARIABLE_2D) :: VODSS   ! optical depth sea salt aerosols
(  430)   TYPE(VARIABLE_2D) :: VODDU   ! optical depth dust aerosols
(  431)   TYPE(VARIABLE_2D) :: VODOM   ! optical depth organic m. aerosols
(  432)   TYPE(VARIABLE_2D) :: VODBC   ! optical depth black C aerosols
(  433)   TYPE(VARIABLE_2D) :: VODSU   ! optical depth sulphate aerosols
(  434)   TYPE(VARIABLE_2D) :: VODNI   ! optical depth nitrate aerosols
(  435)   TYPE(VARIABLE_2D) :: VODAM   ! optical depth ammonium aerosols
(  436)   TYPE(VARIABLE_2D) :: VODSOA   ! optical depth secondary organic aerosols






NVFORTRAN (Version     23.1)          02/24/2023  13:57:22      page 10

(  437)   TYPE(VARIABLE_2D) :: VODVFA   ! optical depth volcanic flying ash
(  438)   TYPE(VARIABLE_2D) :: VODVSU   ! optical depth volcanic sulphate aerosols
(  439)   TYPE(VARIABLE_2D) :: VODTOACC   ! optical depth total aerosol accumulated
(  440)   TYPE(VARIABLE_2D) :: VAEPM1   ! particulate matter le 1 um
(  441)   TYPE(VARIABLE_2D) :: VAEPM25   ! particulate matter le 2.5um
(  442)   TYPE(VARIABLE_2D) :: VAEPM10   ! particulate matter le 10 um
(  443)   TYPE(VARIABLE_2D) :: VUVBED   ! UV biologically effective dose
(  444)   TYPE(VARIABLE_2D) :: VUVBEDCS   ! UV biologically effective dose clear sky
(  445)   TYPE(VARIABLE_2D) :: VLITOTI   ! instantaneous total lightning flash density
(  446)   TYPE(VARIABLE_2D) :: VLICGI   ! instantaneous cloud-to-ground lightning flash density
(  447)   TYPE(VARIABLE_2D), ALLOCATABLE, DIMENSION(:) :: VLITOTA6   ! Bins for averaged total lightning over last 6 hours
(  448)   TYPE(VARIABLE_2D), ALLOCATABLE, DIMENSION(:) :: VLICGA6   ! Bins for averaged cloud-to-ground lightning over last 6 hours
(  449) 
(  450)   ! Store a field encapsualting the entire group array for backward compatibility
(  451)   TYPE(FIELD_3D) :: F_GROUP
(  452) END TYPE SURFACE_VARIABLE_GROUP_VDIAG
(  453) 
(  454) TYPE SURFACE_VARIABLE_GROUP_SATSIM
(  455)   ! Diagnostic surface variable group
(  456)   TYPE(VARIABLE_3D) :: VCLBT   ! Cloudy brightness temperature
(  457)   TYPE(VARIABLE_3D) :: VCSBT   ! Clear-sky brightness temperature
(  458) 
(  459)   ! Store a field encapsualting the entire group array for backward compatibility
(  460)   TYPE(FIELD_4D) :: F_GROUP
(  461) END TYPE SURFACE_VARIABLE_GROUP_SATSIM
(  462) 
(  463) TYPE SURFACE_VARIABLE_GROUP_WAVES
(  464)   ! Diagnostic surface variable group
(  465)   TYPE(VARIABLE_2D) :: VCHAR   ! Charnock parameter as modified by the wave model.
(  466)   TYPE(VARIABLE_2D) :: VUSTOKES   ! U-component of the surface Stokes drift.
(  467)   TYPE(VARIABLE_2D) :: VVSTOKES   ! V-component of the surface Stokes drift.
(  468)   TYPE(VARIABLE_2D) :: VPHIOC   ! Energy flux to ocean.
(  469)   TYPE(VARIABLE_2D) :: VPHIAW   ! Energy flux to ocean waves.
(  470)   TYPE(VARIABLE_2D) :: VTAUOC   ! Momentum flux to ocean.
(  471)   TYPE(VARIABLE_2D) :: VEMEAN   ! Wave variance.
(  472)   TYPE(VARIABLE_2D) :: VFMEAN   ! Wave mean frequency.
(  473) 
(  474)   ! Store a field encapsualting the entire group array for backward compatibility
(  475)   TYPE(FIELD_3D) :: F_GROUP
(  476) END TYPE SURFACE_VARIABLE_GROUP_WAVES
(  477) 
(  478) TYPE SURFACE_VARIABLE_GROUP_WAM
(  479)   ! Diagnostic surface variable group
(  480)   TYPE(VARIABLE_2D) :: VU10N   ! 10m neutral wind U-component passed to the wave model (WAM).
(  481)   TYPE(VARIABLE_2D) :: VV10N   ! 10m neutral wind V-component passed to the wave model (WAM).
(  482)   TYPE(VARIABLE_2D) :: VRHO   ! surface density passed to the wave model (WAM).
(  483)   TYPE(VARIABLE_2D) :: VZIL   ! ZI/L passed to the wave model (used for gustiness in WAM).
(  484)   TYPE(VARIABLE_2D) :: VCIF   ! Sea ice fraction passed to the wave model (WAM).
(  485)   TYPE(VARIABLE_2D) :: VCLK   ! Lake cover passed to the wave model (WAM).
(  486)   TYPE(VARIABLE_2D) :: VUCURW   ! Ocean current    U-component passed to the wave model (WAM).
(  487)   TYPE(VARIABLE_2D) :: VVCURW   ! Ocean current    V-component passed to the wave model (WAM).
(  488) 
(  489)   ! Store a field encapsualting the entire group array for backward compatibility
(  490)   TYPE(FIELD_3D) :: F_GROUP
(  491) END TYPE SURFACE_VARIABLE_GROUP_WAM
(  492) 
(  493) TYPE SURFACE_VARIABLE_GROUP_PRECFRAC
(  494)   ! Diagnostic surface variable group






NVFORTRAN (Version     23.1)          02/24/2023  13:57:22      page 11

(  495) 
(  496)   ! Store a field encapsualting the entire group array for backward compatibility
(  497)   TYPE(FIELD_4D) :: F_GROUP
(  498) END TYPE SURFACE_VARIABLE_GROUP_PRECFRAC
(  499) 
(  500) TYPE SURFACE_VARIABLE_GROUP_VEXTRA
(  501)   ! Diagnostic surface variable group
(  502) 
(  503)   ! Store a field encapsualting the entire group array for backward compatibility
(  504)   TYPE(FIELD_4D) :: F_GROUP
(  505) END TYPE SURFACE_VARIABLE_GROUP_VEXTRA
(  506) 
(  507) TYPE SURFACE_VARIABLE_GROUP_VEXTRDI
(  508)   ! Diagnostic surface variable group
(  509)   TYPE(VARIABLE_3D) :: VXEDR   ! Eddy diffusivity rate
(  510) 
(  511)   ! Store a field encapsualting the entire group array for backward compatibility
(  512)   TYPE(FIELD_4D) :: F_GROUP
(  513) END TYPE SURFACE_VARIABLE_GROUP_VEXTRDI
(  514) 
(  515) TYPE SURFACE_VARIABLE_GROUP_VPRECIP
(  516)   ! Diagnostic surface variable group
(  517)   TYPE(VARIABLE_3D) :: VPRECIP   ! Diagnostic of precipitations type
(  518) 
(  519)   ! Store a field encapsualting the entire group array for backward compatibility
(  520)   TYPE(FIELD_4D) :: F_GROUP
(  521) END TYPE SURFACE_VARIABLE_GROUP_VPRECIP
(  522) 
(  523) TYPE SURFACE_VARIABLE_GROUP_VPRECIP2
(  524)   ! Diagnostic surface variable group
(  525)   TYPE(VARIABLE_3D) :: VPRECIP2   ! Diagnostic of precipitations type
(  526) 
(  527)   ! Store a field encapsualting the entire group array for backward compatibility
(  528)   TYPE(FIELD_4D) :: F_GROUP
(  529) END TYPE SURFACE_VARIABLE_GROUP_VPRECIP2
(  530) 
(  531) TYPE SURFACE_VARIABLE_GROUP_VEXTR2
(  532)   ! Diagnostic surface variable group
(  533) 
(  534)   ! Store a field encapsualting the entire group array for backward compatibility
(  535)   TYPE(FIELD_3D) :: F_GROUP
(  536) END TYPE SURFACE_VARIABLE_GROUP_VEXTR2
(  537) 
(  538) TYPE SURFACE_VARIABLE_GROUP_SFORC
(  539)   ! Diagnostic surface variable group
(  540) 
(  541)   ! Store a field encapsualting the entire group array for backward compatibility
(  542)   TYPE(FIELD_3D) :: F_GROUP
(  543) END TYPE SURFACE_VARIABLE_GROUP_SFORC
(  544) 
(  545) TYPE SURFACE_VARIABLE_GROUP_SFLUX
(  546)   ! Diagnostic surface variable group
(  547) 
(  548)   ! Store a field encapsualting the entire group array for backward compatibility
(  549)   TYPE(FIELD_3D) :: F_GROUP
(  550) END TYPE SURFACE_VARIABLE_GROUP_SFLUX
(  551) 
(  552) TYPE SURFACE_VARIABLE_GROUP_VO3ABC






NVFORTRAN (Version     23.1)          02/24/2023  13:57:22      page 12

(  553)   ! Diagnostic surface variable group
(  554)   TYPE(VARIABLE_2D) :: VA   ! A climatological ozone profile
(  555)   TYPE(VARIABLE_2D) :: VB   ! B climatological ozone profile
(  556)   TYPE(VARIABLE_2D) :: VC   ! C climatological ozone profile
(  557) 
(  558)   ! Store a field encapsualting the entire group array for backward compatibility
(  559)   TYPE(FIELD_3D) :: F_GROUP
(  560) END TYPE SURFACE_VARIABLE_GROUP_VO3ABC
(  561) 
(  562) 
(  563) TYPE SURFACE_VARIABLES
(  564)   ! Global variable and field storage for surface variables
(  565) 
(  566)   ! Prognostic variable groups
(  567)   TYPE(SURFACE_VARIABLE_GROUP_SOILB) :: GSP_SB
(  568)   TYPE(SURFACE_VARIABLE_GROUP_SNOWG) :: GSP_SG
(  569)   TYPE(SURFACE_VARIABLE_GROUP_LAKEB) :: GSP_SL
(  570)   TYPE(SURFACE_VARIABLE_GROUP_RESVR) :: GSP_RR
(  571)   TYPE(SURFACE_VARIABLE_GROUP_CLS) :: GSP_CL
(  572)   TYPE(SURFACE_VARIABLE_GROUP_OML) :: GSP_OM
(  573)   TYPE(SURFACE_VARIABLE_GROUP_EXTRP) :: GSP_EP
(  574)   TYPE(SURFACE_VARIABLE_GROUP_XTRP2) :: GSP_X2
(  575)   TYPE(SURFACE_VARIABLE_GROUP_CANRI) :: GSP_CI
(  576) 
(  577)   ! Diagnostic variable groups
(  578)   TYPE(SURFACE_VARIABLE_GROUP_VARSF) :: GSD_VF
(  579)   TYPE(SURFACE_VARIABLE_GROUP_VCLIH) :: GSD_VH
(  580)   TYPE(SURFACE_VARIABLE_GROUP_VCLIK) :: GSD_VK
(  581)   TYPE(SURFACE_VARIABLE_GROUP_VCLIP) :: GSD_VP
(  582)   TYPE(SURFACE_VARIABLE_GROUP_VCLIV) :: GSD_VV
(  583)   TYPE(SURFACE_VARIABLE_GROUP_VCLIA) :: GSD_VA
(  584)   TYPE(SURFACE_VARIABLE_GROUP_VCLIN) :: GSD_VN
(  585)   TYPE(SURFACE_VARIABLE_GROUP_VDIAGO2) :: GSD_V2
(  586)   TYPE(SURFACE_VARIABLE_GROUP_VDIAGO3) :: GSD_V3
(  587)   TYPE(SURFACE_VARIABLE_GROUP_VDIAG) :: GSD_VD
(  588)   TYPE(SURFACE_VARIABLE_GROUP_SATSIM) :: GSD_SM
(  589)   TYPE(SURFACE_VARIABLE_GROUP_WAVES) :: GSD_WS
(  590)   TYPE(SURFACE_VARIABLE_GROUP_WAM) :: GSD_WW
(  591)   TYPE(SURFACE_VARIABLE_GROUP_PRECFRAC) :: GSD_PF
(  592)   TYPE(SURFACE_VARIABLE_GROUP_VEXTRA) :: GSD_XA
(  593)   TYPE(SURFACE_VARIABLE_GROUP_VEXTRDI) :: GSD_DI
(  594)   TYPE(SURFACE_VARIABLE_GROUP_VPRECIP) :: GSD_XP
(  595)   TYPE(SURFACE_VARIABLE_GROUP_VPRECIP2) :: GSD_XP2
(  596)   TYPE(SURFACE_VARIABLE_GROUP_VEXTR2) :: GSD_X2
(  597)   TYPE(SURFACE_VARIABLE_GROUP_SFORC) :: GSD_SFO
(  598)   TYPE(SURFACE_VARIABLE_GROUP_SFLUX) :: GSD_SFL
(  599)   TYPE(SURFACE_VARIABLE_GROUP_VO3ABC) :: GSD_VC
(  600) END TYPE SURFACE_VARIABLES
(  601) 
(  602) END MODULE SURFACE_VARIABLES_MOD














NVFORTRAN (Version     23.1)          02/24/2023  13:57:22      page 13

(    1) # 1 "surface_variables_mod.F90"
(    1) # 2 "surface_variables_mod.F90"
(    2) MODULE SURFACE_VARIABLES_MOD
(    3)   ! The SURFACE_VARIABLES type provides namespaced access to individual
(    4)   ! groups of surface VARIABLE objects via group-specific container
(    5)   ! types.
(    6)   !
(    7)   ! The generated group types contain the set of VARIABLE objects
(    8)   ! configured for each surface group. The VARIABLES in turn that hold
(    9)   ! metadata for surface fields and provide access to the underlying
(   10)   ! storage FIELD objects and respective data pointers for
(   11)   ! thread-parallel regions.
(   12) # 13 "surface_variables_mod.F90"
(   13) USE PARKIND1, ONLY: JPIM, JPRB
(   14) USE VARIABLE_MODULE, ONLY: VARIABLE_2D, VARIABLE_3D
(   15) USE FIELD_MODULE, ONLY: FIELD_3D, FIELD_4D
(   16) # 17 "surface_variables_mod.F90"
(   17) IMPLICIT NONE
(   18) # 19 "surface_variables_mod.F90"
(   19) ! Prognostic variable group types
(   20) TYPE SURFACE_VARIABLE_GROUP_SOILB
(   21)   ! Prognostic surface variable group
(   22)   TYPE(VARIABLE_3D) :: VT   ! temperature
(   23)   TYPE(VARIABLE_3D) :: VQ   ! liquid water content
(   24)   TYPE(VARIABLE_3D) :: VTL   ! ice water content (for MF)
(   25) # 26 "surface_variables_mod.F90"
(   26)   ! Store a field encapsualting the entire group array for backward compatibility
(   27)   TYPE(FIELD_4D) :: F_GROUP
(   28) END TYPE SURFACE_VARIABLE_GROUP_SOILB
(   29) # 30 "surface_variables_mod.F90"
(   30) TYPE SURFACE_VARIABLE_GROUP_SNOWG
(   31)   ! Prognostic surface variable group
(   32)   TYPE(VARIABLE_3D) :: VF   ! content of surface snow
(   33)   TYPE(VARIABLE_3D) :: VA   ! snow albedo
(   34)   TYPE(VARIABLE_3D) :: VR   ! snow density
(   35)   TYPE(VARIABLE_3D) :: VT   ! total albedo (diagnostic for MF for LVGSN)
(   36)   TYPE(VARIABLE_3D) :: VW   ! Liquid water content
(   37) # 38 "surface_variables_mod.F90"
(   38)   ! Store a field encapsualting the entire group array for backward compatibility
(   39)   TYPE(FIELD_4D) :: F_GROUP
(   40) END TYPE SURFACE_VARIABLE_GROUP_SNOWG
(   41) # 42 "surface_variables_mod.F90"
(   42) TYPE SURFACE_VARIABLE_GROUP_LAKEB
(   43)   ! Prognostic surface variable group
(   44)   TYPE(VARIABLE_2D) :: VLICT   ! lake ice temperature
(   45)   TYPE(VARIABLE_2D) :: VLMLT   ! lake mixed-layer temperature
(   46)   TYPE(VARIABLE_2D) :: VLTLT   ! lake total layer temperature
(   47)   TYPE(VARIABLE_2D) :: VLBLT   ! lake bottom layer temperature
(   48)   TYPE(VARIABLE_2D) :: VLSHF   ! lake shape factor
(   49)   TYPE(VARIABLE_2D) :: VLICD   ! lake ice depth
(   50)   TYPE(VARIABLE_2D) :: VLMLD   ! lake mixed-layer depth
(   51) # 52 "surface_variables_mod.F90"
(   52)   ! Store a field encapsualting the entire group array for backward compatibility
(   53)   TYPE(FIELD_3D) :: F_GROUP
(   54) END TYPE SURFACE_VARIABLE_GROUP_LAKEB
(   55) # 56 "surface_variables_mod.F90"
(   56) TYPE SURFACE_VARIABLE_GROUP_RESVR
(   57)   ! Prognostic surface variable group






NVFORTRAN (Version     23.1)          02/24/2023  13:57:22      page 14

(   58)   TYPE(VARIABLE_2D) :: VT   ! skin temperature (Ts)
(   59)   TYPE(VARIABLE_2D) :: VW   ! skin water content (Wskin) at ECMWF superficial reservoir water content (Ws) at MF
(   60)   TYPE(VARIABLE_2D) :: VFC   ! skin water content (Wl) at MF
(   61)   TYPE(VARIABLE_2D) :: VIC   ! superficial reservoir ice
(   62)   TYPE(VARIABLE_2D) :: VFP1   ! interpolated Ts for 2nd part of 927-FULLPOS
(   63) # 64 "surface_variables_mod.F90"
(   64)   ! Store a field encapsualting the entire group array for backward compatibility
(   65)   TYPE(FIELD_3D) :: F_GROUP
(   66) END TYPE SURFACE_VARIABLE_GROUP_RESVR
(   67) # 68 "surface_variables_mod.F90"
(   68) TYPE SURFACE_VARIABLE_GROUP_CLS
(   69)   ! Prognostic surface variable group
(   70)   TYPE(VARIABLE_2D) :: VTCLS   ! 2m temperature
(   71)   TYPE(VARIABLE_2D) :: VHUCLS   ! 2m humidity
(   72)   TYPE(VARIABLE_2D) :: VUCLS   ! 10m U-wind
(   73)   TYPE(VARIABLE_2D) :: VVCLS   ! 10m V-wind
(   74)   TYPE(VARIABLE_2D) :: VNUCLS   ! 10m neutral U-wind
(   75)   TYPE(VARIABLE_2D) :: VNVCLS   ! 10m neutral V-wind
(   76) # 77 "surface_variables_mod.F90"
(   77)   ! Store a field encapsualting the entire group array for backward compatibility
(   78)   TYPE(FIELD_3D) :: F_GROUP
(   79) END TYPE SURFACE_VARIABLE_GROUP_CLS
(   80) # 81 "surface_variables_mod.F90"
(   81) TYPE SURFACE_VARIABLE_GROUP_OML
(   82)   ! Prognostic surface variable group
(   83)   TYPE(VARIABLE_3D) :: VTO   ! temperature
(   84)   TYPE(VARIABLE_3D) :: VSO   ! salinity
(   85)   TYPE(VARIABLE_3D) :: VUO   ! U velocity
(   86)   TYPE(VARIABLE_3D) :: VVO   ! V velocity
(   87) # 88 "surface_variables_mod.F90"
(   88)   ! Store a field encapsualting the entire group array for backward compatibility
(   89)   TYPE(FIELD_4D) :: F_GROUP
(   90) END TYPE SURFACE_VARIABLE_GROUP_OML
(   91) # 92 "surface_variables_mod.F90"
(   92) TYPE SURFACE_VARIABLE_GROUP_EXTRP
(   93)   ! Prognostic surface variable group
(   94) # 95 "surface_variables_mod.F90"
(   95)   ! Store a field encapsualting the entire group array for backward compatibility
(   96)   TYPE(FIELD_4D) :: F_GROUP
(   97) END TYPE SURFACE_VARIABLE_GROUP_EXTRP
(   98) # 99 "surface_variables_mod.F90"
(   99) TYPE SURFACE_VARIABLE_GROUP_XTRP2
(  100)   ! Prognostic surface variable group
(  101) # 102 "surface_variables_mod.F90"
(  102)   ! Store a field encapsualting the entire group array for backward compatibility
(  103)   TYPE(FIELD_3D) :: F_GROUP
(  104) END TYPE SURFACE_VARIABLE_GROUP_XTRP2
(  105) # 106 "surface_variables_mod.F90"
(  106) TYPE SURFACE_VARIABLE_GROUP_CANRI
(  107)   ! Prognostic surface variable group
(  108) # 109 "surface_variables_mod.F90"
(  109)   ! Store a field encapsualting the entire group array for backward compatibility
(  110)   TYPE(FIELD_3D) :: F_GROUP
(  111) END TYPE SURFACE_VARIABLE_GROUP_CANRI
(  112) # 114 "surface_variables_mod.F90"
(  114) ! Diagnostic variable group types
(  115) TYPE SURFACE_VARIABLE_GROUP_VARSF
(  116)   ! Diagnostic surface variable group






NVFORTRAN (Version     23.1)          02/24/2023  13:57:22      page 15

(  117)   TYPE(VARIABLE_2D) :: VZ0F   ! gravity * surface roughness length
(  118)   TYPE(VARIABLE_2D) :: VALBF   ! surface shortwave albedo
(  119)   TYPE(VARIABLE_2D) :: VEMISF   ! surface longwave emissivity
(  120)   TYPE(VARIABLE_2D) :: VGETRL   ! standard deviation of orography
(  121)   TYPE(VARIABLE_2D) :: VLSM   ! land-sea mask
(  122)   TYPE(VARIABLE_2D) :: VVEG   ! vegetation cover
(  123)   TYPE(VARIABLE_2D) :: VVRLAN   ! anisotropy of the sub-grid scale orography
(  124)   TYPE(VARIABLE_2D) :: VVRLDI   ! angle of the direction of orography with the x axis
(  125)   TYPE(VARIABLE_2D) :: VSIG   ! characteristic orographic slope
(  126)   TYPE(VARIABLE_2D) :: VALBSF   ! soil shortwave albedo
(  127)   TYPE(VARIABLE_2D) :: VLAN   ! fraction of land
(  128)   TYPE(VARIABLE_2D) :: VSST   ! (open) sea surface temperature
(  129)   TYPE(VARIABLE_2D) :: VSSS   ! sea surface salinity
(  130)   TYPE(VARIABLE_2D) :: VLZ0H   ! logarithm of roughness length for heat
(  131)   TYPE(VARIABLE_2D) :: VCVL   ! low vegetation cover
(  132)   TYPE(VARIABLE_2D) :: VCVH   ! high vegetation cover
(  133)   TYPE(VARIABLE_2D) :: VTVL   ! low vegetation type
(  134)   TYPE(VARIABLE_2D) :: VTVH   ! high vegetation type
(  135)   TYPE(VARIABLE_2D) :: VLAIL   ! low vegetation LAI
(  136)   TYPE(VARIABLE_2D) :: VLAIH   ! high vegetation LAI
(  137)   TYPE(VARIABLE_2D) :: VSOTY   ! soil type
(  138)   TYPE(VARIABLE_2D) :: VCLK   ! lake cover
(  139)   TYPE(VARIABLE_2D) :: VDL   ! lake depth
(  140)   TYPE(VARIABLE_2D) :: VCI   ! sea ice fraction
(  141)   TYPE(VARIABLE_2D) :: VUCUR   ! U-component of the ocean current
(  142)   TYPE(VARIABLE_2D) :: VVCUR   ! V-component of the ocean current
(  143)   TYPE(VARIABLE_2D) :: VZ0RLF   ! gravity * vegetation roughness length
(  144)   TYPE(VARIABLE_2D) :: VCO2O   ! oceanic CO2 flux
(  145)   TYPE(VARIABLE_2D) :: VCO2B   ! biosphere CO2 flux
(  146)   TYPE(VARIABLE_2D) :: VCO2A   ! anthropogenic CO2 flux
(  147)   TYPE(VARIABLE_2D) :: VCO2F   ! CO2 fire emissions
(  148)   TYPE(VARIABLE_2D) :: VCGPP   ! GPP bias correction factor
(  149)   TYPE(VARIABLE_2D) :: VCREC   ! REC bias correction factor
(  150)   TYPE(VARIABLE_2D) :: VCH4AG   ! CH4 surface fluxes - aggregated field
(  151)   TYPE(VARIABLE_2D) :: VCH4F   ! CH4 fire emissions
(  152)   TYPE(VARIABLE_2D) :: VSDFOR   ! SD filtered orography
(  153)   TYPE(VARIABLE_2D) :: VALUVP   ! MODIS-derived parallel albedo for shortwave radiation
(  154)   TYPE(VARIABLE_2D) :: VALUVD   ! MODIS-derived diffuse albedo for shortwave radiation
(  155)   TYPE(VARIABLE_2D) :: VALNIP   ! MODIS-derived parallel albedo for longwave radiation
(  156)   TYPE(VARIABLE_2D) :: VALNID   ! MODIS-derived diffuse albedo for longwave radiation
(  157)   TYPE(VARIABLE_2D) :: VFP1   ! surface orography in the 2nd part of FULLPOS-927
(  158)   TYPE(VARIABLE_2D) :: VBCBF   ! black carbon biogenic
(  159)   TYPE(VARIABLE_2D) :: VBCFF   ! black carbon fossil fuel
(  160)   TYPE(VARIABLE_2D) :: VBCGF   ! black carbon GFED
(  161)   TYPE(VARIABLE_2D) :: VOMBF   ! organic matter biogenic
(  162)   TYPE(VARIABLE_2D) :: VOMFF   ! organic matter fossil fuel
(  163)   TYPE(VARIABLE_2D) :: VOMGF   ! organic matter GFED
(  164)   TYPE(VARIABLE_2D) :: VINJF   ! height of maximum injection for biomass burning emissions
(  165)   TYPE(VARIABLE_2D) :: VSO2L   ! sulphate low-level
(  166)   TYPE(VARIABLE_2D) :: VSO2H   ! sulphate higher-level
(  167)   TYPE(VARIABLE_2D) :: VSO2DD   ! sulphate dry dep velocity
(  168)   TYPE(VARIABLE_2D) :: VSOGF   ! sulphate GFED
(  169)   TYPE(VARIABLE_2D) :: VSOA   ! secondary organic
(  170)   TYPE(VARIABLE_2D) :: VVOLC   ! volcanic continuous
(  171)   TYPE(VARIABLE_2D) :: VVOLE   ! volcanic explosive
(  172)   TYPE(VARIABLE_2D) :: VDMSO   ! oceanic DMS
(  173)   TYPE(VARIABLE_2D) :: VSOACO   ! SOA from CO
(  174)   TYPE(VARIABLE_2D) :: VURBF   ! Urban fraction






NVFORTRAN (Version     23.1)          02/24/2023  13:57:22      page 16

(  175)   TYPE(VARIABLE_2D) :: VVOLCALTI   ! Altitude of volcanoes
(  176)   TYPE(VARIABLE_2D) :: VFCA1   ! Fraction of calcite over dust 1st bin
(  177)   TYPE(VARIABLE_2D) :: VFCA2   ! Fraction of calcite over dust 2nd bin
(  178)   TYPE(VARIABLE_2D) :: VAERDEP   ! dust emission potential
(  179)   TYPE(VARIABLE_2D) :: VAERLTS   ! dust lifting threshold speed
(  180)   TYPE(VARIABLE_2D) :: VAERSCC   ! dust soil clay content
(  181)   TYPE(VARIABLE_2D) :: VDSF   ! dust source function
(  182)   TYPE(VARIABLE_2D), ALLOCATABLE, DIMENSION(:) :: VCHEMFLX   ! chemistry emissions input
(  183)   TYPE(VARIABLE_2D), ALLOCATABLE, DIMENSION(:) :: VCHEMFLXO   ! total chemistry flux (emissions + deposition)
(  184)   TYPE(VARIABLE_2D), ALLOCATABLE, DIMENSION(:) :: VCHEMDV   ! chemistry deposition velocity
(  185)   TYPE(VARIABLE_2D) :: VNUDM   ! nudging mask
(  186) # 187 "surface_variables_mod.F90"
(  187)   ! Store a field encapsualting the entire group array for backward compatibility
(  188)   TYPE(FIELD_3D) :: F_GROUP
(  189) END TYPE SURFACE_VARIABLE_GROUP_VARSF
(  190) # 191 "surface_variables_mod.F90"
(  191) TYPE SURFACE_VARIABLE_GROUP_VCLIH
(  192)   ! Diagnostic surface variable group
(  193)   TYPE(VARIABLE_2D) :: VTCCH   ! total convective cloudiness
(  194)   TYPE(VARIABLE_2D) :: VSCCH   ! convective cloud summit
(  195)   TYPE(VARIABLE_2D) :: VBCCH   ! convective cloud base
(  196)   TYPE(VARIABLE_2D) :: VPBLH   ! PBL height
(  197)   TYPE(VARIABLE_2D) :: VSPSH   ! variable for prognostic convection scheme (ALARO)
(  198)   TYPE(VARIABLE_2D) :: VQSH   ! surface moisture historic variable (used by TOUCANS)
(  199)   TYPE(VARIABLE_2D) :: VPCL   ! 
(  200)   TYPE(VARIABLE_2D) :: VPSL   ! 
(  201)   TYPE(VARIABLE_2D) :: VPCN   ! 
(  202)   TYPE(VARIABLE_2D) :: VPSN   ! 
(  203)   TYPE(VARIABLE_2D) :: VEVA   ! 
(  204) # 205 "surface_variables_mod.F90"
(  205)   ! Store a field encapsualting the entire group array for backward compatibility
(  206)   TYPE(FIELD_3D) :: F_GROUP
(  207) END TYPE SURFACE_VARIABLE_GROUP_VCLIH
(  208) # 209 "surface_variables_mod.F90"
(  209) TYPE SURFACE_VARIABLE_GROUP_VCLIK
(  210)   ! Diagnostic surface variable group
(  211)   TYPE(VARIABLE_2D) :: VUDGRO   ! ud top position (accsu)
(  212) # 213 "surface_variables_mod.F90"
(  213)   ! Store a field encapsualting the entire group array for backward compatibility
(  214)   TYPE(FIELD_3D) :: F_GROUP
(  215) END TYPE SURFACE_VARIABLE_GROUP_VCLIK
(  216) # 217 "surface_variables_mod.F90"
(  217) TYPE SURFACE_VARIABLE_GROUP_VCLIP
(  218)   ! Diagnostic surface variable group
(  219)   TYPE(VARIABLE_2D) :: VTPC   ! climatological deep layer temperature
(  220)   TYPE(VARIABLE_2D) :: VWPC   ! climatological deep layer moisture
(  221) # 222 "surface_variables_mod.F90"
(  222)   ! Store a field encapsualting the entire group array for backward compatibility
(  223)   TYPE(FIELD_3D) :: F_GROUP
(  224) END TYPE SURFACE_VARIABLE_GROUP_VCLIP
(  225) # 226 "surface_variables_mod.F90"
(  226) TYPE SURFACE_VARIABLE_GROUP_VCLIV
(  227)   ! Diagnostic surface variable group
(  228)   TYPE(VARIABLE_2D) :: VARG   ! silt percentage within soil
(  229)   TYPE(VARIABLE_2D) :: VSAB   ! percentage of sand within the soil
(  230)   TYPE(VARIABLE_2D) :: VD2   ! soil depth
(  231)   TYPE(VARIABLE_2D) :: VIVEG   ! type of vegetation
(  232)   TYPE(VARIABLE_2D) :: VRSMIN   ! stomatal minimum resistance






NVFORTRAN (Version     23.1)          02/24/2023  13:57:22      page 17

(  233)   TYPE(VARIABLE_2D) :: VLAI   ! leaf area index
(  234)   TYPE(VARIABLE_2D) :: VHV   ! resistance to evapotranspiration
(  235)   TYPE(VARIABLE_2D) :: VZ0H   ! gravity * roughness length for heat
(  236)   TYPE(VARIABLE_2D) :: VALS   ! albedo of bare ground
(  237)   TYPE(VARIABLE_2D) :: VALV   ! albedo of vegetation
(  238) # 239 "surface_variables_mod.F90"
(  239)   ! Store a field encapsualting the entire group array for backward compatibility
(  240)   TYPE(FIELD_3D) :: F_GROUP
(  241) END TYPE SURFACE_VARIABLE_GROUP_VCLIV
(  242) # 243 "surface_variables_mod.F90"
(  243) TYPE SURFACE_VARIABLE_GROUP_VCLIA
(  244)   ! Diagnostic surface variable group
(  245)   TYPE(VARIABLE_2D) :: VSEA   ! aerosol sea
(  246)   TYPE(VARIABLE_2D) :: VLAN   ! aerosol land
(  247)   TYPE(VARIABLE_2D) :: VSOO   ! aerosol soot
(  248)   TYPE(VARIABLE_2D) :: VDES   ! aerosol desert
(  249)   TYPE(VARIABLE_2D) :: VSUL   ! aerosol sulfate
(  250)   TYPE(VARIABLE_2D) :: VVOL   ! aerosol volcano
(  251) # 252 "surface_variables_mod.F90"
(  252)   ! Store a field encapsualting the entire group array for backward compatibility
(  253)   TYPE(FIELD_3D) :: F_GROUP
(  254) END TYPE SURFACE_VARIABLE_GROUP_VCLIA
(  255) # 256 "surface_variables_mod.F90"
(  256) TYPE SURFACE_VARIABLE_GROUP_VCLIN
(  257)   ! Diagnostic surface variable group
(  258)   TYPE(VARIABLE_2D) :: VTOP   ! index of convective cloud top
(  259)   TYPE(VARIABLE_2D) :: VBAS   ! index of convective cloud base
(  260)   TYPE(VARIABLE_2D) :: VACPR   ! averaged convective precipitaion rate
(  261)   TYPE(VARIABLE_2D) :: VACCPR   ! accumulated total precipitaion for assimilation
(  262)   TYPE(VARIABLE_2D) :: VACCPR5   ! accumulated total precipitaion for assimilation (trajectory)
(  263) # 264 "surface_variables_mod.F90"
(  264)   ! Store a field encapsualting the entire group array for backward compatibility
(  265)   TYPE(FIELD_3D) :: F_GROUP
(  266) END TYPE SURFACE_VARIABLE_GROUP_VCLIN
(  267) # 268 "surface_variables_mod.F90"
(  268) TYPE SURFACE_VARIABLE_GROUP_VDIAGO2
(  269)   ! Diagnostic surface variable group
(  270)   TYPE(VARIABLE_2D) :: VOCDEP   ! bottom layer depth
(  271)   TYPE(VARIABLE_2D) :: VUSTRC   ! taux clim.
(  272)   TYPE(VARIABLE_2D) :: VVSTRC   ! tauy clim.
(  273) # 274 "surface_variables_mod.F90"
(  274)   ! Store a field encapsualting the entire group array for backward compatibility
(  275)   TYPE(FIELD_3D) :: F_GROUP
(  276) END TYPE SURFACE_VARIABLE_GROUP_VDIAGO2
(  277) # 278 "surface_variables_mod.F90"
(  278) TYPE SURFACE_VARIABLE_GROUP_VDIAGO3
(  279)   ! Diagnostic surface variable group
(  280)   TYPE(VARIABLE_3D) :: VDIFM   ! viscosity
(  281)   TYPE(VARIABLE_3D) :: VDIFT   ! diff. coef. of temp
(  282)   TYPE(VARIABLE_3D) :: VDIFS   ! diff. coef. of salinity
(  283)   TYPE(VARIABLE_3D) :: VADVT   ! correction term for temp.
(  284)   TYPE(VARIABLE_3D) :: VADVS   ! correction term for sal.
(  285)   TYPE(VARIABLE_3D) :: VTRI0   ! coef. for solving matrix.
(  286)   TYPE(VARIABLE_3D) :: VTRI1   ! coef. for solving matrix.
(  287)   TYPE(VARIABLE_3D) :: VSWDK   ! radiation term
(  288)   TYPE(VARIABLE_3D) :: VZO   ! depth of layer
(  289)   TYPE(VARIABLE_3D) :: VHO   ! depth of interface layer
(  290)   TYPE(VARIABLE_3D) :: VDO   ! layer thickness






NVFORTRAN (Version     23.1)          02/24/2023  13:57:22      page 18

(  291)   TYPE(VARIABLE_3D) :: VHO_INV   ! 1 / YHO
(  292)   TYPE(VARIABLE_3D) :: VUOC   ! U velocity clim.
(  293)   TYPE(VARIABLE_3D) :: VVOC   ! V velocity clim.
(  294) # 295 "surface_variables_mod.F90"
(  295)   ! Store a field encapsualting the entire group array for backward compatibility
(  296)   TYPE(FIELD_4D) :: F_GROUP
(  297) END TYPE SURFACE_VARIABLE_GROUP_VDIAGO3
(  298) # 299 "surface_variables_mod.F90"
(  299) TYPE SURFACE_VARIABLE_GROUP_VDIAG
(  300)   ! Diagnostic surface variable group
(  301)   TYPE(VARIABLE_2D) :: VLSP   ! Large scale precipitation
(  302)   TYPE(VARIABLE_2D) :: VCP   ! Convective precipitation
(  303)   TYPE(VARIABLE_2D) :: VSF   ! Snowfall
(  304)   TYPE(VARIABLE_2D) :: VFZRA   ! Freezing rain
(  305)   TYPE(VARIABLE_2D) :: VBLD   ! Boundary layer dissipation
(  306)   TYPE(VARIABLE_2D) :: VSSHF   ! Surface sensible heat flux
(  307)   TYPE(VARIABLE_2D) :: VSLHF   ! Surface latent heat flux
(  308)   TYPE(VARIABLE_2D) :: VNEE   ! Surface net ecosystem exchange of CO2
(  309)   TYPE(VARIABLE_2D) :: VGPP   ! Surface gross primary production of CO2
(  310)   TYPE(VARIABLE_2D) :: VREC   ! Surface ecosystem respiration of CO2
(  311)   TYPE(VARIABLE_2D) :: VMSL   ! Mean sea level pressure
(  312)   TYPE(VARIABLE_2D) :: VSP   ! Surface pressure
(  313)   TYPE(VARIABLE_2D) :: VTCC   ! Total cloud cover
(  314)   TYPE(VARIABLE_2D) :: V10U   ! U-wind at 10 m
(  315)   TYPE(VARIABLE_2D) :: V10V   ! V-wind at 10 m
(  316)   TYPE(VARIABLE_2D) :: V2T   ! Temperature at 2 m
(  317)   TYPE(VARIABLE_2D) :: V2D   ! Dewpoint temperature at 2 m
(  318)   TYPE(VARIABLE_2D) :: V2Q   ! Specific humidity at 2 m
(  319)   TYPE(VARIABLE_2D) :: VSSR   ! Surface solar radiation
(  320)   TYPE(VARIABLE_2D) :: VSTR   ! Surface thermal radiation
(  321)   TYPE(VARIABLE_2D) :: VTSR   ! Top solar radiation
(  322)   TYPE(VARIABLE_2D) :: VTTR   ! Top thermal radiation
(  323)   TYPE(VARIABLE_2D) :: VEWSS   ! Instantaneous surface U-wind stress
(  324)   TYPE(VARIABLE_2D) :: VNSSS   ! Instantaneous surface V-wind stress
(  325)   TYPE(VARIABLE_2D) :: VE   ! Water evaporation
(  326)   TYPE(VARIABLE_2D) :: VPEV   ! Potential evaporation
(  327)   TYPE(VARIABLE_2D) :: VCCC   ! Convective cloud cover
(  328)   TYPE(VARIABLE_2D) :: VLCC   ! Low cloud cover
(  329)   TYPE(VARIABLE_2D) :: VMCC   ! Medium cloud cover
(  330)   TYPE(VARIABLE_2D) :: VHCC   ! High cloud cover
(  331)   TYPE(VARIABLE_2D) :: VLGWS   ! Zonal gravity wave stress
(  332)   TYPE(VARIABLE_2D) :: VMGWS   ! Meridian gravity wave stress
(  333)   TYPE(VARIABLE_2D) :: VGWD   ! Gravity wave dissipation
(  334)   TYPE(VARIABLE_2D) :: VMX2T   ! Maximum temperature at 2 m
(  335)   TYPE(VARIABLE_2D) :: VMN2T   ! Minimum temperature at 2 m
(  336)   TYPE(VARIABLE_2D), ALLOCATABLE, DIMENSION(:) :: VMX2T6   ! Bins for maximum temperature at 2 m since last 6 hours
(  337)   TYPE(VARIABLE_2D), ALLOCATABLE, DIMENSION(:) :: VMN2T6   ! Bins for minimum temperature at 2 m since last 6 hours
(  338)   TYPE(VARIABLE_2D) :: VRO   ! Runoff (total)
(  339)   TYPE(VARIABLE_2D) :: VSRO   ! Runoff surface
(  340)   TYPE(VARIABLE_2D) :: VSSRO   ! Runoff sub-surface
(  341)   TYPE(VARIABLE_2D) :: VALB   ! (surface shortwave) albedo
(  342)   TYPE(VARIABLE_2D) :: VIEWSS   ! Instantaneous surface zonal component of stress
(  343)   TYPE(VARIABLE_2D) :: VINSSS   ! Instantaneous surface meridian component of stress
(  344)   TYPE(VARIABLE_2D) :: VISSHF   ! Instantaneous surface heat flux
(  345)   TYPE(VARIABLE_2D) :: VIE   ! Instantaneous surface moisture flux
(  346)   TYPE(VARIABLE_2D) :: VINEE   ! Instantaneous net ecosystem exchange of CO2
(  347)   TYPE(VARIABLE_2D) :: VIGPP   ! Instantaneous gross primary production of CO2
(  348)   TYPE(VARIABLE_2D) :: VIREC   ! Instantaneous ecosystem respiration of CO2






NVFORTRAN (Version     23.1)          02/24/2023  13:57:22      page 19

(  349)   TYPE(VARIABLE_2D) :: VCSF   ! Convective snow fall
(  350)   TYPE(VARIABLE_2D) :: VLSSF   ! Large scale snowfall
(  351)   TYPE(VARIABLE_2D) :: VMXTPR   ! Max precip rate since last post-processing
(  352)   TYPE(VARIABLE_2D) :: VMNTPR   ! Min precip rate since last post-processing
(  353)   TYPE(VARIABLE_2D), ALLOCATABLE, DIMENSION(:) :: VMXTPR6   ! Max precip rate in last 6 hours
(  354)   TYPE(VARIABLE_2D), ALLOCATABLE, DIMENSION(:) :: VMNTPR6   ! Min precip rate in last 6 hours
(  355)   TYPE(VARIABLE_2D) :: VTPR   ! Total precipitation rate
(  356)   TYPE(VARIABLE_2D) :: VLSRR   ! Large scale rain rate
(  357)   TYPE(VARIABLE_2D) :: VCRR   ! Convective rain rate
(  358)   TYPE(VARIABLE_2D) :: VLSSFR   ! Large scale snowfall rate
(  359)   TYPE(VARIABLE_2D) :: VCSFR   ! Convective snowfall rate
(  360)   TYPE(VARIABLE_2D) :: VPTYPE   ! Precipitation type
(  361)   TYPE(VARIABLE_2D) :: VILSPF   ! Large-scale precipitation fraction (inst.)
(  362)   TYPE(VARIABLE_2D) :: VZ0F   ! Gravity * surface roughness length
(  363)   TYPE(VARIABLE_2D) :: VLZ0H   ! Logarithm of z0 times heat flux
(  364)   TYPE(VARIABLE_2D) :: VVIWVE   ! Vertical integral of eastward water vapour flux
(  365)   TYPE(VARIABLE_2D) :: VVIWVN   ! Vertical integral of northward water vapour flux
(  366)   TYPE(VARIABLE_2D) :: VTCW   ! Total water content in a vertical column
(  367)   TYPE(VARIABLE_2D) :: VTCWV   ! Total water vapor content in a vertical column
(  368)   TYPE(VARIABLE_2D) :: VTCLW   ! Total liquid water content in a vertical column
(  369)   TYPE(VARIABLE_2D) :: VTCIW   ! Total ice water content in a vertical column
(  370)   TYPE(VARIABLE_2D) :: VTCRW   ! Total rain water content in a vertical column
(  371)   TYPE(VARIABLE_2D) :: VTCSW   ! Total snow water content in a vertical column
(  372)   TYPE(VARIABLE_2D) :: VTCSLW   ! Total supercooled liquid water content in a vertical column
(  373)   TYPE(VARIABLE_2D) :: VSSRD   ! Downward surface solar radiation
(  374)   TYPE(VARIABLE_2D) :: VSTRD   ! Downward surface thermic radiation
(  375)   TYPE(VARIABLE_2D) :: VSSRDC   ! Clear-sky downward surface solar radiation
(  376)   TYPE(VARIABLE_2D) :: VSTRDC   ! Claer-sky downward surface thermal radiation
(  377)   TYPE(VARIABLE_2D) :: VBLH   ! Height of boundary layer
(  378)   TYPE(VARIABLE_2D) :: VSUND   ! Sunshine duration
(  379)   TYPE(VARIABLE_2D) :: VSPAR   ! Surface downward PARadiation
(  380)   TYPE(VARIABLE_2D) :: VSUVB   ! Surface downward UV-B radiation
(  381)   TYPE(VARIABLE_2D) :: VSFDIR   ! Surface total sky direct downward SW radiation
(  382)   TYPE(VARIABLE_2D) :: VSCDIR   ! Surface clear-sky direct downward SW radiation
(  383)   TYPE(VARIABLE_2D) :: VSDSRP   ! Surface total-sky direct beam downward SW radiation
(  384)   TYPE(VARIABLE_2D) :: VCAPE   ! Conv.avail.potential energy (CAPE)
(  385)   TYPE(VARIABLE_2D) :: VCAPES   ! CAPE-Shear
(  386)   TYPE(VARIABLE_2D), ALLOCATABLE, DIMENSION(:) :: VMXCAP6   ! Bins for maximum CAPE in last 6 hours
(  387)   TYPE(VARIABLE_2D), ALLOCATABLE, DIMENSION(:) :: VMXCAPS6   ! Bins for maximum CAPE-Shear in last 6 hours
(  388)   TYPE(VARIABLE_2D) :: VTSRC   ! Top solar radiation clear sky
(  389)   TYPE(VARIABLE_2D) :: VTTRC   ! Top thermal radiation clear sky
(  390)   TYPE(VARIABLE_2D) :: VSSRC   ! Surface solar radiation clear sky
(  391)   TYPE(VARIABLE_2D) :: VSTRC   ! Surface thermal radiation clear sky
(  392)   TYPE(VARIABLE_2D) :: VES   ! Evaporation of snow
(  393)   TYPE(VARIABLE_2D) :: VSMLT   ! Snow melt
(  394)   TYPE(VARIABLE_2D) :: V10FG   ! Wind gust at 10 m (max since previous pp)
(  395)   TYPE(VARIABLE_2D), ALLOCATABLE, DIMENSION(:) :: V10FG6   ! Bins for wind gust at 10 m (max since last 6 hours)
(  396)   TYPE(VARIABLE_2D) :: V10FGCV   ! convective wind gust at 10m for current time level (m/s)
(  397)   TYPE(VARIABLE_2D) :: VI10FG   ! Wind gust at 10 m ("instantaneous")
(  398)   TYPE(VARIABLE_2D) :: VLSPF   ! Large scale precipitation fraction
(  399)   TYPE(VARIABLE_2D) :: VTCO3   ! Total ozone content in a vertical column
(  400)   TYPE(VARIABLE_2D) :: VVIMD   ! Vertically integrated mass divergence
(  401)   TYPE(VARIABLE_2D) :: VSPARC   ! Surface clear-sky parallel radiation
(  402)   TYPE(VARIABLE_2D) :: VSTINC   ! Top of atmosphere incident solar radiation
(  403)   TYPE(VARIABLE_2D) :: VCBASE   ! Cloud base level
(  404)   TYPE(VARIABLE_2D) :: V0DEGL   ! Zero deg. level
(  405)   TYPE(VARIABLE_2D) :: VVISIH   ! Horizontal visibility
(  406)   TYPE(VARIABLE_2D) :: VCIN   ! CIN






NVFORTRAN (Version     23.1)          02/24/2023  13:57:22      page 20

(  407)   TYPE(VARIABLE_2D) :: VKINDEX   ! Convective K-Index
(  408)   TYPE(VARIABLE_2D) :: VTTINDEX   ! Convective TT-Index
(  409)   TYPE(VARIABLE_2D) :: VCBASEA   ! Cloud base aviation
(  410)   TYPE(VARIABLE_2D) :: VCTOPC   ! Cloud top convective
(  411)   TYPE(VARIABLE_2D) :: VZTWETB0   ! Height of 0 deg wet bulb temperature
(  412)   TYPE(VARIABLE_2D) :: VZTWETB1   ! Height of 1 deg wet bulb temperature
(  413)   TYPE(VARIABLE_2D), ALLOCATABLE, DIMENSION(:) :: VTCGHG   ! Total column greenhouse gases
(  414)   TYPE(VARIABLE_2D), ALLOCATABLE, DIMENSION(:) :: VTCCHEM   ! Total column chemistry
(  415)   TYPE(VARIABLE_2D), ALLOCATABLE, DIMENSION(:,:) :: VAERODIAG   ! Per-aerosol-type diagnostics
(  416)   TYPE(VARIABLE_2D), ALLOCATABLE, DIMENSION(:,:) :: VAERO_WVL_DIAG   ! Per-wavelength aerosol optical diagnostics
(  417)   TYPE(VARIABLE_2D) :: V100U   ! 100m zonal wind
(  418)   TYPE(VARIABLE_2D) :: V100V   ! 100m meridional wind
(  419)   TYPE(VARIABLE_2D) :: V200U   ! 200m zonal wind
(  420)   TYPE(VARIABLE_2D) :: V200V   ! 200m meridional wind
(  421)   TYPE(VARIABLE_2D) :: VZUST   ! Friction velocity
(  422)   TYPE(VARIABLE_2D) :: V10NU   ! 10m zonal neutral wind
(  423)   TYPE(VARIABLE_2D) :: V10NV   ! 10m meridional neutral wind
(  424)   TYPE(VARIABLE_2D) :: VDNDZN   ! Minimum vertical refractivity gradient
(  425)   TYPE(VARIABLE_2D) :: VDNDZA   ! Mean vertical refractivity gradient
(  426)   TYPE(VARIABLE_2D) :: VDCTB   ! Duct base height
(  427)   TYPE(VARIABLE_2D) :: VTPLB   ! Trapping layer base height
(  428)   TYPE(VARIABLE_2D) :: VTPLT   ! Trapping layer top height
(  429)   TYPE(VARIABLE_2D) :: VODSS   ! optical depth sea salt aerosols
(  430)   TYPE(VARIABLE_2D) :: VODDU   ! optical depth dust aerosols
(  431)   TYPE(VARIABLE_2D) :: VODOM   ! optical depth organic m. aerosols
(  432)   TYPE(VARIABLE_2D) :: VODBC   ! optical depth black C aerosols
(  433)   TYPE(VARIABLE_2D) :: VODSU   ! optical depth sulphate aerosols
(  434)   TYPE(VARIABLE_2D) :: VODNI   ! optical depth nitrate aerosols
(  435)   TYPE(VARIABLE_2D) :: VODAM   ! optical depth ammonium aerosols
(  436)   TYPE(VARIABLE_2D) :: VODSOA   ! optical depth secondary organic aerosols
(  437)   TYPE(VARIABLE_2D) :: VODVFA   ! optical depth volcanic flying ash
(  438)   TYPE(VARIABLE_2D) :: VODVSU   ! optical depth volcanic sulphate aerosols
(  439)   TYPE(VARIABLE_2D) :: VODTOACC   ! optical depth total aerosol accumulated
(  440)   TYPE(VARIABLE_2D) :: VAEPM1   ! particulate matter le 1 um
(  441)   TYPE(VARIABLE_2D) :: VAEPM25   ! particulate matter le 2.5um
(  442)   TYPE(VARIABLE_2D) :: VAEPM10   ! particulate matter le 10 um
(  443)   TYPE(VARIABLE_2D) :: VUVBED   ! UV biologically effective dose
(  444)   TYPE(VARIABLE_2D) :: VUVBEDCS   ! UV biologically effective dose clear sky
(  445)   TYPE(VARIABLE_2D) :: VLITOTI   ! instantaneous total lightning flash density
(  446)   TYPE(VARIABLE_2D) :: VLICGI   ! instantaneous cloud-to-ground lightning flash density
(  447)   TYPE(VARIABLE_2D), ALLOCATABLE, DIMENSION(:) :: VLITOTA6   ! Bins for averaged total lightning over last 6 hours
(  448)   TYPE(VARIABLE_2D), ALLOCATABLE, DIMENSION(:) :: VLICGA6   ! Bins for averaged cloud-to-ground lightning over last 6 hours
(  449) # 450 "surface_variables_mod.F90"
(  450)   ! Store a field encapsualting the entire group array for backward compatibility
(  451)   TYPE(FIELD_3D) :: F_GROUP
(  452) END TYPE SURFACE_VARIABLE_GROUP_VDIAG
(  453) # 454 "surface_variables_mod.F90"
(  454) TYPE SURFACE_VARIABLE_GROUP_SATSIM
(  455)   ! Diagnostic surface variable group
(  456)   TYPE(VARIABLE_3D) :: VCLBT   ! Cloudy brightness temperature
(  457)   TYPE(VARIABLE_3D) :: VCSBT   ! Clear-sky brightness temperature
(  458) # 459 "surface_variables_mod.F90"
(  459)   ! Store a field encapsualting the entire group array for backward compatibility
(  460)   TYPE(FIELD_4D) :: F_GROUP
(  461) END TYPE SURFACE_VARIABLE_GROUP_SATSIM
(  462) # 463 "surface_variables_mod.F90"
(  463) TYPE SURFACE_VARIABLE_GROUP_WAVES
(  464)   ! Diagnostic surface variable group






NVFORTRAN (Version     23.1)          02/24/2023  13:57:22      page 21

(  465)   TYPE(VARIABLE_2D) :: VCHAR   ! Charnock parameter as modified by the wave model.
(  466)   TYPE(VARIABLE_2D) :: VUSTOKES   ! U-component of the surface Stokes drift.
(  467)   TYPE(VARIABLE_2D) :: VVSTOKES   ! V-component of the surface Stokes drift.
(  468)   TYPE(VARIABLE_2D) :: VPHIOC   ! Energy flux to ocean.
(  469)   TYPE(VARIABLE_2D) :: VPHIAW   ! Energy flux to ocean waves.
(  470)   TYPE(VARIABLE_2D) :: VTAUOC   ! Momentum flux to ocean.
(  471)   TYPE(VARIABLE_2D) :: VEMEAN   ! Wave variance.
(  472)   TYPE(VARIABLE_2D) :: VFMEAN   ! Wave mean frequency.
(  473) # 474 "surface_variables_mod.F90"
(  474)   ! Store a field encapsualting the entire group array for backward compatibility
(  475)   TYPE(FIELD_3D) :: F_GROUP
(  476) END TYPE SURFACE_VARIABLE_GROUP_WAVES
(  477) # 478 "surface_variables_mod.F90"
(  478) TYPE SURFACE_VARIABLE_GROUP_WAM
(  479)   ! Diagnostic surface variable group
(  480)   TYPE(VARIABLE_2D) :: VU10N   ! 10m neutral wind U-component passed to the wave model (WAM).
(  481)   TYPE(VARIABLE_2D) :: VV10N   ! 10m neutral wind V-component passed to the wave model (WAM).
(  482)   TYPE(VARIABLE_2D) :: VRHO   ! surface density passed to the wave model (WAM).
(  483)   TYPE(VARIABLE_2D) :: VZIL   ! ZI/L passed to the wave model (used for gustiness in WAM).
(  484)   TYPE(VARIABLE_2D) :: VCIF   ! Sea ice fraction passed to the wave model (WAM).
(  485)   TYPE(VARIABLE_2D) :: VCLK   ! Lake cover passed to the wave model (WAM).
(  486)   TYPE(VARIABLE_2D) :: VUCURW   ! Ocean current    U-component passed to the wave model (WAM).
(  487)   TYPE(VARIABLE_2D) :: VVCURW   ! Ocean current    V-component passed to the wave model (WAM).
(  488) # 489 "surface_variables_mod.F90"
(  489)   ! Store a field encapsualting the entire group array for backward compatibility
(  490)   TYPE(FIELD_3D) :: F_GROUP
(  491) END TYPE SURFACE_VARIABLE_GROUP_WAM
(  492) # 493 "surface_variables_mod.F90"
(  493) TYPE SURFACE_VARIABLE_GROUP_PRECFRAC
(  494)   ! Diagnostic surface variable group
(  495) # 496 "surface_variables_mod.F90"
(  496)   ! Store a field encapsualting the entire group array for backward compatibility
(  497)   TYPE(FIELD_4D) :: F_GROUP
(  498) END TYPE SURFACE_VARIABLE_GROUP_PRECFRAC
(  499) # 500 "surface_variables_mod.F90"
(  500) TYPE SURFACE_VARIABLE_GROUP_VEXTRA
(  501)   ! Diagnostic surface variable group
(  502) # 503 "surface_variables_mod.F90"
(  503)   ! Store a field encapsualting the entire group array for backward compatibility
(  504)   TYPE(FIELD_4D) :: F_GROUP
(  505) END TYPE SURFACE_VARIABLE_GROUP_VEXTRA
(  506) # 507 "surface_variables_mod.F90"
(  507) TYPE SURFACE_VARIABLE_GROUP_VEXTRDI
(  508)   ! Diagnostic surface variable group
(  509)   TYPE(VARIABLE_3D) :: VXEDR   ! Eddy diffusivity rate
(  510) # 511 "surface_variables_mod.F90"
(  511)   ! Store a field encapsualting the entire group array for backward compatibility
(  512)   TYPE(FIELD_4D) :: F_GROUP
(  513) END TYPE SURFACE_VARIABLE_GROUP_VEXTRDI
(  514) # 515 "surface_variables_mod.F90"
(  515) TYPE SURFACE_VARIABLE_GROUP_VPRECIP
(  516)   ! Diagnostic surface variable group
(  517)   TYPE(VARIABLE_3D) :: VPRECIP   ! Diagnostic of precipitations type
(  518) # 519 "surface_variables_mod.F90"
(  519)   ! Store a field encapsualting the entire group array for backward compatibility
(  520)   TYPE(FIELD_4D) :: F_GROUP
(  521) END TYPE SURFACE_VARIABLE_GROUP_VPRECIP
(  522) # 523 "surface_variables_mod.F90"






NVFORTRAN (Version     23.1)          02/24/2023  13:57:22      page 22

(  523) TYPE SURFACE_VARIABLE_GROUP_VPRECIP2
(  524)   ! Diagnostic surface variable group
(  525)   TYPE(VARIABLE_3D) :: VPRECIP2   ! Diagnostic of precipitations type
(  526) # 527 "surface_variables_mod.F90"
(  527)   ! Store a field encapsualting the entire group array for backward compatibility
(  528)   TYPE(FIELD_4D) :: F_GROUP
(  529) END TYPE SURFACE_VARIABLE_GROUP_VPRECIP2
(  530) # 531 "surface_variables_mod.F90"
(  531) TYPE SURFACE_VARIABLE_GROUP_VEXTR2
(  532)   ! Diagnostic surface variable group
(  533) # 534 "surface_variables_mod.F90"
(  534)   ! Store a field encapsualting the entire group array for backward compatibility
(  535)   TYPE(FIELD_3D) :: F_GROUP
(  536) END TYPE SURFACE_VARIABLE_GROUP_VEXTR2
(  537) # 538 "surface_variables_mod.F90"
(  538) TYPE SURFACE_VARIABLE_GROUP_SFORC
(  539)   ! Diagnostic surface variable group
(  540) # 541 "surface_variables_mod.F90"
(  541)   ! Store a field encapsualting the entire group array for backward compatibility
(  542)   TYPE(FIELD_3D) :: F_GROUP
(  543) END TYPE SURFACE_VARIABLE_GROUP_SFORC
(  544) # 545 "surface_variables_mod.F90"
(  545) TYPE SURFACE_VARIABLE_GROUP_SFLUX
(  546)   ! Diagnostic surface variable group
(  547) # 548 "surface_variables_mod.F90"
(  548)   ! Store a field encapsualting the entire group array for backward compatibility
(  549)   TYPE(FIELD_3D) :: F_GROUP
(  550) END TYPE SURFACE_VARIABLE_GROUP_SFLUX
(  551) # 552 "surface_variables_mod.F90"
(  552) TYPE SURFACE_VARIABLE_GROUP_VO3ABC
(  553)   ! Diagnostic surface variable group
(  554)   TYPE(VARIABLE_2D) :: VA   ! A climatological ozone profile
(  555)   TYPE(VARIABLE_2D) :: VB   ! B climatological ozone profile
(  556)   TYPE(VARIABLE_2D) :: VC   ! C climatological ozone profile
(  557) # 558 "surface_variables_mod.F90"
(  558)   ! Store a field encapsualting the entire group array for backward compatibility
(  559)   TYPE(FIELD_3D) :: F_GROUP
(  560) END TYPE SURFACE_VARIABLE_GROUP_VO3ABC
(  561) # 563 "surface_variables_mod.F90"
(  563) TYPE SURFACE_VARIABLES
(  564)   ! Global variable and field storage for surface variables
(  565) # 566 "surface_variables_mod.F90"
(  566)   ! Prognostic variable groups
(  567)   TYPE(SURFACE_VARIABLE_GROUP_SOILB) :: GSP_SB
(  568)   TYPE(SURFACE_VARIABLE_GROUP_SNOWG) :: GSP_SG
(  569)   TYPE(SURFACE_VARIABLE_GROUP_LAKEB) :: GSP_SL
(  570)   TYPE(SURFACE_VARIABLE_GROUP_RESVR) :: GSP_RR
(  571)   TYPE(SURFACE_VARIABLE_GROUP_CLS) :: GSP_CL
(  572)   TYPE(SURFACE_VARIABLE_GROUP_OML) :: GSP_OM
(  573)   TYPE(SURFACE_VARIABLE_GROUP_EXTRP) :: GSP_EP
(  574)   TYPE(SURFACE_VARIABLE_GROUP_XTRP2) :: GSP_X2
(  575)   TYPE(SURFACE_VARIABLE_GROUP_CANRI) :: GSP_CI
(  576) # 577 "surface_variables_mod.F90"
(  577)   ! Diagnostic variable groups
(  578)   TYPE(SURFACE_VARIABLE_GROUP_VARSF) :: GSD_VF
(  579)   TYPE(SURFACE_VARIABLE_GROUP_VCLIH) :: GSD_VH
(  580)   TYPE(SURFACE_VARIABLE_GROUP_VCLIK) :: GSD_VK
(  581)   TYPE(SURFACE_VARIABLE_GROUP_VCLIP) :: GSD_VP






NVFORTRAN (Version     23.1)          02/24/2023  13:57:22      page 23

(  582)   TYPE(SURFACE_VARIABLE_GROUP_VCLIV) :: GSD_VV
(  583)   TYPE(SURFACE_VARIABLE_GROUP_VCLIA) :: GSD_VA
(  584)   TYPE(SURFACE_VARIABLE_GROUP_VCLIN) :: GSD_VN
(  585)   TYPE(SURFACE_VARIABLE_GROUP_VDIAGO2) :: GSD_V2
(  586)   TYPE(SURFACE_VARIABLE_GROUP_VDIAGO3) :: GSD_V3
(  587)   TYPE(SURFACE_VARIABLE_GROUP_VDIAG) :: GSD_VD
(  588)   TYPE(SURFACE_VARIABLE_GROUP_SATSIM) :: GSD_SM
(  589)   TYPE(SURFACE_VARIABLE_GROUP_WAVES) :: GSD_WS
(  590)   TYPE(SURFACE_VARIABLE_GROUP_WAM) :: GSD_WW
(  591)   TYPE(SURFACE_VARIABLE_GROUP_PRECFRAC) :: GSD_PF
(  592)   TYPE(SURFACE_VARIABLE_GROUP_VEXTRA) :: GSD_XA
(  593)   TYPE(SURFACE_VARIABLE_GROUP_VEXTRDI) :: GSD_DI
(  594)   TYPE(SURFACE_VARIABLE_GROUP_VPRECIP) :: GSD_XP
(  595)   TYPE(SURFACE_VARIABLE_GROUP_VPRECIP2) :: GSD_XP2
(  596)   TYPE(SURFACE_VARIABLE_GROUP_VEXTR2) :: GSD_X2
(  597)   TYPE(SURFACE_VARIABLE_GROUP_SFORC) :: GSD_SFO
(  598)   TYPE(SURFACE_VARIABLE_GROUP_SFLUX) :: GSD_SFL
(  599)   TYPE(SURFACE_VARIABLE_GROUP_VO3ABC) :: GSD_VC
(  600) END TYPE SURFACE_VARIABLES
(  601) # 602 "surface_variables_mod.F90"
(  602) END MODULE SURFACE_VARIABLES_MOD
