


NVFORTRAN (Version     23.1)          02/24/2023  13:32:13      page 1

Switches: -noasm -nodclchk -debug -nodlines -line -list
          -idir .D[1]
          -idir .D[2]
          -idir .D[3]
          -idir .D[4]
          -idir .D[5]
          -idir .D[6]
          -idir .D[7]
          -idir .D[8]
          -idir .D[9]
          -idir .D[10]
          -idir .D[11]
          -idir .D[12]
          -idir .D[13]
          -idir .D[14]
          -idir .D[15]
          -idir .D[16]
          -idir .D[17]
          -idir .D[18]
          -idir .D[19]
          -idir .D[20]
          -idir .D[21]
          -idir .D[22]
          -idir .D[23]
          -idir .D[24]
          -idir .D[25]
          -idir .D[26]
          -idir .D[27]
          -idir .D[28]
          -idir .D[29]
          -idir .D[30]
          -idir .D[31]
          -idir .D[32]
          -idir .D[33]
          -idir .D[34]
          -idir .D[35]
          -idir .D[36]
          -idir .D[37]
          -idir .D[38]
          -idir .D[39]
          -idir .D[40]
          -idir .D[41]
          -idir .D[42]
          -idir .D[43]
          -idir .D[44]
          -idir .D[45]
          -idir .D[46]
          -idir .D[47]
          -idir .D[48]
          -idir .D[49]
          -idir .D[50]
          -idir .D[51]
          -idir .D[52]
          -idir .D[53]
          -idir .D[54]
          -idir .D[55]
          -idir .D[56]
          -idir .D[57]






NVFORTRAN (Version     23.1)          02/24/2023  13:32:13      page 2

          -idir .D[58]
          -idir .D[59]
          -idir .D[60]
          -idir .D[61]
          -idir .D[62]
          -idir .D[63]
          -idir .D[64]
          -idir .D[65]
          -idir .D[66]
          -idir .D[67]
          -idir .D[68]
          -idir .D[69]
          -idir .D[70]
          -idir .D[71]
          -idir .D[72]
          -idir .D[73]
          -idir .D[74]
          -idir .D[75]
          -idir .D[76]
          -idir .D[77]
          -idir .D[78]
          -idir /opt/softs/nvidia/hpc_sdk/Linux_x86_64/23.1/comm_libs/openmpi/openmpi-3.1.5/include
          -idir /opt/softs/nvidia/hpc_sdk/Linux_x86_64/23.1/comm_libs/openmpi/openmpi-3.1.5/lib
          -inform severe -opt 0 -nosave -object -noonetrip
          -depchk on -nostandard     
          -symbol -noupcase    

Filename: modi_start_lake_of.F90

(    1) !depfile:start_lake_of.F90
(    2) MODULE MODI_START_LAKE_OF
(    3) INTERFACE
(    4) SUBROUTINE START_LAKE_OF(KDAY, KMONTH, PLON, PLAT, PDEPTH,    &! IN
(    5)                      PT_SNOW, PT_ICE, PT_MNW, PT_WML, PT_BOT, PT_B1, PCT,  &! Lake variables
(    6)                      PH_SNOW, PH_ICE, PH_ML, PH_B1, PT_SFC)                 ! OUT
(    7) INTEGER, INTENT(IN) :: KDAY,    &! The day number
(    8)                        KMONTH    ! The month number
(    9) REAL, INTENT(IN) :: PLON, PLAT   ! Longitude and latitude of the center of the atmospheric model grid box, 
(   10) REAL, INTENT(IN) :: PDEPTH       ! The depth of the lakes, m
(   11) REAL, INTENT(OUT) :: PT_SNOW,   &! the snow temperature, K (no snow at present, so equal to the ice temperature) 
(   12)                      PT_ICE,    &! the ice temperature, K
(   13)                      PT_MNW,    &! the mean water temperature, K
(   14)                      PT_WML,    &! the mixed layer temperature, K
(   15)                      PT_BOT,    &! the bottom temperature, K
(   16)                      PT_B1,     &! the temperature on the outer edge of the active layer of the bottom sediments, K
(   17)                                  !  (at present the bottom sediments block is not used, 
(   18)                                  !  so eq. to the freshwater maximum density temperature)
(   19)                      PCT,       &! the shape factor, dimensioneless
(   20)                      PH_SNOW,   &! the snow depth, m (no snow at present, so equal to zero)
(   21)                      PH_ICE,    &! the ice depth, m
(   22)                      PH_ML,     &! the mixed layer depth, m
(   23)                      PH_B1,     &! the depth of the active layer if the bottom sediments, m
(   24)                                  !  (at present the bottom sediments block is not used, 
(   25)                                  !   so eq. to the dummy value)  
(   26)                      PT_SFC      ! the surface temperature, K (the diagnostic value, so just for information) 
(   27) END SUBROUTINE START_LAKE_OF
(   28) 
(   29) END INTERFACE
(   30) END MODULE MODI_START_LAKE_OF






NVFORTRAN (Version     23.1)          02/24/2023  13:32:13      page 3

(    1) # 1 "modi_start_lake_of.F90"
(    1) !depfile:start_lake_of.F90
(    2) MODULE MODI_START_LAKE_OF
(    3) INTERFACE
(    4) SUBROUTINE START_LAKE_OF(KDAY, KMONTH, PLON, PLAT, PDEPTH,    &! IN
(    5)                      PT_SNOW, PT_ICE, PT_MNW, PT_WML, PT_BOT, PT_B1, PCT,  &! Lake variables
(    6)                      PH_SNOW, PH_ICE, PH_ML, PH_B1, PT_SFC)                 ! OUT
(    7) INTEGER, INTENT(IN) :: KDAY,    &! The day number
(    8)                        KMONTH    ! The month number
(    9) REAL, INTENT(IN) :: PLON, PLAT   ! Longitude and latitude of the center of the atmospheric model grid box, 
(   10) REAL, INTENT(IN) :: PDEPTH       ! The depth of the lakes, m
(   11) REAL, INTENT(OUT) :: PT_SNOW,   &! the snow temperature, K (no snow at present, so equal to the ice temperature) 
(   12)                      PT_ICE,    &! the ice temperature, K
(   13)                      PT_MNW,    &! the mean water temperature, K
(   14)                      PT_WML,    &! the mixed layer temperature, K
(   15)                      PT_BOT,    &! the bottom temperature, K
(   16)                      PT_B1,     &! the temperature on the outer edge of the active layer of the bottom sediments, K
(   17)                                  !  (at present the bottom sediments block is not used, 
(   18)                                  !  so eq. to the freshwater maximum density temperature)
(   19)                      PCT,       &! the shape factor, dimensioneless
(   20)                      PH_SNOW,   &! the snow depth, m (no snow at present, so equal to zero)
(   21)                      PH_ICE,    &! the ice depth, m
(   22)                      PH_ML,     &! the mixed layer depth, m
(   23)                      PH_B1,     &! the depth of the active layer if the bottom sediments, m
(   24)                                  !  (at present the bottom sediments block is not used, 
(   25)                                  !   so eq. to the dummy value)  
(   26)                      PT_SFC      ! the surface temperature, K (the diagnostic value, so just for information) 
(   27) END SUBROUTINE START_LAKE_OF
(   28) # 29 "modi_start_lake_of.F90"
(   29) END INTERFACE
(   30) END MODULE MODI_START_LAKE_OF
