


NVFORTRAN (Version     23.1)          02/24/2023  13:52:01      page 1

Switches: -noasm -nodclchk -debug -nodlines -line -list
          -idir .D[1]
          -idir .D[2]
          -idir .D[3]
          -idir .D[4]
          -idir .D[5]
          -idir .D[6]
          -idir .D[7]
          -idir .D[8]
          -idir .D[9]
          -idir .D[10]
          -idir .D[11]
          -idir .D[12]
          -idir .D[13]
          -idir .D[14]
          -idir .D[15]
          -idir .D[16]
          -idir .D[17]
          -idir .D[18]
          -idir .D[19]
          -idir .D[20]
          -idir .D[21]
          -idir .D[22]
          -idir .D[23]
          -idir .D[24]
          -idir .D[25]
          -idir .D[26]
          -idir .D[27]
          -idir .D[28]
          -idir .D[29]
          -idir .D[30]
          -idir .D[31]
          -idir .D[32]
          -idir .D[33]
          -idir .D[34]
          -idir .D[35]
          -idir .D[36]
          -idir .D[37]
          -idir .D[38]
          -idir .D[39]
          -idir .D[40]
          -idir .D[41]
          -idir .D[42]
          -idir .D[43]
          -idir .D[44]
          -idir .D[45]
          -idir .D[46]
          -idir .D[47]
          -idir .D[48]
          -idir .D[49]
          -idir .D[50]
          -idir .D[51]
          -idir .D[52]
          -idir .D[53]
          -idir .D[54]
          -idir .D[55]
          -idir .D[56]
          -idir .D[57]






NVFORTRAN (Version     23.1)          02/24/2023  13:52:01      page 2

          -idir .D[58]
          -idir .D[59]
          -idir .D[60]
          -idir .D[61]
          -idir .D[62]
          -idir .D[63]
          -idir .D[64]
          -idir .D[65]
          -idir .D[66]
          -idir .D[67]
          -idir .D[68]
          -idir .D[69]
          -idir .D[70]
          -idir .D[71]
          -idir .D[72]
          -idir .D[73]
          -idir .D[74]
          -idir .D[75]
          -idir .D[76]
          -idir .D[77]
          -idir .D[78]
          -idir /opt/softs/nvidia/hpc_sdk/Linux_x86_64/23.1/comm_libs/openmpi/openmpi-3.1.5/include
          -idir /opt/softs/nvidia/hpc_sdk/Linux_x86_64/23.1/comm_libs/openmpi/openmpi-3.1.5/lib
          -inform severe -opt 0 -nosave -object -noonetrip
          -depchk on -nostandard     
          -symbol -noupcase    

Filename: modi_urban_snow_evol.F90

(    1) !depfile:urban_snow_evol.F90
(    2) MODULE MODI_URBAN_SNOW_EVOL
(    3) INTERFACE
(    4)     SUBROUTINE URBAN_SNOW_EVOL(T, B, PT_LWCN, PQ_LWCN, PU_LWCN, PTS_RF, PTS_RD, PTS_WL_A,   &
(    5)                                PTS_WL_B, PPS, PTA, PQA, PRHOA, PLW_RAD, PSR, PZREF, PUREF,  &
(    6)                                PVMOD, PTSTEP, PZ_LWCN, PDN_RF, PABS_SW_SN_RF, PABS_LW_SN_RF, &
(    7)                                PDN_RD, PABS_SW_SN_RD, PABS_LW_SN_RD, PRNSN_RF, PHSN_RF,     &
(    8)                                PLESN_RF, PGSN_RF, PMELT_RF, PRNSN_RD, PHSN_RD, PLESN_RD,    &
(    9)                                PGSN_RD, PMELT_RD, PLW_WA_TO_NR , PLW_WB_TO_NR, PLW_S_TO_NR, &
(   10)                                PLW_WIN_TO_NR, PDQS_SN_RF, PDQS_SN_RD   )  
(   11) USE MODD_TEB_n, ONLY : TEB_t
(   12) USE MODD_BEM_n, ONLY : BEM_t
(   13) TYPE(TEB_t), INTENT(INOUT) :: T
(   14) TYPE(BEM_t), INTENT(INOUT) :: B
(   15) REAL, DIMENSION(:),   INTENT(IN)    :: PT_LWCN  ! LWCN air temperature
(   16) REAL, DIMENSION(:),   INTENT(IN)    :: PQ_LWCN  ! LWCN air specific humidity
(   17) REAL, DIMENSION(:),   INTENT(IN)    :: PU_LWCN  ! LWCN hor. wind
(   18) REAL, DIMENSION(:),   INTENT(IN)    :: PTS_RF   ! roof surface temperature
(   19) REAL, DIMENSION(:),   INTENT(IN)    :: PTS_RD   ! road surface temperature
(   20) REAL, DIMENSION(:),   INTENT(IN)    :: PTS_WL_A ! wall surface temperature
(   21) REAL, DIMENSION(:),   INTENT(IN)    :: PTS_WL_B ! wall surface temperature
(   22) REAL, DIMENSION(:), INTENT(IN)    :: PPS      ! pressure at the surface
(   23) REAL, DIMENSION(:), INTENT(IN)    :: PTA      ! temperature at the lowest level
(   24) REAL, DIMENSION(:), INTENT(IN)    :: PQA      ! specific humidity
(   25) REAL, DIMENSION(:), INTENT(IN)    :: PVMOD    ! module of the horizontal wind
(   26) REAL, DIMENSION(:), INTENT(IN)    :: PRHOA    ! air density at the lowest level
(   27) REAL, DIMENSION(:), INTENT(IN)    :: PLW_RAD  ! atmospheric infrared radiation
(   28) REAL, DIMENSION(:), INTENT(IN)    :: PSR      ! snow rate
(   29) REAL, DIMENSION(:), INTENT(IN)    :: PZREF    ! reference height of the first
(   30) REAL, DIMENSION(:), INTENT(IN)    :: PUREF    ! reference height of the first






NVFORTRAN (Version     23.1)          02/24/2023  13:52:01      page 3

(   31) REAL,               INTENT(IN)    :: PTSTEP   ! time step
(   32) REAL, DIMENSION(:), INTENT(IN)    :: PZ_LWCN  ! height of forcing
(   33) REAL, DIMENSION(:), INTENT(IN)    :: PDN_RF          ! snow-covered roof frac.
(   34) REAL, DIMENSION(:), INTENT(IN)    :: PABS_SW_SN_RF ! SW absorbed by roof snow
(   35) REAL, DIMENSION(:), INTENT(OUT)   :: PABS_LW_SN_RF ! absorbed IR rad by snow on roof
(   36) REAL, DIMENSION(:), INTENT(INOUT) :: PDN_RD          ! snow-covered road frac.
(   37) REAL, DIMENSION(:), INTENT(IN)    :: PABS_SW_SN_RD ! SW absorbed by road snow
(   38) REAL, DIMENSION(:), INTENT(OUT)   :: PABS_LW_SN_RD ! absorbed IR rad by snow on road
(   39) REAL, DIMENSION(:), INTENT(OUT)   :: PRNSN_RF ! net radiation over snow
(   40) REAL, DIMENSION(:), INTENT(OUT)   :: PHSN_RF  ! sensible heat flux over snow
(   41) REAL, DIMENSION(:), INTENT(OUT)   :: PLESN_RF ! latent heat flux over snow
(   42) REAL, DIMENSION(:), INTENT(OUT)   :: PGSN_RF  ! flux under the snow
(   43) REAL, DIMENSION(:), INTENT(OUT)   :: PMELT_RF   ! snow melt
(   44) REAL, DIMENSION(:), INTENT(OUT)   :: PRNSN_RD ! net radiation over snow
(   45) REAL, DIMENSION(:), INTENT(OUT)   :: PHSN_RD  ! sensible heat flux over snow
(   46) REAL, DIMENSION(:), INTENT(OUT)   :: PLESN_RD ! latent heat flux over snow
(   47) REAL, DIMENSION(:), INTENT(OUT)   :: PGSN_RD  ! flux under the snow
(   48) REAL, DIMENSION(:), INTENT(OUT)   :: PMELT_RD   ! snow melt
(   49) REAL, DIMENSION(:), INTENT(IN)    :: PLW_WA_TO_NR        ! LW contrib. wall       -> road(snow)
(   50) REAL, DIMENSION(:), INTENT(IN)    :: PLW_WB_TO_NR        ! LW contrib. wall       -> road(snow)
(   51) REAL, DIMENSION(:), INTENT(IN)    :: PLW_S_TO_NR         ! LW contrib. sky        -> road(snow)
(   52) REAL, DIMENSION(:), INTENT(IN)    :: PLW_WIN_TO_NR       ! LW contrib. win       -> road(snow)
(   53) REAL, DIMENSION(:), INTENT(OUT)   :: PDQS_SN_RF ! Heat storage in snowpack on roofs
(   54) REAL, DIMENSION(:), INTENT(OUT)   :: PDQS_SN_RD ! Heat storage in snowpack on roads
(   55) END SUBROUTINE URBAN_SNOW_EVOL
(   56) 
(   57) END INTERFACE
(   58) END MODULE MODI_URBAN_SNOW_EVOL




































NVFORTRAN (Version     23.1)          02/24/2023  13:52:01      page 4

(    1) # 1 "modi_urban_snow_evol.F90"
(    1) !depfile:urban_snow_evol.F90
(    2) MODULE MODI_URBAN_SNOW_EVOL
(    3) INTERFACE
(    4)     SUBROUTINE URBAN_SNOW_EVOL(T, B, PT_LWCN, PQ_LWCN, PU_LWCN, PTS_RF, PTS_RD, PTS_WL_A,   &
(    5)                                PTS_WL_B, PPS, PTA, PQA, PRHOA, PLW_RAD, PSR, PZREF, PUREF,  &
(    6)                                PVMOD, PTSTEP, PZ_LWCN, PDN_RF, PABS_SW_SN_RF, PABS_LW_SN_RF, &
(    7)                                PDN_RD, PABS_SW_SN_RD, PABS_LW_SN_RD, PRNSN_RF, PHSN_RF,     &
(    8)                                PLESN_RF, PGSN_RF, PMELT_RF, PRNSN_RD, PHSN_RD, PLESN_RD,    &
(    9)                                PGSN_RD, PMELT_RD, PLW_WA_TO_NR , PLW_WB_TO_NR, PLW_S_TO_NR, &
(   10)                                PLW_WIN_TO_NR, PDQS_SN_RF, PDQS_SN_RD   )  
(   11) USE MODD_TEB_n, ONLY : TEB_t
(   12) USE MODD_BEM_n, ONLY : BEM_t
(   13) TYPE(TEB_t), INTENT(INOUT) :: T
(   14) TYPE(BEM_t), INTENT(INOUT) :: B
(   15) REAL, DIMENSION(:),   INTENT(IN)    :: PT_LWCN  ! LWCN air temperature
(   16) REAL, DIMENSION(:),   INTENT(IN)    :: PQ_LWCN  ! LWCN air specific humidity
(   17) REAL, DIMENSION(:),   INTENT(IN)    :: PU_LWCN  ! LWCN hor. wind
(   18) REAL, DIMENSION(:),   INTENT(IN)    :: PTS_RF   ! roof surface temperature
(   19) REAL, DIMENSION(:),   INTENT(IN)    :: PTS_RD   ! road surface temperature
(   20) REAL, DIMENSION(:),   INTENT(IN)    :: PTS_WL_A ! wall surface temperature
(   21) REAL, DIMENSION(:),   INTENT(IN)    :: PTS_WL_B ! wall surface temperature
(   22) REAL, DIMENSION(:), INTENT(IN)    :: PPS      ! pressure at the surface
(   23) REAL, DIMENSION(:), INTENT(IN)    :: PTA      ! temperature at the lowest level
(   24) REAL, DIMENSION(:), INTENT(IN)    :: PQA      ! specific humidity
(   25) REAL, DIMENSION(:), INTENT(IN)    :: PVMOD    ! module of the horizontal wind
(   26) REAL, DIMENSION(:), INTENT(IN)    :: PRHOA    ! air density at the lowest level
(   27) REAL, DIMENSION(:), INTENT(IN)    :: PLW_RAD  ! atmospheric infrared radiation
(   28) REAL, DIMENSION(:), INTENT(IN)    :: PSR      ! snow rate
(   29) REAL, DIMENSION(:), INTENT(IN)    :: PZREF    ! reference height of the first
(   30) REAL, DIMENSION(:), INTENT(IN)    :: PUREF    ! reference height of the first
(   31) REAL,               INTENT(IN)    :: PTSTEP   ! time step
(   32) REAL, DIMENSION(:), INTENT(IN)    :: PZ_LWCN  ! height of forcing
(   33) REAL, DIMENSION(:), INTENT(IN)    :: PDN_RF          ! snow-covered roof frac.
(   34) REAL, DIMENSION(:), INTENT(IN)    :: PABS_SW_SN_RF ! SW absorbed by roof snow
(   35) REAL, DIMENSION(:), INTENT(OUT)   :: PABS_LW_SN_RF ! absorbed IR rad by snow on roof
(   36) REAL, DIMENSION(:), INTENT(INOUT) :: PDN_RD          ! snow-covered road frac.
(   37) REAL, DIMENSION(:), INTENT(IN)    :: PABS_SW_SN_RD ! SW absorbed by road snow
(   38) REAL, DIMENSION(:), INTENT(OUT)   :: PABS_LW_SN_RD ! absorbed IR rad by snow on road
(   39) REAL, DIMENSION(:), INTENT(OUT)   :: PRNSN_RF ! net radiation over snow
(   40) REAL, DIMENSION(:), INTENT(OUT)   :: PHSN_RF  ! sensible heat flux over snow
(   41) REAL, DIMENSION(:), INTENT(OUT)   :: PLESN_RF ! latent heat flux over snow
(   42) REAL, DIMENSION(:), INTENT(OUT)   :: PGSN_RF  ! flux under the snow
(   43) REAL, DIMENSION(:), INTENT(OUT)   :: PMELT_RF   ! snow melt
(   44) REAL, DIMENSION(:), INTENT(OUT)   :: PRNSN_RD ! net radiation over snow
(   45) REAL, DIMENSION(:), INTENT(OUT)   :: PHSN_RD  ! sensible heat flux over snow
(   46) REAL, DIMENSION(:), INTENT(OUT)   :: PLESN_RD ! latent heat flux over snow
(   47) REAL, DIMENSION(:), INTENT(OUT)   :: PGSN_RD  ! flux under the snow
(   48) REAL, DIMENSION(:), INTENT(OUT)   :: PMELT_RD   ! snow melt
(   49) REAL, DIMENSION(:), INTENT(IN)    :: PLW_WA_TO_NR        ! LW contrib. wall       -> road(snow)
(   50) REAL, DIMENSION(:), INTENT(IN)    :: PLW_WB_TO_NR        ! LW contrib. wall       -> road(snow)
(   51) REAL, DIMENSION(:), INTENT(IN)    :: PLW_S_TO_NR         ! LW contrib. sky        -> road(snow)
(   52) REAL, DIMENSION(:), INTENT(IN)    :: PLW_WIN_TO_NR       ! LW contrib. win       -> road(snow)
(   53) REAL, DIMENSION(:), INTENT(OUT)   :: PDQS_SN_RF ! Heat storage in snowpack on roofs
(   54) REAL, DIMENSION(:), INTENT(OUT)   :: PDQS_SN_RD ! Heat storage in snowpack on roads
(   55) END SUBROUTINE URBAN_SNOW_EVOL
(   56) # 57 "modi_urban_snow_evol.F90"
(   57) END INTERFACE






NVFORTRAN (Version     23.1)          02/24/2023  13:52:01      page 5

(   58) END MODULE MODI_URBAN_SNOW_EVOL
