


NVFORTRAN (Version     23.1)          02/24/2023  13:52:24      page 1

Switches: -noasm -nodclchk -debug -nodlines -line -list
          -idir .D[1]
          -idir .D[2]
          -idir .D[3]
          -idir .D[4]
          -idir .D[5]
          -idir .D[6]
          -idir .D[7]
          -idir .D[8]
          -idir .D[9]
          -idir .D[10]
          -idir .D[11]
          -idir .D[12]
          -idir .D[13]
          -idir .D[14]
          -idir .D[15]
          -idir .D[16]
          -idir .D[17]
          -idir .D[18]
          -idir .D[19]
          -idir .D[20]
          -idir .D[21]
          -idir .D[22]
          -idir .D[23]
          -idir .D[24]
          -idir .D[25]
          -idir .D[26]
          -idir .D[27]
          -idir .D[28]
          -idir .D[29]
          -idir .D[30]
          -idir .D[31]
          -idir .D[32]
          -idir .D[33]
          -idir .D[34]
          -idir .D[35]
          -idir .D[36]
          -idir .D[37]
          -idir .D[38]
          -idir .D[39]
          -idir .D[40]
          -idir .D[41]
          -idir .D[42]
          -idir .D[43]
          -idir .D[44]
          -idir .D[45]
          -idir .D[46]
          -idir .D[47]
          -idir .D[48]
          -idir .D[49]
          -idir .D[50]
          -idir .D[51]
          -idir .D[52]
          -idir .D[53]
          -idir .D[54]
          -idir .D[55]
          -idir .D[56]
          -idir .D[57]






NVFORTRAN (Version     23.1)          02/24/2023  13:52:24      page 2

          -idir .D[58]
          -idir .D[59]
          -idir .D[60]
          -idir .D[61]
          -idir .D[62]
          -idir .D[63]
          -idir .D[64]
          -idir .D[65]
          -idir .D[66]
          -idir .D[67]
          -idir .D[68]
          -idir .D[69]
          -idir .D[70]
          -idir .D[71]
          -idir .D[72]
          -idir .D[73]
          -idir .D[74]
          -idir .D[75]
          -idir .D[76]
          -idir .D[77]
          -idir .D[78]
          -idir /opt/softs/nvidia/hpc_sdk/Linux_x86_64/23.1/comm_libs/openmpi/openmpi-3.1.5/include
          -idir /opt/softs/nvidia/hpc_sdk/Linux_x86_64/23.1/comm_libs/openmpi/openmpi-3.1.5/lib
          -inform severe -opt 0 -nosave -object -noonetrip
          -depchk on -nostandard     
          -symbol -noupcase    

Filename: modi_prep_hor_snow_fields.F90

(    1) !depfile:prep_hor_snow_fields.F90
(    2) MODULE MODI_PREP_HOR_SNOW_FIELDS 
(    3) INTERFACE
(    4) SUBROUTINE PREP_HOR_SNOW_FIELDS (DTCO, G, U, GCP, HPROGRAM,HSURF,&
(    5)                                 HFILE,HFILETYPE,             &
(    6)                                 HFILEPGD,HFILEPGDTYPE,       &
(    7)                                 KLUOUT,OUNIF,KPATCH,         &
(    8)                                 KTEB_PATCH, KL,TNPSNOW, TPTIME, &
(    9)                                 PUNIF_WSNOW, PUNIF_RSNOW,    &
(   10)                                 PUNIF_TSNOW, PUNIF_LWCSNOW,  &
(   11)                                 PUNIF_ASNOW, OSNOW_IDEAL,    &
(   12)                                 PUNIF_SG1SNOW, PUNIF_SG2SNOW,&
(   13)                                 PUNIF_HISTSNOW,PUNIF_AGESNOW, YDCTL,&
(   14)                                 PUNIF_IMPURSNOW,     &
(   15)                                 PVEGTYPE_PATCH, KSIZE_P, KR_P,&
(   16)                                 PPATCH, OKEY                 )  
(   17) USE MODD_DATA_COVER_n, ONLY : DATA_COVER_t
(   18) USE MODD_SFX_GRID_n, ONLY : GRID_t
(   19) USE MODD_SURF_ATM_n, ONLY : SURF_ATM_t
(   20) USE MODD_GRID_CONF_PROJ_n, ONLY : GRID_CONF_PROJ_t
(   21) USE MODD_TYPE_SNOW
(   22) USE MODD_TYPE_DATE_SURF, ONLY : DATE_TIME
(   23) USE MODE_PREP_CTL, ONLY : PREP_CTL, PREP_CTL_INT_PART2, PREP_CTL_INT_PART4
(   24) TYPE(DATA_COVER_t), INTENT(INOUT) :: DTCO
(   25) TYPE(GRID_t), INTENT(INOUT) :: G
(   26) TYPE(SURF_ATM_t), INTENT(INOUT) :: U
(   27) TYPE(GRID_CONF_PROJ_t),INTENT(INOUT) :: GCP
(   28) TYPE (PREP_CTL),    INTENT (INOUT) :: YDCTL
(   29)  CHARACTER(LEN=6),   INTENT(IN)  :: HPROGRAM  ! program calling surf. schemes
(   30)  CHARACTER(LEN=7),   INTENT(IN)  :: HSURF     ! type of field






NVFORTRAN (Version     23.1)          02/24/2023  13:52:24      page 3

(   31)  CHARACTER(LEN=28),  INTENT(IN)  :: HFILE     ! file name
(   32)  CHARACTER(LEN=6),   INTENT(IN)  :: HFILETYPE ! file type
(   33)  CHARACTER(LEN=28),  INTENT(IN)  :: HFILEPGD     ! file name
(   34)  CHARACTER(LEN=6),   INTENT(IN)  :: HFILEPGDTYPE ! file type
(   35) INTEGER,            INTENT(IN)  :: KLUOUT    ! logical unit of output listing
(   36) LOGICAL,            INTENT(IN)  :: OUNIF     ! flag for prescribed uniform field
(   37) INTEGER,            INTENT(IN)  :: KPATCH    ! patch number for output scheme
(   38) INTEGER,            INTENT(IN) :: KTEB_PATCH
(   39) INTEGER,            INTENT(IN)  :: KL        ! number of points
(   40) TYPE(NSURF_SNOW), INTENT(INOUT) :: TNPSNOW   ! snow fields
(   41) TYPE(DATE_TIME),    INTENT(IN)  :: TPTIME    ! date and time
(   42) REAL, DIMENSION(:), INTENT(IN)  :: PUNIF_WSNOW ! prescribed snow content (kg/m2)
(   43) REAL, DIMENSION(:), INTENT(IN)  :: PUNIF_RSNOW ! prescribed density (kg/m3)
(   44) REAL, DIMENSION(:), INTENT(IN)  :: PUNIF_TSNOW ! prescribed temperature (K)
(   45) REAL, DIMENSION(:), INTENT(IN)  :: PUNIF_LWCSNOW ! prescribed snow liquid water content (kg/m3)
(   46) REAL,               INTENT(IN)  :: PUNIF_ASNOW ! prescribed albedo (-)
(   47) LOGICAL,            INTENT(INOUT)  :: OSNOW_IDEAL
(   48) REAL, DIMENSION(:), INTENT(IN)  :: PUNIF_SG1SNOW ! 
(   49) REAL, DIMENSION(:), INTENT(IN)  :: PUNIF_SG2SNOW ! 
(   50) REAL, DIMENSION(:), INTENT(IN)  :: PUNIF_HISTSNOW ! 
(   51) REAL, DIMENSION(:), INTENT(IN)  :: PUNIF_AGESNOW ! 
(   52) REAL, DIMENSION(:,:), INTENT(IN)  :: PUNIF_IMPURSNOW
(   53) REAL,DIMENSION(:,:,:),  INTENT(IN ), OPTIONAL :: PVEGTYPE_PATCH ! fraction of each vegtype per patch
(   54) INTEGER, DIMENSION(:), INTENT(IN), OPTIONAL :: KSIZE_P
(   55) INTEGER, DIMENSION(:,:), INTENT(IN), OPTIONAL :: KR_P
(   56) REAL,DIMENSION(:,:),    INTENT(IN ), OPTIONAL :: PPATCH         ! fraction of each patch
(   57) LOGICAL,                INTENT(OUT), OPTIONAL :: OKEY
(   58) END SUBROUTINE PREP_HOR_SNOW_FIELDS
(   59) 
(   60) END INTERFACE
(   61) END MODULE MODI_PREP_HOR_SNOW_FIELDS 

































NVFORTRAN (Version     23.1)          02/24/2023  13:52:24      page 4

(    1) # 1 "modi_prep_hor_snow_fields.F90"
(    1) !depfile:prep_hor_snow_fields.F90
(    2) MODULE MODI_PREP_HOR_SNOW_FIELDS 
(    3) INTERFACE
(    4) SUBROUTINE PREP_HOR_SNOW_FIELDS (DTCO, G, U, GCP, HPROGRAM,HSURF,&
(    5)                                 HFILE,HFILETYPE,             &
(    6)                                 HFILEPGD,HFILEPGDTYPE,       &
(    7)                                 KLUOUT,OUNIF,KPATCH,         &
(    8)                                 KTEB_PATCH, KL,TNPSNOW, TPTIME, &
(    9)                                 PUNIF_WSNOW, PUNIF_RSNOW,    &
(   10)                                 PUNIF_TSNOW, PUNIF_LWCSNOW,  &
(   11)                                 PUNIF_ASNOW, OSNOW_IDEAL,    &
(   12)                                 PUNIF_SG1SNOW, PUNIF_SG2SNOW,&
(   13)                                 PUNIF_HISTSNOW,PUNIF_AGESNOW, YDCTL,&
(   14)                                 PUNIF_IMPURSNOW,     &
(   15)                                 PVEGTYPE_PATCH, KSIZE_P, KR_P,&
(   16)                                 PPATCH, OKEY                 )  
(   17) USE MODD_DATA_COVER_n, ONLY : DATA_COVER_t
(   18) USE MODD_SFX_GRID_n, ONLY : GRID_t
(   19) USE MODD_SURF_ATM_n, ONLY : SURF_ATM_t
(   20) USE MODD_GRID_CONF_PROJ_n, ONLY : GRID_CONF_PROJ_t
(   21) USE MODD_TYPE_SNOW
(   22) USE MODD_TYPE_DATE_SURF, ONLY : DATE_TIME
(   23) USE MODE_PREP_CTL, ONLY : PREP_CTL, PREP_CTL_INT_PART2, PREP_CTL_INT_PART4
(   24) TYPE(DATA_COVER_t), INTENT(INOUT) :: DTCO
(   25) TYPE(GRID_t), INTENT(INOUT) :: G
(   26) TYPE(SURF_ATM_t), INTENT(INOUT) :: U
(   27) TYPE(GRID_CONF_PROJ_t),INTENT(INOUT) :: GCP
(   28) TYPE (PREP_CTL),    INTENT (INOUT) :: YDCTL
(   29)  CHARACTER(LEN=6),   INTENT(IN)  :: HPROGRAM  ! program calling surf. schemes
(   30)  CHARACTER(LEN=7),   INTENT(IN)  :: HSURF     ! type of field
(   31)  CHARACTER(LEN=28),  INTENT(IN)  :: HFILE     ! file name
(   32)  CHARACTER(LEN=6),   INTENT(IN)  :: HFILETYPE ! file type
(   33)  CHARACTER(LEN=28),  INTENT(IN)  :: HFILEPGD     ! file name
(   34)  CHARACTER(LEN=6),   INTENT(IN)  :: HFILEPGDTYPE ! file type
(   35) INTEGER,            INTENT(IN)  :: KLUOUT    ! logical unit of output listing
(   36) LOGICAL,            INTENT(IN)  :: OUNIF     ! flag for prescribed uniform field
(   37) INTEGER,            INTENT(IN)  :: KPATCH    ! patch number for output scheme
(   38) INTEGER,            INTENT(IN) :: KTEB_PATCH
(   39) INTEGER,            INTENT(IN)  :: KL        ! number of points
(   40) TYPE(NSURF_SNOW), INTENT(INOUT) :: TNPSNOW   ! snow fields
(   41) TYPE(DATE_TIME),    INTENT(IN)  :: TPTIME    ! date and time
(   42) REAL, DIMENSION(:), INTENT(IN)  :: PUNIF_WSNOW ! prescribed snow content (kg/m2)
(   43) REAL, DIMENSION(:), INTENT(IN)  :: PUNIF_RSNOW ! prescribed density (kg/m3)
(   44) REAL, DIMENSION(:), INTENT(IN)  :: PUNIF_TSNOW ! prescribed temperature (K)
(   45) REAL, DIMENSION(:), INTENT(IN)  :: PUNIF_LWCSNOW ! prescribed snow liquid water content (kg/m3)
(   46) REAL,               INTENT(IN)  :: PUNIF_ASNOW ! prescribed albedo (-)
(   47) LOGICAL,            INTENT(INOUT)  :: OSNOW_IDEAL
(   48) REAL, DIMENSION(:), INTENT(IN)  :: PUNIF_SG1SNOW ! 
(   49) REAL, DIMENSION(:), INTENT(IN)  :: PUNIF_SG2SNOW ! 
(   50) REAL, DIMENSION(:), INTENT(IN)  :: PUNIF_HISTSNOW ! 
(   51) REAL, DIMENSION(:), INTENT(IN)  :: PUNIF_AGESNOW ! 
(   52) REAL, DIMENSION(:,:), INTENT(IN)  :: PUNIF_IMPURSNOW
(   53) REAL,DIMENSION(:,:,:),  INTENT(IN ), OPTIONAL :: PVEGTYPE_PATCH ! fraction of each vegtype per patch
(   54) INTEGER, DIMENSION(:), INTENT(IN), OPTIONAL :: KSIZE_P
(   55) INTEGER, DIMENSION(:,:), INTENT(IN), OPTIONAL :: KR_P
(   56) REAL,DIMENSION(:,:),    INTENT(IN ), OPTIONAL :: PPATCH         ! fraction of each patch
(   57) LOGICAL,                INTENT(OUT), OPTIONAL :: OKEY






NVFORTRAN (Version     23.1)          02/24/2023  13:52:24      page 5

(   58) END SUBROUTINE PREP_HOR_SNOW_FIELDS
(   59) # 60 "modi_prep_hor_snow_fields.F90"
(   60) END INTERFACE
(   61) END MODULE MODI_PREP_HOR_SNOW_FIELDS 
