


NVFORTRAN (Version     23.1)          02/24/2023  13:58:03      page 1

Switches: -noasm -nodclchk -debug -nodlines -line -list
          -idir .D[1]
          -idir .D[2]
          -idir .D[3]
          -idir .D[4]
          -idir .D[5]
          -idir .D[6]
          -idir .D[7]
          -idir .D[8]
          -idir .D[9]
          -idir .D[10]
          -idir .D[11]
          -idir .D[12]
          -idir .D[13]
          -idir .D[14]
          -idir .D[15]
          -idir .D[16]
          -idir .D[17]
          -idir .D[18]
          -idir .D[19]
          -idir .D[20]
          -idir .D[21]
          -idir .D[22]
          -idir .D[23]
          -idir .D[24]
          -idir .D[25]
          -idir .D[26]
          -idir .D[27]
          -idir .D[28]
          -idir .D[29]
          -idir .D[30]
          -idir .D[31]
          -idir .D[32]
          -idir .D[33]
          -idir .D[34]
          -idir .D[35]
          -idir .D[36]
          -idir .D[37]
          -idir .D[38]
          -idir .D[39]
          -idir .D[40]
          -idir .D[41]
          -idir .D[42]
          -idir .D[43]
          -idir .D[44]
          -idir .D[45]
          -idir .D[46]
          -idir .D[47]
          -idir .D[48]
          -idir .D[49]
          -idir .D[50]
          -idir .D[51]
          -idir .D[52]
          -idir .D[53]
          -idir .D[54]
          -idir .D[55]
          -idir .D[56]
          -idir .D[57]






NVFORTRAN (Version     23.1)          02/24/2023  13:58:03      page 2

          -idir .D[58]
          -idir .D[59]
          -idir .D[60]
          -idir .D[61]
          -idir .D[62]
          -idir .D[63]
          -idir .D[64]
          -idir .D[65]
          -idir .D[66]
          -idir .D[67]
          -idir .D[68]
          -idir .D[69]
          -idir .D[70]
          -idir .D[71]
          -idir .D[72]
          -idir .D[73]
          -idir .D[74]
          -idir .D[75]
          -idir .D[76]
          -idir .D[77]
          -idir .D[78]
          -idir /opt/softs/nvidia/hpc_sdk/Linux_x86_64/23.1/comm_libs/openmpi/openmpi-3.1.5/include
          -idir /opt/softs/nvidia/hpc_sdk/Linux_x86_64/23.1/comm_libs/openmpi/openmpi-3.1.5/lib
          -inform severe -opt 0 -nosave -object -noonetrip
          -depchk on -nostandard     
          -symbol -noupcase    

Filename: modi_get_sfxcpln.F90

(    1) !depfile:get_sfxcpln.F90
(    2) MODULE MODI_GET_SFXCPL_n 
(    3) INTERFACE
(    4)       SUBROUTINE GET_SFXCPL_n (IM, S, U, W, &
(    5)                                HPROGRAM,KI,PRUI,PWIND,PFWSU,PFWSV,PSNET, &
(    6)                                 PHEAT,PEVAP,PRAIN,PSNOW,PICEFLUX,PFWSM,PPS,   &
(    7)                                 PHEAT_ICE,PEVAP_ICE,PSNET_ICE)  
(    8) USE MODD_SURFEX_n, ONLY : ISBA_MODEL_t
(    9) USE MODD_SEAFLUX_n, ONLY : SEAFLUX_t
(   10) USE MODD_SURF_ATM_n, ONLY : SURF_ATM_t
(   11) USE MODD_WATFLUX_n, ONLY : WATFLUX_t
(   12) TYPE(ISBA_MODEL_t), INTENT(INOUT) :: IM
(   13) TYPE(SEAFLUX_t), INTENT(INOUT) :: S
(   14) TYPE(SURF_ATM_t), INTENT(INOUT) :: U
(   15) TYPE(WATFLUX_t), INTENT(INOUT) :: W
(   16)  CHARACTER(LEN=6),    INTENT(IN)  :: HPROGRAM
(   17) INTEGER,             INTENT(IN)  :: KI      ! number of points
(   18) REAL, DIMENSION(KI), INTENT(OUT) :: PRUI
(   19) REAL, DIMENSION(KI), INTENT(OUT) :: PWIND
(   20) REAL, DIMENSION(KI), INTENT(OUT) :: PFWSU
(   21) REAL, DIMENSION(KI), INTENT(OUT) :: PFWSV
(   22) REAL, DIMENSION(KI), INTENT(OUT) :: PSNET
(   23) REAL, DIMENSION(KI), INTENT(OUT) :: PHEAT
(   24) REAL, DIMENSION(KI), INTENT(OUT) :: PEVAP
(   25) REAL, DIMENSION(KI), INTENT(OUT) :: PRAIN
(   26) REAL, DIMENSION(KI), INTENT(OUT) :: PSNOW
(   27) REAL, DIMENSION(KI), INTENT(OUT) :: PICEFLUX
(   28) REAL, DIMENSION(KI), INTENT(OUT) :: PFWSM
(   29) REAL, DIMENSION(KI), INTENT(OUT) :: PPS
(   30) REAL, DIMENSION(KI), INTENT(OUT) :: PHEAT_ICE






NVFORTRAN (Version     23.1)          02/24/2023  13:58:03      page 3

(   31) REAL, DIMENSION(KI), INTENT(OUT) :: PEVAP_ICE
(   32) REAL, DIMENSION(KI), INTENT(OUT) :: PSNET_ICE
(   33) END SUBROUTINE GET_SFXCPL_n
(   34) 
(   35) END INTERFACE
(   36) END MODULE MODI_GET_SFXCPL_n 


























































NVFORTRAN (Version     23.1)          02/24/2023  13:58:03      page 4

(    1) # 1 "modi_get_sfxcpln.F90"
(    1) !depfile:get_sfxcpln.F90
(    2) MODULE MODI_GET_SFXCPL_n 
(    3) INTERFACE
(    4)       SUBROUTINE GET_SFXCPL_n (IM, S, U, W, &
(    5)                                HPROGRAM,KI,PRUI,PWIND,PFWSU,PFWSV,PSNET, &
(    6)                                 PHEAT,PEVAP,PRAIN,PSNOW,PICEFLUX,PFWSM,PPS,   &
(    7)                                 PHEAT_ICE,PEVAP_ICE,PSNET_ICE)  
(    8) USE MODD_SURFEX_n, ONLY : ISBA_MODEL_t
(    9) USE MODD_SEAFLUX_n, ONLY : SEAFLUX_t
(   10) USE MODD_SURF_ATM_n, ONLY : SURF_ATM_t
(   11) USE MODD_WATFLUX_n, ONLY : WATFLUX_t
(   12) TYPE(ISBA_MODEL_t), INTENT(INOUT) :: IM
(   13) TYPE(SEAFLUX_t), INTENT(INOUT) :: S
(   14) TYPE(SURF_ATM_t), INTENT(INOUT) :: U
(   15) TYPE(WATFLUX_t), INTENT(INOUT) :: W
(   16)  CHARACTER(LEN=6),    INTENT(IN)  :: HPROGRAM
(   17) INTEGER,             INTENT(IN)  :: KI      ! number of points
(   18) REAL, DIMENSION(KI), INTENT(OUT) :: PRUI
(   19) REAL, DIMENSION(KI), INTENT(OUT) :: PWIND
(   20) REAL, DIMENSION(KI), INTENT(OUT) :: PFWSU
(   21) REAL, DIMENSION(KI), INTENT(OUT) :: PFWSV
(   22) REAL, DIMENSION(KI), INTENT(OUT) :: PSNET
(   23) REAL, DIMENSION(KI), INTENT(OUT) :: PHEAT
(   24) REAL, DIMENSION(KI), INTENT(OUT) :: PEVAP
(   25) REAL, DIMENSION(KI), INTENT(OUT) :: PRAIN
(   26) REAL, DIMENSION(KI), INTENT(OUT) :: PSNOW
(   27) REAL, DIMENSION(KI), INTENT(OUT) :: PICEFLUX
(   28) REAL, DIMENSION(KI), INTENT(OUT) :: PFWSM
(   29) REAL, DIMENSION(KI), INTENT(OUT) :: PPS
(   30) REAL, DIMENSION(KI), INTENT(OUT) :: PHEAT_ICE
(   31) REAL, DIMENSION(KI), INTENT(OUT) :: PEVAP_ICE
(   32) REAL, DIMENSION(KI), INTENT(OUT) :: PSNET_ICE
(   33) END SUBROUTINE GET_SFXCPL_n
(   34) # 35 "modi_get_sfxcpln.F90"
(   35) END INTERFACE
(   36) END MODULE MODI_GET_SFXCPL_n 
