


NVFORTRAN (Version     23.1)          02/24/2023  13:52:27      page 1

Switches: -noasm -nodclchk -debug -nodlines -line -list
          -idir .D[1]
          -idir .D[2]
          -idir .D[3]
          -idir .D[4]
          -idir .D[5]
          -idir .D[6]
          -idir .D[7]
          -idir .D[8]
          -idir .D[9]
          -idir .D[10]
          -idir .D[11]
          -idir .D[12]
          -idir .D[13]
          -idir .D[14]
          -idir .D[15]
          -idir .D[16]
          -idir .D[17]
          -idir .D[18]
          -idir .D[19]
          -idir .D[20]
          -idir .D[21]
          -idir .D[22]
          -idir .D[23]
          -idir .D[24]
          -idir .D[25]
          -idir .D[26]
          -idir .D[27]
          -idir .D[28]
          -idir .D[29]
          -idir .D[30]
          -idir .D[31]
          -idir .D[32]
          -idir .D[33]
          -idir .D[34]
          -idir .D[35]
          -idir .D[36]
          -idir .D[37]
          -idir .D[38]
          -idir .D[39]
          -idir .D[40]
          -idir .D[41]
          -idir .D[42]
          -idir .D[43]
          -idir .D[44]
          -idir .D[45]
          -idir .D[46]
          -idir .D[47]
          -idir .D[48]
          -idir .D[49]
          -idir .D[50]
          -idir .D[51]
          -idir .D[52]
          -idir .D[53]
          -idir .D[54]
          -idir .D[55]
          -idir .D[56]
          -idir .D[57]






NVFORTRAN (Version     23.1)          02/24/2023  13:52:27      page 2

          -idir .D[58]
          -idir .D[59]
          -idir .D[60]
          -idir .D[61]
          -idir .D[62]
          -idir .D[63]
          -idir .D[64]
          -idir .D[65]
          -idir .D[66]
          -idir .D[67]
          -idir .D[68]
          -idir .D[69]
          -idir .D[70]
          -idir .D[71]
          -idir .D[72]
          -idir .D[73]
          -idir .D[74]
          -idir .D[75]
          -idir .D[76]
          -idir .D[77]
          -idir .D[78]
          -idir /opt/softs/nvidia/hpc_sdk/Linux_x86_64/23.1/comm_libs/openmpi/openmpi-3.1.5/include
          -idir /opt/softs/nvidia/hpc_sdk/Linux_x86_64/23.1/comm_libs/openmpi/openmpi-3.1.5/lib
          -inform severe -opt 0 -nosave -object -noonetrip
          -depchk on -nostandard     
          -symbol -noupcase    

Filename: modi_isba_ceb.F90

(    1) !depfile:isba_ceb.F90
(    2) MODULE MODI_ISBA_CEB
(    3) INTERFACE
(    4) SUBROUTINE ISBA_CEB(IO, KK, PK, PEK, DK, DEK, DMK,      &
(    5)                     HIMPLICIT_WIND, PTSTEP, PPEW_A_COEF,   &
(    6)                     PPEW_B_COEF, PPET_A_COEF, PPEQ_A_COEF, PPET_B_COEF,&
(    7)                     PPEQ_B_COEF, AT, PSW_RAD, PLW_RAD, PEXNS, PEXNA, PTA,  &
(    8)                     PVMOD, PQA, PRR, PSR, PPS, PZREF, PUREF, PDIRCOSZW,&
(    9)                     PF5, PFFG_NOSNOW, PFFV_NOSNOW, PRHOA, PCS,         &
(   10)                     PSOILCONDZ, PSOILHCAPZ, PFROZEN1, PTDEEP_A,        &
(   11)                     PGRNDFLUX, PFLSN_COR, PSNOW_THRUFAL, PDELTA, PHUGI,&
(   12)                     PALBT, PEMIST, PDEEP_FLUX, PUSTAR, PAC_AGG, PHU_AGG )
(   13) USE MODD_ISBA_OPTIONS_n, ONLY : ISBA_OPTIONS_t
(   14) USE MODD_ISBA_n, ONLY : ISBA_K_t, ISBA_P_t, ISBA_PE_t
(   15) USE MODD_DIAG_n, ONLY : DIAG_t
(   16) USE MODD_DIAG_EVAP_ISBA_n, ONLY : DIAG_EVAP_ISBA_t
(   17) USE MODD_DIAG_MISC_ISBA_n, ONLY : DIAG_MISC_ISBA_t
(   18) USE MODD_SURF_ATM_TURB_n, ONLY : SURF_ATM_TURB_t
(   19) TYPE(ISBA_OPTIONS_t), INTENT(INOUT) :: IO
(   20) TYPE(ISBA_K_t), INTENT(INOUT) :: KK
(   21) TYPE(ISBA_P_t), INTENT(INOUT) :: PK
(   22) TYPE(ISBA_PE_t), INTENT(INOUT) :: PEK
(   23) TYPE(DIAG_t), INTENT(INOUT) :: DK
(   24) TYPE(DIAG_EVAP_ISBA_t), INTENT(INOUT) :: DEK
(   25) TYPE(DIAG_MISC_ISBA_t), INTENT(INOUT) :: DMK
(   26)  CHARACTER(LEN=*),    INTENT(IN) :: HIMPLICIT_WIND   ! wind implicitation option
(   27) REAL,                 INTENT(IN) :: PTSTEP    ! timestep of the integration
(   28) REAL, DIMENSION(:),  INTENT(IN)  :: PPEW_A_COEF, PPEW_B_COEF,                   &
(   29)                                     PPET_A_COEF, PPEQ_A_COEF, PPET_B_COEF,      &
(   30)                                     PPEQ_B_COEF  






NVFORTRAN (Version     23.1)          02/24/2023  13:52:27      page 3

(   31) TYPE(SURF_ATM_TURB_t), INTENT(IN) :: AT         ! atmospheric turbulence parameters
(   32) REAL, DIMENSION(:), INTENT(IN)   :: PSW_RAD, PLW_RAD
(   33) REAL, DIMENSION(:), INTENT(IN)   :: PEXNA, PEXNS, PTA, PVMOD, PQA, PRR, PSR, PPS
(   34) REAL, DIMENSION(:), INTENT(IN)   :: PZREF, PUREF
(   35) REAL, DIMENSION(:), INTENT(IN)    :: PF5
(   36) REAL, DIMENSION(:), INTENT(IN)    :: PDIRCOSZW 
(   37) REAL, DIMENSION(:), INTENT(IN)   :: PFFG_NOSNOW, PFFV_NOSNOW
(   38) REAL, DIMENSION(:), INTENT(IN)   :: PRHOA
(   39) REAL, DIMENSION(:), INTENT(IN)   :: PCS
(   40) REAL, DIMENSION(:), INTENT(IN)   :: PGRNDFLUX, PFLSN_COR, PSNOW_THRUFAL 
(   41) REAL, DIMENSION(:,:), INTENT(IN)  :: PSOILCONDZ, PSOILHCAPZ
(   42) REAL, DIMENSION(:), INTENT(IN)    :: PFROZEN1
(   43) REAL, DIMENSION(:), INTENT(IN)     :: PTDEEP_A
(   44) REAL, DIMENSION(:),   INTENT(INOUT) :: PDELTA
(   45) REAL, DIMENSION(:), INTENT(OUT)  :: PHUGI
(   46) REAL, DIMENSION(:), INTENT(OUT)  :: PALBT, PEMIST
(   47) REAL, DIMENSION(:), INTENT(OUT)   :: PDEEP_FLUX ! Heat flux at bottom of ISBA (W/m2)
(   48) REAL, DIMENSION(:), INTENT(OUT)     :: PUSTAR
(   49) REAL, DIMENSION(:),  INTENT(OUT) :: PAC_AGG  ! aggregated aerodynamic conductance
(   50) REAL, DIMENSION(:),  INTENT(OUT) :: PHU_AGG  ! aggregated relative humidity
(   51) END SUBROUTINE ISBA_CEB
(   52) 
(   53) END INTERFACE
(   54) END MODULE MODI_ISBA_CEB








































NVFORTRAN (Version     23.1)          02/24/2023  13:52:27      page 4

(    1) # 1 "modi_isba_ceb.F90"
(    1) !depfile:isba_ceb.F90
(    2) MODULE MODI_ISBA_CEB
(    3) INTERFACE
(    4) SUBROUTINE ISBA_CEB(IO, KK, PK, PEK, DK, DEK, DMK,      &
(    5)                     HIMPLICIT_WIND, PTSTEP, PPEW_A_COEF,   &
(    6)                     PPEW_B_COEF, PPET_A_COEF, PPEQ_A_COEF, PPET_B_COEF,&
(    7)                     PPEQ_B_COEF, AT, PSW_RAD, PLW_RAD, PEXNS, PEXNA, PTA,  &
(    8)                     PVMOD, PQA, PRR, PSR, PPS, PZREF, PUREF, PDIRCOSZW,&
(    9)                     PF5, PFFG_NOSNOW, PFFV_NOSNOW, PRHOA, PCS,         &
(   10)                     PSOILCONDZ, PSOILHCAPZ, PFROZEN1, PTDEEP_A,        &
(   11)                     PGRNDFLUX, PFLSN_COR, PSNOW_THRUFAL, PDELTA, PHUGI,&
(   12)                     PALBT, PEMIST, PDEEP_FLUX, PUSTAR, PAC_AGG, PHU_AGG )
(   13) USE MODD_ISBA_OPTIONS_n, ONLY : ISBA_OPTIONS_t
(   14) USE MODD_ISBA_n, ONLY : ISBA_K_t, ISBA_P_t, ISBA_PE_t
(   15) USE MODD_DIAG_n, ONLY : DIAG_t
(   16) USE MODD_DIAG_EVAP_ISBA_n, ONLY : DIAG_EVAP_ISBA_t
(   17) USE MODD_DIAG_MISC_ISBA_n, ONLY : DIAG_MISC_ISBA_t
(   18) USE MODD_SURF_ATM_TURB_n, ONLY : SURF_ATM_TURB_t
(   19) TYPE(ISBA_OPTIONS_t), INTENT(INOUT) :: IO
(   20) TYPE(ISBA_K_t), INTENT(INOUT) :: KK
(   21) TYPE(ISBA_P_t), INTENT(INOUT) :: PK
(   22) TYPE(ISBA_PE_t), INTENT(INOUT) :: PEK
(   23) TYPE(DIAG_t), INTENT(INOUT) :: DK
(   24) TYPE(DIAG_EVAP_ISBA_t), INTENT(INOUT) :: DEK
(   25) TYPE(DIAG_MISC_ISBA_t), INTENT(INOUT) :: DMK
(   26)  CHARACTER(LEN=*),    INTENT(IN) :: HIMPLICIT_WIND   ! wind implicitation option
(   27) REAL,                 INTENT(IN) :: PTSTEP    ! timestep of the integration
(   28) REAL, DIMENSION(:),  INTENT(IN)  :: PPEW_A_COEF, PPEW_B_COEF,                   &
(   29)                                     PPET_A_COEF, PPEQ_A_COEF, PPET_B_COEF,      &
(   30)                                     PPEQ_B_COEF  
(   31) TYPE(SURF_ATM_TURB_t), INTENT(IN) :: AT         ! atmospheric turbulence parameters
(   32) REAL, DIMENSION(:), INTENT(IN)   :: PSW_RAD, PLW_RAD
(   33) REAL, DIMENSION(:), INTENT(IN)   :: PEXNA, PEXNS, PTA, PVMOD, PQA, PRR, PSR, PPS
(   34) REAL, DIMENSION(:), INTENT(IN)   :: PZREF, PUREF
(   35) REAL, DIMENSION(:), INTENT(IN)    :: PF5
(   36) REAL, DIMENSION(:), INTENT(IN)    :: PDIRCOSZW 
(   37) REAL, DIMENSION(:), INTENT(IN)   :: PFFG_NOSNOW, PFFV_NOSNOW
(   38) REAL, DIMENSION(:), INTENT(IN)   :: PRHOA
(   39) REAL, DIMENSION(:), INTENT(IN)   :: PCS
(   40) REAL, DIMENSION(:), INTENT(IN)   :: PGRNDFLUX, PFLSN_COR, PSNOW_THRUFAL 
(   41) REAL, DIMENSION(:,:), INTENT(IN)  :: PSOILCONDZ, PSOILHCAPZ
(   42) REAL, DIMENSION(:), INTENT(IN)    :: PFROZEN1
(   43) REAL, DIMENSION(:), INTENT(IN)     :: PTDEEP_A
(   44) REAL, DIMENSION(:),   INTENT(INOUT) :: PDELTA
(   45) REAL, DIMENSION(:), INTENT(OUT)  :: PHUGI
(   46) REAL, DIMENSION(:), INTENT(OUT)  :: PALBT, PEMIST
(   47) REAL, DIMENSION(:), INTENT(OUT)   :: PDEEP_FLUX ! Heat flux at bottom of ISBA (W/m2)
(   48) REAL, DIMENSION(:), INTENT(OUT)     :: PUSTAR
(   49) REAL, DIMENSION(:),  INTENT(OUT) :: PAC_AGG  ! aggregated aerodynamic conductance
(   50) REAL, DIMENSION(:),  INTENT(OUT) :: PHU_AGG  ! aggregated relative humidity
(   51) END SUBROUTINE ISBA_CEB
(   52) # 53 "modi_isba_ceb.F90"
(   53) END INTERFACE
(   54) END MODULE MODI_ISBA_CEB
