


NVFORTRAN (Version     23.1)          02/24/2023  13:52:10      page 1

Switches: -noasm -nodclchk -debug -nodlines -line -list
          -idir .D[1]
          -idir .D[2]
          -idir .D[3]
          -idir .D[4]
          -idir .D[5]
          -idir .D[6]
          -idir .D[7]
          -idir .D[8]
          -idir .D[9]
          -idir .D[10]
          -idir .D[11]
          -idir .D[12]
          -idir .D[13]
          -idir .D[14]
          -idir .D[15]
          -idir .D[16]
          -idir .D[17]
          -idir .D[18]
          -idir .D[19]
          -idir .D[20]
          -idir .D[21]
          -idir .D[22]
          -idir .D[23]
          -idir .D[24]
          -idir .D[25]
          -idir .D[26]
          -idir .D[27]
          -idir .D[28]
          -idir .D[29]
          -idir .D[30]
          -idir .D[31]
          -idir .D[32]
          -idir .D[33]
          -idir .D[34]
          -idir .D[35]
          -idir .D[36]
          -idir .D[37]
          -idir .D[38]
          -idir .D[39]
          -idir .D[40]
          -idir .D[41]
          -idir .D[42]
          -idir .D[43]
          -idir .D[44]
          -idir .D[45]
          -idir .D[46]
          -idir .D[47]
          -idir .D[48]
          -idir .D[49]
          -idir .D[50]
          -idir .D[51]
          -idir .D[52]
          -idir .D[53]
          -idir .D[54]
          -idir .D[55]
          -idir .D[56]
          -idir .D[57]






NVFORTRAN (Version     23.1)          02/24/2023  13:52:10      page 2

          -idir .D[58]
          -idir .D[59]
          -idir .D[60]
          -idir .D[61]
          -idir .D[62]
          -idir .D[63]
          -idir .D[64]
          -idir .D[65]
          -idir .D[66]
          -idir .D[67]
          -idir .D[68]
          -idir .D[69]
          -idir .D[70]
          -idir .D[71]
          -idir .D[72]
          -idir .D[73]
          -idir .D[74]
          -idir .D[75]
          -idir .D[76]
          -idir .D[77]
          -idir .D[78]
          -idir /opt/softs/nvidia/hpc_sdk/Linux_x86_64/23.1/comm_libs/openmpi/openmpi-3.1.5/include
          -idir /opt/softs/nvidia/hpc_sdk/Linux_x86_64/23.1/comm_libs/openmpi/openmpi-3.1.5/lib
          -inform severe -opt 0 -nosave -object -noonetrip
          -depchk on -nostandard     
          -symbol -noupcase    

Filename: modi_isba_budget.F90

(    1) !depfile:isba_budget.F90
(    2) MODULE MODI_ISBA_BUDGET 
(    3) INTERFACE
(    4) SUBROUTINE ISBA_BUDGET (IO, PK, PEK, DEK, OWATER_BUDGET, PTSTEP,&
(    5)                        PWG_INI, PWGI_INI, PWR_INI, PSWE_INI, PRAIN, PSNOW, PEVAP  )
(    6) USE MODD_ISBA_OPTIONS_n, ONLY : ISBA_OPTIONS_t
(    7) USE MODD_ISBA_n, ONLY : ISBA_P_t, ISBA_PE_t
(    8) USE MODD_DIAG_EVAP_ISBA_n, ONLY : DIAG_EVAP_ISBA_t
(    9) TYPE(ISBA_OPTIONS_t), INTENT(INOUT) :: IO
(   10) TYPE(ISBA_P_t), INTENT(INOUT) :: PK
(   11) TYPE(ISBA_PE_t), INTENT(INOUT) :: PEK
(   12) TYPE(DIAG_EVAP_ISBA_t), INTENT(INOUT) :: DEK
(   13) LOGICAL, INTENT(IN) :: OWATER_BUDGET
(   14) REAL,                  INTENT(IN) :: PTSTEP     ! timestep of the integration    (s)
(   15) REAL, DIMENSION(:),    INTENT(IN) :: PWG_INI    ! total wg at t-1                (kg m-2)
(   16) REAL, DIMENSION(:),    INTENT(IN) :: PWGI_INI   ! total wgi at t-1               (kg m-2)
(   17) REAL, DIMENSION(:),    INTENT(IN) :: PWR_INI    ! total wr at t-1                (kg m-2)
(   18) REAL, DIMENSION(:),    INTENT(IN) :: PSWE_INI   ! total swe at t-1               (kg m-2)
(   19) REAL, DIMENSION(:),    INTENT(IN)  :: PRAIN     ! Rain rate                      (kg/m2/s)
(   20) REAL, DIMENSION(:),    INTENT(IN)  :: PSNOW     ! Snow rate                      (kg/m2/s)
(   21) REAL, DIMENSION(:),    INTENT(IN)  :: PEVAP     ! total evaporative flux         (kg/m2/s)
(   22) END SUBROUTINE ISBA_BUDGET
(   23) 
(   24) END INTERFACE
(   25) END MODULE MODI_ISBA_BUDGET 











NVFORTRAN (Version     23.1)          02/24/2023  13:52:10      page 3

(    1) # 1 "modi_isba_budget.F90"
(    1) !depfile:isba_budget.F90
(    2) MODULE MODI_ISBA_BUDGET 
(    3) INTERFACE
(    4) SUBROUTINE ISBA_BUDGET (IO, PK, PEK, DEK, OWATER_BUDGET, PTSTEP,&
(    5)                        PWG_INI, PWGI_INI, PWR_INI, PSWE_INI, PRAIN, PSNOW, PEVAP  )
(    6) USE MODD_ISBA_OPTIONS_n, ONLY : ISBA_OPTIONS_t
(    7) USE MODD_ISBA_n, ONLY : ISBA_P_t, ISBA_PE_t
(    8) USE MODD_DIAG_EVAP_ISBA_n, ONLY : DIAG_EVAP_ISBA_t
(    9) TYPE(ISBA_OPTIONS_t), INTENT(INOUT) :: IO
(   10) TYPE(ISBA_P_t), INTENT(INOUT) :: PK
(   11) TYPE(ISBA_PE_t), INTENT(INOUT) :: PEK
(   12) TYPE(DIAG_EVAP_ISBA_t), INTENT(INOUT) :: DEK
(   13) LOGICAL, INTENT(IN) :: OWATER_BUDGET
(   14) REAL,                  INTENT(IN) :: PTSTEP     ! timestep of the integration    (s)
(   15) REAL, DIMENSION(:),    INTENT(IN) :: PWG_INI    ! total wg at t-1                (kg m-2)
(   16) REAL, DIMENSION(:),    INTENT(IN) :: PWGI_INI   ! total wgi at t-1               (kg m-2)
(   17) REAL, DIMENSION(:),    INTENT(IN) :: PWR_INI    ! total wr at t-1                (kg m-2)
(   18) REAL, DIMENSION(:),    INTENT(IN) :: PSWE_INI   ! total swe at t-1               (kg m-2)
(   19) REAL, DIMENSION(:),    INTENT(IN)  :: PRAIN     ! Rain rate                      (kg/m2/s)
(   20) REAL, DIMENSION(:),    INTENT(IN)  :: PSNOW     ! Snow rate                      (kg/m2/s)
(   21) REAL, DIMENSION(:),    INTENT(IN)  :: PEVAP     ! total evaporative flux         (kg/m2/s)
(   22) END SUBROUTINE ISBA_BUDGET
(   23) # 24 "modi_isba_budget.F90"
(   24) END INTERFACE
(   25) END MODULE MODI_ISBA_BUDGET 
