


NVFORTRAN (Version     23.1)          02/24/2023  13:58:25      page 1

Switches: -noasm -nodclchk -debug -nodlines -line -list
          -idir .D[1]
          -idir .D[2]
          -idir .D[3]
          -idir .D[4]
          -idir .D[5]
          -idir .D[6]
          -idir .D[7]
          -idir .D[8]
          -idir .D[9]
          -idir .D[10]
          -idir .D[11]
          -idir .D[12]
          -idir .D[13]
          -idir .D[14]
          -idir .D[15]
          -idir .D[16]
          -idir .D[17]
          -idir .D[18]
          -idir .D[19]
          -idir .D[20]
          -idir .D[21]
          -idir .D[22]
          -idir .D[23]
          -idir .D[24]
          -idir .D[25]
          -idir .D[26]
          -idir .D[27]
          -idir .D[28]
          -idir .D[29]
          -idir .D[30]
          -idir .D[31]
          -idir .D[32]
          -idir .D[33]
          -idir .D[34]
          -idir .D[35]
          -idir .D[36]
          -idir .D[37]
          -idir .D[38]
          -idir .D[39]
          -idir .D[40]
          -idir .D[41]
          -idir .D[42]
          -idir .D[43]
          -idir .D[44]
          -idir .D[45]
          -idir .D[46]
          -idir .D[47]
          -idir .D[48]
          -idir .D[49]
          -idir .D[50]
          -idir .D[51]
          -idir .D[52]
          -idir .D[53]
          -idir .D[54]
          -idir .D[55]
          -idir .D[56]
          -idir .D[57]






NVFORTRAN (Version     23.1)          02/24/2023  13:58:25      page 2

          -idir .D[58]
          -idir .D[59]
          -idir .D[60]
          -idir .D[61]
          -idir .D[62]
          -idir .D[63]
          -idir .D[64]
          -idir .D[65]
          -idir .D[66]
          -idir .D[67]
          -idir .D[68]
          -idir .D[69]
          -idir .D[70]
          -idir .D[71]
          -idir .D[72]
          -idir .D[73]
          -idir .D[74]
          -idir .D[75]
          -idir .D[76]
          -idir .D[77]
          -idir .D[78]
          -idir /opt/softs/nvidia/hpc_sdk/Linux_x86_64/23.1/comm_libs/openmpi/openmpi-3.1.5/include
          -idir /opt/softs/nvidia/hpc_sdk/Linux_x86_64/23.1/comm_libs/openmpi/openmpi-3.1.5/lib
          -inform severe -opt 0 -nosave -object -noonetrip
          -depchk on -nostandard     
          -symbol -noupcase    

Filename: modi_oi_control.F90

(    1) !depfile:oi_control.F90
(    2) MODULE MODI_OI_CONTROL 
(    3) INTERFACE
(    4) SUBROUTINE OI_CONTROL (YSC,  &
(    5)   PUNDEF,                   &
(    6)   P__SURFTEMPERATURE,       &
(    7)   P__SST,                   &
(    8)   P__SEAICECONC,            &
(    9)   P__SEAICETHICK,            &
(   10)   P__SURFPREC_EAU_CON,      &
(   11)   P__SURFPREC_EAU_GEC,      &
(   12)   P__SURFPREC_NEI_CON,      &
(   13)   P__SURFPREC_NEI_GEC,      &
(   14)   P__ATMONEBUL_BASSE,       &
(   15)   P__SURFXEVAPOTRANSP,      &
(   16)   P__SURFFLU_LAT_MEVA,      &
(   17)   P__SURFACCPLUIE,          &
(   18)   P__SURFACCNEIGE,          &
(   19)   P__SURFACCGRAUPEL,        &
(   20)   P__CLSTEMPERATURE,        &
(   21)   P__CLSHUMI_RELATIVE,      &
(   22)   P__CLSVENT_ZONAL,         &
(   23)   P__CLSVENT_MERIDIEN,      &
(   24)   P__SURFIND_TERREMER,      &
(   25)   P__SURFRESERV_NEIGE,      &
(   26)   P__LON,                   &
(   27)   P__LAT,                   &
(   28)   LD_MASKEXT                )
(   29) USE MODD_SURFEX_n, ONLY : SURFEX_t
(   30) USE MODD_TYPE_DATE_SURF






NVFORTRAN (Version     23.1)          02/24/2023  13:58:25      page 3

(   31) USE PARKIND1  ,ONLY : JPRB
(   32) TYPE(SURFEX_t), INTENT(INOUT) :: YSC
(   33) REAL(KIND=JPRB), OPTIONAL                ::  PUNDEF
(   34) REAL(KIND=JPRB), OPTIONAL, DIMENSION (:) ::  P__SURFTEMPERATURE
(   35) REAL(KIND=JPRB), OPTIONAL, DIMENSION (:) ::  P__SST
(   36) REAL(KIND=JPRB), OPTIONAL, DIMENSION (:) ::  P__SEAICECONC
(   37) REAL(KIND=JPRB), OPTIONAL, DIMENSION (:) ::  P__SEAICETHICK
(   38) REAL(KIND=JPRB), OPTIONAL, DIMENSION (:) ::  P__SURFPREC_EAU_CON
(   39) REAL(KIND=JPRB), OPTIONAL, DIMENSION (:) ::  P__SURFPREC_EAU_GEC
(   40) REAL(KIND=JPRB), OPTIONAL, DIMENSION (:) ::  P__SURFPREC_NEI_CON
(   41) REAL(KIND=JPRB), OPTIONAL, DIMENSION (:) ::  P__SURFPREC_NEI_GEC
(   42) REAL(KIND=JPRB), OPTIONAL, DIMENSION (:) ::  P__ATMONEBUL_BASSE
(   43) REAL(KIND=JPRB), OPTIONAL, DIMENSION (:) ::  P__SURFXEVAPOTRANSP
(   44) REAL(KIND=JPRB), OPTIONAL, DIMENSION (:) ::  P__SURFFLU_LAT_MEVA
(   45) REAL(KIND=JPRB), OPTIONAL, DIMENSION (:) ::  P__SURFACCPLUIE
(   46) REAL(KIND=JPRB), OPTIONAL, DIMENSION (:) ::  P__SURFACCNEIGE
(   47) REAL(KIND=JPRB), OPTIONAL, DIMENSION (:) ::  P__SURFACCGRAUPEL
(   48) REAL(KIND=JPRB), OPTIONAL, DIMENSION (:) ::  P__CLSTEMPERATURE
(   49) REAL(KIND=JPRB), OPTIONAL, DIMENSION (:) ::  P__CLSHUMI_RELATIVE
(   50) REAL(KIND=JPRB), OPTIONAL, DIMENSION (:) ::  P__CLSVENT_ZONAL
(   51) REAL(KIND=JPRB), OPTIONAL, DIMENSION (:) ::  P__CLSVENT_MERIDIEN
(   52) REAL(KIND=JPRB), OPTIONAL, DIMENSION (:) ::  P__SURFIND_TERREMER
(   53) REAL(KIND=JPRB), OPTIONAL, DIMENSION (:) ::  P__SURFRESERV_NEIGE
(   54) REAL(KIND=JPRB), OPTIONAL, DIMENSION (:) ::  P__LON
(   55) REAL(KIND=JPRB), OPTIONAL, DIMENSION (:) ::  P__LAT
(   56) LOGICAL,         OPTIONAL, DIMENSION (:) ::  LD_MASKEXT
(   57) END SUBROUTINE OI_CONTROL
(   58) 
(   59) END INTERFACE
(   60) END MODULE MODI_OI_CONTROL 


































NVFORTRAN (Version     23.1)          02/24/2023  13:58:25      page 4

(    1) # 1 "modi_oi_control.F90"
(    1) !depfile:oi_control.F90
(    2) MODULE MODI_OI_CONTROL 
(    3) INTERFACE
(    4) SUBROUTINE OI_CONTROL (YSC,  &
(    5)   PUNDEF,                   &
(    6)   P__SURFTEMPERATURE,       &
(    7)   P__SST,                   &
(    8)   P__SEAICECONC,            &
(    9)   P__SEAICETHICK,            &
(   10)   P__SURFPREC_EAU_CON,      &
(   11)   P__SURFPREC_EAU_GEC,      &
(   12)   P__SURFPREC_NEI_CON,      &
(   13)   P__SURFPREC_NEI_GEC,      &
(   14)   P__ATMONEBUL_BASSE,       &
(   15)   P__SURFXEVAPOTRANSP,      &
(   16)   P__SURFFLU_LAT_MEVA,      &
(   17)   P__SURFACCPLUIE,          &
(   18)   P__SURFACCNEIGE,          &
(   19)   P__SURFACCGRAUPEL,        &
(   20)   P__CLSTEMPERATURE,        &
(   21)   P__CLSHUMI_RELATIVE,      &
(   22)   P__CLSVENT_ZONAL,         &
(   23)   P__CLSVENT_MERIDIEN,      &
(   24)   P__SURFIND_TERREMER,      &
(   25)   P__SURFRESERV_NEIGE,      &
(   26)   P__LON,                   &
(   27)   P__LAT,                   &
(   28)   LD_MASKEXT                )
(   29) USE MODD_SURFEX_n, ONLY : SURFEX_t
(   30) USE MODD_TYPE_DATE_SURF
(   31) USE PARKIND1  ,ONLY : JPRB
(   32) TYPE(SURFEX_t), INTENT(INOUT) :: YSC
(   33) REAL(KIND=JPRB), OPTIONAL                ::  PUNDEF
(   34) REAL(KIND=JPRB), OPTIONAL, DIMENSION (:) ::  P__SURFTEMPERATURE
(   35) REAL(KIND=JPRB), OPTIONAL, DIMENSION (:) ::  P__SST
(   36) REAL(KIND=JPRB), OPTIONAL, DIMENSION (:) ::  P__SEAICECONC
(   37) REAL(KIND=JPRB), OPTIONAL, DIMENSION (:) ::  P__SEAICETHICK
(   38) REAL(KIND=JPRB), OPTIONAL, DIMENSION (:) ::  P__SURFPREC_EAU_CON
(   39) REAL(KIND=JPRB), OPTIONAL, DIMENSION (:) ::  P__SURFPREC_EAU_GEC
(   40) REAL(KIND=JPRB), OPTIONAL, DIMENSION (:) ::  P__SURFPREC_NEI_CON
(   41) REAL(KIND=JPRB), OPTIONAL, DIMENSION (:) ::  P__SURFPREC_NEI_GEC
(   42) REAL(KIND=JPRB), OPTIONAL, DIMENSION (:) ::  P__ATMONEBUL_BASSE
(   43) REAL(KIND=JPRB), OPTIONAL, DIMENSION (:) ::  P__SURFXEVAPOTRANSP
(   44) REAL(KIND=JPRB), OPTIONAL, DIMENSION (:) ::  P__SURFFLU_LAT_MEVA
(   45) REAL(KIND=JPRB), OPTIONAL, DIMENSION (:) ::  P__SURFACCPLUIE
(   46) REAL(KIND=JPRB), OPTIONAL, DIMENSION (:) ::  P__SURFACCNEIGE
(   47) REAL(KIND=JPRB), OPTIONAL, DIMENSION (:) ::  P__SURFACCGRAUPEL
(   48) REAL(KIND=JPRB), OPTIONAL, DIMENSION (:) ::  P__CLSTEMPERATURE
(   49) REAL(KIND=JPRB), OPTIONAL, DIMENSION (:) ::  P__CLSHUMI_RELATIVE
(   50) REAL(KIND=JPRB), OPTIONAL, DIMENSION (:) ::  P__CLSVENT_ZONAL
(   51) REAL(KIND=JPRB), OPTIONAL, DIMENSION (:) ::  P__CLSVENT_MERIDIEN
(   52) REAL(KIND=JPRB), OPTIONAL, DIMENSION (:) ::  P__SURFIND_TERREMER
(   53) REAL(KIND=JPRB), OPTIONAL, DIMENSION (:) ::  P__SURFRESERV_NEIGE
(   54) REAL(KIND=JPRB), OPTIONAL, DIMENSION (:) ::  P__LON
(   55) REAL(KIND=JPRB), OPTIONAL, DIMENSION (:) ::  P__LAT
(   56) LOGICAL,         OPTIONAL, DIMENSION (:) ::  LD_MASKEXT
(   57) END SUBROUTINE OI_CONTROL






NVFORTRAN (Version     23.1)          02/24/2023  13:58:25      page 5

(   58) # 59 "modi_oi_control.F90"
(   59) END INTERFACE
(   60) END MODULE MODI_OI_CONTROL 
