


NVFORTRAN (Version     23.1)          02/24/2023  13:35:46      page 1

Switches: -noasm -nodclchk -debug -nodlines -line -list
          -idir .D[1]
          -idir .D[2]
          -idir .D[3]
          -idir .D[4]
          -idir .D[5]
          -idir .D[6]
          -idir .D[7]
          -idir .D[8]
          -idir .D[9]
          -idir .D[10]
          -idir .D[11]
          -idir .D[12]
          -idir .D[13]
          -idir .D[14]
          -idir .D[15]
          -idir .D[16]
          -idir .D[17]
          -idir .D[18]
          -idir .D[19]
          -idir .D[20]
          -idir .D[21]
          -idir .D[22]
          -idir .D[23]
          -idir .D[24]
          -idir .D[25]
          -idir .D[26]
          -idir .D[27]
          -idir .D[28]
          -idir .D[29]
          -idir .D[30]
          -idir .D[31]
          -idir .D[32]
          -idir .D[33]
          -idir .D[34]
          -idir .D[35]
          -idir .D[36]
          -idir .D[37]
          -idir .D[38]
          -idir .D[39]
          -idir .D[40]
          -idir .D[41]
          -idir .D[42]
          -idir .D[43]
          -idir .D[44]
          -idir .D[45]
          -idir .D[46]
          -idir .D[47]
          -idir .D[48]
          -idir .D[49]
          -idir .D[50]
          -idir .D[51]
          -idir .D[52]
          -idir .D[53]
          -idir .D[54]
          -idir .D[55]
          -idir .D[56]
          -idir .D[57]






NVFORTRAN (Version     23.1)          02/24/2023  13:35:46      page 2

          -idir .D[58]
          -idir .D[59]
          -idir .D[60]
          -idir .D[61]
          -idir .D[62]
          -idir .D[63]
          -idir .D[64]
          -idir .D[65]
          -idir .D[66]
          -idir .D[67]
          -idir .D[68]
          -idir .D[69]
          -idir .D[70]
          -idir .D[71]
          -idir .D[72]
          -idir .D[73]
          -idir .D[74]
          -idir .D[75]
          -idir .D[76]
          -idir .D[77]
          -idir .D[78]
          -idir /opt/softs/nvidia/hpc_sdk/Linux_x86_64/23.1/comm_libs/openmpi/openmpi-3.1.5/include
          -idir /opt/softs/nvidia/hpc_sdk/Linux_x86_64/23.1/comm_libs/openmpi/openmpi-3.1.5/lib
          -inform severe -opt 0 -nosave -object -noonetrip
          -depchk on -nostandard     
          -symbol -noupcase    

Filename: modi_snow3l.F90

(    1) !depfile:snow3l.F90
(    2) MODULE MODI_SNOW3L
(    3) INTERFACE
(    4)       SUBROUTINE SNOW3L(HSNOWRES, TPTIME, OMEB, HIMPLICIT_WIND,           &
(    5)                 PPEW_A_COEF, PPEW_B_COEF,                                 &
(    6)                 PPET_A_COEF, PPEQ_A_COEF, PPET_B_COEF, PPEQ_B_COEF,       &
(    7)                 PSNOWSWE,PSNOWRHO,PSNOWHEAT,PSNOWALB,                     &
(    8)                 PSNOWGRAN1,PSNOWGRAN2,PSNOWHIST,PSNOWAGE,                                 &
(    9)                 PTSTEP,PPS,PSR,PRR,PPSN3L,                                &
(   10)                 PTA,PTG,PSW_RAD,PQA,PVMOD,PLW_RAD, PRHOA,                 &
(   11)                 PUREF,PEXNS,PEXNA,PDIRCOSZW,                              &
(   12)                 PZREF,PZ0,PZ0EFF,PZ0H,PALB,                               &
(   13)                 PSOILCOND,PD_G,PLVTT,PLSTT,                               &
(   14)                 PSNOWLIQ,PSNOWTEMP,PSNOWDZ,                               &
(   15)                 PTHRUFAL,PGRNDFLUX,PEVAPCOR,PSOILCOR,                     &
(   16)                 PGFLXCOR,PSNOWSFCH, PDELHEATN, PDELHEATN_SFC,             &
(   17)                 PSWNETSNOW,PSWNETSNOWS,PLWNETSNOW,PSNOWFLUX,              &
(   18)                 PRNSNOW,PHSNOW,PGFLUXSNOW,                                &
(   19)                 PHPSNOW,PLES3L,PLEL3L,PEVAP,PSNDRIFT,PRI,                 &
(   20)                 PEMISNOW,PCDSNOW,PUSTAR,PCHSNOW,PSNOWHMASS,PQS,           &
(   21)                 PPERMSNOWFRAC,PFORESTFRAC,PZENITH,PXLAT,PXLON,            &
(   22)                 HSNOWDRIFT,OSNOWDRIFT_SUBLIM                              )  
(   23) USE MODD_SNOW_PAR,    ONLY : XSNOWDMIN, NSPEC_BAND_SNOW
(   24) USE MODD_TYPE_DATE_SURF, ONLY: DATE_TIME
(   25) REAL, INTENT(IN)                    :: PTSTEP
(   26) TYPE(DATE_TIME), INTENT(IN)         :: TPTIME      ! current date and time
(   27) CHARACTER(LEN=*),     INTENT(IN)    :: HSNOWRES
(   28) LOGICAL, INTENT(IN)                 :: OMEB       ! True = coupled to MEB. This means surface fluxes ae IMPOSED
(   29) CHARACTER(LEN=*),     INTENT(IN)  :: HIMPLICIT_WIND   ! wind implicitation option
(   30) REAL, DIMENSION(:), INTENT(IN)    :: PPS, PTA, PSW_RAD, PQA,                       &






NVFORTRAN (Version     23.1)          02/24/2023  13:35:46      page 3

(   31)                                          PVMOD, PLW_RAD, PSR, PRR  
(   32) REAL, DIMENSION(:), INTENT(IN)    :: PSOILCOND, PD_G, PPSN3L
(   33) REAL, DIMENSION(:), INTENT(IN)    :: PZREF, PUREF, PEXNS, PEXNA, PDIRCOSZW, PRHOA, PZ0, PZ0EFF, &
(   34)                                        PALB, PZ0H, PPERMSNOWFRAC, PFORESTFRAC 
(   35) REAL, DIMENSION(:), INTENT(IN)      :: PPEW_A_COEF, PPEW_B_COEF,                   &
(   36)                                          PPET_A_COEF, PPEQ_A_COEF, PPET_B_COEF,      &
(   37)                                          PPEQ_B_COEF  
(   38) REAL, DIMENSION(:), INTENT(IN)    :: PTG
(   39) REAL, DIMENSION(:), INTENT(IN)    :: PLVTT, PLSTT ! = latent heats for hydrology
(   40) REAL, DIMENSION(:), INTENT(INOUT) :: PSNOWALB
(   41) REAL, DIMENSION(:,:), INTENT(INOUT):: PSNOWHEAT, PSNOWRHO, PSNOWSWE
(   42) REAL, DIMENSION(:,:), INTENT(INOUT):: PSNOWGRAN1, PSNOWGRAN2, PSNOWHIST
(   43) REAL, DIMENSION(:,:), INTENT(INOUT) :: PSNOWAGE  ! Snow grain age
(   44) REAL, DIMENSION(:), INTENT(INOUT)   :: PRNSNOW, PHSNOW, PLES3L, PLEL3L, &
(   45)                                        PHPSNOW, PEVAP,  PGRNDFLUX, PEMISNOW
(   46) REAL, DIMENSION(:), INTENT(OUT)     :: PGFLUXSNOW
(   47) REAL, DIMENSION(:), INTENT(INOUT) :: PSWNETSNOW, PLWNETSNOW, PSWNETSNOWS
(   48) REAL, DIMENSION(:), INTENT(INOUT)   :: PUSTAR, PCDSNOW, PCHSNOW, PRI
(   49) REAL, DIMENSION(:,:), INTENT(INOUT) :: PSNOWTEMP
(   50) REAL, DIMENSION(:,:), INTENT(OUT)   :: PSNOWLIQ, PSNOWDZ
(   51) REAL, DIMENSION(:), INTENT(OUT)     :: PTHRUFAL, PEVAPCOR, PSOILCOR, PGFLXCOR, &
(   52)                                        PSNOWFLUX, PSNOWSFCH, PDELHEATN, PDELHEATN_SFC
(   53) REAL, DIMENSION(:), INTENT(OUT)     :: PSNDRIFT
(   54) REAL, DIMENSION(:), INTENT(OUT)   ::   PSNOWHMASS
(   55) REAL, DIMENSION(:), INTENT(OUT)   :: PQS
(   56) REAL, DIMENSION(:), INTENT(IN)    :: PZENITH ! solar zenith angle
(   57) REAL, DIMENSION(:), INTENT(IN)    :: PXLAT,PXLON ! LAT/LON after packing
(   58) CHARACTER(4), INTENT(IN)            :: HSNOWDRIFT        ! Snowdrift scheme :
(   59) LOGICAL, INTENT(IN)               ::  OSNOWDRIFT_SUBLIM ! activate snowdrift, sublimation during drift
(   60) END SUBROUTINE SNOW3L
(   61) 
(   62) END INTERFACE
(   63) END MODULE MODI_SNOW3L































NVFORTRAN (Version     23.1)          02/24/2023  13:35:46      page 4

(    1) # 1 "modi_snow3l.F90"
(    1) !depfile:snow3l.F90
(    2) MODULE MODI_SNOW3L
(    3) INTERFACE
(    4)       SUBROUTINE SNOW3L(HSNOWRES, TPTIME, OMEB, HIMPLICIT_WIND,           &
(    5)                 PPEW_A_COEF, PPEW_B_COEF,                                 &
(    6)                 PPET_A_COEF, PPEQ_A_COEF, PPET_B_COEF, PPEQ_B_COEF,       &
(    7)                 PSNOWSWE,PSNOWRHO,PSNOWHEAT,PSNOWALB,                     &
(    8)                 PSNOWGRAN1,PSNOWGRAN2,PSNOWHIST,PSNOWAGE,                                 &
(    9)                 PTSTEP,PPS,PSR,PRR,PPSN3L,                                &
(   10)                 PTA,PTG,PSW_RAD,PQA,PVMOD,PLW_RAD, PRHOA,                 &
(   11)                 PUREF,PEXNS,PEXNA,PDIRCOSZW,                              &
(   12)                 PZREF,PZ0,PZ0EFF,PZ0H,PALB,                               &
(   13)                 PSOILCOND,PD_G,PLVTT,PLSTT,                               &
(   14)                 PSNOWLIQ,PSNOWTEMP,PSNOWDZ,                               &
(   15)                 PTHRUFAL,PGRNDFLUX,PEVAPCOR,PSOILCOR,                     &
(   16)                 PGFLXCOR,PSNOWSFCH, PDELHEATN, PDELHEATN_SFC,             &
(   17)                 PSWNETSNOW,PSWNETSNOWS,PLWNETSNOW,PSNOWFLUX,              &
(   18)                 PRNSNOW,PHSNOW,PGFLUXSNOW,                                &
(   19)                 PHPSNOW,PLES3L,PLEL3L,PEVAP,PSNDRIFT,PRI,                 &
(   20)                 PEMISNOW,PCDSNOW,PUSTAR,PCHSNOW,PSNOWHMASS,PQS,           &
(   21)                 PPERMSNOWFRAC,PFORESTFRAC,PZENITH,PXLAT,PXLON,            &
(   22)                 HSNOWDRIFT,OSNOWDRIFT_SUBLIM                              )  
(   23) USE MODD_SNOW_PAR,    ONLY : XSNOWDMIN, NSPEC_BAND_SNOW
(   24) USE MODD_TYPE_DATE_SURF, ONLY: DATE_TIME
(   25) REAL, INTENT(IN)                    :: PTSTEP
(   26) TYPE(DATE_TIME), INTENT(IN)         :: TPTIME      ! current date and time
(   27) CHARACTER(LEN=*),     INTENT(IN)    :: HSNOWRES
(   28) LOGICAL, INTENT(IN)                 :: OMEB       ! True = coupled to MEB. This means surface fluxes ae IMPOSED
(   29) CHARACTER(LEN=*),     INTENT(IN)  :: HIMPLICIT_WIND   ! wind implicitation option
(   30) REAL, DIMENSION(:), INTENT(IN)    :: PPS, PTA, PSW_RAD, PQA,                       &
(   31)                                          PVMOD, PLW_RAD, PSR, PRR  
(   32) REAL, DIMENSION(:), INTENT(IN)    :: PSOILCOND, PD_G, PPSN3L
(   33) REAL, DIMENSION(:), INTENT(IN)    :: PZREF, PUREF, PEXNS, PEXNA, PDIRCOSZW, PRHOA, PZ0, PZ0EFF, &
(   34)                                        PALB, PZ0H, PPERMSNOWFRAC, PFORESTFRAC 
(   35) REAL, DIMENSION(:), INTENT(IN)      :: PPEW_A_COEF, PPEW_B_COEF,                   &
(   36)                                          PPET_A_COEF, PPEQ_A_COEF, PPET_B_COEF,      &
(   37)                                          PPEQ_B_COEF  
(   38) REAL, DIMENSION(:), INTENT(IN)    :: PTG
(   39) REAL, DIMENSION(:), INTENT(IN)    :: PLVTT, PLSTT ! = latent heats for hydrology
(   40) REAL, DIMENSION(:), INTENT(INOUT) :: PSNOWALB
(   41) REAL, DIMENSION(:,:), INTENT(INOUT):: PSNOWHEAT, PSNOWRHO, PSNOWSWE
(   42) REAL, DIMENSION(:,:), INTENT(INOUT):: PSNOWGRAN1, PSNOWGRAN2, PSNOWHIST
(   43) REAL, DIMENSION(:,:), INTENT(INOUT) :: PSNOWAGE  ! Snow grain age
(   44) REAL, DIMENSION(:), INTENT(INOUT)   :: PRNSNOW, PHSNOW, PLES3L, PLEL3L, &
(   45)                                        PHPSNOW, PEVAP,  PGRNDFLUX, PEMISNOW
(   46) REAL, DIMENSION(:), INTENT(OUT)     :: PGFLUXSNOW
(   47) REAL, DIMENSION(:), INTENT(INOUT) :: PSWNETSNOW, PLWNETSNOW, PSWNETSNOWS
(   48) REAL, DIMENSION(:), INTENT(INOUT)   :: PUSTAR, PCDSNOW, PCHSNOW, PRI
(   49) REAL, DIMENSION(:,:), INTENT(INOUT) :: PSNOWTEMP
(   50) REAL, DIMENSION(:,:), INTENT(OUT)   :: PSNOWLIQ, PSNOWDZ
(   51) REAL, DIMENSION(:), INTENT(OUT)     :: PTHRUFAL, PEVAPCOR, PSOILCOR, PGFLXCOR, &
(   52)                                        PSNOWFLUX, PSNOWSFCH, PDELHEATN, PDELHEATN_SFC
(   53) REAL, DIMENSION(:), INTENT(OUT)     :: PSNDRIFT
(   54) REAL, DIMENSION(:), INTENT(OUT)   ::   PSNOWHMASS
(   55) REAL, DIMENSION(:), INTENT(OUT)   :: PQS
(   56) REAL, DIMENSION(:), INTENT(IN)    :: PZENITH ! solar zenith angle
(   57) REAL, DIMENSION(:), INTENT(IN)    :: PXLAT,PXLON ! LAT/LON after packing






NVFORTRAN (Version     23.1)          02/24/2023  13:35:46      page 5

(   58) CHARACTER(4), INTENT(IN)            :: HSNOWDRIFT        ! Snowdrift scheme :
(   59) LOGICAL, INTENT(IN)               ::  OSNOWDRIFT_SUBLIM ! activate snowdrift, sublimation during drift
(   60) END SUBROUTINE SNOW3L
(   61) # 62 "modi_snow3l.F90"
(   62) END INTERFACE
(   63) END MODULE MODI_SNOW3L
