


NVFORTRAN (Version     23.1)          02/24/2023  13:32:07      page 1

Switches: -noasm -nodclchk -debug -nodlines -line -list
          -idir .D[1]
          -idir .D[2]
          -idir .D[3]
          -idir .D[4]
          -idir .D[5]
          -idir .D[6]
          -idir .D[7]
          -idir .D[8]
          -idir .D[9]
          -idir .D[10]
          -idir .D[11]
          -idir .D[12]
          -idir .D[13]
          -idir .D[14]
          -idir .D[15]
          -idir .D[16]
          -idir .D[17]
          -idir .D[18]
          -idir .D[19]
          -idir .D[20]
          -idir .D[21]
          -idir .D[22]
          -idir .D[23]
          -idir .D[24]
          -idir .D[25]
          -idir .D[26]
          -idir .D[27]
          -idir .D[28]
          -idir .D[29]
          -idir .D[30]
          -idir .D[31]
          -idir .D[32]
          -idir .D[33]
          -idir .D[34]
          -idir .D[35]
          -idir .D[36]
          -idir .D[37]
          -idir .D[38]
          -idir .D[39]
          -idir .D[40]
          -idir .D[41]
          -idir .D[42]
          -idir .D[43]
          -idir .D[44]
          -idir .D[45]
          -idir .D[46]
          -idir .D[47]
          -idir .D[48]
          -idir .D[49]
          -idir .D[50]
          -idir .D[51]
          -idir .D[52]
          -idir .D[53]
          -idir .D[54]
          -idir .D[55]
          -idir .D[56]
          -idir .D[57]






NVFORTRAN (Version     23.1)          02/24/2023  13:32:07      page 2

          -idir .D[58]
          -idir .D[59]
          -idir .D[60]
          -idir .D[61]
          -idir .D[62]
          -idir .D[63]
          -idir .D[64]
          -idir .D[65]
          -idir .D[66]
          -idir .D[67]
          -idir .D[68]
          -idir .D[69]
          -idir .D[70]
          -idir .D[71]
          -idir .D[72]
          -idir .D[73]
          -idir .D[74]
          -idir .D[75]
          -idir .D[76]
          -idir .D[77]
          -idir .D[78]
          -idir /opt/softs/nvidia/hpc_sdk/Linux_x86_64/23.1/comm_libs/openmpi/openmpi-3.1.5/include
          -idir /opt/softs/nvidia/hpc_sdk/Linux_x86_64/23.1/comm_libs/openmpi/openmpi-3.1.5/lib
          -inform severe -opt 0 -nosave -object -noonetrip
          -depchk on -nostandard     
          -symbol -noupcase    

Filename: modi_fapair.F90

(    1) !depfile:fapair.F90
(    2) MODULE MODI_FAPAIR
(    3) INTERFACE
(    4) SUBROUTINE FAPAIR(PABC, PFD_SKY, PIA, PLAI, PXMUS, PSSA_SUP, PSSA_INF, &
(    5)            PB_SUP, PB_INF, PALB_VEG, PALB_SOIL, OSHADE,            &
(    6)            PFAPR, PFAPR_BS, PLAI_EFF, PIACAN,                      &
(    7)            PIACAN_SHADE, PIACAN_SUNLIT, PFRAC_SUN                  )
(    8) REAL, DIMENSION(:), INTENT(IN) :: PABC    ! abscissa needed for integration
(    9) REAL, DIMENSION(:), INTENT(IN) :: PFD_SKY ! fraction of diffused radiation in sky
(   10) REAL, DIMENSION(:), INTENT(IN) :: PIA     ! incident PAR or NIR
(   11) REAL, DIMENSION(:), INTENT(IN) :: PLAI    ! leaf area index
(   12) REAL, DIMENSION(:), INTENT(IN) :: PXMUS   ! cosine of solar zenith angle
(   13) REAL,               INTENT(IN) :: PSSA_SUP, PSSA_INF  !single scatering albedo (PAR or NIR)
(   14) REAL, DIMENSION(:), INTENT(IN) :: PB_SUP, PB_INF      !sigma parameter in clumping (Table 1, eq4)
(   15) REAL, DIMENSION(:), INTENT(IN) :: PALB_VEG, PALB_SOIL
(   16) LOGICAL, DIMENSION(:), INTENT(IN) :: OSHADE   ! OSHADE = if 1 shading activated
(   17) REAL, DIMENSION(:), INTENT(OUT) :: PFAPR
(   18) REAL, DIMENSION(:), INTENT(OUT) :: PFAPR_BS
(   19) REAL, DIMENSION(:), OPTIONAL,   INTENT(OUT) :: PLAI_EFF
(   20) REAL, DIMENSION(:,:), OPTIONAL, INTENT(OUT) :: PIACAN ! PAR in the canopy at different gauss level
(   21) REAL, DIMENSION(:,:), OPTIONAL, INTENT(OUT) :: PIACAN_SHADE  ! PAR in the canopy at different gauss level
(   22) REAL, DIMENSION(:,:), OPTIONAL, INTENT(OUT) :: PIACAN_SUNLIT ! PAR in the canopy at different gauss level
(   23) REAL, DIMENSION(:,:), OPTIONAL, INTENT(OUT) :: PFRAC_SUN     ! fraction of sunlit leaves
(   24) END SUBROUTINE FAPAIR
(   25) 
(   26) END INTERFACE
(   27) END MODULE MODI_FAPAIR









NVFORTRAN (Version     23.1)          02/24/2023  13:32:07      page 3

(    1) # 1 "modi_fapair.F90"
(    1) !depfile:fapair.F90
(    2) MODULE MODI_FAPAIR
(    3) INTERFACE
(    4) SUBROUTINE FAPAIR(PABC, PFD_SKY, PIA, PLAI, PXMUS, PSSA_SUP, PSSA_INF, &
(    5)            PB_SUP, PB_INF, PALB_VEG, PALB_SOIL, OSHADE,            &
(    6)            PFAPR, PFAPR_BS, PLAI_EFF, PIACAN,                      &
(    7)            PIACAN_SHADE, PIACAN_SUNLIT, PFRAC_SUN                  )
(    8) REAL, DIMENSION(:), INTENT(IN) :: PABC    ! abscissa needed for integration
(    9) REAL, DIMENSION(:), INTENT(IN) :: PFD_SKY ! fraction of diffused radiation in sky
(   10) REAL, DIMENSION(:), INTENT(IN) :: PIA     ! incident PAR or NIR
(   11) REAL, DIMENSION(:), INTENT(IN) :: PLAI    ! leaf area index
(   12) REAL, DIMENSION(:), INTENT(IN) :: PXMUS   ! cosine of solar zenith angle
(   13) REAL,               INTENT(IN) :: PSSA_SUP, PSSA_INF  !single scatering albedo (PAR or NIR)
(   14) REAL, DIMENSION(:), INTENT(IN) :: PB_SUP, PB_INF      !sigma parameter in clumping (Table 1, eq4)
(   15) REAL, DIMENSION(:), INTENT(IN) :: PALB_VEG, PALB_SOIL
(   16) LOGICAL, DIMENSION(:), INTENT(IN) :: OSHADE   ! OSHADE = if 1 shading activated
(   17) REAL, DIMENSION(:), INTENT(OUT) :: PFAPR
(   18) REAL, DIMENSION(:), INTENT(OUT) :: PFAPR_BS
(   19) REAL, DIMENSION(:), OPTIONAL,   INTENT(OUT) :: PLAI_EFF
(   20) REAL, DIMENSION(:,:), OPTIONAL, INTENT(OUT) :: PIACAN ! PAR in the canopy at different gauss level
(   21) REAL, DIMENSION(:,:), OPTIONAL, INTENT(OUT) :: PIACAN_SHADE  ! PAR in the canopy at different gauss level
(   22) REAL, DIMENSION(:,:), OPTIONAL, INTENT(OUT) :: PIACAN_SUNLIT ! PAR in the canopy at different gauss level
(   23) REAL, DIMENSION(:,:), OPTIONAL, INTENT(OUT) :: PFRAC_SUN     ! fraction of sunlit leaves
(   24) END SUBROUTINE FAPAIR
(   25) # 26 "modi_fapair.F90"
(   26) END INTERFACE
(   27) END MODULE MODI_FAPAIR
