


NVFORTRAN (Version     23.1)          02/24/2023  13:31:53      page 1

Switches: -noasm -nodclchk -debug -nodlines -line -list
          -idir .D[1]
          -idir .D[2]
          -idir .D[3]
          -idir .D[4]
          -idir .D[5]
          -idir .D[6]
          -idir .D[7]
          -idir .D[8]
          -idir .D[9]
          -idir .D[10]
          -idir .D[11]
          -idir .D[12]
          -idir .D[13]
          -idir .D[14]
          -idir .D[15]
          -idir .D[16]
          -idir .D[17]
          -idir .D[18]
          -idir .D[19]
          -idir .D[20]
          -idir .D[21]
          -idir .D[22]
          -idir .D[23]
          -idir .D[24]
          -idir .D[25]
          -idir .D[26]
          -idir .D[27]
          -idir .D[28]
          -idir .D[29]
          -idir .D[30]
          -idir .D[31]
          -idir .D[32]
          -idir .D[33]
          -idir .D[34]
          -idir .D[35]
          -idir .D[36]
          -idir .D[37]
          -idir .D[38]
          -idir .D[39]
          -idir .D[40]
          -idir .D[41]
          -idir .D[42]
          -idir .D[43]
          -idir .D[44]
          -idir .D[45]
          -idir .D[46]
          -idir .D[47]
          -idir .D[48]
          -idir .D[49]
          -idir .D[50]
          -idir .D[51]
          -idir .D[52]
          -idir .D[53]
          -idir .D[54]
          -idir .D[55]
          -idir .D[56]
          -idir .D[57]






NVFORTRAN (Version     23.1)          02/24/2023  13:31:53      page 2

          -idir .D[58]
          -idir .D[59]
          -idir .D[60]
          -idir .D[61]
          -idir .D[62]
          -idir .D[63]
          -idir .D[64]
          -idir .D[65]
          -idir .D[66]
          -idir .D[67]
          -idir .D[68]
          -idir .D[69]
          -idir .D[70]
          -idir .D[71]
          -idir .D[72]
          -idir .D[73]
          -idir .D[74]
          -idir .D[75]
          -idir .D[76]
          -idir .D[77]
          -idir .D[78]
          -idir /opt/softs/nvidia/hpc_sdk/Linux_x86_64/23.1/comm_libs/openmpi/openmpi-3.1.5/include
          -idir /opt/softs/nvidia/hpc_sdk/Linux_x86_64/23.1/comm_libs/openmpi/openmpi-3.1.5/lib
          -inform severe -opt 0 -nosave -object -noonetrip
          -depchk on -nostandard     
          -symbol -noupcase    

Filename: modi_dx_air_cooling_coil_cv.F90

(    1) !depfile:dx_air_cooling_coil_cv.F90
(    2) MODULE MODI_DX_AIR_COOLING_COIL_CV
(    3) INTERFACE
(    4) SUBROUTINE DX_AIR_COOLING_COIL_CV(PT_CANYON, PQ_CANYON, PPS, PRHOA,    &
(    5)                              PT_IN, PQ_IN, PCOP_RAT, PCAP_SYS_RAT,     &
(    6)                              PT_ADP, PF_WATER_COND,                    &
(    7)                              PM_SYS, PH_BLD_COOL, PH_WASTE, PLE_WASTE, &
(    8)                              PCOP, PCAP_SYS,  PT_OUT, PQ_OUT,          &
(    9)                              PDX_POWER,  PT_BLD_COOL      )
(   10) REAL, INTENT(IN) :: PT_CANYON        ! Canyon air temperature [K]
(   11) REAL, INTENT(IN) :: PQ_CANYON        ! Canyon air humidity ratio [kg kg-1]
(   12) REAL, INTENT(IN) :: PPS              ! Canyon air pressure [Pa]
(   13) REAL, INTENT(IN) :: PRHOA            ! Canyon air density [kg m-3]
(   14) REAL, INTENT(IN) :: PT_IN            ! Actual inlet air temperature [K]
(   15) REAL, INTENT(IN) :: PQ_IN            ! Actual inlet air humidity ratio [kg kg-1]
(   16) REAL, INTENT(IN) :: PCOP_RAT         ! Rated COP
(   17) REAL, INTENT(IN) :: PCAP_SYS_RAT     ! Rated capacity [W]
(   18) REAL, INTENT(IN) :: PT_ADP           ! Apparatus dewpoint [K]
(   19) REAL, INTENT(IN) :: PF_WATER_COND    ! fraction of evaporation of the condenser
(   20) REAL, INTENT(INOUT) :: PM_SYS        ! HVAC air mass flow rate [kg s-1]
(   21) REAL, INTENT(INOUT) :: PH_BLD_COOL   ! Sensible cooling load
(   22) REAL, INTENT(OUT) :: PH_WASTE        ! Sensible heat rejected by the condenser [W]
(   23) REAL, INTENT(OUT) :: PLE_WASTE       ! Latent heat rejected by the condenser [W]
(   24) REAL, INTENT(OUT) :: PCOP            ! Actual COP
(   25) REAL, INTENT(OUT) :: PCAP_SYS        ! Actual capacity [W]
(   26) REAL, INTENT(OUT) :: PT_OUT          ! Actual outlet temperature [K]
(   27) REAL, INTENT(OUT) :: PQ_OUT          ! Actual outlet humidity ratio [kg kg-1]
(   28) REAL, INTENT(OUT) :: PDX_POWER       ! Electrical power consumed by the DX unit [W]
(   29) REAL, INTENT(OUT) :: PT_BLD_COOL     ! Total energy supplied by the DX unit [W]
(   30) END SUBROUTINE DX_AIR_COOLING_COIL_CV






NVFORTRAN (Version     23.1)          02/24/2023  13:31:53      page 3

(   31) 
(   32) END INTERFACE
(   33) END MODULE MODI_DX_AIR_COOLING_COIL_CV





























































NVFORTRAN (Version     23.1)          02/24/2023  13:31:53      page 4

(    1) # 1 "modi_dx_air_cooling_coil_cv.F90"
(    1) !depfile:dx_air_cooling_coil_cv.F90
(    2) MODULE MODI_DX_AIR_COOLING_COIL_CV
(    3) INTERFACE
(    4) SUBROUTINE DX_AIR_COOLING_COIL_CV(PT_CANYON, PQ_CANYON, PPS, PRHOA,    &
(    5)                              PT_IN, PQ_IN, PCOP_RAT, PCAP_SYS_RAT,     &
(    6)                              PT_ADP, PF_WATER_COND,                    &
(    7)                              PM_SYS, PH_BLD_COOL, PH_WASTE, PLE_WASTE, &
(    8)                              PCOP, PCAP_SYS,  PT_OUT, PQ_OUT,          &
(    9)                              PDX_POWER,  PT_BLD_COOL      )
(   10) REAL, INTENT(IN) :: PT_CANYON        ! Canyon air temperature [K]
(   11) REAL, INTENT(IN) :: PQ_CANYON        ! Canyon air humidity ratio [kg kg-1]
(   12) REAL, INTENT(IN) :: PPS              ! Canyon air pressure [Pa]
(   13) REAL, INTENT(IN) :: PRHOA            ! Canyon air density [kg m-3]
(   14) REAL, INTENT(IN) :: PT_IN            ! Actual inlet air temperature [K]
(   15) REAL, INTENT(IN) :: PQ_IN            ! Actual inlet air humidity ratio [kg kg-1]
(   16) REAL, INTENT(IN) :: PCOP_RAT         ! Rated COP
(   17) REAL, INTENT(IN) :: PCAP_SYS_RAT     ! Rated capacity [W]
(   18) REAL, INTENT(IN) :: PT_ADP           ! Apparatus dewpoint [K]
(   19) REAL, INTENT(IN) :: PF_WATER_COND    ! fraction of evaporation of the condenser
(   20) REAL, INTENT(INOUT) :: PM_SYS        ! HVAC air mass flow rate [kg s-1]
(   21) REAL, INTENT(INOUT) :: PH_BLD_COOL   ! Sensible cooling load
(   22) REAL, INTENT(OUT) :: PH_WASTE        ! Sensible heat rejected by the condenser [W]
(   23) REAL, INTENT(OUT) :: PLE_WASTE       ! Latent heat rejected by the condenser [W]
(   24) REAL, INTENT(OUT) :: PCOP            ! Actual COP
(   25) REAL, INTENT(OUT) :: PCAP_SYS        ! Actual capacity [W]
(   26) REAL, INTENT(OUT) :: PT_OUT          ! Actual outlet temperature [K]
(   27) REAL, INTENT(OUT) :: PQ_OUT          ! Actual outlet humidity ratio [kg kg-1]
(   28) REAL, INTENT(OUT) :: PDX_POWER       ! Electrical power consumed by the DX unit [W]
(   29) REAL, INTENT(OUT) :: PT_BLD_COOL     ! Total energy supplied by the DX unit [W]
(   30) END SUBROUTINE DX_AIR_COOLING_COIL_CV
(   31) # 32 "modi_dx_air_cooling_coil_cv.F90"
(   32) END INTERFACE
(   33) END MODULE MODI_DX_AIR_COOLING_COIL_CV
