


NVFORTRAN (Version     23.1)          02/24/2023  13:51:42      page 1

Switches: -noasm -nodclchk -debug -nodlines -line -list
          -idir .D[1]
          -idir .D[2]
          -idir .D[3]
          -idir .D[4]
          -idir .D[5]
          -idir .D[6]
          -idir .D[7]
          -idir .D[8]
          -idir .D[9]
          -idir .D[10]
          -idir .D[11]
          -idir .D[12]
          -idir .D[13]
          -idir .D[14]
          -idir .D[15]
          -idir .D[16]
          -idir .D[17]
          -idir .D[18]
          -idir .D[19]
          -idir .D[20]
          -idir .D[21]
          -idir .D[22]
          -idir .D[23]
          -idir .D[24]
          -idir .D[25]
          -idir .D[26]
          -idir .D[27]
          -idir .D[28]
          -idir .D[29]
          -idir .D[30]
          -idir .D[31]
          -idir .D[32]
          -idir .D[33]
          -idir .D[34]
          -idir .D[35]
          -idir .D[36]
          -idir .D[37]
          -idir .D[38]
          -idir .D[39]
          -idir .D[40]
          -idir .D[41]
          -idir .D[42]
          -idir .D[43]
          -idir .D[44]
          -idir .D[45]
          -idir .D[46]
          -idir .D[47]
          -idir .D[48]
          -idir .D[49]
          -idir .D[50]
          -idir .D[51]
          -idir .D[52]
          -idir .D[53]
          -idir .D[54]
          -idir .D[55]
          -idir .D[56]
          -idir .D[57]






NVFORTRAN (Version     23.1)          02/24/2023  13:51:42      page 2

          -idir .D[58]
          -idir .D[59]
          -idir .D[60]
          -idir .D[61]
          -idir .D[62]
          -idir .D[63]
          -idir .D[64]
          -idir .D[65]
          -idir .D[66]
          -idir .D[67]
          -idir .D[68]
          -idir .D[69]
          -idir .D[70]
          -idir .D[71]
          -idir .D[72]
          -idir .D[73]
          -idir .D[74]
          -idir .D[75]
          -idir .D[76]
          -idir .D[77]
          -idir .D[78]
          -idir /opt/softs/nvidia/hpc_sdk/Linux_x86_64/23.1/comm_libs/openmpi/openmpi-3.1.5/include
          -idir /opt/softs/nvidia/hpc_sdk/Linux_x86_64/23.1/comm_libs/openmpi/openmpi-3.1.5/lib
          -inform severe -opt 0 -nosave -object -noonetrip
          -depchk on -nostandard     
          -symbol -noupcase    

Filename: modi_trip_run.F90

(    1) !depfile:trip_run.F90
(    2) MODULE MODI_TRIP_RUN 
(    3) INTERFACE
(    4) SUBROUTINE TRIP_RUN (TPDG, TP, TPG, &
(    5)                      OOASIS, OXIOS,                   &
(    6)                     KLISTING,KLON,KLAT,KNB_TSTEP_RUN, &
(    7)                     PRUNTIME,KLON_OL,KLAT_OL,KNB_OL,  &
(    8)                     KYEAR,KMONTH,KDAY,PTIME           )
(    9) USE MODD_TRIP_DIAG, ONLY : TRIP_DIAG_t
(   10) USE MODD_TRIP,      ONLY : TRIP_t
(   11) USE MODD_TRIP_GRID, ONLY : TRIP_GRID_t
(   12) TYPE(TRIP_DIAG_t), INTENT(INOUT) :: TPDG
(   13) TYPE(TRIP_t),      INTENT(INOUT) :: TP
(   14) TYPE(TRIP_GRID_t), INTENT(INOUT) :: TPG
(   15) LOGICAL, INTENT(IN)  :: OOASIS        ! Oasis coupling or not
(   16) LOGICAL, INTENT(IN)  :: OXIOS         ! Do we use XIOS
(   17) INTEGER, INTENT(IN)  :: KLISTING      ! Listing ID
(   18) INTEGER, INTENT(IN)  :: KLON          ! Number of longitude
(   19) INTEGER, INTENT(IN)  :: KLAT          ! Number of latittude
(   20) INTEGER, INTENT(IN)  :: KNB_TSTEP_RUN ! number of time step in the run
(   21) REAL,    INTENT(IN)  :: PRUNTIME      ! total simulated time
(   22) INTEGER, INTENT(IN)  :: KLON_OL       ! Number of longitude if forcing offline
(   23) INTEGER, INTENT(IN)  :: KLAT_OL       ! Number of latittude if forcing offline
(   24) INTEGER, INTENT(IN)  :: KNB_OL        ! number of time step if forcing offline
(   25) INTEGER, INTENT(OUT) :: KYEAR         ! current year         (UTC)
(   26) INTEGER, INTENT(OUT) :: KMONTH        ! current month        (UTC)
(   27) INTEGER, INTENT(OUT) :: KDAY          ! current day          (UTC)
(   28) REAL,    INTENT(OUT) :: PTIME         ! current time           (s)
(   29) END SUBROUTINE TRIP_RUN
(   30) 






NVFORTRAN (Version     23.1)          02/24/2023  13:51:42      page 3

(   31) END INTERFACE
(   32) END MODULE MODI_TRIP_RUN 






























































NVFORTRAN (Version     23.1)          02/24/2023  13:51:42      page 4

(    1) # 1 "modi_trip_run.F90"
(    1) !depfile:trip_run.F90
(    2) MODULE MODI_TRIP_RUN 
(    3) INTERFACE
(    4) SUBROUTINE TRIP_RUN (TPDG, TP, TPG, &
(    5)                      OOASIS, OXIOS,                   &
(    6)                     KLISTING,KLON,KLAT,KNB_TSTEP_RUN, &
(    7)                     PRUNTIME,KLON_OL,KLAT_OL,KNB_OL,  &
(    8)                     KYEAR,KMONTH,KDAY,PTIME           )
(    9) USE MODD_TRIP_DIAG, ONLY : TRIP_DIAG_t
(   10) USE MODD_TRIP,      ONLY : TRIP_t
(   11) USE MODD_TRIP_GRID, ONLY : TRIP_GRID_t
(   12) TYPE(TRIP_DIAG_t), INTENT(INOUT) :: TPDG
(   13) TYPE(TRIP_t),      INTENT(INOUT) :: TP
(   14) TYPE(TRIP_GRID_t), INTENT(INOUT) :: TPG
(   15) LOGICAL, INTENT(IN)  :: OOASIS        ! Oasis coupling or not
(   16) LOGICAL, INTENT(IN)  :: OXIOS         ! Do we use XIOS
(   17) INTEGER, INTENT(IN)  :: KLISTING      ! Listing ID
(   18) INTEGER, INTENT(IN)  :: KLON          ! Number of longitude
(   19) INTEGER, INTENT(IN)  :: KLAT          ! Number of latittude
(   20) INTEGER, INTENT(IN)  :: KNB_TSTEP_RUN ! number of time step in the run
(   21) REAL,    INTENT(IN)  :: PRUNTIME      ! total simulated time
(   22) INTEGER, INTENT(IN)  :: KLON_OL       ! Number of longitude if forcing offline
(   23) INTEGER, INTENT(IN)  :: KLAT_OL       ! Number of latittude if forcing offline
(   24) INTEGER, INTENT(IN)  :: KNB_OL        ! number of time step if forcing offline
(   25) INTEGER, INTENT(OUT) :: KYEAR         ! current year         (UTC)
(   26) INTEGER, INTENT(OUT) :: KMONTH        ! current month        (UTC)
(   27) INTEGER, INTENT(OUT) :: KDAY          ! current day          (UTC)
(   28) REAL,    INTENT(OUT) :: PTIME         ! current time           (s)
(   29) END SUBROUTINE TRIP_RUN
(   30) # 31 "modi_trip_run.F90"
(   31) END INTERFACE
(   32) END MODULE MODI_TRIP_RUN 
