


NVFORTRAN (Version     23.1)          02/24/2023  13:31:01      page 1

Switches: -noasm -nodclchk -debug -nodlines -line -list
          -idir .D[1]
          -idir .D[2]
          -idir .D[3]
          -idir .D[4]
          -idir .D[5]
          -idir .D[6]
          -idir .D[7]
          -idir .D[8]
          -idir .D[9]
          -idir .D[10]
          -idir .D[11]
          -idir .D[12]
          -idir .D[13]
          -idir .D[14]
          -idir .D[15]
          -idir .D[16]
          -idir .D[17]
          -idir .D[18]
          -idir .D[19]
          -idir .D[20]
          -idir .D[21]
          -idir .D[22]
          -idir .D[23]
          -idir .D[24]
          -idir .D[25]
          -idir .D[26]
          -idir .D[27]
          -idir .D[28]
          -idir .D[29]
          -idir .D[30]
          -idir .D[31]
          -idir .D[32]
          -idir .D[33]
          -idir .D[34]
          -idir .D[35]
          -idir .D[36]
          -idir .D[37]
          -idir .D[38]
          -idir .D[39]
          -idir .D[40]
          -idir .D[41]
          -idir .D[42]
          -idir .D[43]
          -idir .D[44]
          -idir .D[45]
          -idir .D[46]
          -idir .D[47]
          -idir .D[48]
          -idir .D[49]
          -idir .D[50]
          -idir .D[51]
          -idir .D[52]
          -idir .D[53]
          -idir .D[54]
          -idir .D[55]
          -idir .D[56]
          -idir .D[57]






NVFORTRAN (Version     23.1)          02/24/2023  13:31:01      page 2

          -idir .D[58]
          -idir .D[59]
          -idir .D[60]
          -idir .D[61]
          -idir .D[62]
          -idir .D[63]
          -idir .D[64]
          -idir .D[65]
          -idir .D[66]
          -idir .D[67]
          -idir .D[68]
          -idir .D[69]
          -idir .D[70]
          -idir .D[71]
          -idir .D[72]
          -idir .D[73]
          -idir .D[74]
          -idir .D[75]
          -idir .D[76]
          -idir .D[77]
          -idir .D[78]
          -idir /opt/softs/nvidia/hpc_sdk/Linux_x86_64/23.1/comm_libs/openmpi/openmpi-3.1.5/include
          -idir /opt/softs/nvidia/hpc_sdk/Linux_x86_64/23.1/comm_libs/openmpi/openmpi-3.1.5/lib
          -inform severe -opt 0 -nosave -object -noonetrip
          -depchk on -nostandard     
          -symbol -noupcase    

Filename: modi_forcing_vert_shift.F90

(    1) !depfile:forcing_vert_shift.F90
(    2) MODULE MODI_FORCING_VERT_SHIFT
(    3) INTERFACE
(    4)        SUBROUTINE FORCING_VERT_SHIFT(PZS_ATM,PZS_SURF,PTA_ATM,PQA_ATM,PPA_ATM, &
(    5)                                      PRHOA_ATM,PLW_ATM,PRAIN_ATM,PSNOW_ATM,    &
(    6)                                      PTA_SURF,PQA_SURF,PPA_SURF,PRHOA_SURF,    &
(    7)                                      PLW_SURF,PRAIN_SURF,PSNOW_SURF            )  
(    8) REAL,    DIMENSION(:), INTENT(IN)  :: PZS_ATM     ! orography of atmospheric grid
(    9) REAL,    DIMENSION(:), INTENT(IN)  :: PZS_SURF    ! orography of surface     grid
(   10) REAL,    DIMENSION(:), INTENT(IN)  :: PTA_ATM     ! temperature at atmospheric altitude
(   11) REAL,    DIMENSION(:), INTENT(IN)  :: PQA_ATM     ! humidity    at atmospheric altitude (kg/m3)
(   12) REAL,    DIMENSION(:), INTENT(IN)  :: PPA_ATM     ! pressure    at atmospheric altitude
(   13) REAL,    DIMENSION(:), INTENT(IN)  :: PRHOA_ATM   ! density     at atmospheric altitude
(   14) REAL,    DIMENSION(:), INTENT(IN)  :: PLW_ATM     ! lw rad      at atmospheric altitude
(   15) REAL,    DIMENSION(:), INTENT(IN)  :: PRAIN_ATM   ! rainfall    at atmospheric altitude
(   16) REAL,    DIMENSION(:), INTENT(IN)  :: PSNOW_ATM   ! snowfall    at atmospheric altitude
(   17) REAL,    DIMENSION(:), INTENT(OUT) :: PTA_SURF    ! temperature at surface     altitude
(   18) REAL,    DIMENSION(:), INTENT(OUT) :: PQA_SURF    ! humidity    at surface     altitude (kg/m3)
(   19) REAL,    DIMENSION(:), INTENT(OUT) :: PPA_SURF    ! pressure    at surface     altitude
(   20) REAL,    DIMENSION(:), INTENT(OUT) :: PRHOA_SURF  ! density     at surface     altitude
(   21) REAL,    DIMENSION(:), INTENT(OUT) :: PLW_SURF    ! lw rad      at surface     altitude
(   22) REAL,    DIMENSION(:), INTENT(OUT) :: PRAIN_SURF  ! rainfall    at surface     altitude
(   23) REAL,    DIMENSION(:), INTENT(OUT) :: PSNOW_SURF  ! snowfall    at surface     altitude
(   24) END SUBROUTINE FORCING_VERT_SHIFT
(   25) 
(   26) END INTERFACE
(   27) END MODULE MODI_FORCING_VERT_SHIFT









NVFORTRAN (Version     23.1)          02/24/2023  13:31:01      page 3

(    1) # 1 "modi_forcing_vert_shift.F90"
(    1) !depfile:forcing_vert_shift.F90
(    2) MODULE MODI_FORCING_VERT_SHIFT
(    3) INTERFACE
(    4)        SUBROUTINE FORCING_VERT_SHIFT(PZS_ATM,PZS_SURF,PTA_ATM,PQA_ATM,PPA_ATM, &
(    5)                                      PRHOA_ATM,PLW_ATM,PRAIN_ATM,PSNOW_ATM,    &
(    6)                                      PTA_SURF,PQA_SURF,PPA_SURF,PRHOA_SURF,    &
(    7)                                      PLW_SURF,PRAIN_SURF,PSNOW_SURF            )  
(    8) REAL,    DIMENSION(:), INTENT(IN)  :: PZS_ATM     ! orography of atmospheric grid
(    9) REAL,    DIMENSION(:), INTENT(IN)  :: PZS_SURF    ! orography of surface     grid
(   10) REAL,    DIMENSION(:), INTENT(IN)  :: PTA_ATM     ! temperature at atmospheric altitude
(   11) REAL,    DIMENSION(:), INTENT(IN)  :: PQA_ATM     ! humidity    at atmospheric altitude (kg/m3)
(   12) REAL,    DIMENSION(:), INTENT(IN)  :: PPA_ATM     ! pressure    at atmospheric altitude
(   13) REAL,    DIMENSION(:), INTENT(IN)  :: PRHOA_ATM   ! density     at atmospheric altitude
(   14) REAL,    DIMENSION(:), INTENT(IN)  :: PLW_ATM     ! lw rad      at atmospheric altitude
(   15) REAL,    DIMENSION(:), INTENT(IN)  :: PRAIN_ATM   ! rainfall    at atmospheric altitude
(   16) REAL,    DIMENSION(:), INTENT(IN)  :: PSNOW_ATM   ! snowfall    at atmospheric altitude
(   17) REAL,    DIMENSION(:), INTENT(OUT) :: PTA_SURF    ! temperature at surface     altitude
(   18) REAL,    DIMENSION(:), INTENT(OUT) :: PQA_SURF    ! humidity    at surface     altitude (kg/m3)
(   19) REAL,    DIMENSION(:), INTENT(OUT) :: PPA_SURF    ! pressure    at surface     altitude
(   20) REAL,    DIMENSION(:), INTENT(OUT) :: PRHOA_SURF  ! density     at surface     altitude
(   21) REAL,    DIMENSION(:), INTENT(OUT) :: PLW_SURF    ! lw rad      at surface     altitude
(   22) REAL,    DIMENSION(:), INTENT(OUT) :: PRAIN_SURF  ! rainfall    at surface     altitude
(   23) REAL,    DIMENSION(:), INTENT(OUT) :: PSNOW_SURF  ! snowfall    at surface     altitude
(   24) END SUBROUTINE FORCING_VERT_SHIFT
(   25) # 26 "modi_forcing_vert_shift.F90"
(   26) END INTERFACE
(   27) END MODULE MODI_FORCING_VERT_SHIFT
