


NVFORTRAN (Version     23.1)          02/24/2023  13:52:18      page 1

Switches: -noasm -nodclchk -debug -nodlines -line -list
          -idir .D[1]
          -idir .D[2]
          -idir .D[3]
          -idir .D[4]
          -idir .D[5]
          -idir .D[6]
          -idir .D[7]
          -idir .D[8]
          -idir .D[9]
          -idir .D[10]
          -idir .D[11]
          -idir .D[12]
          -idir .D[13]
          -idir .D[14]
          -idir .D[15]
          -idir .D[16]
          -idir .D[17]
          -idir .D[18]
          -idir .D[19]
          -idir .D[20]
          -idir .D[21]
          -idir .D[22]
          -idir .D[23]
          -idir .D[24]
          -idir .D[25]
          -idir .D[26]
          -idir .D[27]
          -idir .D[28]
          -idir .D[29]
          -idir .D[30]
          -idir .D[31]
          -idir .D[32]
          -idir .D[33]
          -idir .D[34]
          -idir .D[35]
          -idir .D[36]
          -idir .D[37]
          -idir .D[38]
          -idir .D[39]
          -idir .D[40]
          -idir .D[41]
          -idir .D[42]
          -idir .D[43]
          -idir .D[44]
          -idir .D[45]
          -idir .D[46]
          -idir .D[47]
          -idir .D[48]
          -idir .D[49]
          -idir .D[50]
          -idir .D[51]
          -idir .D[52]
          -idir .D[53]
          -idir .D[54]
          -idir .D[55]
          -idir .D[56]
          -idir .D[57]






NVFORTRAN (Version     23.1)          02/24/2023  13:52:18      page 2

          -idir .D[58]
          -idir .D[59]
          -idir .D[60]
          -idir .D[61]
          -idir .D[62]
          -idir .D[63]
          -idir .D[64]
          -idir .D[65]
          -idir .D[66]
          -idir .D[67]
          -idir .D[68]
          -idir .D[69]
          -idir .D[70]
          -idir .D[71]
          -idir .D[72]
          -idir .D[73]
          -idir .D[74]
          -idir .D[75]
          -idir .D[76]
          -idir .D[77]
          -idir .D[78]
          -idir /opt/softs/nvidia/hpc_sdk/Linux_x86_64/23.1/comm_libs/openmpi/openmpi-3.1.5/include
          -idir /opt/softs/nvidia/hpc_sdk/Linux_x86_64/23.1/comm_libs/openmpi/openmpi-3.1.5/lib
          -inform severe -opt 0 -nosave -object -noonetrip
          -depchk on -nostandard     
          -symbol -noupcase    

Filename: modi_isba_canopy.F90

(    1) !depfile:isba_canopy.F90
(    2) MODULE MODI_ISBA_CANOPY 
(    3) INTERFACE
(    4) SUBROUTINE ISBA_CANOPY (PCDRAG, KI, SB, PHEIGHT, PCANOPY_DENSITY, PUW_GROUND, PDUWDU_GROUND, &
(    5)                         PFORC_U, PDFORC_UDU, PFORC_E, PDFORC_EDE)  
(    6) USE MODD_CANOPY_n, ONLY : CANOPY_t
(    7) REAL, INTENT(IN) :: PCDRAG
(    8) INTEGER,                  INTENT(IN)    :: KI        ! number of points
(    9) TYPE(CANOPY_t), INTENT(INOUT) :: SB
(   10) REAL, DIMENSION(KI),      INTENT(IN)    :: PHEIGHT     ! canopy height                       (m)
(   11) REAL, DIMENSION(KI),      INTENT(IN)    :: PCANOPY_DENSITY ! canopy density                  (-)
(   12) REAL, DIMENSION(KI),      INTENT(IN)    :: PUW_GROUND  ! friction flux for ground surface       (m2/s2)
(   13) REAL, DIMENSION(KI),      INTENT(IN)    :: PDUWDU_GROUND  ! derivative of ground friction flux   (m/s)
(   14) REAL, DIMENSION(KI,SB%NLVL), INTENT(OUT)   :: PFORC_U   ! tendency of wind due to canopy drag   (m/s2)
(   15) REAL, DIMENSION(KI,SB%NLVL), INTENT(OUT)   :: PDFORC_UDU! formal derivative of the tendency of
(   16) REAL, DIMENSION(KI,SB%NLVL), INTENT(OUT)   :: PFORC_E   ! tendency of TKE  due to canopy drag   (m2/s3)
(   17) REAL, DIMENSION(KI,SB%NLVL), INTENT(OUT)   :: PDFORC_EDE! formal derivative of the tendency of
(   18) END SUBROUTINE ISBA_CANOPY
(   19) 
(   20) END INTERFACE
(   21) END MODULE MODI_ISBA_CANOPY 















NVFORTRAN (Version     23.1)          02/24/2023  13:52:18      page 3

(    1) # 1 "modi_isba_canopy.F90"
(    1) !depfile:isba_canopy.F90
(    2) MODULE MODI_ISBA_CANOPY 
(    3) INTERFACE
(    4) SUBROUTINE ISBA_CANOPY (PCDRAG, KI, SB, PHEIGHT, PCANOPY_DENSITY, PUW_GROUND, PDUWDU_GROUND, &
(    5)                         PFORC_U, PDFORC_UDU, PFORC_E, PDFORC_EDE)  
(    6) USE MODD_CANOPY_n, ONLY : CANOPY_t
(    7) REAL, INTENT(IN) :: PCDRAG
(    8) INTEGER,                  INTENT(IN)    :: KI        ! number of points
(    9) TYPE(CANOPY_t), INTENT(INOUT) :: SB
(   10) REAL, DIMENSION(KI),      INTENT(IN)    :: PHEIGHT     ! canopy height                       (m)
(   11) REAL, DIMENSION(KI),      INTENT(IN)    :: PCANOPY_DENSITY ! canopy density                  (-)
(   12) REAL, DIMENSION(KI),      INTENT(IN)    :: PUW_GROUND  ! friction flux for ground surface       (m2/s2)
(   13) REAL, DIMENSION(KI),      INTENT(IN)    :: PDUWDU_GROUND  ! derivative of ground friction flux   (m/s)
(   14) REAL, DIMENSION(KI,SB%NLVL), INTENT(OUT)   :: PFORC_U   ! tendency of wind due to canopy drag   (m/s2)
(   15) REAL, DIMENSION(KI,SB%NLVL), INTENT(OUT)   :: PDFORC_UDU! formal derivative of the tendency of
(   16) REAL, DIMENSION(KI,SB%NLVL), INTENT(OUT)   :: PFORC_E   ! tendency of TKE  due to canopy drag   (m2/s3)
(   17) REAL, DIMENSION(KI,SB%NLVL), INTENT(OUT)   :: PDFORC_EDE! formal derivative of the tendency of
(   18) END SUBROUTINE ISBA_CANOPY
(   19) # 20 "modi_isba_canopy.F90"
(   20) END INTERFACE
(   21) END MODULE MODI_ISBA_CANOPY 
