


NVFORTRAN (Version     23.1)          02/24/2023  13:31:43      page 1

Switches: -noasm -nodclchk -debug -nodlines -line -list
          -idir .D[1]
          -idir .D[2]
          -idir .D[3]
          -idir .D[4]
          -idir .D[5]
          -idir .D[6]
          -idir .D[7]
          -idir .D[8]
          -idir .D[9]
          -idir .D[10]
          -idir .D[11]
          -idir .D[12]
          -idir .D[13]
          -idir .D[14]
          -idir .D[15]
          -idir .D[16]
          -idir .D[17]
          -idir .D[18]
          -idir .D[19]
          -idir .D[20]
          -idir .D[21]
          -idir .D[22]
          -idir .D[23]
          -idir .D[24]
          -idir .D[25]
          -idir .D[26]
          -idir .D[27]
          -idir .D[28]
          -idir .D[29]
          -idir .D[30]
          -idir .D[31]
          -idir .D[32]
          -idir .D[33]
          -idir .D[34]
          -idir .D[35]
          -idir .D[36]
          -idir .D[37]
          -idir .D[38]
          -idir .D[39]
          -idir .D[40]
          -idir .D[41]
          -idir .D[42]
          -idir .D[43]
          -idir .D[44]
          -idir .D[45]
          -idir .D[46]
          -idir .D[47]
          -idir .D[48]
          -idir .D[49]
          -idir .D[50]
          -idir .D[51]
          -idir .D[52]
          -idir .D[53]
          -idir .D[54]
          -idir .D[55]
          -idir .D[56]
          -idir .D[57]






NVFORTRAN (Version     23.1)          02/24/2023  13:31:43      page 2

          -idir .D[58]
          -idir .D[59]
          -idir .D[60]
          -idir .D[61]
          -idir .D[62]
          -idir .D[63]
          -idir .D[64]
          -idir .D[65]
          -idir .D[66]
          -idir .D[67]
          -idir .D[68]
          -idir .D[69]
          -idir .D[70]
          -idir .D[71]
          -idir .D[72]
          -idir .D[73]
          -idir .D[74]
          -idir .D[75]
          -idir .D[76]
          -idir .D[77]
          -idir .D[78]
          -idir /opt/softs/nvidia/hpc_sdk/Linux_x86_64/23.1/comm_libs/openmpi/openmpi-3.1.5/include
          -idir /opt/softs/nvidia/hpc_sdk/Linux_x86_64/23.1/comm_libs/openmpi/openmpi-3.1.5/lib
          -inform severe -opt 0 -nosave -object -noonetrip
          -depchk on -nostandard     
          -symbol -noupcase    

Filename: modi_cls_tq.F90

(    1) !depfile:cls_tq.F90
(    2) MODULE MODI_CLS_TQ
(    3) INTERFACE
(    4)        SUBROUTINE CLS_TQ( PTA, PQA, PPA, PPS, PHT, PCD, PCH, PRI, &
(    5)                           PTS, PHU, PZ0H, PH, PTNM, PQNM, PHUNM  )  
(    6) REAL, DIMENSION(:), INTENT(IN)       :: PTA    ! atmospheric temperature
(    7) REAL, DIMENSION(:), INTENT(IN)       :: PQA    ! atmospheric humidity (kg/kg)
(    8) REAL, DIMENSION(:), INTENT(IN)       :: PPA    ! atmospheric level pressure
(    9) REAL, DIMENSION(:), INTENT(IN)       :: PPS    ! surface pressure
(   10) REAL, DIMENSION(:), INTENT(IN)       :: PHT    ! atmospheric level height (temp)
(   11) REAL, DIMENSION(:), INTENT(IN)       :: PCD    ! drag coefficient for momentum
(   12) REAL, DIMENSION(:), INTENT(IN)       :: PCH    ! drag coefficient for heat
(   13) REAL, DIMENSION(:), INTENT(IN)       :: PRI    ! Richardson number
(   14) REAL, DIMENSION(:), INTENT(IN)       :: PTS    ! surface temperature
(   15) REAL, DIMENSION(:), INTENT(IN)       :: PHU    ! near-surface humidity (%)
(   16) REAL, DIMENSION(:), INTENT(IN)       :: PZ0H   ! roughness length for heat
(   17) REAL, DIMENSION(:), INTENT(IN)       :: PH     ! height of diagnostic
(   18) REAL, DIMENSION(:), INTENT(OUT)      :: PTNM   ! temperature at n meters
(   19) REAL, DIMENSION(:), INTENT(OUT)      :: PQNM   ! specific humidity at n meters
(   20) REAL, DIMENSION(:), INTENT(OUT)      :: PHUNM  ! relative humidity at n meters
(   21) END SUBROUTINE CLS_TQ
(   22) 
(   23) END INTERFACE
(   24) END MODULE MODI_CLS_TQ












NVFORTRAN (Version     23.1)          02/24/2023  13:31:43      page 3

(    1) # 1 "modi_cls_tq.F90"
(    1) !depfile:cls_tq.F90
(    2) MODULE MODI_CLS_TQ
(    3) INTERFACE
(    4)        SUBROUTINE CLS_TQ( PTA, PQA, PPA, PPS, PHT, PCD, PCH, PRI, &
(    5)                           PTS, PHU, PZ0H, PH, PTNM, PQNM, PHUNM  )  
(    6) REAL, DIMENSION(:), INTENT(IN)       :: PTA    ! atmospheric temperature
(    7) REAL, DIMENSION(:), INTENT(IN)       :: PQA    ! atmospheric humidity (kg/kg)
(    8) REAL, DIMENSION(:), INTENT(IN)       :: PPA    ! atmospheric level pressure
(    9) REAL, DIMENSION(:), INTENT(IN)       :: PPS    ! surface pressure
(   10) REAL, DIMENSION(:), INTENT(IN)       :: PHT    ! atmospheric level height (temp)
(   11) REAL, DIMENSION(:), INTENT(IN)       :: PCD    ! drag coefficient for momentum
(   12) REAL, DIMENSION(:), INTENT(IN)       :: PCH    ! drag coefficient for heat
(   13) REAL, DIMENSION(:), INTENT(IN)       :: PRI    ! Richardson number
(   14) REAL, DIMENSION(:), INTENT(IN)       :: PTS    ! surface temperature
(   15) REAL, DIMENSION(:), INTENT(IN)       :: PHU    ! near-surface humidity (%)
(   16) REAL, DIMENSION(:), INTENT(IN)       :: PZ0H   ! roughness length for heat
(   17) REAL, DIMENSION(:), INTENT(IN)       :: PH     ! height of diagnostic
(   18) REAL, DIMENSION(:), INTENT(OUT)      :: PTNM   ! temperature at n meters
(   19) REAL, DIMENSION(:), INTENT(OUT)      :: PQNM   ! specific humidity at n meters
(   20) REAL, DIMENSION(:), INTENT(OUT)      :: PHUNM  ! relative humidity at n meters
(   21) END SUBROUTINE CLS_TQ
(   22) # 23 "modi_cls_tq.F90"
(   23) END INTERFACE
(   24) END MODULE MODI_CLS_TQ
