


NVFORTRAN (Version     23.1)          02/24/2023  13:52:10      page 1

Switches: -noasm -nodclchk -debug -nodlines -line -list
          -idir .D[1]
          -idir .D[2]
          -idir .D[3]
          -idir .D[4]
          -idir .D[5]
          -idir .D[6]
          -idir .D[7]
          -idir .D[8]
          -idir .D[9]
          -idir .D[10]
          -idir .D[11]
          -idir .D[12]
          -idir .D[13]
          -idir .D[14]
          -idir .D[15]
          -idir .D[16]
          -idir .D[17]
          -idir .D[18]
          -idir .D[19]
          -idir .D[20]
          -idir .D[21]
          -idir .D[22]
          -idir .D[23]
          -idir .D[24]
          -idir .D[25]
          -idir .D[26]
          -idir .D[27]
          -idir .D[28]
          -idir .D[29]
          -idir .D[30]
          -idir .D[31]
          -idir .D[32]
          -idir .D[33]
          -idir .D[34]
          -idir .D[35]
          -idir .D[36]
          -idir .D[37]
          -idir .D[38]
          -idir .D[39]
          -idir .D[40]
          -idir .D[41]
          -idir .D[42]
          -idir .D[43]
          -idir .D[44]
          -idir .D[45]
          -idir .D[46]
          -idir .D[47]
          -idir .D[48]
          -idir .D[49]
          -idir .D[50]
          -idir .D[51]
          -idir .D[52]
          -idir .D[53]
          -idir .D[54]
          -idir .D[55]
          -idir .D[56]
          -idir .D[57]






NVFORTRAN (Version     23.1)          02/24/2023  13:52:10      page 2

          -idir .D[58]
          -idir .D[59]
          -idir .D[60]
          -idir .D[61]
          -idir .D[62]
          -idir .D[63]
          -idir .D[64]
          -idir .D[65]
          -idir .D[66]
          -idir .D[67]
          -idir .D[68]
          -idir .D[69]
          -idir .D[70]
          -idir .D[71]
          -idir .D[72]
          -idir .D[73]
          -idir .D[74]
          -idir .D[75]
          -idir .D[76]
          -idir .D[77]
          -idir .D[78]
          -idir /opt/softs/nvidia/hpc_sdk/Linux_x86_64/23.1/comm_libs/openmpi/openmpi-3.1.5/include
          -idir /opt/softs/nvidia/hpc_sdk/Linux_x86_64/23.1/comm_libs/openmpi/openmpi-3.1.5/lib
          -inform severe -opt 0 -nosave -object -noonetrip
          -depchk on -nostandard     
          -symbol -noupcase    

Filename: modi_road_layer_e_budget.F90

(    1) !depfile:road_layer_e_budget.F90
(    2) MODULE MODI_ROAD_LAYER_E_BUDGET
(    3) INTERFACE
(    4)     SUBROUTINE ROAD_LAYER_E_BUDGET(T, B, PTSTEP, PDN_ROAD, PRHOA, PAC_ROAD, PAC_ROAD_WAT, &
(    5)                                    PLW_RAD, PPS, PQSAT_ROAD, PDELT_ROAD, PEXNS,           &
(    6)                                    PABS_SW_ROAD, PGSNOW_ROAD, PQ_LOWCAN, PT_LOWCAN,       &
(    7)                                    PTS_WALL_A, PTS_WALL_B, PTSNOW_ROAD, PTS_GARDEN,       &
(    8)                                    PLW_WA_TO_R, PLW_WB_TO_R, PLW_S_TO_R, PLW_WIN_TO_R,    &
(    9)                                    PEMIT_LW_ROAD, PDQS_ROAD, PABS_LW_ROAD, PHFREE_ROAD,   &
(   10)                                    PLEFREE_ROAD, PIMB_ROAD, PRR )
(   11) USE MODD_TEB_n, ONLY : TEB_t
(   12) USE MODD_BEM_n, ONLY : BEM_t
(   13) TYPE(TEB_t), INTENT(INOUT) :: T
(   14) TYPE(BEM_t), INTENT(INOUT) :: B
(   15) REAL,               INTENT(IN)    :: PTSTEP       ! time step
(   16) REAL, DIMENSION(:), INTENT(IN)    :: PDN_ROAD     ! road snow fraction
(   17) REAL, DIMENSION(:), INTENT(IN)    :: PRHOA        ! rho
(   18) REAL, DIMENSION(:), INTENT(IN)    :: PAC_ROAD     ! aerodynamical conductance
(   19) REAL, DIMENSION(:), INTENT(IN)    :: PAC_ROAD_WAT ! aerodynamical conductance
(   20) REAL, DIMENSION(:), INTENT(IN)    :: PLW_RAD      ! atmospheric infrared radiation
(   21) REAL, DIMENSION(:), INTENT(IN)    :: PPS          ! pressure at the surface
(   22) REAL, DIMENSION(:), INTENT(IN)    :: PQSAT_ROAD   ! q_sat(Ts)
(   23) REAL, DIMENSION(:), INTENT(IN)    :: PDELT_ROAD   ! fraction of water
(   24) REAL, DIMENSION(:), INTENT(IN)    :: PEXNS        ! surface Exner function
(   25) REAL, DIMENSION(:), INTENT(IN)    :: PABS_SW_ROAD ! absorbed solar radiation
(   26) REAL, DIMENSION(:), INTENT(IN)    :: PGSNOW_ROAD  ! road snow conduction
(   27) REAL, DIMENSION(:), INTENT(IN)    :: PQ_LOWCAN    ! and specific humidity
(   28) REAL, DIMENSION(:), INTENT(IN)    :: PT_LOWCAN    ! low canyon air temperature
(   29) REAL, DIMENSION(:), INTENT(IN)    :: PTS_WALL_A   ! wall surface temperature
(   30) REAL, DIMENSION(:), INTENT(IN)    :: PTS_WALL_B   ! wall surface temperature






NVFORTRAN (Version     23.1)          02/24/2023  13:52:10      page 3

(   31) REAL, DIMENSION(:), INTENT(IN)    :: PTSNOW_ROAD  ! road snow temperature
(   32) REAL, DIMENSION(:), INTENT(IN)    :: PTS_GARDEN   ! green area surface temperature
(   33) REAL, DIMENSION(:), INTENT(IN)    :: PLW_WA_TO_R   ! LW interactions wall  -> road 
(   34) REAL, DIMENSION(:), INTENT(IN)    :: PLW_WB_TO_R   ! LW interactions wall  -> road 
(   35) REAL, DIMENSION(:), INTENT(IN)    :: PLW_S_TO_R    ! LW interactions sky   -> road 
(   36) REAL, DIMENSION(:), INTENT(IN)    :: PLW_WIN_TO_R ! LW interactions window -> road 
(   37) REAL, DIMENSION(:), INTENT(OUT)   :: PEMIT_LW_ROAD! LW flux emitted by the road (W/m2 of road)
(   38) REAL, DIMENSION(:), INTENT(OUT)   :: PDQS_ROAD    !heat storage inside the road
(   39) REAL, DIMENSION(:), INTENT(OUT)   :: PABS_LW_ROAD ! absorbed infrared rad.
(   40) REAL, DIMENSION(:), INTENT(OUT)   :: PHFREE_ROAD  ! sensible heat flux on the
(   41) REAL, DIMENSION(:), INTENT(OUT)   :: PLEFREE_ROAD ! latent heat flux on the
(   42) REAL, DIMENSION(:), INTENT(OUT)   :: PIMB_ROAD    ! road residual energy imbalance 
(   43) REAL, DIMENSION(:), INTENT(IN)    :: PRR          ! rain rate [kg m-2 s-1]
(   44) END SUBROUTINE ROAD_LAYER_E_BUDGET
(   45) 
(   46) END INTERFACE
(   47) END MODULE MODI_ROAD_LAYER_E_BUDGET















































NVFORTRAN (Version     23.1)          02/24/2023  13:52:10      page 4

(    1) # 1 "modi_road_layer_e_budget.F90"
(    1) !depfile:road_layer_e_budget.F90
(    2) MODULE MODI_ROAD_LAYER_E_BUDGET
(    3) INTERFACE
(    4)     SUBROUTINE ROAD_LAYER_E_BUDGET(T, B, PTSTEP, PDN_ROAD, PRHOA, PAC_ROAD, PAC_ROAD_WAT, &
(    5)                                    PLW_RAD, PPS, PQSAT_ROAD, PDELT_ROAD, PEXNS,           &
(    6)                                    PABS_SW_ROAD, PGSNOW_ROAD, PQ_LOWCAN, PT_LOWCAN,       &
(    7)                                    PTS_WALL_A, PTS_WALL_B, PTSNOW_ROAD, PTS_GARDEN,       &
(    8)                                    PLW_WA_TO_R, PLW_WB_TO_R, PLW_S_TO_R, PLW_WIN_TO_R,    &
(    9)                                    PEMIT_LW_ROAD, PDQS_ROAD, PABS_LW_ROAD, PHFREE_ROAD,   &
(   10)                                    PLEFREE_ROAD, PIMB_ROAD, PRR )
(   11) USE MODD_TEB_n, ONLY : TEB_t
(   12) USE MODD_BEM_n, ONLY : BEM_t
(   13) TYPE(TEB_t), INTENT(INOUT) :: T
(   14) TYPE(BEM_t), INTENT(INOUT) :: B
(   15) REAL,               INTENT(IN)    :: PTSTEP       ! time step
(   16) REAL, DIMENSION(:), INTENT(IN)    :: PDN_ROAD     ! road snow fraction
(   17) REAL, DIMENSION(:), INTENT(IN)    :: PRHOA        ! rho
(   18) REAL, DIMENSION(:), INTENT(IN)    :: PAC_ROAD     ! aerodynamical conductance
(   19) REAL, DIMENSION(:), INTENT(IN)    :: PAC_ROAD_WAT ! aerodynamical conductance
(   20) REAL, DIMENSION(:), INTENT(IN)    :: PLW_RAD      ! atmospheric infrared radiation
(   21) REAL, DIMENSION(:), INTENT(IN)    :: PPS          ! pressure at the surface
(   22) REAL, DIMENSION(:), INTENT(IN)    :: PQSAT_ROAD   ! q_sat(Ts)
(   23) REAL, DIMENSION(:), INTENT(IN)    :: PDELT_ROAD   ! fraction of water
(   24) REAL, DIMENSION(:), INTENT(IN)    :: PEXNS        ! surface Exner function
(   25) REAL, DIMENSION(:), INTENT(IN)    :: PABS_SW_ROAD ! absorbed solar radiation
(   26) REAL, DIMENSION(:), INTENT(IN)    :: PGSNOW_ROAD  ! road snow conduction
(   27) REAL, DIMENSION(:), INTENT(IN)    :: PQ_LOWCAN    ! and specific humidity
(   28) REAL, DIMENSION(:), INTENT(IN)    :: PT_LOWCAN    ! low canyon air temperature
(   29) REAL, DIMENSION(:), INTENT(IN)    :: PTS_WALL_A   ! wall surface temperature
(   30) REAL, DIMENSION(:), INTENT(IN)    :: PTS_WALL_B   ! wall surface temperature
(   31) REAL, DIMENSION(:), INTENT(IN)    :: PTSNOW_ROAD  ! road snow temperature
(   32) REAL, DIMENSION(:), INTENT(IN)    :: PTS_GARDEN   ! green area surface temperature
(   33) REAL, DIMENSION(:), INTENT(IN)    :: PLW_WA_TO_R   ! LW interactions wall  -> road 
(   34) REAL, DIMENSION(:), INTENT(IN)    :: PLW_WB_TO_R   ! LW interactions wall  -> road 
(   35) REAL, DIMENSION(:), INTENT(IN)    :: PLW_S_TO_R    ! LW interactions sky   -> road 
(   36) REAL, DIMENSION(:), INTENT(IN)    :: PLW_WIN_TO_R ! LW interactions window -> road 
(   37) REAL, DIMENSION(:), INTENT(OUT)   :: PEMIT_LW_ROAD! LW flux emitted by the road (W/m2 of road)
(   38) REAL, DIMENSION(:), INTENT(OUT)   :: PDQS_ROAD    !heat storage inside the road
(   39) REAL, DIMENSION(:), INTENT(OUT)   :: PABS_LW_ROAD ! absorbed infrared rad.
(   40) REAL, DIMENSION(:), INTENT(OUT)   :: PHFREE_ROAD  ! sensible heat flux on the
(   41) REAL, DIMENSION(:), INTENT(OUT)   :: PLEFREE_ROAD ! latent heat flux on the
(   42) REAL, DIMENSION(:), INTENT(OUT)   :: PIMB_ROAD    ! road residual energy imbalance 
(   43) REAL, DIMENSION(:), INTENT(IN)    :: PRR          ! rain rate [kg m-2 s-1]
(   44) END SUBROUTINE ROAD_LAYER_E_BUDGET
(   45) # 46 "modi_road_layer_e_budget.F90"
(   46) END INTERFACE
(   47) END MODULE MODI_ROAD_LAYER_E_BUDGET
