


NVFORTRAN (Version     23.1)          02/24/2023  13:31:11      page 1

Switches: -noasm -nodclchk -debug -nodlines -line -list
          -idir .D[1]
          -idir .D[2]
          -idir .D[3]
          -idir .D[4]
          -idir .D[5]
          -idir .D[6]
          -idir .D[7]
          -idir .D[8]
          -idir .D[9]
          -idir .D[10]
          -idir .D[11]
          -idir .D[12]
          -idir .D[13]
          -idir .D[14]
          -idir .D[15]
          -idir .D[16]
          -idir .D[17]
          -idir .D[18]
          -idir .D[19]
          -idir .D[20]
          -idir .D[21]
          -idir .D[22]
          -idir .D[23]
          -idir .D[24]
          -idir .D[25]
          -idir .D[26]
          -idir .D[27]
          -idir .D[28]
          -idir .D[29]
          -idir .D[30]
          -idir .D[31]
          -idir .D[32]
          -idir .D[33]
          -idir .D[34]
          -idir .D[35]
          -idir .D[36]
          -idir .D[37]
          -idir .D[38]
          -idir .D[39]
          -idir .D[40]
          -idir .D[41]
          -idir .D[42]
          -idir .D[43]
          -idir .D[44]
          -idir .D[45]
          -idir .D[46]
          -idir .D[47]
          -idir .D[48]
          -idir .D[49]
          -idir .D[50]
          -idir .D[51]
          -idir .D[52]
          -idir .D[53]
          -idir .D[54]
          -idir .D[55]
          -idir .D[56]
          -idir .D[57]






NVFORTRAN (Version     23.1)          02/24/2023  13:31:11      page 2

          -idir .D[58]
          -idir .D[59]
          -idir .D[60]
          -idir .D[61]
          -idir .D[62]
          -idir .D[63]
          -idir .D[64]
          -idir .D[65]
          -idir .D[66]
          -idir .D[67]
          -idir .D[68]
          -idir .D[69]
          -idir .D[70]
          -idir .D[71]
          -idir .D[72]
          -idir .D[73]
          -idir .D[74]
          -idir .D[75]
          -idir .D[76]
          -idir .D[77]
          -idir .D[78]
          -idir /opt/softs/nvidia/hpc_sdk/Linux_x86_64/23.1/comm_libs/openmpi/openmpi-3.1.5/include
          -idir /opt/softs/nvidia/hpc_sdk/Linux_x86_64/23.1/comm_libs/openmpi/openmpi-3.1.5/lib
          -inform severe -opt 0 -nosave -object -noonetrip
          -depchk on -nostandard     
          -symbol -noupcase    

Filename: modi_modi_glt_vhdslab_r.F90

(    1) !depfile:modi_glt_vhdslab_r.F90
(    2) MODULE MODI_glt_vhdslab_r
(    3) INTERFACE
(    4) SUBROUTINE glt_vhdslab_r  &
(    5)         ( kit,pnsftop,pswtra,pderiv,  &
(    6)           pcondb,ptsfa,pqtopmelt,pdh,ptsia,osmelt,  &
(    7)           pcondt_m,pg1,pg2,pmlf,pnsftop0,ptsf0,ptsfb,llredo,&
(    8)           petai,petaik,petaikp1,pinvetai,pkodzi,prhocpsi,ptsi_m0,ptsi0, &
(    9)           nilay,nl,noutlu,lp3,lp4,lp5,lwg,xswhdfr,&
(   10)           osnow)
(   11)   INTEGER, INTENT(in) ::  &
(   12)     kit,nl,nilay,noutlu
(   13)   LOGICAL, INTENT(in) ::  &
(   14)     lwg,lp3,lp4,lp5,llredo
(   15)   REAL, INTENT(in) ::  &
(   16)     pnsftop,xswhdfr,pg1,pg2,pmlf,pnsftop0,ptsf0,ptsfb
(   17)   REAL, DIMENSION(nl), INTENT(in) ::  &
(   18)     pswtra
(   19)   REAL, INTENT(inout) ::  &
(   20)     pderiv,pcondt_m
(   21)   REAL, INTENT(out) ::  &
(   22)     pcondb,ptsfa,pqtopmelt
(   23)   REAL, DIMENSION(nilay+1), INTENT(out) ::  &
(   24)     pdh
(   25)   REAL, DIMENSION(0:nilay), INTENT(out) ::  &
(   26)     ptsia
(   27)   LOGICAL, INTENT(out) ::  &
(   28)     osmelt
(   29)   LOGICAL, OPTIONAL, INTENT(in) ::  &
(   30)     osnow






NVFORTRAN (Version     23.1)          02/24/2023  13:31:11      page 3

(   31) REAL, DIMENSION(0:nilay), INTENT(in) ::  &
(   32)           petai,pinvetai,petaik,petaikp1,ptsi_m0,ptsi0
(   33) REAL, DIMENSION(0:nilay+1), INTENT(in) ::  &
(   34)           pkodzi
(   35) REAL, DIMENSION(nilay), INTENT(in) ::  &
(   36)           prhocpsi
(   37)   END SUBROUTINE glt_vhdslab_r
(   38) 
(   39) END INTERFACE
(   40) END MODULE MODI_glt_vhdslab_r






















































NVFORTRAN (Version     23.1)          02/24/2023  13:31:11      page 4

(    1) # 1 "modi_modi_glt_vhdslab_r.F90"
(    1) !depfile:modi_glt_vhdslab_r.F90
(    2) MODULE MODI_glt_vhdslab_r
(    3) INTERFACE
(    4) SUBROUTINE glt_vhdslab_r  &
(    5)         ( kit,pnsftop,pswtra,pderiv,  &
(    6)           pcondb,ptsfa,pqtopmelt,pdh,ptsia,osmelt,  &
(    7)           pcondt_m,pg1,pg2,pmlf,pnsftop0,ptsf0,ptsfb,llredo,&
(    8)           petai,petaik,petaikp1,pinvetai,pkodzi,prhocpsi,ptsi_m0,ptsi0, &
(    9)           nilay,nl,noutlu,lp3,lp4,lp5,lwg,xswhdfr,&
(   10)           osnow)
(   11)   INTEGER, INTENT(in) ::  &
(   12)     kit,nl,nilay,noutlu
(   13)   LOGICAL, INTENT(in) ::  &
(   14)     lwg,lp3,lp4,lp5,llredo
(   15)   REAL, INTENT(in) ::  &
(   16)     pnsftop,xswhdfr,pg1,pg2,pmlf,pnsftop0,ptsf0,ptsfb
(   17)   REAL, DIMENSION(nl), INTENT(in) ::  &
(   18)     pswtra
(   19)   REAL, INTENT(inout) ::  &
(   20)     pderiv,pcondt_m
(   21)   REAL, INTENT(out) ::  &
(   22)     pcondb,ptsfa,pqtopmelt
(   23)   REAL, DIMENSION(nilay+1), INTENT(out) ::  &
(   24)     pdh
(   25)   REAL, DIMENSION(0:nilay), INTENT(out) ::  &
(   26)     ptsia
(   27)   LOGICAL, INTENT(out) ::  &
(   28)     osmelt
(   29)   LOGICAL, OPTIONAL, INTENT(in) ::  &
(   30)     osnow
(   31) REAL, DIMENSION(0:nilay), INTENT(in) ::  &
(   32)           petai,pinvetai,petaik,petaikp1,ptsi_m0,ptsi0
(   33) REAL, DIMENSION(0:nilay+1), INTENT(in) ::  &
(   34)           pkodzi
(   35) REAL, DIMENSION(nilay), INTENT(in) ::  &
(   36)           prhocpsi
(   37)   END SUBROUTINE glt_vhdslab_r
(   38) # 39 "modi_modi_glt_vhdslab_r.F90"
(   39) END INTERFACE
(   40) END MODULE MODI_glt_vhdslab_r
