


NVFORTRAN (Version     23.1)          02/24/2023  13:32:10      page 1

Switches: -noasm -nodclchk -debug -nodlines -line -list
          -idir .D[1]
          -idir .D[2]
          -idir .D[3]
          -idir .D[4]
          -idir .D[5]
          -idir .D[6]
          -idir .D[7]
          -idir .D[8]
          -idir .D[9]
          -idir .D[10]
          -idir .D[11]
          -idir .D[12]
          -idir .D[13]
          -idir .D[14]
          -idir .D[15]
          -idir .D[16]
          -idir .D[17]
          -idir .D[18]
          -idir .D[19]
          -idir .D[20]
          -idir .D[21]
          -idir .D[22]
          -idir .D[23]
          -idir .D[24]
          -idir .D[25]
          -idir .D[26]
          -idir .D[27]
          -idir .D[28]
          -idir .D[29]
          -idir .D[30]
          -idir .D[31]
          -idir .D[32]
          -idir .D[33]
          -idir .D[34]
          -idir .D[35]
          -idir .D[36]
          -idir .D[37]
          -idir .D[38]
          -idir .D[39]
          -idir .D[40]
          -idir .D[41]
          -idir .D[42]
          -idir .D[43]
          -idir .D[44]
          -idir .D[45]
          -idir .D[46]
          -idir .D[47]
          -idir .D[48]
          -idir .D[49]
          -idir .D[50]
          -idir .D[51]
          -idir .D[52]
          -idir .D[53]
          -idir .D[54]
          -idir .D[55]
          -idir .D[56]
          -idir .D[57]






NVFORTRAN (Version     23.1)          02/24/2023  13:32:10      page 2

          -idir .D[58]
          -idir .D[59]
          -idir .D[60]
          -idir .D[61]
          -idir .D[62]
          -idir .D[63]
          -idir .D[64]
          -idir .D[65]
          -idir .D[66]
          -idir .D[67]
          -idir .D[68]
          -idir .D[69]
          -idir .D[70]
          -idir .D[71]
          -idir .D[72]
          -idir .D[73]
          -idir .D[74]
          -idir .D[75]
          -idir .D[76]
          -idir .D[77]
          -idir .D[78]
          -idir /opt/softs/nvidia/hpc_sdk/Linux_x86_64/23.1/comm_libs/openmpi/openmpi-3.1.5/include
          -idir /opt/softs/nvidia/hpc_sdk/Linux_x86_64/23.1/comm_libs/openmpi/openmpi-3.1.5/lib
          -inform severe -opt 0 -nosave -object -noonetrip
          -depchk on -nostandard     
          -symbol -noupcase    

Filename: modi_default_diag_isba.F90

(    1) !depfile:default_diag_isba.F90
(    2) MODULE MODI_DEFAULT_DIAG_ISBA
(    3) INTERFACE
(    4)       SUBROUTINE DEFAULT_DIAG_ISBA(K2M,OSURF_BUDGET,O2M_MIN_ZS,ORAD_BUDGET, &
(    5)                                    OCOEF,OSURF_VARS,OSURF_EVAP_BUDGET,      &
(    6)                                    OSURF_MISC_BUDGET,OSURF_DIAG_ALBEDO,     &
(    7)                                    OSURF_BUDGETC,OSURF_MISC_DIF,            &
(    8)                                    OPATCH_BUDGET,OPGD,ORESET_BUDGETC,       &
(    9)                                    OWATER_BUDGET,OPROSNOW,OPROBANDS,        &
(   10)                                    OVOLUMETRIC_SNOWLIQ,PDIAG_TSTEP          )  
(   11) INTEGER,  INTENT(OUT) :: K2M                ! flag for operational 2m quantities
(   12) LOGICAL,  INTENT(OUT) :: OSURF_BUDGET       ! flag for surface budget
(   13) LOGICAL,  INTENT(OUT) :: O2M_MIN_ZS
(   14) LOGICAL,  INTENT(OUT) :: ORAD_BUDGET        ! flag for radiative budget
(   15) LOGICAL,  INTENT(OUT) :: OCOEF
(   16) LOGICAL,  INTENT(OUT) :: OSURF_VARS
(   17) LOGICAL,  INTENT(OUT) :: OSURF_EVAP_BUDGET  ! flag for surface evaporation budget
(   18) LOGICAL,  INTENT(OUT) :: OSURF_MISC_BUDGET  ! flag for surface miscellaneous budget
(   19) LOGICAL,  INTENT(OUT) :: OSURF_DIAG_ALBEDO  ! flag for albedo
(   20) LOGICAL,  INTENT(OUT) :: OSURF_BUDGETC      ! flag for cumulated surface budget
(   21) LOGICAL,  INTENT(OUT) :: OSURF_MISC_DIF     ! flag for surface miscellaneous dif variables
(   22) LOGICAL,  INTENT(OUT) :: OPATCH_BUDGET      ! flag for patch output
(   23) LOGICAL,  INTENT(OUT) :: OPGD               ! flag for PGD fields
(   24) LOGICAL,  INTENT(OUT) :: ORESET_BUDGETC     ! flag for cumulated surface budget
(   25) LOGICAL,  INTENT(OUT) :: OWATER_BUDGET      ! flag for isba water budget
(   26) LOGICAL,  INTENT(OUT) :: OPROSNOW           ! flag for Crocus-MEPRA diagnostics
(   27) LOGICAL, INTENT(OUT)  :: OPROBANDS          ! flag for Crocus spectral output
(   28) LOGICAL,  INTENT(OUT) :: OVOLUMETRIC_SNOWLIQ ! volumetric snow liquid water content (kg m-3)
(   29) REAL,     INTENT(OUT) :: PDIAG_TSTEP        ! time-step for writing
(   30) END SUBROUTINE DEFAULT_DIAG_ISBA






NVFORTRAN (Version     23.1)          02/24/2023  13:32:10      page 3

(   31) 
(   32) END INTERFACE
(   33) END MODULE MODI_DEFAULT_DIAG_ISBA





























































NVFORTRAN (Version     23.1)          02/24/2023  13:32:10      page 4

(    1) # 1 "modi_default_diag_isba.F90"
(    1) !depfile:default_diag_isba.F90
(    2) MODULE MODI_DEFAULT_DIAG_ISBA
(    3) INTERFACE
(    4)       SUBROUTINE DEFAULT_DIAG_ISBA(K2M,OSURF_BUDGET,O2M_MIN_ZS,ORAD_BUDGET, &
(    5)                                    OCOEF,OSURF_VARS,OSURF_EVAP_BUDGET,      &
(    6)                                    OSURF_MISC_BUDGET,OSURF_DIAG_ALBEDO,     &
(    7)                                    OSURF_BUDGETC,OSURF_MISC_DIF,            &
(    8)                                    OPATCH_BUDGET,OPGD,ORESET_BUDGETC,       &
(    9)                                    OWATER_BUDGET,OPROSNOW,OPROBANDS,        &
(   10)                                    OVOLUMETRIC_SNOWLIQ,PDIAG_TSTEP          )  
(   11) INTEGER,  INTENT(OUT) :: K2M                ! flag for operational 2m quantities
(   12) LOGICAL,  INTENT(OUT) :: OSURF_BUDGET       ! flag for surface budget
(   13) LOGICAL,  INTENT(OUT) :: O2M_MIN_ZS
(   14) LOGICAL,  INTENT(OUT) :: ORAD_BUDGET        ! flag for radiative budget
(   15) LOGICAL,  INTENT(OUT) :: OCOEF
(   16) LOGICAL,  INTENT(OUT) :: OSURF_VARS
(   17) LOGICAL,  INTENT(OUT) :: OSURF_EVAP_BUDGET  ! flag for surface evaporation budget
(   18) LOGICAL,  INTENT(OUT) :: OSURF_MISC_BUDGET  ! flag for surface miscellaneous budget
(   19) LOGICAL,  INTENT(OUT) :: OSURF_DIAG_ALBEDO  ! flag for albedo
(   20) LOGICAL,  INTENT(OUT) :: OSURF_BUDGETC      ! flag for cumulated surface budget
(   21) LOGICAL,  INTENT(OUT) :: OSURF_MISC_DIF     ! flag for surface miscellaneous dif variables
(   22) LOGICAL,  INTENT(OUT) :: OPATCH_BUDGET      ! flag for patch output
(   23) LOGICAL,  INTENT(OUT) :: OPGD               ! flag for PGD fields
(   24) LOGICAL,  INTENT(OUT) :: ORESET_BUDGETC     ! flag for cumulated surface budget
(   25) LOGICAL,  INTENT(OUT) :: OWATER_BUDGET      ! flag for isba water budget
(   26) LOGICAL,  INTENT(OUT) :: OPROSNOW           ! flag for Crocus-MEPRA diagnostics
(   27) LOGICAL, INTENT(OUT)  :: OPROBANDS          ! flag for Crocus spectral output
(   28) LOGICAL,  INTENT(OUT) :: OVOLUMETRIC_SNOWLIQ ! volumetric snow liquid water content (kg m-3)
(   29) REAL,     INTENT(OUT) :: PDIAG_TSTEP        ! time-step for writing
(   30) END SUBROUTINE DEFAULT_DIAG_ISBA
(   31) # 32 "modi_default_diag_isba.F90"
(   32) END INTERFACE
(   33) END MODULE MODI_DEFAULT_DIAG_ISBA
