


NVFORTRAN (Version     23.1)          02/24/2023  13:58:02      page 1

Switches: -noasm -nodclchk -debug -nodlines -line -list
          -idir .D[1]
          -idir .D[2]
          -idir .D[3]
          -idir .D[4]
          -idir .D[5]
          -idir .D[6]
          -idir .D[7]
          -idir .D[8]
          -idir .D[9]
          -idir .D[10]
          -idir .D[11]
          -idir .D[12]
          -idir .D[13]
          -idir .D[14]
          -idir .D[15]
          -idir .D[16]
          -idir .D[17]
          -idir .D[18]
          -idir .D[19]
          -idir .D[20]
          -idir .D[21]
          -idir .D[22]
          -idir .D[23]
          -idir .D[24]
          -idir .D[25]
          -idir .D[26]
          -idir .D[27]
          -idir .D[28]
          -idir .D[29]
          -idir .D[30]
          -idir .D[31]
          -idir .D[32]
          -idir .D[33]
          -idir .D[34]
          -idir .D[35]
          -idir .D[36]
          -idir .D[37]
          -idir .D[38]
          -idir .D[39]
          -idir .D[40]
          -idir .D[41]
          -idir .D[42]
          -idir .D[43]
          -idir .D[44]
          -idir .D[45]
          -idir .D[46]
          -idir .D[47]
          -idir .D[48]
          -idir .D[49]
          -idir .D[50]
          -idir .D[51]
          -idir .D[52]
          -idir .D[53]
          -idir .D[54]
          -idir .D[55]
          -idir .D[56]
          -idir .D[57]






NVFORTRAN (Version     23.1)          02/24/2023  13:58:02      page 2

          -idir .D[58]
          -idir .D[59]
          -idir .D[60]
          -idir .D[61]
          -idir .D[62]
          -idir .D[63]
          -idir .D[64]
          -idir .D[65]
          -idir .D[66]
          -idir .D[67]
          -idir .D[68]
          -idir .D[69]
          -idir .D[70]
          -idir .D[71]
          -idir .D[72]
          -idir .D[73]
          -idir .D[74]
          -idir .D[75]
          -idir .D[76]
          -idir .D[77]
          -idir .D[78]
          -idir /opt/softs/nvidia/hpc_sdk/Linux_x86_64/23.1/comm_libs/openmpi/openmpi-3.1.5/include
          -idir /opt/softs/nvidia/hpc_sdk/Linux_x86_64/23.1/comm_libs/openmpi/openmpi-3.1.5/lib
          -inform severe -opt 0 -nosave -object -noonetrip
          -depchk on -nostandard     
          -symbol -noupcase    

Filename: modi_flag_diag_update.F90

(    1) !depfile:flag_diag_update.F90
(    2) MODULE MODI_FLAG_DIAG_UPDATE 
(    3) INTERFACE
(    4) SUBROUTINE FLAG_DIAG_UPDATE (FM, IM, SM, TM, WM, DGO, U, SV, &
(    5)                              OFRAC, ODIAG_GRID, K2M, OSURF_BUDGET, ORAD_BUDGET, OCOEF,  &
(    6)                              OSURF_VARS, KBEQ, KDSTEQ, ODIAG_OCEAN, ODIAG_MISC_SEAICE,  &
(    7)                              OWATER_PROFILE, OSURF_EVAP_BUDGET, OFLOOD,  OPGD_ISBA,     &
(    8)                              OCH_NO_FLUX_ISBA, OSURF_MISC_BUDGET_ISBA, OPGD_TEB,        &
(    9)                              OSURF_MISC_BUDGET_TEB    )
(   10) USE MODD_SURFEX_n, ONLY : FLAKE_MODEL_t, ISBA_MODEL_t, SEAFLUX_MODEL_t, &
(   11)                           TEB_MODEL_t, WATFLUX_MODEL_t
(   12) USE MODD_DIAG_n, ONLY : DIAG_OPTIONS_t
(   13) USE MODD_SURF_ATM_n, ONLY : SURF_ATM_t
(   14) USE MODD_SV_n, ONLY : SV_t
(   15) TYPE(FLAKE_MODEL_t), INTENT(INOUT) :: FM
(   16) TYPE(ISBA_MODEL_t), INTENT(INOUT) :: IM
(   17) TYPE(SEAFLUX_MODEL_t), INTENT(INOUT) :: SM
(   18) TYPE(TEB_MODEL_t), INTENT(INOUT) :: TM
(   19) TYPE(WATFLUX_MODEL_t), INTENT(INOUT) :: WM
(   20) TYPE(DIAG_OPTIONS_t), INTENT(INOUT) :: DGO
(   21) TYPE(SURF_ATM_t), INTENT(INOUT) :: U
(   22) TYPE(SV_t), INTENT(INOUT) :: SV
(   23) LOGICAL, INTENT(IN) :: OFRAC
(   24) LOGICAL, INTENT(IN) :: ODIAG_GRID
(   25) INTEGER, INTENT(IN) :: K2M
(   26) LOGICAL, INTENT(IN) :: OSURF_BUDGET
(   27) LOGICAL, INTENT(IN) :: ORAD_BUDGET
(   28) LOGICAL, INTENT(IN) :: OCOEF
(   29) LOGICAL, INTENT(IN) :: OSURF_VARS
(   30) INTEGER, INTENT(IN) :: KBEQ






NVFORTRAN (Version     23.1)          02/24/2023  13:58:02      page 3

(   31) INTEGER, INTENT(IN) :: KDSTEQ
(   32) LOGICAL, INTENT(IN) :: ODIAG_OCEAN
(   33) LOGICAL, INTENT(IN) :: ODIAG_MISC_SEAICE
(   34) LOGICAL, INTENT(IN) :: OWATER_PROFILE
(   35) LOGICAL, INTENT(IN) :: OSURF_EVAP_BUDGET
(   36) LOGICAL, INTENT(IN) :: OFLOOD
(   37) LOGICAL, INTENT(IN) :: OSURF_MISC_BUDGET_ISBA
(   38) LOGICAL, INTENT(IN) :: OCH_NO_FLUX_ISBA
(   39) LOGICAL, INTENT(IN) :: OPGD_ISBA
(   40) LOGICAL, INTENT(IN) :: OSURF_MISC_BUDGET_TEB
(   41) LOGICAL, INTENT(IN) :: OPGD_TEB
(   42) END SUBROUTINE FLAG_DIAG_UPDATE
(   43) 
(   44) END INTERFACE
(   45) END MODULE MODI_FLAG_DIAG_UPDATE 

















































NVFORTRAN (Version     23.1)          02/24/2023  13:58:02      page 4

(    1) # 1 "modi_flag_diag_update.F90"
(    1) !depfile:flag_diag_update.F90
(    2) MODULE MODI_FLAG_DIAG_UPDATE 
(    3) INTERFACE
(    4) SUBROUTINE FLAG_DIAG_UPDATE (FM, IM, SM, TM, WM, DGO, U, SV, &
(    5)                              OFRAC, ODIAG_GRID, K2M, OSURF_BUDGET, ORAD_BUDGET, OCOEF,  &
(    6)                              OSURF_VARS, KBEQ, KDSTEQ, ODIAG_OCEAN, ODIAG_MISC_SEAICE,  &
(    7)                              OWATER_PROFILE, OSURF_EVAP_BUDGET, OFLOOD,  OPGD_ISBA,     &
(    8)                              OCH_NO_FLUX_ISBA, OSURF_MISC_BUDGET_ISBA, OPGD_TEB,        &
(    9)                              OSURF_MISC_BUDGET_TEB    )
(   10) USE MODD_SURFEX_n, ONLY : FLAKE_MODEL_t, ISBA_MODEL_t, SEAFLUX_MODEL_t, &
(   11)                           TEB_MODEL_t, WATFLUX_MODEL_t
(   12) USE MODD_DIAG_n, ONLY : DIAG_OPTIONS_t
(   13) USE MODD_SURF_ATM_n, ONLY : SURF_ATM_t
(   14) USE MODD_SV_n, ONLY : SV_t
(   15) TYPE(FLAKE_MODEL_t), INTENT(INOUT) :: FM
(   16) TYPE(ISBA_MODEL_t), INTENT(INOUT) :: IM
(   17) TYPE(SEAFLUX_MODEL_t), INTENT(INOUT) :: SM
(   18) TYPE(TEB_MODEL_t), INTENT(INOUT) :: TM
(   19) TYPE(WATFLUX_MODEL_t), INTENT(INOUT) :: WM
(   20) TYPE(DIAG_OPTIONS_t), INTENT(INOUT) :: DGO
(   21) TYPE(SURF_ATM_t), INTENT(INOUT) :: U
(   22) TYPE(SV_t), INTENT(INOUT) :: SV
(   23) LOGICAL, INTENT(IN) :: OFRAC
(   24) LOGICAL, INTENT(IN) :: ODIAG_GRID
(   25) INTEGER, INTENT(IN) :: K2M
(   26) LOGICAL, INTENT(IN) :: OSURF_BUDGET
(   27) LOGICAL, INTENT(IN) :: ORAD_BUDGET
(   28) LOGICAL, INTENT(IN) :: OCOEF
(   29) LOGICAL, INTENT(IN) :: OSURF_VARS
(   30) INTEGER, INTENT(IN) :: KBEQ
(   31) INTEGER, INTENT(IN) :: KDSTEQ
(   32) LOGICAL, INTENT(IN) :: ODIAG_OCEAN
(   33) LOGICAL, INTENT(IN) :: ODIAG_MISC_SEAICE
(   34) LOGICAL, INTENT(IN) :: OWATER_PROFILE
(   35) LOGICAL, INTENT(IN) :: OSURF_EVAP_BUDGET
(   36) LOGICAL, INTENT(IN) :: OFLOOD
(   37) LOGICAL, INTENT(IN) :: OSURF_MISC_BUDGET_ISBA
(   38) LOGICAL, INTENT(IN) :: OCH_NO_FLUX_ISBA
(   39) LOGICAL, INTENT(IN) :: OPGD_ISBA
(   40) LOGICAL, INTENT(IN) :: OSURF_MISC_BUDGET_TEB
(   41) LOGICAL, INTENT(IN) :: OPGD_TEB
(   42) END SUBROUTINE FLAG_DIAG_UPDATE
(   43) # 44 "modi_flag_diag_update.F90"
(   44) END INTERFACE
(   45) END MODULE MODI_FLAG_DIAG_UPDATE 
