


NVFORTRAN (Version     23.1)          02/24/2023  13:32:36      page 1

Switches: -noasm -nodclchk -debug -nodlines -line -list
          -idir .D[1]
          -idir .D[2]
          -idir .D[3]
          -idir .D[4]
          -idir .D[5]
          -idir .D[6]
          -idir .D[7]
          -idir .D[8]
          -idir .D[9]
          -idir .D[10]
          -idir .D[11]
          -idir .D[12]
          -idir .D[13]
          -idir .D[14]
          -idir .D[15]
          -idir .D[16]
          -idir .D[17]
          -idir .D[18]
          -idir .D[19]
          -idir .D[20]
          -idir .D[21]
          -idir .D[22]
          -idir .D[23]
          -idir .D[24]
          -idir .D[25]
          -idir .D[26]
          -idir .D[27]
          -idir .D[28]
          -idir .D[29]
          -idir .D[30]
          -idir .D[31]
          -idir .D[32]
          -idir .D[33]
          -idir .D[34]
          -idir .D[35]
          -idir .D[36]
          -idir .D[37]
          -idir .D[38]
          -idir .D[39]
          -idir .D[40]
          -idir .D[41]
          -idir .D[42]
          -idir .D[43]
          -idir .D[44]
          -idir .D[45]
          -idir .D[46]
          -idir .D[47]
          -idir .D[48]
          -idir .D[49]
          -idir .D[50]
          -idir .D[51]
          -idir .D[52]
          -idir .D[53]
          -idir .D[54]
          -idir .D[55]
          -idir .D[56]
          -idir .D[57]






NVFORTRAN (Version     23.1)          02/24/2023  13:32:36      page 2

          -idir .D[58]
          -idir .D[59]
          -idir .D[60]
          -idir .D[61]
          -idir .D[62]
          -idir .D[63]
          -idir .D[64]
          -idir .D[65]
          -idir .D[66]
          -idir .D[67]
          -idir .D[68]
          -idir .D[69]
          -idir .D[70]
          -idir .D[71]
          -idir .D[72]
          -idir .D[73]
          -idir .D[74]
          -idir .D[75]
          -idir .D[76]
          -idir .D[77]
          -idir .D[78]
          -idir /opt/softs/nvidia/hpc_sdk/Linux_x86_64/23.1/comm_libs/openmpi/openmpi-3.1.5/include
          -idir /opt/softs/nvidia/hpc_sdk/Linux_x86_64/23.1/comm_libs/openmpi/openmpi-3.1.5/lib
          -inform severe -opt 0 -nosave -object -noonetrip
          -depchk on -nostandard     
          -symbol -noupcase    

Filename: modi_modi_glt_thermo.F90

(    1) !depfile:modi_glt_thermo.F90
(    2) MODULE MODI_glt_thermo
(    3) INTERFACE
(    4) SUBROUTINE glt_thermo  &
(    5)   (ygltparam,ygltvhd,&
(    6)     tpdom,pustar,tpmxl,tpatm,  &
(    7)     tpblkw,tpblki,tpbud,tpdia,tptfl,tpsit,tpsil,tpsit_d )
(    8)   USE modd_types_glt
(    9)   USE MODD_GLT_VHD, ONLY : t_glt_vhd
(   10)   USE MODD_GLT_PARAM, ONLY : t_glt_param
(   11)   TYPE(t_glt_vhd), INTENT(inout) :: ygltvhd  
(   12)   TYPE(t_glt_param), INTENT(inout) :: ygltparam
(   13)   TYPE(t_dom), DIMENSION(ygltparam%nx,ygltparam%ny), INTENT(in) ::  &
(   14)         tpdom
(   15)   REAL, DIMENSION(ygltparam%nx,ygltparam%ny), INTENT(in) ::  &
(   16)         pustar
(   17)   TYPE(t_mxl), DIMENSION(ygltparam%nx,ygltparam%ny), INTENT(in) ::  &
(   18)         tpmxl
(   19)   TYPE(t_atm), DIMENSION(ygltparam%nx,ygltparam%ny), INTENT(in) ::  &
(   20)         tpatm
(   21)   TYPE(t_blk), DIMENSION(ygltparam%nx,ygltparam%ny), INTENT(inout) ::  &
(   22)         tpblkw
(   23)   TYPE(t_blk), DIMENSION(ygltparam%nt,ygltparam%nx,ygltparam%ny), INTENT(in) ::  &
(   24)         tpblki
(   25)   TYPE(t_bud), DIMENSION(ygltparam%nx,ygltparam%ny), INTENT(inout) ::  &
(   26)         tpbud
(   27)   TYPE(t_dia), DIMENSION(ygltparam%nx,ygltparam%ny), INTENT(inout) ::  &
(   28)         tpdia
(   29)   TYPE(t_tfl), DIMENSION(ygltparam%nx,ygltparam%ny), INTENT(inout) ::  &
(   30)         tptfl






NVFORTRAN (Version     23.1)          02/24/2023  13:32:36      page 3

(   31)   TYPE(t_sit), DIMENSION(ygltparam%nt,ygltparam%nx,ygltparam%ny), INTENT(inout) ::  &
(   32)         tpsit
(   33)   TYPE(t_vtp), DIMENSION(ygltparam%nl,ygltparam%nt,ygltparam%nx,ygltparam%ny), INTENT(inout) ::  &
(   34)         tpsil
(   35)   TYPE(t_sit), DIMENSION(ygltparam%ntd,ygltparam%nx,ygltparam%ny), OPTIONAL, INTENT(in) ::  &
(   36)         tpsit_d
(   37) END SUBROUTINE glt_thermo
(   38) 
(   39) END INTERFACE
(   40) END MODULE MODI_glt_thermo






















































NVFORTRAN (Version     23.1)          02/24/2023  13:32:36      page 4

(    1) # 1 "modi_modi_glt_thermo.F90"
(    1) !depfile:modi_glt_thermo.F90
(    2) MODULE MODI_glt_thermo
(    3) INTERFACE
(    4) SUBROUTINE glt_thermo  &
(    5)   (ygltparam,ygltvhd,&
(    6)     tpdom,pustar,tpmxl,tpatm,  &
(    7)     tpblkw,tpblki,tpbud,tpdia,tptfl,tpsit,tpsil,tpsit_d )
(    8)   USE modd_types_glt
(    9)   USE MODD_GLT_VHD, ONLY : t_glt_vhd
(   10)   USE MODD_GLT_PARAM, ONLY : t_glt_param
(   11)   TYPE(t_glt_vhd), INTENT(inout) :: ygltvhd  
(   12)   TYPE(t_glt_param), INTENT(inout) :: ygltparam
(   13)   TYPE(t_dom), DIMENSION(ygltparam%nx,ygltparam%ny), INTENT(in) ::  &
(   14)         tpdom
(   15)   REAL, DIMENSION(ygltparam%nx,ygltparam%ny), INTENT(in) ::  &
(   16)         pustar
(   17)   TYPE(t_mxl), DIMENSION(ygltparam%nx,ygltparam%ny), INTENT(in) ::  &
(   18)         tpmxl
(   19)   TYPE(t_atm), DIMENSION(ygltparam%nx,ygltparam%ny), INTENT(in) ::  &
(   20)         tpatm
(   21)   TYPE(t_blk), DIMENSION(ygltparam%nx,ygltparam%ny), INTENT(inout) ::  &
(   22)         tpblkw
(   23)   TYPE(t_blk), DIMENSION(ygltparam%nt,ygltparam%nx,ygltparam%ny), INTENT(in) ::  &
(   24)         tpblki
(   25)   TYPE(t_bud), DIMENSION(ygltparam%nx,ygltparam%ny), INTENT(inout) ::  &
(   26)         tpbud
(   27)   TYPE(t_dia), DIMENSION(ygltparam%nx,ygltparam%ny), INTENT(inout) ::  &
(   28)         tpdia
(   29)   TYPE(t_tfl), DIMENSION(ygltparam%nx,ygltparam%ny), INTENT(inout) ::  &
(   30)         tptfl
(   31)   TYPE(t_sit), DIMENSION(ygltparam%nt,ygltparam%nx,ygltparam%ny), INTENT(inout) ::  &
(   32)         tpsit
(   33)   TYPE(t_vtp), DIMENSION(ygltparam%nl,ygltparam%nt,ygltparam%nx,ygltparam%ny), INTENT(inout) ::  &
(   34)         tpsil
(   35)   TYPE(t_sit), DIMENSION(ygltparam%ntd,ygltparam%nx,ygltparam%ny), OPTIONAL, INTENT(in) ::  &
(   36)         tpsit_d
(   37) END SUBROUTINE glt_thermo
(   38) # 39 "modi_modi_glt_thermo.F90"
(   39) END INTERFACE
(   40) END MODULE MODI_glt_thermo
