


NVFORTRAN (Version     23.1)          02/24/2023  13:51:22      page 1

Switches: -noasm -nodclchk -debug -nodlines -line -list
          -idir .D[1]
          -idir .D[2]
          -idir .D[3]
          -idir .D[4]
          -idir .D[5]
          -idir .D[6]
          -idir .D[7]
          -idir .D[8]
          -idir .D[9]
          -idir .D[10]
          -idir .D[11]
          -idir .D[12]
          -idir .D[13]
          -idir .D[14]
          -idir .D[15]
          -idir .D[16]
          -idir .D[17]
          -idir .D[18]
          -idir .D[19]
          -idir .D[20]
          -idir .D[21]
          -idir .D[22]
          -idir .D[23]
          -idir .D[24]
          -idir .D[25]
          -idir .D[26]
          -idir .D[27]
          -idir .D[28]
          -idir .D[29]
          -idir .D[30]
          -idir .D[31]
          -idir .D[32]
          -idir .D[33]
          -idir .D[34]
          -idir .D[35]
          -idir .D[36]
          -idir .D[37]
          -idir .D[38]
          -idir .D[39]
          -idir .D[40]
          -idir .D[41]
          -idir .D[42]
          -idir .D[43]
          -idir .D[44]
          -idir .D[45]
          -idir .D[46]
          -idir .D[47]
          -idir .D[48]
          -idir .D[49]
          -idir .D[50]
          -idir .D[51]
          -idir .D[52]
          -idir .D[53]
          -idir .D[54]
          -idir .D[55]
          -idir .D[56]
          -idir .D[57]






NVFORTRAN (Version     23.1)          02/24/2023  13:51:22      page 2

          -idir .D[58]
          -idir .D[59]
          -idir .D[60]
          -idir .D[61]
          -idir .D[62]
          -idir .D[63]
          -idir .D[64]
          -idir .D[65]
          -idir .D[66]
          -idir .D[67]
          -idir .D[68]
          -idir .D[69]
          -idir .D[70]
          -idir .D[71]
          -idir .D[72]
          -idir .D[73]
          -idir .D[74]
          -idir .D[75]
          -idir .D[76]
          -idir .D[77]
          -idir .D[78]
          -idir /opt/softs/nvidia/hpc_sdk/Linux_x86_64/23.1/comm_libs/openmpi/openmpi-3.1.5/include
          -idir /opt/softs/nvidia/hpc_sdk/Linux_x86_64/23.1/comm_libs/openmpi/openmpi-3.1.5/lib
          -inform severe -opt 0 -nosave -object -noonetrip
          -depchk on -nostandard     
          -symbol -noupcase    

Filename: modi_init_teb_greenroofn.F90

(    1) !depfile:init_teb_greenroofn.F90
(    2) MODULE MODI_INIT_TEB_GREENROOF_n 
(    3) INTERFACE
(    4) SUBROUTINE INIT_TEB_GREENROOF_n (DTCO, U, DMTO, TOP, IO, DTV, K, P, PEK, &
(    5)                                  DK, DEK, DECK, DMK, HPROGRAM,HINIT,KI,KSW,PSW_BANDS,KPATCH)
(    6) USE MODD_DATA_COVER_n, ONLY : DATA_COVER_t
(    7) USE MODD_SURF_ATM_n, ONLY : SURF_ATM_t
(    8) USE MODD_DIAG_MISC_TEB_OPTIONS_n, ONLY : DIAG_MISC_TEB_OPTIONS_t
(    9) USE MODD_TEB_OPTION_n, ONLY : TEB_OPTIONS_t
(   10) USE MODD_ISBA_OPTIONS_n, ONLY : ISBA_OPTIONS_t
(   11) USE MODD_DATA_ISBA_n, ONLY : DATA_ISBA_t
(   12) USE MODD_ISBA_n, ONLY : ISBA_P_t, ISBA_K_t, ISBA_PE_t
(   13) USE MODD_DIAG_n, ONLY : DIAG_t
(   14) USE MODD_DIAG_EVAP_ISBA_n, ONLY : DIAG_EVAP_ISBA_t
(   15) USE MODD_DIAG_MISC_ISBA_n, ONLY : DIAG_MISC_ISBA_t
(   16) USE MODD_TYPE_DATE_SURF
(   17) USE MODD_TYPE_SNOW
(   18) TYPE(DATA_COVER_t), INTENT(INOUT) :: DTCO
(   19) TYPE(SURF_ATM_t), INTENT(INOUT) :: U
(   20) TYPE(DIAG_MISC_TEB_OPTIONS_t), INTENT(INOUT) :: DMTO
(   21) TYPE(TEB_OPTIONS_t), INTENT(INOUT) :: TOP
(   22) TYPE(ISBA_OPTIONS_t), INTENT(INOUT) :: IO
(   23) TYPE(DATA_ISBA_t), INTENT(INOUT) :: DTV
(   24) TYPE(ISBA_K_t), INTENT(INOUT) :: K
(   25) TYPE(ISBA_P_t), INTENT(INOUT) :: P
(   26) TYPE(ISBA_PE_t), INTENT(INOUT) :: PEK
(   27) TYPE(DIAG_t), INTENT(INOUT) :: DK
(   28) TYPE(DIAG_EVAP_ISBA_t), INTENT(INOUT) :: DEK
(   29) TYPE(DIAG_EVAP_ISBA_t), INTENT(INOUT) :: DECK
(   30) TYPE(DIAG_MISC_ISBA_t), INTENT(INOUT) :: DMK






NVFORTRAN (Version     23.1)          02/24/2023  13:51:22      page 3

(   31)  CHARACTER(LEN=6),                   INTENT(IN)  :: HPROGRAM  ! program calling surf. schemes
(   32)  CHARACTER(LEN=3),                   INTENT(IN)  :: HINIT     ! choice of fields to initialize
(   33) INTEGER,                            INTENT(IN)  :: KI        ! number of points
(   34) INTEGER,                            INTENT(IN)  :: KSW       ! number of short-wave spectral bands
(   35) REAL,             DIMENSION(KSW),   INTENT(IN)  :: PSW_BANDS ! middle wavelength of each band
(   36) INTEGER,                            INTENT(IN)  :: KPATCH
(   37) END SUBROUTINE INIT_TEB_GREENROOF_n
(   38) 
(   39) END INTERFACE
(   40) END MODULE MODI_INIT_TEB_GREENROOF_n 






















































NVFORTRAN (Version     23.1)          02/24/2023  13:51:22      page 4

(    1) # 1 "modi_init_teb_greenroofn.F90"
(    1) !depfile:init_teb_greenroofn.F90
(    2) MODULE MODI_INIT_TEB_GREENROOF_n 
(    3) INTERFACE
(    4) SUBROUTINE INIT_TEB_GREENROOF_n (DTCO, U, DMTO, TOP, IO, DTV, K, P, PEK, &
(    5)                                  DK, DEK, DECK, DMK, HPROGRAM,HINIT,KI,KSW,PSW_BANDS,KPATCH)
(    6) USE MODD_DATA_COVER_n, ONLY : DATA_COVER_t
(    7) USE MODD_SURF_ATM_n, ONLY : SURF_ATM_t
(    8) USE MODD_DIAG_MISC_TEB_OPTIONS_n, ONLY : DIAG_MISC_TEB_OPTIONS_t
(    9) USE MODD_TEB_OPTION_n, ONLY : TEB_OPTIONS_t
(   10) USE MODD_ISBA_OPTIONS_n, ONLY : ISBA_OPTIONS_t
(   11) USE MODD_DATA_ISBA_n, ONLY : DATA_ISBA_t
(   12) USE MODD_ISBA_n, ONLY : ISBA_P_t, ISBA_K_t, ISBA_PE_t
(   13) USE MODD_DIAG_n, ONLY : DIAG_t
(   14) USE MODD_DIAG_EVAP_ISBA_n, ONLY : DIAG_EVAP_ISBA_t
(   15) USE MODD_DIAG_MISC_ISBA_n, ONLY : DIAG_MISC_ISBA_t
(   16) USE MODD_TYPE_DATE_SURF
(   17) USE MODD_TYPE_SNOW
(   18) TYPE(DATA_COVER_t), INTENT(INOUT) :: DTCO
(   19) TYPE(SURF_ATM_t), INTENT(INOUT) :: U
(   20) TYPE(DIAG_MISC_TEB_OPTIONS_t), INTENT(INOUT) :: DMTO
(   21) TYPE(TEB_OPTIONS_t), INTENT(INOUT) :: TOP
(   22) TYPE(ISBA_OPTIONS_t), INTENT(INOUT) :: IO
(   23) TYPE(DATA_ISBA_t), INTENT(INOUT) :: DTV
(   24) TYPE(ISBA_K_t), INTENT(INOUT) :: K
(   25) TYPE(ISBA_P_t), INTENT(INOUT) :: P
(   26) TYPE(ISBA_PE_t), INTENT(INOUT) :: PEK
(   27) TYPE(DIAG_t), INTENT(INOUT) :: DK
(   28) TYPE(DIAG_EVAP_ISBA_t), INTENT(INOUT) :: DEK
(   29) TYPE(DIAG_EVAP_ISBA_t), INTENT(INOUT) :: DECK
(   30) TYPE(DIAG_MISC_ISBA_t), INTENT(INOUT) :: DMK
(   31)  CHARACTER(LEN=6),                   INTENT(IN)  :: HPROGRAM  ! program calling surf. schemes
(   32)  CHARACTER(LEN=3),                   INTENT(IN)  :: HINIT     ! choice of fields to initialize
(   33) INTEGER,                            INTENT(IN)  :: KI        ! number of points
(   34) INTEGER,                            INTENT(IN)  :: KSW       ! number of short-wave spectral bands
(   35) REAL,             DIMENSION(KSW),   INTENT(IN)  :: PSW_BANDS ! middle wavelength of each band
(   36) INTEGER,                            INTENT(IN)  :: KPATCH
(   37) END SUBROUTINE INIT_TEB_GREENROOF_n
(   38) # 39 "modi_init_teb_greenroofn.F90"
(   39) END INTERFACE
(   40) END MODULE MODI_INIT_TEB_GREENROOF_n 
