


NVFORTRAN (Version     23.1)          02/24/2023  13:52:36      page 1

Switches: -noasm -nodclchk -debug -nodlines -line -list
          -idir .D[1]
          -idir .D[2]
          -idir .D[3]
          -idir .D[4]
          -idir .D[5]
          -idir .D[6]
          -idir .D[7]
          -idir .D[8]
          -idir .D[9]
          -idir .D[10]
          -idir .D[11]
          -idir .D[12]
          -idir .D[13]
          -idir .D[14]
          -idir .D[15]
          -idir .D[16]
          -idir .D[17]
          -idir .D[18]
          -idir .D[19]
          -idir .D[20]
          -idir .D[21]
          -idir .D[22]
          -idir .D[23]
          -idir .D[24]
          -idir .D[25]
          -idir .D[26]
          -idir .D[27]
          -idir .D[28]
          -idir .D[29]
          -idir .D[30]
          -idir .D[31]
          -idir .D[32]
          -idir .D[33]
          -idir .D[34]
          -idir .D[35]
          -idir .D[36]
          -idir .D[37]
          -idir .D[38]
          -idir .D[39]
          -idir .D[40]
          -idir .D[41]
          -idir .D[42]
          -idir .D[43]
          -idir .D[44]
          -idir .D[45]
          -idir .D[46]
          -idir .D[47]
          -idir .D[48]
          -idir .D[49]
          -idir .D[50]
          -idir .D[51]
          -idir .D[52]
          -idir .D[53]
          -idir .D[54]
          -idir .D[55]
          -idir .D[56]
          -idir .D[57]






NVFORTRAN (Version     23.1)          02/24/2023  13:52:36      page 2

          -idir .D[58]
          -idir .D[59]
          -idir .D[60]
          -idir .D[61]
          -idir .D[62]
          -idir .D[63]
          -idir .D[64]
          -idir .D[65]
          -idir .D[66]
          -idir .D[67]
          -idir .D[68]
          -idir .D[69]
          -idir .D[70]
          -idir .D[71]
          -idir .D[72]
          -idir .D[73]
          -idir .D[74]
          -idir .D[75]
          -idir .D[76]
          -idir .D[77]
          -idir .D[78]
          -idir /opt/softs/nvidia/hpc_sdk/Linux_x86_64/23.1/comm_libs/openmpi/openmpi-3.1.5/include
          -idir /opt/softs/nvidia/hpc_sdk/Linux_x86_64/23.1/comm_libs/openmpi/openmpi-3.1.5/lib
          -inform severe -opt 0 -nosave -object -noonetrip
          -depchk on -nostandard     
          -symbol -noupcase    

Filename: modi_trip_interface.F90

(    1) !depfile:trip_interface.F90
(    2) MODULE MODI_TRIP_INTERFACE 
(    3) INTERFACE
(    4) SUBROUTINE TRIP_INTERFACE (TPDG, TP, TPG, &
(    5)                            KLISTING,KLON,KLAT,PTIME,PTIMEC,    &
(    6)                            OPRINT,KNB_TSTEP_RUN,KNB_TSTEP_DIAG,&
(    7)                            PTSTEP_RUN,PTSTEP_DIAG,PRUNOFF,     &
(    8)                            PDRAIN,PCALVING,PSRC_FLOOD,OXIOS    )
(    9) USE MODD_TRIP_DIAG, ONLY : TRIP_DIAG_t
(   10) USE MODD_TRIP,      ONLY : TRIP_t
(   11) USE MODD_TRIP_GRID, ONLY : TRIP_GRID_t
(   12) TYPE(TRIP_DIAG_t), INTENT(INOUT) :: TPDG
(   13) TYPE(TRIP_t),      INTENT(INOUT) :: TP
(   14) TYPE(TRIP_GRID_t), INTENT(INOUT) :: TPG
(   15) INTEGER,              INTENT(IN)    :: KLISTING       !Output file id
(   16) INTEGER,              INTENT(IN)    :: KLON           !Number of longitude
(   17) INTEGER,              INTENT(IN)    :: KLAT           !Number of latittude
(   18) REAL,                 INTENT(INOUT) :: PTIME          !Current time          (s)
(   19) REAL,                 INTENT(INOUT) :: PTIMEC         !Cumulated time        (s)
(   20) LOGICAL,              INTENT(IN)    :: OPRINT         !print option          [-]
(   21) INTEGER,              INTENT(IN)    :: KNB_TSTEP_RUN  !TSTEP_RUN counter     [-]
(   22) REAL,                 INTENT(IN)    :: PTSTEP_RUN     !Run  timestep         [s]
(   23) REAL,                 INTENT(IN)    :: PTSTEP_DIAG    !Diag timestep         [s]
(   24) INTEGER,              INTENT(INOUT) :: KNB_TSTEP_DIAG !DIAG call counter     [-]
(   25) LOGICAL,              INTENT(IN)    :: OXIOS          !Do we use XIOS
(   26) REAL, DIMENSION(:,:), INTENT(IN)    :: PRUNOFF   !Input surface runoff            [kg/s]
(   27) REAL, DIMENSION(:,:), INTENT(IN)    :: PDRAIN    !Input free drainage             [kg/s]
(   28) REAL, DIMENSION(:,:), INTENT(IN)    :: PCALVING  !Input claving flux from glacier [kg/s]
(   29) REAL, DIMENSION(:,:), INTENT(IN)    :: PSRC_FLOOD! Input P-E-I flood source term  [kg/s]
(   30) END SUBROUTINE TRIP_INTERFACE






NVFORTRAN (Version     23.1)          02/24/2023  13:52:36      page 3

(   31) 
(   32) END INTERFACE
(   33) END MODULE MODI_TRIP_INTERFACE 





























































NVFORTRAN (Version     23.1)          02/24/2023  13:52:36      page 4

(    1) # 1 "modi_trip_interface.F90"
(    1) !depfile:trip_interface.F90
(    2) MODULE MODI_TRIP_INTERFACE 
(    3) INTERFACE
(    4) SUBROUTINE TRIP_INTERFACE (TPDG, TP, TPG, &
(    5)                            KLISTING,KLON,KLAT,PTIME,PTIMEC,    &
(    6)                            OPRINT,KNB_TSTEP_RUN,KNB_TSTEP_DIAG,&
(    7)                            PTSTEP_RUN,PTSTEP_DIAG,PRUNOFF,     &
(    8)                            PDRAIN,PCALVING,PSRC_FLOOD,OXIOS    )
(    9) USE MODD_TRIP_DIAG, ONLY : TRIP_DIAG_t
(   10) USE MODD_TRIP,      ONLY : TRIP_t
(   11) USE MODD_TRIP_GRID, ONLY : TRIP_GRID_t
(   12) TYPE(TRIP_DIAG_t), INTENT(INOUT) :: TPDG
(   13) TYPE(TRIP_t),      INTENT(INOUT) :: TP
(   14) TYPE(TRIP_GRID_t), INTENT(INOUT) :: TPG
(   15) INTEGER,              INTENT(IN)    :: KLISTING       !Output file id
(   16) INTEGER,              INTENT(IN)    :: KLON           !Number of longitude
(   17) INTEGER,              INTENT(IN)    :: KLAT           !Number of latittude
(   18) REAL,                 INTENT(INOUT) :: PTIME          !Current time          (s)
(   19) REAL,                 INTENT(INOUT) :: PTIMEC         !Cumulated time        (s)
(   20) LOGICAL,              INTENT(IN)    :: OPRINT         !print option          [-]
(   21) INTEGER,              INTENT(IN)    :: KNB_TSTEP_RUN  !TSTEP_RUN counter     [-]
(   22) REAL,                 INTENT(IN)    :: PTSTEP_RUN     !Run  timestep         [s]
(   23) REAL,                 INTENT(IN)    :: PTSTEP_DIAG    !Diag timestep         [s]
(   24) INTEGER,              INTENT(INOUT) :: KNB_TSTEP_DIAG !DIAG call counter     [-]
(   25) LOGICAL,              INTENT(IN)    :: OXIOS          !Do we use XIOS
(   26) REAL, DIMENSION(:,:), INTENT(IN)    :: PRUNOFF   !Input surface runoff            [kg/s]
(   27) REAL, DIMENSION(:,:), INTENT(IN)    :: PDRAIN    !Input free drainage             [kg/s]
(   28) REAL, DIMENSION(:,:), INTENT(IN)    :: PCALVING  !Input claving flux from glacier [kg/s]
(   29) REAL, DIMENSION(:,:), INTENT(IN)    :: PSRC_FLOOD! Input P-E-I flood source term  [kg/s]
(   30) END SUBROUTINE TRIP_INTERFACE
(   31) # 32 "modi_trip_interface.F90"
(   32) END INTERFACE
(   33) END MODULE MODI_TRIP_INTERFACE 
