


NVFORTRAN (Version     23.1)          02/24/2023  13:32:46      page 1

Switches: -noasm -nodclchk -debug -nodlines -line -list
          -idir .D[1]
          -idir .D[2]
          -idir .D[3]
          -idir .D[4]
          -idir .D[5]
          -idir .D[6]
          -idir .D[7]
          -idir .D[8]
          -idir .D[9]
          -idir .D[10]
          -idir .D[11]
          -idir .D[12]
          -idir .D[13]
          -idir .D[14]
          -idir .D[15]
          -idir .D[16]
          -idir .D[17]
          -idir .D[18]
          -idir .D[19]
          -idir .D[20]
          -idir .D[21]
          -idir .D[22]
          -idir .D[23]
          -idir .D[24]
          -idir .D[25]
          -idir .D[26]
          -idir .D[27]
          -idir .D[28]
          -idir .D[29]
          -idir .D[30]
          -idir .D[31]
          -idir .D[32]
          -idir .D[33]
          -idir .D[34]
          -idir .D[35]
          -idir .D[36]
          -idir .D[37]
          -idir .D[38]
          -idir .D[39]
          -idir .D[40]
          -idir .D[41]
          -idir .D[42]
          -idir .D[43]
          -idir .D[44]
          -idir .D[45]
          -idir .D[46]
          -idir .D[47]
          -idir .D[48]
          -idir .D[49]
          -idir .D[50]
          -idir .D[51]
          -idir .D[52]
          -idir .D[53]
          -idir .D[54]
          -idir .D[55]
          -idir .D[56]
          -idir .D[57]






NVFORTRAN (Version     23.1)          02/24/2023  13:32:46      page 2

          -idir .D[58]
          -idir .D[59]
          -idir .D[60]
          -idir .D[61]
          -idir .D[62]
          -idir .D[63]
          -idir .D[64]
          -idir .D[65]
          -idir .D[66]
          -idir .D[67]
          -idir .D[68]
          -idir .D[69]
          -idir .D[70]
          -idir .D[71]
          -idir .D[72]
          -idir .D[73]
          -idir .D[74]
          -idir .D[75]
          -idir .D[76]
          -idir .D[77]
          -idir .D[78]
          -idir /opt/softs/nvidia/hpc_sdk/Linux_x86_64/23.1/comm_libs/openmpi/openmpi-3.1.5/include
          -idir /opt/softs/nvidia/hpc_sdk/Linux_x86_64/23.1/comm_libs/openmpi/openmpi-3.1.5/lib
          -inform severe -opt 0 -nosave -object -noonetrip
          -depchk on -nostandard     
          -symbol -noupcase    

Filename: modi_modi_glt_updbud.F90

(    1) !depfile:modi_glt_updbud.F90
(    2) MODULE MODI_glt_updbud
(    3) INTERFACE
(    4) SUBROUTINE glt_updbud  &
(    5)   ( kinit,omsg,tpdom,tpmxl,tptfl,tpatm,tpblkw,tpblki,tpsit,tpsil,tpbud,&
(    6)     niceage,nicesal,nilay,nmponds,nl,noutlu,nprinto,nslay,nsnwrad,nt,nx,ny,dtt,xdomsrf_g,lp1,lp2,lp3,lwg,sf3tinv )
(    7)   USE modd_types_glt
(    8)   INTEGER, INTENT(in) ::  &
(    9)          kinit,noutlu,nsnwrad,nilay,nslay,nicesal,niceage,nmponds,nprinto,nl,nt,nx,ny
(   10)   REAL, INTENT(in) ::  &
(   11)          xdomsrf_g,dtt
(   12)   REAL,DIMENSION(:), INTENT(in) ::  sf3tinv
(   13)   LOGICAL, INTENT(in) ::  &
(   14)          lp1,lp2,lp3,lwg
(   15)   CHARACTER(*), INTENT(in) ::  &
(   16)          omsg
(   17)   TYPE(t_dom), DIMENSION(nx,ny), INTENT(in) ::  &
(   18)         tpdom
(   19)   TYPE(t_mxl), DIMENSION(nx,ny), INTENT(in) ::  &
(   20)         tpmxl
(   21)   TYPE(t_tfl), DIMENSION(nx,ny), INTENT(in) ::  &
(   22)         tptfl
(   23)   TYPE(t_atm), DIMENSION(nx,ny), INTENT(in) ::  &
(   24)         tpatm
(   25)   TYPE(t_blk), DIMENSION(nx,ny), INTENT(in) ::  &
(   26)         tpblkw
(   27)   TYPE(t_blk), DIMENSION(nt,nx,ny), INTENT(in) ::  &
(   28)         tpblki
(   29)   TYPE(t_sit), DIMENSION(nt,nx,ny), INTENT(in) ::  &
(   30)         tpsit






NVFORTRAN (Version     23.1)          02/24/2023  13:32:46      page 3

(   31)   TYPE(t_vtp), DIMENSION(nl,nt,nx,ny), INTENT(in) ::  &
(   32)         tpsil
(   33)   TYPE(t_bud), DIMENSION(nx,ny), INTENT(inout) ::  &
(   34)         tpbud
(   35) END SUBROUTINE glt_updbud
(   36) 
(   37) END INTERFACE
(   38) END MODULE MODI_glt_updbud
























































NVFORTRAN (Version     23.1)          02/24/2023  13:32:46      page 4

(    1) # 1 "modi_modi_glt_updbud.F90"
(    1) !depfile:modi_glt_updbud.F90
(    2) MODULE MODI_glt_updbud
(    3) INTERFACE
(    4) SUBROUTINE glt_updbud  &
(    5)   ( kinit,omsg,tpdom,tpmxl,tptfl,tpatm,tpblkw,tpblki,tpsit,tpsil,tpbud,&
(    6)     niceage,nicesal,nilay,nmponds,nl,noutlu,nprinto,nslay,nsnwrad,nt,nx,ny,dtt,xdomsrf_g,lp1,lp2,lp3,lwg,sf3tinv )
(    7)   USE modd_types_glt
(    8)   INTEGER, INTENT(in) ::  &
(    9)          kinit,noutlu,nsnwrad,nilay,nslay,nicesal,niceage,nmponds,nprinto,nl,nt,nx,ny
(   10)   REAL, INTENT(in) ::  &
(   11)          xdomsrf_g,dtt
(   12)   REAL,DIMENSION(:), INTENT(in) ::  sf3tinv
(   13)   LOGICAL, INTENT(in) ::  &
(   14)          lp1,lp2,lp3,lwg
(   15)   CHARACTER(*), INTENT(in) ::  &
(   16)          omsg
(   17)   TYPE(t_dom), DIMENSION(nx,ny), INTENT(in) ::  &
(   18)         tpdom
(   19)   TYPE(t_mxl), DIMENSION(nx,ny), INTENT(in) ::  &
(   20)         tpmxl
(   21)   TYPE(t_tfl), DIMENSION(nx,ny), INTENT(in) ::  &
(   22)         tptfl
(   23)   TYPE(t_atm), DIMENSION(nx,ny), INTENT(in) ::  &
(   24)         tpatm
(   25)   TYPE(t_blk), DIMENSION(nx,ny), INTENT(in) ::  &
(   26)         tpblkw
(   27)   TYPE(t_blk), DIMENSION(nt,nx,ny), INTENT(in) ::  &
(   28)         tpblki
(   29)   TYPE(t_sit), DIMENSION(nt,nx,ny), INTENT(in) ::  &
(   30)         tpsit
(   31)   TYPE(t_vtp), DIMENSION(nl,nt,nx,ny), INTENT(in) ::  &
(   32)         tpsil
(   33)   TYPE(t_bud), DIMENSION(nx,ny), INTENT(inout) ::  &
(   34)         tpbud
(   35) END SUBROUTINE glt_updbud
(   36) # 37 "modi_modi_glt_updbud.F90"
(   37) END INTERFACE
(   38) END MODULE MODI_glt_updbud
