


NVFORTRAN (Version     23.1)          02/24/2023  13:35:49      page 1

Switches: -noasm -nodclchk -debug -nodlines -line -list
          -idir .D[1]
          -idir .D[2]
          -idir .D[3]
          -idir .D[4]
          -idir .D[5]
          -idir .D[6]
          -idir .D[7]
          -idir .D[8]
          -idir .D[9]
          -idir .D[10]
          -idir .D[11]
          -idir .D[12]
          -idir .D[13]
          -idir .D[14]
          -idir .D[15]
          -idir .D[16]
          -idir .D[17]
          -idir .D[18]
          -idir .D[19]
          -idir .D[20]
          -idir .D[21]
          -idir .D[22]
          -idir .D[23]
          -idir .D[24]
          -idir .D[25]
          -idir .D[26]
          -idir .D[27]
          -idir .D[28]
          -idir .D[29]
          -idir .D[30]
          -idir .D[31]
          -idir .D[32]
          -idir .D[33]
          -idir .D[34]
          -idir .D[35]
          -idir .D[36]
          -idir .D[37]
          -idir .D[38]
          -idir .D[39]
          -idir .D[40]
          -idir .D[41]
          -idir .D[42]
          -idir .D[43]
          -idir .D[44]
          -idir .D[45]
          -idir .D[46]
          -idir .D[47]
          -idir .D[48]
          -idir .D[49]
          -idir .D[50]
          -idir .D[51]
          -idir .D[52]
          -idir .D[53]
          -idir .D[54]
          -idir .D[55]
          -idir .D[56]
          -idir .D[57]






NVFORTRAN (Version     23.1)          02/24/2023  13:35:49      page 2

          -idir .D[58]
          -idir .D[59]
          -idir .D[60]
          -idir .D[61]
          -idir .D[62]
          -idir .D[63]
          -idir .D[64]
          -idir .D[65]
          -idir .D[66]
          -idir .D[67]
          -idir .D[68]
          -idir .D[69]
          -idir .D[70]
          -idir .D[71]
          -idir .D[72]
          -idir .D[73]
          -idir .D[74]
          -idir .D[75]
          -idir .D[76]
          -idir .D[77]
          -idir .D[78]
          -idir /opt/softs/nvidia/hpc_sdk/Linux_x86_64/23.1/comm_libs/openmpi/openmpi-3.1.5/include
          -idir /opt/softs/nvidia/hpc_sdk/Linux_x86_64/23.1/comm_libs/openmpi/openmpi-3.1.5/lib
          -inform severe -opt 0 -nosave -object -noonetrip
          -depchk on -nostandard     
          -symbol -noupcase    

Filename: modi_sfx_xios_send_block.F90

(    1) !depfile:sfx_xios_send_block.F90
(    2) MODULE MODI_SFX_XIOS_SEND_BLOCK
(    3) INTERFACE
(    4) SUBROUTINE SFX_XIOS_SEND_BLOCK(HDTAG,PFIELD,PFIELD2,PFIELD3,&
(    5)                 HDOMAIN,HAXIS,HAXIS2,HDCOMMENT,KFREQOP)
(    6) USE PARKIND1 , ONLY : JPIM, JPRB
(    7)  CHARACTER(LEN=*), INTENT(IN)               :: HDTAG   ! Field name
(    8) REAL(KIND=JPRB) , INTENT(IN), OPTIONAL, DIMENSION(:)  :: PFIELD  ! Field data block
(    9) REAL(KIND=JPRB) , INTENT(IN), OPTIONAL, DIMENSION(:,:):: PFIELD2 ! (or) 2d field data block
(   10) REAL(KIND=JPRB) , INTENT(IN), OPTIONAL, DIMENSION(:,:,:):: PFIELD3 ! (or) 3d field data block
(   11)  CHARACTER(LEN=*), INTENT(IN), OPTIONAL     :: HDOMAIN ! Field domain name, defaults to 'FULL' 
(   12)  CHARACTER(LEN=*), INTENT(IN), OPTIONAL     :: HAXIS   ! Axis name, for 2d fields
(   13)  CHARACTER(LEN=*), INTENT(IN), OPTIONAL     :: HAXIS2  ! 2nd axis name, for 3d fields
(   14)  CHARACTER(LEN=*), INTENT(IN), OPTIONAL     :: HDCOMMENT ! Comment 'a la Surfex' (i.e. '<long name> (<units>)')
(   15)  INTEGER         , INTENT(IN), OPTIONAL     :: KFREQOP ! Sampling frequency, in minutes
(   16) INTEGER(KIND=JPIM), PARAMETER  :: INCR = 100          ! Increment in field entries number when reallocating
(   17) INTEGER(KIND=JPIM), PARAMETER  :: IMAXSIZE = 10000    ! Max number of field entries
(   18) END SUBROUTINE SFX_XIOS_SEND_BLOCK 
(   19) 
(   20) END INTERFACE
(   21) END MODULE MODI_SFX_XIOS_SEND_BLOCK















NVFORTRAN (Version     23.1)          02/24/2023  13:35:49      page 3

(    1) # 1 "modi_sfx_xios_send_block.F90"
(    1) !depfile:sfx_xios_send_block.F90
(    2) MODULE MODI_SFX_XIOS_SEND_BLOCK
(    3) INTERFACE
(    4) SUBROUTINE SFX_XIOS_SEND_BLOCK(HDTAG,PFIELD,PFIELD2,PFIELD3,&
(    5)                 HDOMAIN,HAXIS,HAXIS2,HDCOMMENT,KFREQOP)
(    6) USE PARKIND1 , ONLY : JPIM, JPRB
(    7)  CHARACTER(LEN=*), INTENT(IN)               :: HDTAG   ! Field name
(    8) REAL(KIND=JPRB) , INTENT(IN), OPTIONAL, DIMENSION(:)  :: PFIELD  ! Field data block
(    9) REAL(KIND=JPRB) , INTENT(IN), OPTIONAL, DIMENSION(:,:):: PFIELD2 ! (or) 2d field data block
(   10) REAL(KIND=JPRB) , INTENT(IN), OPTIONAL, DIMENSION(:,:,:):: PFIELD3 ! (or) 3d field data block
(   11)  CHARACTER(LEN=*), INTENT(IN), OPTIONAL     :: HDOMAIN ! Field domain name, defaults to 'FULL' 
(   12)  CHARACTER(LEN=*), INTENT(IN), OPTIONAL     :: HAXIS   ! Axis name, for 2d fields
(   13)  CHARACTER(LEN=*), INTENT(IN), OPTIONAL     :: HAXIS2  ! 2nd axis name, for 3d fields
(   14)  CHARACTER(LEN=*), INTENT(IN), OPTIONAL     :: HDCOMMENT ! Comment 'a la Surfex' (i.e. '<long name> (<units>)')
(   15)  INTEGER         , INTENT(IN), OPTIONAL     :: KFREQOP ! Sampling frequency, in minutes
(   16) INTEGER(KIND=JPIM), PARAMETER  :: INCR = 100          ! Increment in field entries number when reallocating
(   17) INTEGER(KIND=JPIM), PARAMETER  :: IMAXSIZE = 10000    ! Max number of field entries
(   18) END SUBROUTINE SFX_XIOS_SEND_BLOCK 
(   19) # 20 "modi_sfx_xios_send_block.F90"
(   20) END INTERFACE
(   21) END MODULE MODI_SFX_XIOS_SEND_BLOCK
