


NVFORTRAN (Version     23.1)          02/24/2023  13:30:29      page 1

Switches: -noasm -nodclchk -debug -nodlines -line -list
          -idir .D[1]
          -idir .D[2]
          -idir .D[3]
          -idir .D[4]
          -idir .D[5]
          -idir .D[6]
          -idir .D[7]
          -idir .D[8]
          -idir .D[9]
          -idir .D[10]
          -idir .D[11]
          -idir .D[12]
          -idir .D[13]
          -idir .D[14]
          -idir .D[15]
          -idir .D[16]
          -idir .D[17]
          -idir .D[18]
          -idir .D[19]
          -idir .D[20]
          -idir .D[21]
          -idir .D[22]
          -idir .D[23]
          -idir .D[24]
          -idir .D[25]
          -idir .D[26]
          -idir .D[27]
          -idir .D[28]
          -idir .D[29]
          -idir .D[30]
          -idir .D[31]
          -idir .D[32]
          -idir .D[33]
          -idir .D[34]
          -idir .D[35]
          -idir .D[36]
          -idir .D[37]
          -idir .D[38]
          -idir .D[39]
          -idir .D[40]
          -idir .D[41]
          -idir .D[42]
          -idir .D[43]
          -idir .D[44]
          -idir .D[45]
          -idir .D[46]
          -idir .D[47]
          -idir .D[48]
          -idir .D[49]
          -idir .D[50]
          -idir .D[51]
          -idir .D[52]
          -idir .D[53]
          -idir .D[54]
          -idir .D[55]
          -idir .D[56]
          -idir .D[57]






NVFORTRAN (Version     23.1)          02/24/2023  13:30:29      page 2

          -idir .D[58]
          -idir .D[59]
          -idir .D[60]
          -idir .D[61]
          -idir .D[62]
          -idir .D[63]
          -idir .D[64]
          -idir .D[65]
          -idir .D[66]
          -idir .D[67]
          -idir .D[68]
          -idir .D[69]
          -idir .D[70]
          -idir .D[71]
          -idir .D[72]
          -idir .D[73]
          -idir .D[74]
          -idir .D[75]
          -idir .D[76]
          -idir .D[77]
          -idir .D[78]
          -idir /opt/softs/nvidia/hpc_sdk/Linux_x86_64/23.1/comm_libs/openmpi/openmpi-3.1.5/include
          -idir /opt/softs/nvidia/hpc_sdk/Linux_x86_64/23.1/comm_libs/openmpi/openmpi-3.1.5/lib
          -inform severe -opt 0 -nosave -object -noonetrip
          -depchk on -nostandard     
          -symbol -noupcase    

Filename: modi_def_var_netcdf.F90

(    1) !depfile:def_var_netcdf.F90
(    2) MODULE MODI_DEF_VAR_NETCDF 
(    3) INTERFACE
(    4)       SUBROUTINE DEF_VAR_NETCDF (HSELECT, &
(    5)                                  KFILE_ID, HNAME, HLONG_NAME, KDIM_ID, HATT_TITLE, HATT_TEXT,&
(    6)                                  KVAR_ID, KTYPE, KLEN, HATT_TITLE2, PATT_FLOAT,&
(    7)                                  HATT_TITLE3, PATT_FLOAT2D)
(    8)  CHARACTER(LEN=*), DIMENSION(:), INTENT(IN) :: HSELECT
(    9) INTEGER,               INTENT(IN) :: KFILE_ID
(   10)  CHARACTER(LEN=*),      INTENT(IN) :: HNAME
(   11)  CHARACTER(LEN=*),      INTENT(IN) :: HLONG_NAME
(   12) INTEGER, DIMENSION(:), INTENT(IN) :: KDIM_ID
(   13)  CHARACTER(LEN=*),DIMENSION(:),OPTIONAL, INTENT(IN) :: HATT_TITLE,HATT_TEXT
(   14) INTEGER, OPTIONAL, INTENT(OUT) :: KVAR_ID
(   15) INTEGER, OPTIONAL, INTENT(IN) :: KTYPE
(   16) INTEGER, OPTIONAL, INTENT(IN) :: KLEN
(   17)  CHARACTER(LEN=*),DIMENSION(:),OPTIONAL, INTENT(IN) :: HATT_TITLE2
(   18) REAL, DIMENSION(:), OPTIONAL, INTENT(IN) :: PATT_FLOAT
(   19)  CHARACTER(LEN=*),DIMENSION(:),OPTIONAL, INTENT(IN) :: HATT_TITLE3
(   20) REAL, DIMENSION(:,:), OPTIONAL, INTENT(IN) :: PATT_FLOAT2D
(   21) END SUBROUTINE DEF_VAR_NETCDF
(   22) 
(   23) END INTERFACE
(   24) END MODULE MODI_DEF_VAR_NETCDF 












NVFORTRAN (Version     23.1)          02/24/2023  13:30:29      page 3

(    1) # 1 "modi_def_var_netcdf.F90"
(    1) !depfile:def_var_netcdf.F90
(    2) MODULE MODI_DEF_VAR_NETCDF 
(    3) INTERFACE
(    4)       SUBROUTINE DEF_VAR_NETCDF (HSELECT, &
(    5)                                  KFILE_ID, HNAME, HLONG_NAME, KDIM_ID, HATT_TITLE, HATT_TEXT,&
(    6)                                  KVAR_ID, KTYPE, KLEN, HATT_TITLE2, PATT_FLOAT,&
(    7)                                  HATT_TITLE3, PATT_FLOAT2D)
(    8)  CHARACTER(LEN=*), DIMENSION(:), INTENT(IN) :: HSELECT
(    9) INTEGER,               INTENT(IN) :: KFILE_ID
(   10)  CHARACTER(LEN=*),      INTENT(IN) :: HNAME
(   11)  CHARACTER(LEN=*),      INTENT(IN) :: HLONG_NAME
(   12) INTEGER, DIMENSION(:), INTENT(IN) :: KDIM_ID
(   13)  CHARACTER(LEN=*),DIMENSION(:),OPTIONAL, INTENT(IN) :: HATT_TITLE,HATT_TEXT
(   14) INTEGER, OPTIONAL, INTENT(OUT) :: KVAR_ID
(   15) INTEGER, OPTIONAL, INTENT(IN) :: KTYPE
(   16) INTEGER, OPTIONAL, INTENT(IN) :: KLEN
(   17)  CHARACTER(LEN=*),DIMENSION(:),OPTIONAL, INTENT(IN) :: HATT_TITLE2
(   18) REAL, DIMENSION(:), OPTIONAL, INTENT(IN) :: PATT_FLOAT
(   19)  CHARACTER(LEN=*),DIMENSION(:),OPTIONAL, INTENT(IN) :: HATT_TITLE3
(   20) REAL, DIMENSION(:,:), OPTIONAL, INTENT(IN) :: PATT_FLOAT2D
(   21) END SUBROUTINE DEF_VAR_NETCDF
(   22) # 23 "modi_def_var_netcdf.F90"
(   23) END INTERFACE
(   24) END MODULE MODI_DEF_VAR_NETCDF 
