


NVFORTRAN (Version     23.1)          02/24/2023  13:34:54      page 1

Switches: -noasm -nodclchk -debug -nodlines -line -list
          -idir .D[1]
          -idir .D[2]
          -idir .D[3]
          -idir .D[4]
          -idir .D[5]
          -idir .D[6]
          -idir .D[7]
          -idir .D[8]
          -idir .D[9]
          -idir .D[10]
          -idir .D[11]
          -idir .D[12]
          -idir .D[13]
          -idir .D[14]
          -idir .D[15]
          -idir .D[16]
          -idir .D[17]
          -idir .D[18]
          -idir .D[19]
          -idir .D[20]
          -idir .D[21]
          -idir .D[22]
          -idir .D[23]
          -idir .D[24]
          -idir .D[25]
          -idir .D[26]
          -idir .D[27]
          -idir .D[28]
          -idir .D[29]
          -idir .D[30]
          -idir .D[31]
          -idir .D[32]
          -idir .D[33]
          -idir .D[34]
          -idir .D[35]
          -idir .D[36]
          -idir .D[37]
          -idir .D[38]
          -idir .D[39]
          -idir .D[40]
          -idir .D[41]
          -idir .D[42]
          -idir .D[43]
          -idir .D[44]
          -idir .D[45]
          -idir .D[46]
          -idir .D[47]
          -idir .D[48]
          -idir .D[49]
          -idir .D[50]
          -idir .D[51]
          -idir .D[52]
          -idir .D[53]
          -idir .D[54]
          -idir .D[55]
          -idir .D[56]
          -idir .D[57]






NVFORTRAN (Version     23.1)          02/24/2023  13:34:54      page 2

          -idir .D[58]
          -idir .D[59]
          -idir .D[60]
          -idir .D[61]
          -idir .D[62]
          -idir .D[63]
          -idir .D[64]
          -idir .D[65]
          -idir .D[66]
          -idir .D[67]
          -idir .D[68]
          -idir .D[69]
          -idir .D[70]
          -idir .D[71]
          -idir .D[72]
          -idir .D[73]
          -idir .D[74]
          -idir .D[75]
          -idir .D[76]
          -idir .D[77]
          -idir .D[78]
          -idir /opt/softs/nvidia/hpc_sdk/Linux_x86_64/23.1/comm_libs/openmpi/openmpi-3.1.5/include
          -idir /opt/softs/nvidia/hpc_sdk/Linux_x86_64/23.1/comm_libs/openmpi/openmpi-3.1.5/lib
          -inform severe -opt 0 -nosave -object -noonetrip
          -depchk on -nostandard     
          -symbol -noupcase    

Filename: modi_modi_glt_thermo_ice_r.F90

(    1) !depfile:modi_glt_thermo_ice_r.F90
(    2) MODULE MODI_glt_thermo_ice_r
(    3) INTERFACE
(    4) SUBROUTINE glt_thermo_ice_r  &
(    5)   ( tpdom,tpmxl,tpatm,tpblki,tpbud,tpdia,tptfl,tpsit,tpsil, &
(    6)    ncdlssh,niceage,nicesal,nicesub,nilay,nl,nleviti,nmponds,noutlu,np,nprinto,nsalflx,nslay,nsnwrad,nt,nupdbud,&
(    7)    albimlt,albsdry,albsmlt,dtt,rn_htopoc,xdomsrf_r,xlmelt,xswhdfr,&
(    8)    lp1,lp2,lp3,lp4,lp5,lwg,&
(    9)    depth,height,sf3t,sf3tinv,&
(   10)    ygltvhd)
(   11)   USE modd_types_glt
(   12)   USE MODD_GLT_VHD, ONLY : t_glt_vhd
(   13)   INTEGER, INTENT(IN) ::  noutlu,ncdlssh,nsalflx,nleviti,nsnwrad,nicesal,niceage,nmponds,nslay,nilay,nprinto,nicesub,nupdbud
(   14)   LOGICAL, INTENT(IN) :: lp1,lp2,lp3,lp4,lp5,lwg
(   15)   REAL, INTENT(IN) ::  dtt,xdomsrf_r,xswhdfr,rn_htopoc,albimlt,albsmlt,albsdry,xlmelt
(   16)   REAL,DIMENSION(:), INTENT(IN) :: sf3t,sf3tinv,height,depth
(   17)   TYPE(t_dom), DIMENSION(np), INTENT(in) ::  &
(   18)         tpdom
(   19)   TYPE(t_mxl), DIMENSION(np), INTENT(in) ::  &
(   20)         tpmxl
(   21)   TYPE(t_atm), DIMENSION(np), INTENT(in) ::  &
(   22)         tpatm
(   23)   TYPE(t_blk), DIMENSION(nt,np), INTENT(in) ::  &
(   24)         tpblki
(   25)   TYPE(t_bud), DIMENSION(np), INTENT(inout) ::  &
(   26)         tpbud
(   27)   TYPE(t_dia), DIMENSION(np), INTENT(inout) ::  &
(   28)         tpdia
(   29)   TYPE(t_tfl), DIMENSION(np), INTENT(inout) ::  &
(   30)         tptfl






NVFORTRAN (Version     23.1)          02/24/2023  13:34:54      page 3

(   31)   TYPE(t_sit), DIMENSION(nt,np), INTENT(inout) ::  &
(   32)         tpsit
(   33)   TYPE(t_vtp), DIMENSION(nl,nt,np), INTENT(inout) ::  &
(   34)         tpsil 
(   35)   TYPE(t_glt_vhd), INTENT(inout) :: ygltvhd
(   36) END SUBROUTINE glt_thermo_ice_r
(   37) 
(   38) END INTERFACE
(   39) END MODULE MODI_glt_thermo_ice_r























































NVFORTRAN (Version     23.1)          02/24/2023  13:34:54      page 4

(    1) # 1 "modi_modi_glt_thermo_ice_r.F90"
(    1) !depfile:modi_glt_thermo_ice_r.F90
(    2) MODULE MODI_glt_thermo_ice_r
(    3) INTERFACE
(    4) SUBROUTINE glt_thermo_ice_r  &
(    5)   ( tpdom,tpmxl,tpatm,tpblki,tpbud,tpdia,tptfl,tpsit,tpsil, &
(    6)    ncdlssh,niceage,nicesal,nicesub,nilay,nl,nleviti,nmponds,noutlu,np,nprinto,nsalflx,nslay,nsnwrad,nt,nupdbud,&
(    7)    albimlt,albsdry,albsmlt,dtt,rn_htopoc,xdomsrf_r,xlmelt,xswhdfr,&
(    8)    lp1,lp2,lp3,lp4,lp5,lwg,&
(    9)    depth,height,sf3t,sf3tinv,&
(   10)    ygltvhd)
(   11)   USE modd_types_glt
(   12)   USE MODD_GLT_VHD, ONLY : t_glt_vhd
(   13)   INTEGER, INTENT(IN) ::  noutlu,ncdlssh,nsalflx,nleviti,nsnwrad,nicesal,niceage,nmponds,nslay,nilay,nprinto,nicesub,nupdbud,nl,np,nt
(   14)   LOGICAL, INTENT(IN) :: lp1,lp2,lp3,lp4,lp5,lwg
(   15)   REAL, INTENT(IN) ::  dtt,xdomsrf_r,xswhdfr,rn_htopoc,albimlt,albsmlt,albsdry,xlmelt
(   16)   REAL,DIMENSION(:), INTENT(IN) :: sf3t,sf3tinv,height,depth
(   17)   TYPE(t_dom), DIMENSION(np), INTENT(in) ::  &
(   18)         tpdom
(   19)   TYPE(t_mxl), DIMENSION(np), INTENT(in) ::  &
(   20)         tpmxl
(   21)   TYPE(t_atm), DIMENSION(np), INTENT(in) ::  &
(   22)         tpatm
(   23)   TYPE(t_blk), DIMENSION(nt,np), INTENT(in) ::  &
(   24)         tpblki
(   25)   TYPE(t_bud), DIMENSION(np), INTENT(inout) ::  &
(   26)         tpbud
(   27)   TYPE(t_dia), DIMENSION(np), INTENT(inout) ::  &
(   28)         tpdia
(   29)   TYPE(t_tfl), DIMENSION(np), INTENT(inout) ::  &
(   30)         tptfl
(   31)   TYPE(t_sit), DIMENSION(nt,np), INTENT(inout) ::  &
(   32)         tpsit
(   33)   TYPE(t_vtp), DIMENSION(nl,nt,np), INTENT(inout) ::  &
(   34)         tpsil 
(   35)   TYPE(t_glt_vhd), INTENT(inout) :: ygltvhd
(   36) END SUBROUTINE glt_thermo_ice_r
(   37) # 38 "modi_modi_glt_thermo_ice_r.F90"
(   38) END INTERFACE
(   39) END MODULE MODI_glt_thermo_ice_r
