


NVFORTRAN (Version     23.1)          02/24/2023  13:31:31      page 1

Switches: -noasm -nodclchk -debug -nodlines -line -list
          -idir .D[1]
          -idir .D[2]
          -idir .D[3]
          -idir .D[4]
          -idir .D[5]
          -idir .D[6]
          -idir .D[7]
          -idir .D[8]
          -idir .D[9]
          -idir .D[10]
          -idir .D[11]
          -idir .D[12]
          -idir .D[13]
          -idir .D[14]
          -idir .D[15]
          -idir .D[16]
          -idir .D[17]
          -idir .D[18]
          -idir .D[19]
          -idir .D[20]
          -idir .D[21]
          -idir .D[22]
          -idir .D[23]
          -idir .D[24]
          -idir .D[25]
          -idir .D[26]
          -idir .D[27]
          -idir .D[28]
          -idir .D[29]
          -idir .D[30]
          -idir .D[31]
          -idir .D[32]
          -idir .D[33]
          -idir .D[34]
          -idir .D[35]
          -idir .D[36]
          -idir .D[37]
          -idir .D[38]
          -idir .D[39]
          -idir .D[40]
          -idir .D[41]
          -idir .D[42]
          -idir .D[43]
          -idir .D[44]
          -idir .D[45]
          -idir .D[46]
          -idir .D[47]
          -idir .D[48]
          -idir .D[49]
          -idir .D[50]
          -idir .D[51]
          -idir .D[52]
          -idir .D[53]
          -idir .D[54]
          -idir .D[55]
          -idir .D[56]
          -idir .D[57]






NVFORTRAN (Version     23.1)          02/24/2023  13:31:31      page 2

          -idir .D[58]
          -idir .D[59]
          -idir .D[60]
          -idir .D[61]
          -idir .D[62]
          -idir .D[63]
          -idir .D[64]
          -idir .D[65]
          -idir .D[66]
          -idir .D[67]
          -idir .D[68]
          -idir .D[69]
          -idir .D[70]
          -idir .D[71]
          -idir .D[72]
          -idir .D[73]
          -idir .D[74]
          -idir .D[75]
          -idir .D[76]
          -idir .D[77]
          -idir .D[78]
          -idir /opt/softs/nvidia/hpc_sdk/Linux_x86_64/23.1/comm_libs/openmpi/openmpi-3.1.5/include
          -idir /opt/softs/nvidia/hpc_sdk/Linux_x86_64/23.1/comm_libs/openmpi/openmpi-3.1.5/lib
          -inform severe -opt 0 -nosave -object -noonetrip
          -depchk on -nostandard     
          -symbol -noupcase    

Filename: modi_ini_data_param.F90

(    1) !depfile:ini_data_param.F90
(    2) MODULE MODI_INI_DATA_PARAM
(    3) INTERFACE
(    4)       SUBROUTINE INI_DATA_PARAM(PLAI, PH_TREE,        &
(    5)                                 PALBNIR_VEG, PALBVIS_VEG, PALBUV_VEG, PRSMIN,       &
(    6)                                 PRGL, PCV, PGAMMA, PGMES, PGC, PBSLAI, PSEFOLD,     &
(    7)                                 PLAIMIN_IN, PLAIMIN_OUT, PDMAX, PSTRESS, PF2I,      &
(    8)                                 PVEG_IN, PVEG_OUT,                                  &
(    9)                                 PGREEN, PZ0, PZ0_O_Z0H, PEMIS_ECO, PWRMAX_CF,       &
(   10)                                 PROOT_LIN, PROOT_EXTINCTION, PSOILRC_SO2,           &
(   11)                                 PSOILRC_O3, PRE25, PCE_NITRO, PCF_NITRO, PCNA_NITRO,&
(   12)                                 PGMES_ST, PGC_ST, PBSLAI_ST, PSEFOLD_ST, PDMAX_ST  ,&
(   13)                                 PGNDLITTER, PH_VEG, PZ0LITTER, OAGRI_TO_GRASS       )
(   14) REAL, DIMENSION(:,:,:), OPTIONAL, INTENT(IN) :: PLAI
(   15) REAL, DIMENSION(:,:), OPTIONAL, INTENT(IN) :: PH_TREE
(   16) REAL, DIMENSION(:,:), INTENT(OUT), OPTIONAL :: PALBNIR_VEG
(   17) REAL, DIMENSION(:,:), INTENT(OUT), OPTIONAL :: PALBVIS_VEG
(   18) REAL, DIMENSION(:,:), INTENT(OUT), OPTIONAL :: PALBUV_VEG
(   19) REAL, DIMENSION(:,:), INTENT(OUT), OPTIONAL :: PRSMIN
(   20) REAL, DIMENSION(:,:), INTENT(OUT), OPTIONAL :: PRGL
(   21) REAL, DIMENSION(:,:), INTENT(OUT), OPTIONAL :: PCV
(   22) REAL, DIMENSION(:,:), INTENT(OUT), OPTIONAL :: PGAMMA
(   23) REAL, DIMENSION(:,:), INTENT(OUT), OPTIONAL :: PGMES
(   24) REAL, DIMENSION(:,:), INTENT(OUT), OPTIONAL :: PGC
(   25) REAL, DIMENSION(:,:), INTENT(OUT), OPTIONAL :: PBSLAI
(   26) REAL, DIMENSION(:,:), INTENT(OUT), OPTIONAL :: PSEFOLD
(   27) REAL, DIMENSION(:,:), INTENT(IN),  OPTIONAL :: PLAIMIN_IN
(   28) REAL, DIMENSION(:,:), INTENT(OUT), OPTIONAL :: PLAIMIN_OUT
(   29) REAL, DIMENSION(:,:), INTENT(OUT), OPTIONAL :: PDMAX
(   30) REAL, DIMENSION(:,:), INTENT(OUT), OPTIONAL :: PSTRESS






NVFORTRAN (Version     23.1)          02/24/2023  13:31:31      page 3

(   31) REAL, DIMENSION(:,:), INTENT(OUT), OPTIONAL :: PF2I
(   32) REAL, DIMENSION(:,:,:), INTENT(IN), OPTIONAL :: PVEG_IN
(   33) REAL, DIMENSION(:,:,:), INTENT(OUT), OPTIONAL :: PVEG_OUT
(   34) REAL, DIMENSION(:,:,:), INTENT(OUT), OPTIONAL :: PGREEN
(   35) REAL, DIMENSION(:,:,:), INTENT(OUT), OPTIONAL :: PZ0
(   36) REAL, DIMENSION(:,:), INTENT(OUT), OPTIONAL :: PZ0_O_Z0H
(   37) REAL, DIMENSION(:,:,:), INTENT(OUT), OPTIONAL :: PEMIS_ECO
(   38) REAL, DIMENSION(:,:), INTENT(OUT), OPTIONAL :: PWRMAX_CF
(   39) REAL, DIMENSION(:,:), INTENT(OUT), OPTIONAL :: PROOT_LIN
(   40) REAL, DIMENSION(:,:), INTENT(OUT), OPTIONAL :: PROOT_EXTINCTION
(   41) REAL, DIMENSION(:,:), INTENT(OUT), OPTIONAL :: PSOILRC_SO2
(   42) REAL, DIMENSION(:,:), INTENT(OUT), OPTIONAL :: PSOILRC_O3
(   43) REAL, DIMENSION(:,:), INTENT(OUT), OPTIONAL :: PRE25
(   44) REAL, DIMENSION(:,:), INTENT(OUT), OPTIONAL :: PCE_NITRO
(   45) REAL, DIMENSION(:,:), INTENT(OUT), OPTIONAL :: PCF_NITRO
(   46) REAL, DIMENSION(:,:), INTENT(OUT), OPTIONAL :: PCNA_NITRO
(   47) REAL, DIMENSION(:,:), INTENT(OUT), OPTIONAL :: PGMES_ST
(   48) REAL, DIMENSION(:,:), INTENT(OUT), OPTIONAL :: PGC_ST
(   49) REAL, DIMENSION(:,:), INTENT(OUT), OPTIONAL :: PBSLAI_ST
(   50) REAL, DIMENSION(:,:), INTENT(OUT), OPTIONAL :: PSEFOLD_ST
(   51) REAL, DIMENSION(:,:), INTENT(OUT), OPTIONAL :: PDMAX_ST
(   52) LOGICAL, OPTIONAL, INTENT(IN) :: OAGRI_TO_GRASS
(   53) REAL, DIMENSION(:,:,:), INTENT(OUT), OPTIONAL :: PH_VEG
(   54) REAL, DIMENSION(:,:,:), INTENT(OUT), OPTIONAL :: PZ0LITTER
(   55) REAL, DIMENSION(:,:,:), INTENT(OUT), OPTIONAL :: PGNDLITTER
(   56) END SUBROUTINE INI_DATA_PARAM
(   57) 
(   58) END INTERFACE
(   59) END MODULE MODI_INI_DATA_PARAM



































NVFORTRAN (Version     23.1)          02/24/2023  13:31:31      page 4

(    1) # 1 "modi_ini_data_param.F90"
(    1) !depfile:ini_data_param.F90
(    2) MODULE MODI_INI_DATA_PARAM
(    3) INTERFACE
(    4)       SUBROUTINE INI_DATA_PARAM(PLAI, PH_TREE,        &
(    5)                                 PALBNIR_VEG, PALBVIS_VEG, PALBUV_VEG, PRSMIN,       &
(    6)                                 PRGL, PCV, PGAMMA, PGMES, PGC, PBSLAI, PSEFOLD,     &
(    7)                                 PLAIMIN_IN, PLAIMIN_OUT, PDMAX, PSTRESS, PF2I,      &
(    8)                                 PVEG_IN, PVEG_OUT,                                  &
(    9)                                 PGREEN, PZ0, PZ0_O_Z0H, PEMIS_ECO, PWRMAX_CF,       &
(   10)                                 PROOT_LIN, PROOT_EXTINCTION, PSOILRC_SO2,           &
(   11)                                 PSOILRC_O3, PRE25, PCE_NITRO, PCF_NITRO, PCNA_NITRO,&
(   12)                                 PGMES_ST, PGC_ST, PBSLAI_ST, PSEFOLD_ST, PDMAX_ST  ,&
(   13)                                 PGNDLITTER, PH_VEG, PZ0LITTER, OAGRI_TO_GRASS       )
(   14) REAL, DIMENSION(:,:,:), OPTIONAL, INTENT(IN) :: PLAI
(   15) REAL, DIMENSION(:,:), OPTIONAL, INTENT(IN) :: PH_TREE
(   16) REAL, DIMENSION(:,:), INTENT(OUT), OPTIONAL :: PALBNIR_VEG
(   17) REAL, DIMENSION(:,:), INTENT(OUT), OPTIONAL :: PALBVIS_VEG
(   18) REAL, DIMENSION(:,:), INTENT(OUT), OPTIONAL :: PALBUV_VEG
(   19) REAL, DIMENSION(:,:), INTENT(OUT), OPTIONAL :: PRSMIN
(   20) REAL, DIMENSION(:,:), INTENT(OUT), OPTIONAL :: PRGL
(   21) REAL, DIMENSION(:,:), INTENT(OUT), OPTIONAL :: PCV
(   22) REAL, DIMENSION(:,:), INTENT(OUT), OPTIONAL :: PGAMMA
(   23) REAL, DIMENSION(:,:), INTENT(OUT), OPTIONAL :: PGMES
(   24) REAL, DIMENSION(:,:), INTENT(OUT), OPTIONAL :: PGC
(   25) REAL, DIMENSION(:,:), INTENT(OUT), OPTIONAL :: PBSLAI
(   26) REAL, DIMENSION(:,:), INTENT(OUT), OPTIONAL :: PSEFOLD
(   27) REAL, DIMENSION(:,:), INTENT(IN),  OPTIONAL :: PLAIMIN_IN
(   28) REAL, DIMENSION(:,:), INTENT(OUT), OPTIONAL :: PLAIMIN_OUT
(   29) REAL, DIMENSION(:,:), INTENT(OUT), OPTIONAL :: PDMAX
(   30) REAL, DIMENSION(:,:), INTENT(OUT), OPTIONAL :: PSTRESS
(   31) REAL, DIMENSION(:,:), INTENT(OUT), OPTIONAL :: PF2I
(   32) REAL, DIMENSION(:,:,:), INTENT(IN), OPTIONAL :: PVEG_IN
(   33) REAL, DIMENSION(:,:,:), INTENT(OUT), OPTIONAL :: PVEG_OUT
(   34) REAL, DIMENSION(:,:,:), INTENT(OUT), OPTIONAL :: PGREEN
(   35) REAL, DIMENSION(:,:,:), INTENT(OUT), OPTIONAL :: PZ0
(   36) REAL, DIMENSION(:,:), INTENT(OUT), OPTIONAL :: PZ0_O_Z0H
(   37) REAL, DIMENSION(:,:,:), INTENT(OUT), OPTIONAL :: PEMIS_ECO
(   38) REAL, DIMENSION(:,:), INTENT(OUT), OPTIONAL :: PWRMAX_CF
(   39) REAL, DIMENSION(:,:), INTENT(OUT), OPTIONAL :: PROOT_LIN
(   40) REAL, DIMENSION(:,:), INTENT(OUT), OPTIONAL :: PROOT_EXTINCTION
(   41) REAL, DIMENSION(:,:), INTENT(OUT), OPTIONAL :: PSOILRC_SO2
(   42) REAL, DIMENSION(:,:), INTENT(OUT), OPTIONAL :: PSOILRC_O3
(   43) REAL, DIMENSION(:,:), INTENT(OUT), OPTIONAL :: PRE25
(   44) REAL, DIMENSION(:,:), INTENT(OUT), OPTIONAL :: PCE_NITRO
(   45) REAL, DIMENSION(:,:), INTENT(OUT), OPTIONAL :: PCF_NITRO
(   46) REAL, DIMENSION(:,:), INTENT(OUT), OPTIONAL :: PCNA_NITRO
(   47) REAL, DIMENSION(:,:), INTENT(OUT), OPTIONAL :: PGMES_ST
(   48) REAL, DIMENSION(:,:), INTENT(OUT), OPTIONAL :: PGC_ST
(   49) REAL, DIMENSION(:,:), INTENT(OUT), OPTIONAL :: PBSLAI_ST
(   50) REAL, DIMENSION(:,:), INTENT(OUT), OPTIONAL :: PSEFOLD_ST
(   51) REAL, DIMENSION(:,:), INTENT(OUT), OPTIONAL :: PDMAX_ST
(   52) LOGICAL, OPTIONAL, INTENT(IN) :: OAGRI_TO_GRASS
(   53) REAL, DIMENSION(:,:,:), INTENT(OUT), OPTIONAL :: PH_VEG
(   54) REAL, DIMENSION(:,:,:), INTENT(OUT), OPTIONAL :: PZ0LITTER
(   55) REAL, DIMENSION(:,:,:), INTENT(OUT), OPTIONAL :: PGNDLITTER
(   56) END SUBROUTINE INI_DATA_PARAM
(   57) # 58 "modi_ini_data_param.F90"






NVFORTRAN (Version     23.1)          02/24/2023  13:31:31      page 5

(   58) END INTERFACE
(   59) END MODULE MODI_INI_DATA_PARAM
