


NVFORTRAN (Version     23.1)          02/24/2023  13:31:45      page 1

Switches: -noasm -nodclchk -debug -nodlines -line -list
          -idir .D[1]
          -idir .D[2]
          -idir .D[3]
          -idir .D[4]
          -idir .D[5]
          -idir .D[6]
          -idir .D[7]
          -idir .D[8]
          -idir .D[9]
          -idir .D[10]
          -idir .D[11]
          -idir .D[12]
          -idir .D[13]
          -idir .D[14]
          -idir .D[15]
          -idir .D[16]
          -idir .D[17]
          -idir .D[18]
          -idir .D[19]
          -idir .D[20]
          -idir .D[21]
          -idir .D[22]
          -idir .D[23]
          -idir .D[24]
          -idir .D[25]
          -idir .D[26]
          -idir .D[27]
          -idir .D[28]
          -idir .D[29]
          -idir .D[30]
          -idir .D[31]
          -idir .D[32]
          -idir .D[33]
          -idir .D[34]
          -idir .D[35]
          -idir .D[36]
          -idir .D[37]
          -idir .D[38]
          -idir .D[39]
          -idir .D[40]
          -idir .D[41]
          -idir .D[42]
          -idir .D[43]
          -idir .D[44]
          -idir .D[45]
          -idir .D[46]
          -idir .D[47]
          -idir .D[48]
          -idir .D[49]
          -idir .D[50]
          -idir .D[51]
          -idir .D[52]
          -idir .D[53]
          -idir .D[54]
          -idir .D[55]
          -idir .D[56]
          -idir .D[57]






NVFORTRAN (Version     23.1)          02/24/2023  13:31:45      page 2

          -idir .D[58]
          -idir .D[59]
          -idir .D[60]
          -idir .D[61]
          -idir .D[62]
          -idir .D[63]
          -idir .D[64]
          -idir .D[65]
          -idir .D[66]
          -idir .D[67]
          -idir .D[68]
          -idir .D[69]
          -idir .D[70]
          -idir .D[71]
          -idir .D[72]
          -idir .D[73]
          -idir .D[74]
          -idir .D[75]
          -idir .D[76]
          -idir .D[77]
          -idir .D[78]
          -idir /opt/softs/nvidia/hpc_sdk/Linux_x86_64/23.1/comm_libs/openmpi/openmpi-3.1.5/include
          -idir /opt/softs/nvidia/hpc_sdk/Linux_x86_64/23.1/comm_libs/openmpi/openmpi-3.1.5/lib
          -inform severe -opt 0 -nosave -object -noonetrip
          -depchk on -nostandard     
          -symbol -noupcase    

Filename: modi_ccetr_pair.F90

(    1) !depfile:ccetr_pair.F90
(    2) MODULE MODI_CCETR_PAIR
(    3) INTERFACE
(    4)    SUBROUTINE CCETR_PAIR(KNIV, PABC, PABC_SUP, PIA, PXMUS, PB_DR, POMEGA_DR,&
(    5)                         POMEGA_DF, PB_DF, PLAI, PALB_VEG, PALB_SOIL,        &
(    6)                         PFD_SKY, PFD_VEG, PTR, PXIA, PLAI_EFF               )
(    7) INTEGER,            INTENT(IN)    :: KNIV              ! layer number from 10 (top of canopy) to 1 (bottom)
(    8) REAL,               INTENT(IN)    :: PABC              ! normalized height units of the considered layer and the one above
(    9) REAL,               INTENT(IN)    :: PABC_SUP          ! cumulated canopy height (0 at the bottom, 1 at the top)
(   10) REAL,               INTENT(IN)    :: PB_DF             ! single_scattering albedo of considered leaf layer for diffuse rad.
(   11) REAL, DIMENSION(:), INTENT(IN)    :: PIA               ! incident PAR or NIR
(   12) REAL, DIMENSION(:), INTENT(IN)    :: PXMUS             ! cosine of solar zenith angle
(   13) REAL, DIMENSION(:), INTENT(IN)    :: PB_DR             ! single_scattering albedo of considered leaf layer for direct rad.
(   14) REAL, DIMENSION(:), INTENT(IN)    :: POMEGA_DR         !
(   15) REAL, DIMENSION(:), INTENT(IN)    :: POMEGA_DF         !
(   16) REAL, DIMENSION(:), INTENT(IN)    :: PLAI              ! leaf area index
(   17) REAL, DIMENSION(:), INTENT(IN)    :: PALB_VEG          ! vegetation albedo in PAR or NIR
(   18) REAL, DIMENSION(:), INTENT(IN)    :: PALB_SOIL         ! soil albedo in PAR or NIR
(   19) REAL, DIMENSION(:), INTENT(IN)    :: PFD_SKY           ! fraction of incident diffuse radiation at top of canopy
(   20) REAL, DIMENSION(:), INTENT(INOUT) :: PFD_VEG           ! fraction of incident diffuse radiation at top of considered canopy 
(   21) REAL, DIMENSION(:), INTENT(INOUT) :: PTR               ! fraction of transmited radiation
(   22) REAL, DIMENSION(:), INTENT(OUT)   :: PXIA              ! fraction of abs. radiation of veg
(   23) REAL, DIMENSION(:), INTENT(OUT)   :: PLAI_EFF          ! LAI effective
(   24) END SUBROUTINE CCETR_PAIR
(   25) 
(   26) END INTERFACE
(   27) END MODULE MODI_CCETR_PAIR









NVFORTRAN (Version     23.1)          02/24/2023  13:31:45      page 3

(    1) # 1 "modi_ccetr_pair.F90"
(    1) !depfile:ccetr_pair.F90
(    2) MODULE MODI_CCETR_PAIR
(    3) INTERFACE
(    4)    SUBROUTINE CCETR_PAIR(KNIV, PABC, PABC_SUP, PIA, PXMUS, PB_DR, POMEGA_DR,&
(    5)                         POMEGA_DF, PB_DF, PLAI, PALB_VEG, PALB_SOIL,        &
(    6)                         PFD_SKY, PFD_VEG, PTR, PXIA, PLAI_EFF               )
(    7) INTEGER,            INTENT(IN)    :: KNIV              ! layer number from 10 (top of canopy) to 1 (bottom)
(    8) REAL,               INTENT(IN)    :: PABC              ! normalized height units of the considered layer and the one above
(    9) REAL,               INTENT(IN)    :: PABC_SUP          ! cumulated canopy height (0 at the bottom, 1 at the top)
(   10) REAL,               INTENT(IN)    :: PB_DF             ! single_scattering albedo of considered leaf layer for diffuse rad.
(   11) REAL, DIMENSION(:), INTENT(IN)    :: PIA               ! incident PAR or NIR
(   12) REAL, DIMENSION(:), INTENT(IN)    :: PXMUS             ! cosine of solar zenith angle
(   13) REAL, DIMENSION(:), INTENT(IN)    :: PB_DR             ! single_scattering albedo of considered leaf layer for direct rad.
(   14) REAL, DIMENSION(:), INTENT(IN)    :: POMEGA_DR         !
(   15) REAL, DIMENSION(:), INTENT(IN)    :: POMEGA_DF         !
(   16) REAL, DIMENSION(:), INTENT(IN)    :: PLAI              ! leaf area index
(   17) REAL, DIMENSION(:), INTENT(IN)    :: PALB_VEG          ! vegetation albedo in PAR or NIR
(   18) REAL, DIMENSION(:), INTENT(IN)    :: PALB_SOIL         ! soil albedo in PAR or NIR
(   19) REAL, DIMENSION(:), INTENT(IN)    :: PFD_SKY           ! fraction of incident diffuse radiation at top of canopy
(   20) REAL, DIMENSION(:), INTENT(INOUT) :: PFD_VEG           ! fraction of incident diffuse radiation at top of considered canopy layer
(   21) REAL, DIMENSION(:), INTENT(INOUT) :: PTR               ! fraction of transmited radiation
(   22) REAL, DIMENSION(:), INTENT(OUT)   :: PXIA              ! fraction of abs. radiation of veg
(   23) REAL, DIMENSION(:), INTENT(OUT)   :: PLAI_EFF          ! LAI effective
(   24) END SUBROUTINE CCETR_PAIR
(   25) # 26 "modi_ccetr_pair.F90"
(   26) END INTERFACE
(   27) END MODULE MODI_CCETR_PAIR
