


NVFORTRAN (Version     23.1)          02/24/2023  13:52:25      page 1

Switches: -noasm -nodclchk -debug -nodlines -line -list
          -idir .D[1]
          -idir .D[2]
          -idir .D[3]
          -idir .D[4]
          -idir .D[5]
          -idir .D[6]
          -idir .D[7]
          -idir .D[8]
          -idir .D[9]
          -idir .D[10]
          -idir .D[11]
          -idir .D[12]
          -idir .D[13]
          -idir .D[14]
          -idir .D[15]
          -idir .D[16]
          -idir .D[17]
          -idir .D[18]
          -idir .D[19]
          -idir .D[20]
          -idir .D[21]
          -idir .D[22]
          -idir .D[23]
          -idir .D[24]
          -idir .D[25]
          -idir .D[26]
          -idir .D[27]
          -idir .D[28]
          -idir .D[29]
          -idir .D[30]
          -idir .D[31]
          -idir .D[32]
          -idir .D[33]
          -idir .D[34]
          -idir .D[35]
          -idir .D[36]
          -idir .D[37]
          -idir .D[38]
          -idir .D[39]
          -idir .D[40]
          -idir .D[41]
          -idir .D[42]
          -idir .D[43]
          -idir .D[44]
          -idir .D[45]
          -idir .D[46]
          -idir .D[47]
          -idir .D[48]
          -idir .D[49]
          -idir .D[50]
          -idir .D[51]
          -idir .D[52]
          -idir .D[53]
          -idir .D[54]
          -idir .D[55]
          -idir .D[56]
          -idir .D[57]






NVFORTRAN (Version     23.1)          02/24/2023  13:52:25      page 2

          -idir .D[58]
          -idir .D[59]
          -idir .D[60]
          -idir .D[61]
          -idir .D[62]
          -idir .D[63]
          -idir .D[64]
          -idir .D[65]
          -idir .D[66]
          -idir .D[67]
          -idir .D[68]
          -idir .D[69]
          -idir .D[70]
          -idir .D[71]
          -idir .D[72]
          -idir .D[73]
          -idir .D[74]
          -idir .D[75]
          -idir .D[76]
          -idir .D[77]
          -idir .D[78]
          -idir /opt/softs/nvidia/hpc_sdk/Linux_x86_64/23.1/comm_libs/openmpi/openmpi-3.1.5/include
          -idir /opt/softs/nvidia/hpc_sdk/Linux_x86_64/23.1/comm_libs/openmpi/openmpi-3.1.5/lib
          -inform severe -opt 0 -nosave -object -noonetrip
          -depchk on -nostandard     
          -symbol -noupcase    

Filename: modi_drag_meb.F90

(    1) !depfile:drag_meb.F90
(    2) MODULE MODI_DRAG_MEB
(    3) INTERFACE
(    4) SUBROUTINE DRAG_MEB(IO, PEK, AT, DMK, DK, PTG, PTA, PQA, PVMOD, &
(    5)                     PWG, PWGI, PWSAT, PWFC, PEXNS, PEXNA, PPS,  PRR, PSR,   &
(    6)                     PRHOA, PZ0G_WITHOUT_SNOW, PZ0_MEBV, PZ0H_MEBV,          &
(    7)                     PZ0EFF_MEBV, PZ0_MEBN, PZ0H_MEBN, PZ0EFF_MEBN, PSNOWSWE,&
(    8)                     PCHIP, PTSTEP, PRS_VG, PRS_VN, PPALPHAN, PZREF, PUREF,  &
(    9)                     PDIRCOSZW, PSNCV, PDELTA,  PVELC,                       &
(   10)                     PRISNOW, PUSTAR2SNOW, PHUGI, PHVG, PHVN, PLEG_DELTA,    &
(   11)                     PLEGI_DELTA, PHSGL, PHSGF, PFLXC_C_A, PFLXC_N_A,        &
(   12)                     PFLXC_G_C, PFLXC_N_C, PFLXC_VG_C, PFLXC_VN_C, PFLXC_MOM,&
(   13)                     PQSATG, PQSATV, PQSATC, PQSATN, PDELTAVK           )
(   14) USE MODD_ISBA_OPTIONS_n, ONLY : ISBA_OPTIONS_t
(   15) USE MODD_ISBA_n, ONLY : ISBA_PE_t
(   16) USE MODD_DIAG_n, ONLY : DIAG_t
(   17) USE MODD_DIAG_MISC_ISBA_n, ONLY : DIAG_MISC_ISBA_t
(   18) USE MODD_SURF_ATM_TURB_n, ONLY : SURF_ATM_TURB_t
(   19) TYPE(ISBA_OPTIONS_t), INTENT(INOUT) :: IO
(   20) TYPE(ISBA_PE_t), INTENT(INOUT) :: PEK
(   21) TYPE(SURF_ATM_TURB_t), INTENT(IN) :: AT         ! atmospheric turbulence parameters
(   22) TYPE(DIAG_t), INTENT(INOUT) :: DK
(   23) TYPE(DIAG_MISC_ISBA_t), INTENT(INOUT) :: DMK
(   24) REAL, INTENT(IN)                 ::   PTSTEP 
(   25) REAL, DIMENSION(:), INTENT(IN)   :: PTG, PTA, PQA, PVMOD, PWG, PWGI, PWSAT, PWFC, &
(   26)                                     PEXNS, PEXNA, PPS, PSNOWSWE
(   27) REAL, DIMENSION(:), INTENT(IN)   ::  PRR, PSR, PRHOA
(   28) REAL, DIMENSION(:), INTENT(IN)   :: PZ0G_WITHOUT_SNOW, &
(   29)                                     PZ0_MEBV, PZ0H_MEBV, PZ0EFF_MEBV, &
(   30)                                     PZ0_MEBN, PZ0H_MEBN, PZ0EFF_MEBN






NVFORTRAN (Version     23.1)          02/24/2023  13:52:25      page 3

(   31) REAL, DIMENSION(:), INTENT(IN)   :: PCHIP
(   32) REAL, DIMENSION(:), INTENT(IN)   :: PRS_VG, PRS_VN, PSNCV,  &
(   33)                                     PPALPHAN, PZREF, PUREF, PDIRCOSZW
(   34) REAL, DIMENSION(:), INTENT(IN)    :: PDELTA
(   35) REAL, DIMENSION(:), INTENT(OUT)  :: PDELTAVK
(   36) REAL, DIMENSION(:), INTENT(OUT)  :: PVELC
(   37) REAL, DIMENSION(:), INTENT(OUT)  :: PHUGI, PHVG, PHVN, PLEG_DELTA, PLEGI_DELTA, PHSGL, PHSGF
(   38) REAL, DIMENSION(:), INTENT(OUT)  :: PFLXC_C_A, PFLXC_N_A, PFLXC_G_C, PFLXC_N_C, PFLXC_VG_C, PFLXC_VN_C
(   39) REAL, DIMENSION(:), INTENT(OUT)  :: PFLXC_MOM, PQSATG, PQSATV, PQSATC, PQSATN
(   40) REAL, DIMENSION(:), INTENT(OUT)  :: PRISNOW, PUSTAR2SNOW 
(   41) END SUBROUTINE DRAG_MEB
(   42) 
(   43) END INTERFACE
(   44) END MODULE MODI_DRAG_MEB


















































NVFORTRAN (Version     23.1)          02/24/2023  13:52:25      page 4

(    1) # 1 "modi_drag_meb.F90"
(    1) !depfile:drag_meb.F90
(    2) MODULE MODI_DRAG_MEB
(    3) INTERFACE
(    4) SUBROUTINE DRAG_MEB(IO, PEK, AT, DMK, DK, PTG, PTA, PQA, PVMOD, &
(    5)                     PWG, PWGI, PWSAT, PWFC, PEXNS, PEXNA, PPS,  PRR, PSR,   &
(    6)                     PRHOA, PZ0G_WITHOUT_SNOW, PZ0_MEBV, PZ0H_MEBV,          &
(    7)                     PZ0EFF_MEBV, PZ0_MEBN, PZ0H_MEBN, PZ0EFF_MEBN, PSNOWSWE,&
(    8)                     PCHIP, PTSTEP, PRS_VG, PRS_VN, PPALPHAN, PZREF, PUREF,  &
(    9)                     PDIRCOSZW, PSNCV, PDELTA,  PVELC,                       &
(   10)                     PRISNOW, PUSTAR2SNOW, PHUGI, PHVG, PHVN, PLEG_DELTA,    &
(   11)                     PLEGI_DELTA, PHSGL, PHSGF, PFLXC_C_A, PFLXC_N_A,        &
(   12)                     PFLXC_G_C, PFLXC_N_C, PFLXC_VG_C, PFLXC_VN_C, PFLXC_MOM,&
(   13)                     PQSATG, PQSATV, PQSATC, PQSATN, PDELTAVK           )
(   14) USE MODD_ISBA_OPTIONS_n, ONLY : ISBA_OPTIONS_t
(   15) USE MODD_ISBA_n, ONLY : ISBA_PE_t
(   16) USE MODD_DIAG_n, ONLY : DIAG_t
(   17) USE MODD_DIAG_MISC_ISBA_n, ONLY : DIAG_MISC_ISBA_t
(   18) USE MODD_SURF_ATM_TURB_n, ONLY : SURF_ATM_TURB_t
(   19) TYPE(ISBA_OPTIONS_t), INTENT(INOUT) :: IO
(   20) TYPE(ISBA_PE_t), INTENT(INOUT) :: PEK
(   21) TYPE(SURF_ATM_TURB_t), INTENT(IN) :: AT         ! atmospheric turbulence parameters
(   22) TYPE(DIAG_t), INTENT(INOUT) :: DK
(   23) TYPE(DIAG_MISC_ISBA_t), INTENT(INOUT) :: DMK
(   24) REAL, INTENT(IN)                 ::   PTSTEP 
(   25) REAL, DIMENSION(:), INTENT(IN)   :: PTG, PTA, PQA, PVMOD, PWG, PWGI, PWSAT, PWFC, &
(   26)                                     PEXNS, PEXNA, PPS, PSNOWSWE
(   27) REAL, DIMENSION(:), INTENT(IN)   ::  PRR, PSR, PRHOA
(   28) REAL, DIMENSION(:), INTENT(IN)   :: PZ0G_WITHOUT_SNOW, &
(   29)                                     PZ0_MEBV, PZ0H_MEBV, PZ0EFF_MEBV, &
(   30)                                     PZ0_MEBN, PZ0H_MEBN, PZ0EFF_MEBN
(   31) REAL, DIMENSION(:), INTENT(IN)   :: PCHIP
(   32) REAL, DIMENSION(:), INTENT(IN)   :: PRS_VG, PRS_VN, PSNCV,  &
(   33)                                     PPALPHAN, PZREF, PUREF, PDIRCOSZW
(   34) REAL, DIMENSION(:), INTENT(IN)    :: PDELTA
(   35) REAL, DIMENSION(:), INTENT(OUT)  :: PDELTAVK
(   36) REAL, DIMENSION(:), INTENT(OUT)  :: PVELC
(   37) REAL, DIMENSION(:), INTENT(OUT)  :: PHUGI, PHVG, PHVN, PLEG_DELTA, PLEGI_DELTA, PHSGL, PHSGF
(   38) REAL, DIMENSION(:), INTENT(OUT)  :: PFLXC_C_A, PFLXC_N_A, PFLXC_G_C, PFLXC_N_C, PFLXC_VG_C, PFLXC_VN_C
(   39) REAL, DIMENSION(:), INTENT(OUT)  :: PFLXC_MOM, PQSATG, PQSATV, PQSATC, PQSATN
(   40) REAL, DIMENSION(:), INTENT(OUT)  :: PRISNOW, PUSTAR2SNOW 
(   41) END SUBROUTINE DRAG_MEB
(   42) # 43 "modi_drag_meb.F90"
(   43) END INTERFACE
(   44) END MODULE MODI_DRAG_MEB
