


NVFORTRAN (Version     23.1)          02/24/2023  13:31:34      page 1

Switches: -noasm -nodclchk -debug -nodlines -line -list
          -idir .D[1]
          -idir .D[2]
          -idir .D[3]
          -idir .D[4]
          -idir .D[5]
          -idir .D[6]
          -idir .D[7]
          -idir .D[8]
          -idir .D[9]
          -idir .D[10]
          -idir .D[11]
          -idir .D[12]
          -idir .D[13]
          -idir .D[14]
          -idir .D[15]
          -idir .D[16]
          -idir .D[17]
          -idir .D[18]
          -idir .D[19]
          -idir .D[20]
          -idir .D[21]
          -idir .D[22]
          -idir .D[23]
          -idir .D[24]
          -idir .D[25]
          -idir .D[26]
          -idir .D[27]
          -idir .D[28]
          -idir .D[29]
          -idir .D[30]
          -idir .D[31]
          -idir .D[32]
          -idir .D[33]
          -idir .D[34]
          -idir .D[35]
          -idir .D[36]
          -idir .D[37]
          -idir .D[38]
          -idir .D[39]
          -idir .D[40]
          -idir .D[41]
          -idir .D[42]
          -idir .D[43]
          -idir .D[44]
          -idir .D[45]
          -idir .D[46]
          -idir .D[47]
          -idir .D[48]
          -idir .D[49]
          -idir .D[50]
          -idir .D[51]
          -idir .D[52]
          -idir .D[53]
          -idir .D[54]
          -idir .D[55]
          -idir .D[56]
          -idir .D[57]






NVFORTRAN (Version     23.1)          02/24/2023  13:31:34      page 2

          -idir .D[58]
          -idir .D[59]
          -idir .D[60]
          -idir .D[61]
          -idir .D[62]
          -idir .D[63]
          -idir .D[64]
          -idir .D[65]
          -idir .D[66]
          -idir .D[67]
          -idir .D[68]
          -idir .D[69]
          -idir .D[70]
          -idir .D[71]
          -idir .D[72]
          -idir .D[73]
          -idir .D[74]
          -idir .D[75]
          -idir .D[76]
          -idir .D[77]
          -idir .D[78]
          -idir /opt/softs/nvidia/hpc_sdk/Linux_x86_64/23.1/comm_libs/openmpi/openmpi-3.1.5/include
          -idir /opt/softs/nvidia/hpc_sdk/Linux_x86_64/23.1/comm_libs/openmpi/openmpi-3.1.5/lib
          -inform severe -opt 0 -nosave -object -noonetrip
          -depchk on -nostandard     
          -symbol -noupcase    

Filename: modi_default_ideal_flux.F90

(    1) !depfile:default_ideal_flux.F90
(    2) MODULE MODI_DEFAULT_IDEAL_FLUX
(    3) INTERFACE
(    4)       SUBROUTINE DEFAULT_IDEAL_FLUX(KFORCF, KFORCT, PTIMEF, PTIMET,   &
(    5)                                     PSFTH, PSFTQ, PSFCO2,             &
(    6)                                     HUSTARTYPE, PUSTAR, PZ0M, PALB,   &
(    7)                                     PEMIS, PTSRAD)
(    8) INTEGER, INTENT(OUT) :: KFORCF
(    9) INTEGER, INTENT(OUT) :: KFORCT
(   10) REAL, DIMENSION(:), INTENT(OUT)   :: PTIMEF
(   11) REAL, DIMENSION(:), INTENT(OUT)   :: PTIMET
(   12) REAL, DIMENSION(:), INTENT(OUT)   :: PSFTH      ! hourly data of heat surface flux        (W/m2)
(   13) REAL, DIMENSION(:), INTENT(OUT)   :: PSFTQ      ! hourly data of water vapor surface flux (kg/m2/s) or (W/m2)
(   14) REAL, DIMENSION(:), INTENT(OUT)   :: PSFCO2     ! hourly data of CO2 surface flux         (kg/m2/s)
(   15)  CHARACTER(LEN=5), INTENT(OUT)     :: HUSTARTYPE ! type of computation for friction
(   16) REAL, DIMENSION(:), INTENT(OUT)   :: PUSTAR     ! hourly data of friction                 (m2/s2)
(   17) REAL, INTENT(OUT)                 :: PZ0M       ! roughness length (m)
(   18) REAL, INTENT(OUT)                 :: PALB       ! albedo (-)
(   19) REAL, INTENT(OUT)                 :: PEMIS      ! emissivity (-)
(   20) REAL, DIMENSION(:),INTENT(OUT)    :: PTSRAD     ! radiative temperature (K)
(   21) END SUBROUTINE DEFAULT_IDEAL_FLUX
(   22) 
(   23) END INTERFACE
(   24) END MODULE MODI_DEFAULT_IDEAL_FLUX












NVFORTRAN (Version     23.1)          02/24/2023  13:31:34      page 3

(    1) # 1 "modi_default_ideal_flux.F90"
(    1) !depfile:default_ideal_flux.F90
(    2) MODULE MODI_DEFAULT_IDEAL_FLUX
(    3) INTERFACE
(    4)       SUBROUTINE DEFAULT_IDEAL_FLUX(KFORCF, KFORCT, PTIMEF, PTIMET,   &
(    5)                                     PSFTH, PSFTQ, PSFCO2,             &
(    6)                                     HUSTARTYPE, PUSTAR, PZ0M, PALB,   &
(    7)                                     PEMIS, PTSRAD)
(    8) INTEGER, INTENT(OUT) :: KFORCF
(    9) INTEGER, INTENT(OUT) :: KFORCT
(   10) REAL, DIMENSION(:), INTENT(OUT)   :: PTIMEF
(   11) REAL, DIMENSION(:), INTENT(OUT)   :: PTIMET
(   12) REAL, DIMENSION(:), INTENT(OUT)   :: PSFTH      ! hourly data of heat surface flux        (W/m2)
(   13) REAL, DIMENSION(:), INTENT(OUT)   :: PSFTQ      ! hourly data of water vapor surface flux (kg/m2/s) or (W/m2)
(   14) REAL, DIMENSION(:), INTENT(OUT)   :: PSFCO2     ! hourly data of CO2 surface flux         (kg/m2/s)
(   15)  CHARACTER(LEN=5), INTENT(OUT)     :: HUSTARTYPE ! type of computation for friction
(   16) REAL, DIMENSION(:), INTENT(OUT)   :: PUSTAR     ! hourly data of friction                 (m2/s2)
(   17) REAL, INTENT(OUT)                 :: PZ0M       ! roughness length (m)
(   18) REAL, INTENT(OUT)                 :: PALB       ! albedo (-)
(   19) REAL, INTENT(OUT)                 :: PEMIS      ! emissivity (-)
(   20) REAL, DIMENSION(:),INTENT(OUT)    :: PTSRAD     ! radiative temperature (K)
(   21) END SUBROUTINE DEFAULT_IDEAL_FLUX
(   22) # 23 "modi_default_ideal_flux.F90"
(   23) END INTERFACE
(   24) END MODULE MODI_DEFAULT_IDEAL_FLUX
