


NVFORTRAN (Version     23.1)          02/24/2023  13:31:58      page 1

Switches: -noasm -nodclchk -debug -nodlines -line -list
          -idir .D[1]
          -idir .D[2]
          -idir .D[3]
          -idir .D[4]
          -idir .D[5]
          -idir .D[6]
          -idir .D[7]
          -idir .D[8]
          -idir .D[9]
          -idir .D[10]
          -idir .D[11]
          -idir .D[12]
          -idir .D[13]
          -idir .D[14]
          -idir .D[15]
          -idir .D[16]
          -idir .D[17]
          -idir .D[18]
          -idir .D[19]
          -idir .D[20]
          -idir .D[21]
          -idir .D[22]
          -idir .D[23]
          -idir .D[24]
          -idir .D[25]
          -idir .D[26]
          -idir .D[27]
          -idir .D[28]
          -idir .D[29]
          -idir .D[30]
          -idir .D[31]
          -idir .D[32]
          -idir .D[33]
          -idir .D[34]
          -idir .D[35]
          -idir .D[36]
          -idir .D[37]
          -idir .D[38]
          -idir .D[39]
          -idir .D[40]
          -idir .D[41]
          -idir .D[42]
          -idir .D[43]
          -idir .D[44]
          -idir .D[45]
          -idir .D[46]
          -idir .D[47]
          -idir .D[48]
          -idir .D[49]
          -idir .D[50]
          -idir .D[51]
          -idir .D[52]
          -idir .D[53]
          -idir .D[54]
          -idir .D[55]
          -idir .D[56]
          -idir .D[57]






NVFORTRAN (Version     23.1)          02/24/2023  13:31:58      page 2

          -idir .D[58]
          -idir .D[59]
          -idir .D[60]
          -idir .D[61]
          -idir .D[62]
          -idir .D[63]
          -idir .D[64]
          -idir .D[65]
          -idir .D[66]
          -idir .D[67]
          -idir .D[68]
          -idir .D[69]
          -idir .D[70]
          -idir .D[71]
          -idir .D[72]
          -idir .D[73]
          -idir .D[74]
          -idir .D[75]
          -idir .D[76]
          -idir .D[77]
          -idir .D[78]
          -idir /opt/softs/nvidia/hpc_sdk/Linux_x86_64/23.1/comm_libs/openmpi/openmpi-3.1.5/include
          -idir /opt/softs/nvidia/hpc_sdk/Linux_x86_64/23.1/comm_libs/openmpi/openmpi-3.1.5/lib
          -inform severe -opt 0 -nosave -object -noonetrip
          -depchk on -nostandard     
          -symbol -noupcase    

Filename: modi_oi_cavegi.F90

(    1) !depfile:oi_cavegi.F90
(    2) MODULE MODI_OI_CAVEGI
(    3) INTERFACE
(    4) SUBROUTINE OI_CAVEGI(PVGAT1,PVGAT2,PVGAT3,PVGBT1,PVGBT2,PVGBT3,PVGCT1,PVGCT2,       &
(    5)                      PVGAH1,PVGAH2,PVGAH3,PVGBH1,PVGBH2,PVGBH3,PVGCH1,PVGCH2,       &
(    6)                      PSIGT2MP,PSIGHP2,OSGOBS)   
(    7) REAL ,INTENT(OUT) :: PVGAT1(24),PVGAT2(24),PVGAT3(24)
(    8) REAL ,INTENT(OUT) :: PVGBT1(24),PVGBT2(24),PVGBT3(24)
(    9) REAL ,INTENT(OUT) :: PVGCT1(24),PVGCT2(24)
(   10) REAL ,INTENT(OUT) :: PVGAH1(24),PVGAH2(24),PVGAH3(24)
(   11) REAL ,INTENT(OUT) :: PVGBH1(24),PVGBH2(24),PVGBH3(24)
(   12) REAL ,INTENT(OUT) :: PVGCH1(24),PVGCH2(24)
(   13) REAL ,INTENT(OUT) :: PSIGT2MP(24),PSIGHP2(24)
(   14) LOGICAL :: OSGOBS
(   15) END SUBROUTINE OI_CAVEGI
(   16) 
(   17) END INTERFACE
(   18) END MODULE MODI_OI_CAVEGI


















NVFORTRAN (Version     23.1)          02/24/2023  13:31:58      page 3

(    1) # 1 "modi_oi_cavegi.F90"
(    1) !depfile:oi_cavegi.F90
(    2) MODULE MODI_OI_CAVEGI
(    3) INTERFACE
(    4) SUBROUTINE OI_CAVEGI(PVGAT1,PVGAT2,PVGAT3,PVGBT1,PVGBT2,PVGBT3,PVGCT1,PVGCT2,       &
(    5)                      PVGAH1,PVGAH2,PVGAH3,PVGBH1,PVGBH2,PVGBH3,PVGCH1,PVGCH2,       &
(    6)                      PSIGT2MP,PSIGHP2,OSGOBS)   
(    7) REAL ,INTENT(OUT) :: PVGAT1(24),PVGAT2(24),PVGAT3(24)
(    8) REAL ,INTENT(OUT) :: PVGBT1(24),PVGBT2(24),PVGBT3(24)
(    9) REAL ,INTENT(OUT) :: PVGCT1(24),PVGCT2(24)
(   10) REAL ,INTENT(OUT) :: PVGAH1(24),PVGAH2(24),PVGAH3(24)
(   11) REAL ,INTENT(OUT) :: PVGBH1(24),PVGBH2(24),PVGBH3(24)
(   12) REAL ,INTENT(OUT) :: PVGCH1(24),PVGCH2(24)
(   13) REAL ,INTENT(OUT) :: PSIGT2MP(24),PSIGHP2(24)
(   14) LOGICAL :: OSGOBS
(   15) END SUBROUTINE OI_CAVEGI
(   16) # 17 "modi_oi_cavegi.F90"
(   17) END INTERFACE
(   18) END MODULE MODI_OI_CAVEGI
