


NVFORTRAN (Version     23.1)          02/24/2023  13:30:12      page 1

Switches: -noasm -nodclchk -debug -nodlines -line -list
          -idir .D[1]
          -idir .D[2]
          -idir .D[3]
          -idir .D[4]
          -idir .D[5]
          -idir .D[6]
          -idir .D[7]
          -idir .D[8]
          -idir .D[9]
          -idir .D[10]
          -idir .D[11]
          -idir .D[12]
          -idir .D[13]
          -idir .D[14]
          -idir .D[15]
          -idir .D[16]
          -idir .D[17]
          -idir .D[18]
          -idir .D[19]
          -idir .D[20]
          -idir .D[21]
          -idir .D[22]
          -idir .D[23]
          -idir .D[24]
          -idir .D[25]
          -idir .D[26]
          -idir .D[27]
          -idir .D[28]
          -idir .D[29]
          -idir .D[30]
          -idir .D[31]
          -idir .D[32]
          -idir .D[33]
          -idir .D[34]
          -idir .D[35]
          -idir .D[36]
          -idir .D[37]
          -idir .D[38]
          -idir .D[39]
          -idir .D[40]
          -idir .D[41]
          -idir .D[42]
          -idir .D[43]
          -idir .D[44]
          -idir .D[45]
          -idir .D[46]
          -idir .D[47]
          -idir .D[48]
          -idir .D[49]
          -idir .D[50]
          -idir .D[51]
          -idir .D[52]
          -idir .D[53]
          -idir .D[54]
          -idir .D[55]
          -idir .D[56]
          -idir .D[57]






NVFORTRAN (Version     23.1)          02/24/2023  13:30:12      page 2

          -idir .D[58]
          -idir .D[59]
          -idir .D[60]
          -idir .D[61]
          -idir .D[62]
          -idir .D[63]
          -idir .D[64]
          -idir .D[65]
          -idir .D[66]
          -idir .D[67]
          -idir .D[68]
          -idir .D[69]
          -idir .D[70]
          -idir .D[71]
          -idir .D[72]
          -idir .D[73]
          -idir .D[74]
          -idir .D[75]
          -idir .D[76]
          -idir .D[77]
          -idir .D[78]
          -idir /opt/softs/nvidia/hpc_sdk/Linux_x86_64/23.1/comm_libs/openmpi/openmpi-3.1.5/include
          -idir /opt/softs/nvidia/hpc_sdk/Linux_x86_64/23.1/comm_libs/openmpi/openmpi-3.1.5/lib
          -inform severe -opt 0 -nosave -object -noonetrip
          -depchk on -nostandard     
          -symbol -noupcase    

Filename: modi_read_nam_pgd_teb.F90

(    1) !depfile:read_nam_pgd_teb.F90
(    2) MODULE MODI_READ_NAM_PGD_TEB
(    3) INTERFACE
(    4)       SUBROUTINE READ_NAM_PGD_TEB(HPROGRAM,KTEB_PATCH, HBEM,        &
(    5)                                   HCOOL_COIL, HHEAT_COIL, OAUTOSIZE,&
(    6)                                   KROAD_LAYER, KROOF_LAYER,         &
(    7)                                   KWALL_LAYER, KFLOOR_LAYER,        &
(    8)                                   OGREENROOF, OHYDRO, OSOLAR_PANEL  )
(    9)  CHARACTER(LEN=6), INTENT(IN)  :: HPROGRAM         ! Type of program
(   10) INTEGER,          INTENT(OUT) :: KTEB_PATCH       ! number of patches
(   11)  CHARACTER(LEN=3), INTENT(OUT) :: HBEM             ! to use BEM
(   12)  CHARACTER(LEN=6), INTENT(OUT) :: HCOOL_COIL       ! type of cooling coil
(   13)  CHARACTER(LEN=6), INTENT(OUT) :: HHEAT_COIL       ! type of heating coil
(   14) LOGICAL,          INTENT(OUT) :: OAUTOSIZE        ! Flag to activate autosize calculations
(   15) INTEGER,          INTENT(OUT) :: KROAD_LAYER      ! number of road layers
(   16) INTEGER,          INTENT(OUT) :: KROOF_LAYER      ! number of roof layers
(   17) INTEGER,          INTENT(OUT) :: KWALL_LAYER      ! number of wall layers
(   18) INTEGER,          INTENT(OUT) :: KFLOOR_LAYER     ! number of floor layers
(   19) LOGICAL,          INTENT(OUT) :: OGREENROOF       ! key for greenroof activation
(   20) LOGICAL,          INTENT(OUT) :: OHYDRO           ! key for urban hydrology activation
(   21) LOGICAL,          INTENT(OUT) :: OSOLAR_PANEL     ! key for solar panel activation
(   22) END SUBROUTINE READ_NAM_PGD_TEB
(   23) 
(   24) END INTERFACE
(   25) END MODULE MODI_READ_NAM_PGD_TEB











NVFORTRAN (Version     23.1)          02/24/2023  13:30:12      page 3

(    1) # 1 "modi_read_nam_pgd_teb.F90"
(    1) !depfile:read_nam_pgd_teb.F90
(    2) MODULE MODI_READ_NAM_PGD_TEB
(    3) INTERFACE
(    4)       SUBROUTINE READ_NAM_PGD_TEB(HPROGRAM,KTEB_PATCH, HBEM,        &
(    5)                                   HCOOL_COIL, HHEAT_COIL, OAUTOSIZE,&
(    6)                                   KROAD_LAYER, KROOF_LAYER,         &
(    7)                                   KWALL_LAYER, KFLOOR_LAYER,        &
(    8)                                   OGREENROOF, OHYDRO, OSOLAR_PANEL  )
(    9)  CHARACTER(LEN=6), INTENT(IN)  :: HPROGRAM         ! Type of program
(   10) INTEGER,          INTENT(OUT) :: KTEB_PATCH       ! number of patches
(   11)  CHARACTER(LEN=3), INTENT(OUT) :: HBEM             ! to use BEM
(   12)  CHARACTER(LEN=6), INTENT(OUT) :: HCOOL_COIL       ! type of cooling coil
(   13)  CHARACTER(LEN=6), INTENT(OUT) :: HHEAT_COIL       ! type of heating coil
(   14) LOGICAL,          INTENT(OUT) :: OAUTOSIZE        ! Flag to activate autosize calculations
(   15) INTEGER,          INTENT(OUT) :: KROAD_LAYER      ! number of road layers
(   16) INTEGER,          INTENT(OUT) :: KROOF_LAYER      ! number of roof layers
(   17) INTEGER,          INTENT(OUT) :: KWALL_LAYER      ! number of wall layers
(   18) INTEGER,          INTENT(OUT) :: KFLOOR_LAYER     ! number of floor layers
(   19) LOGICAL,          INTENT(OUT) :: OGREENROOF       ! key for greenroof activation
(   20) LOGICAL,          INTENT(OUT) :: OHYDRO           ! key for urban hydrology activation
(   21) LOGICAL,          INTENT(OUT) :: OSOLAR_PANEL     ! key for solar panel activation
(   22) END SUBROUTINE READ_NAM_PGD_TEB
(   23) # 24 "modi_read_nam_pgd_teb.F90"
(   24) END INTERFACE
(   25) END MODULE MODI_READ_NAM_PGD_TEB
