


NVFORTRAN (Version     23.1)          02/24/2023  13:52:01      page 1

Switches: -noasm -nodclchk -debug -nodlines -line -list
          -idir .D[1]
          -idir .D[2]
          -idir .D[3]
          -idir .D[4]
          -idir .D[5]
          -idir .D[6]
          -idir .D[7]
          -idir .D[8]
          -idir .D[9]
          -idir .D[10]
          -idir .D[11]
          -idir .D[12]
          -idir .D[13]
          -idir .D[14]
          -idir .D[15]
          -idir .D[16]
          -idir .D[17]
          -idir .D[18]
          -idir .D[19]
          -idir .D[20]
          -idir .D[21]
          -idir .D[22]
          -idir .D[23]
          -idir .D[24]
          -idir .D[25]
          -idir .D[26]
          -idir .D[27]
          -idir .D[28]
          -idir .D[29]
          -idir .D[30]
          -idir .D[31]
          -idir .D[32]
          -idir .D[33]
          -idir .D[34]
          -idir .D[35]
          -idir .D[36]
          -idir .D[37]
          -idir .D[38]
          -idir .D[39]
          -idir .D[40]
          -idir .D[41]
          -idir .D[42]
          -idir .D[43]
          -idir .D[44]
          -idir .D[45]
          -idir .D[46]
          -idir .D[47]
          -idir .D[48]
          -idir .D[49]
          -idir .D[50]
          -idir .D[51]
          -idir .D[52]
          -idir .D[53]
          -idir .D[54]
          -idir .D[55]
          -idir .D[56]
          -idir .D[57]






NVFORTRAN (Version     23.1)          02/24/2023  13:52:01      page 2

          -idir .D[58]
          -idir .D[59]
          -idir .D[60]
          -idir .D[61]
          -idir .D[62]
          -idir .D[63]
          -idir .D[64]
          -idir .D[65]
          -idir .D[66]
          -idir .D[67]
          -idir .D[68]
          -idir .D[69]
          -idir .D[70]
          -idir .D[71]
          -idir .D[72]
          -idir .D[73]
          -idir .D[74]
          -idir .D[75]
          -idir .D[76]
          -idir .D[77]
          -idir .D[78]
          -idir /opt/softs/nvidia/hpc_sdk/Linux_x86_64/23.1/comm_libs/openmpi/openmpi-3.1.5/include
          -idir /opt/softs/nvidia/hpc_sdk/Linux_x86_64/23.1/comm_libs/openmpi/openmpi-3.1.5/lib
          -inform severe -opt 0 -nosave -object -noonetrip
          -depchk on -nostandard     
          -symbol -noupcase    

Filename: modi_preps_for_meb_drag.F90

(    1) !depfile:preps_for_meb_drag.F90
(    2) MODULE MODI_PREPS_FOR_MEB_DRAG
(    3) INTERFACE
(    4)     SUBROUTINE PREPS_FOR_MEB_DRAG(LCVEL, LFORC_MEASURE,                   &
(    5)                              PZ0, PZ0H, PZ0EFF, PH_VEG, PZREF,            &
(    6)                              PTC, PTA, PQC, PQA, PUREF, PVMOD,            &
(    7)                              PEXNA, PEXNS, PDIRCOSZW, PDISPH,             &
(    8)                              PVELC, PZVMOD, AT, PRI, PRA,                     &
(    9)                              PCH,PCDN,PCD                                 )
(   10) USE MODD_SURF_ATM_TURB_n, ONLY : SURF_ATM_TURB_t
(   11) REAL, DIMENSION(:), INTENT(IN)   ::  PZ0, PZ0H, PZ0EFF,PH_VEG, PZREF, PUREF, PVMOD
(   12) REAL, DIMENSION(:), INTENT(IN)   ::  PTC, PTA, PQC, PQA 
(   13) REAL, DIMENSION(:), INTENT(IN)   ::  PEXNA, PEXNS, PDIRCOSZW, PDISPH
(   14) TYPE(SURF_ATM_TURB_t), INTENT(IN) :: AT         ! atmospheric turbulence parameters
(   15) REAL, DIMENSION(:), INTENT(OUT)  ::  PVELC, PZVMOD, PRI, PRA, PCH, PCDN, PCD
(   16) LOGICAL, INTENT(IN)              ::   LCVEL, LFORC_MEASURE
(   17) END SUBROUTINE PREPS_FOR_MEB_DRAG
(   18) 
(   19) END INTERFACE
(   20) END MODULE MODI_PREPS_FOR_MEB_DRAG
















NVFORTRAN (Version     23.1)          02/24/2023  13:52:01      page 3

(    1) # 1 "modi_preps_for_meb_drag.F90"
(    1) !depfile:preps_for_meb_drag.F90
(    2) MODULE MODI_PREPS_FOR_MEB_DRAG
(    3) INTERFACE
(    4)     SUBROUTINE PREPS_FOR_MEB_DRAG(LCVEL, LFORC_MEASURE,                   &
(    5)                              PZ0, PZ0H, PZ0EFF, PH_VEG, PZREF,            &
(    6)                              PTC, PTA, PQC, PQA, PUREF, PVMOD,            &
(    7)                              PEXNA, PEXNS, PDIRCOSZW, PDISPH,             &
(    8)                              PVELC, PZVMOD, AT, PRI, PRA,                     &
(    9)                              PCH,PCDN,PCD                                 )
(   10) USE MODD_SURF_ATM_TURB_n, ONLY : SURF_ATM_TURB_t
(   11) REAL, DIMENSION(:), INTENT(IN)   ::  PZ0, PZ0H, PZ0EFF,PH_VEG, PZREF, PUREF, PVMOD
(   12) REAL, DIMENSION(:), INTENT(IN)   ::  PTC, PTA, PQC, PQA 
(   13) REAL, DIMENSION(:), INTENT(IN)   ::  PEXNA, PEXNS, PDIRCOSZW, PDISPH
(   14) TYPE(SURF_ATM_TURB_t), INTENT(IN) :: AT         ! atmospheric turbulence parameters
(   15) REAL, DIMENSION(:), INTENT(OUT)  ::  PVELC, PZVMOD, PRI, PRA, PCH, PCDN, PCD
(   16) LOGICAL, INTENT(IN)              ::   LCVEL, LFORC_MEASURE
(   17) END SUBROUTINE PREPS_FOR_MEB_DRAG
(   18) # 19 "modi_preps_for_meb_drag.F90"
(   19) END INTERFACE
(   20) END MODULE MODI_PREPS_FOR_MEB_DRAG
