


NVFORTRAN (Version     23.1)          02/24/2023  13:31:47      page 1

Switches: -noasm -nodclchk -debug -nodlines -line -list
          -idir .D[1]
          -idir .D[2]
          -idir .D[3]
          -idir .D[4]
          -idir .D[5]
          -idir .D[6]
          -idir .D[7]
          -idir .D[8]
          -idir .D[9]
          -idir .D[10]
          -idir .D[11]
          -idir .D[12]
          -idir .D[13]
          -idir .D[14]
          -idir .D[15]
          -idir .D[16]
          -idir .D[17]
          -idir .D[18]
          -idir .D[19]
          -idir .D[20]
          -idir .D[21]
          -idir .D[22]
          -idir .D[23]
          -idir .D[24]
          -idir .D[25]
          -idir .D[26]
          -idir .D[27]
          -idir .D[28]
          -idir .D[29]
          -idir .D[30]
          -idir .D[31]
          -idir .D[32]
          -idir .D[33]
          -idir .D[34]
          -idir .D[35]
          -idir .D[36]
          -idir .D[37]
          -idir .D[38]
          -idir .D[39]
          -idir .D[40]
          -idir .D[41]
          -idir .D[42]
          -idir .D[43]
          -idir .D[44]
          -idir .D[45]
          -idir .D[46]
          -idir .D[47]
          -idir .D[48]
          -idir .D[49]
          -idir .D[50]
          -idir .D[51]
          -idir .D[52]
          -idir .D[53]
          -idir .D[54]
          -idir .D[55]
          -idir .D[56]
          -idir .D[57]






NVFORTRAN (Version     23.1)          02/24/2023  13:31:47      page 2

          -idir .D[58]
          -idir .D[59]
          -idir .D[60]
          -idir .D[61]
          -idir .D[62]
          -idir .D[63]
          -idir .D[64]
          -idir .D[65]
          -idir .D[66]
          -idir .D[67]
          -idir .D[68]
          -idir .D[69]
          -idir .D[70]
          -idir .D[71]
          -idir .D[72]
          -idir .D[73]
          -idir .D[74]
          -idir .D[75]
          -idir .D[76]
          -idir .D[77]
          -idir .D[78]
          -idir /opt/softs/nvidia/hpc_sdk/Linux_x86_64/23.1/comm_libs/openmpi/openmpi-3.1.5/include
          -idir /opt/softs/nvidia/hpc_sdk/Linux_x86_64/23.1/comm_libs/openmpi/openmpi-3.1.5/lib
          -inform severe -opt 0 -nosave -object -noonetrip
          -depchk on -nostandard     
          -symbol -noupcase    

Filename: modi_default_surf_atm.F90

(    1) !depfile:default_surf_atm.F90
(    2) MODULE MODI_DEFAULT_SURF_ATM
(    3) INTERFACE
(    4)       SUBROUTINE DEFAULT_SURF_ATM(POUT_TSTEP, PCISMIN, PVMODMIN, OALDTHRES,             &
(    5)                                     ODRAG_COEF_ARP, OALDZ0H, ONOSOF, OSLOPE, OCPL_GCM,  &
(    6)                                     PEDB, PEDC, PEDD, PEDK, PUSURIC, PUSURID, PUSURICL, &
(    7)                                     PVCHRNK, PVZ0CM, PRIMAX, PDELTA_MAX, PWINDMIN,      &
(    8)                                     OVZIUSTAR0_ARP, PRZHZ0M,                            &
(    9)                                     PVZIUSTAR0, ORRGUST_ARP, PRRSCALE, PRRGAMMA,        &
(   10)                                     PUTILGUST, OCPL_ARP, OQVNPLUS, OVERTSHIFT,          &
(   11)                                     OVSHIFT_LW, OVSHIFT_PRCP,                           &
(   12)                                     PCO2UNCPL ,OARP_PN                                  )
(   13) REAL,              INTENT(OUT) :: POUT_TSTEP! time step for writing
(   14) REAL,              INTENT(OUT) :: PCISMIN   ! minimum wind shear
(   15) REAL,              INTENT(OUT) :: PVMODMIN  ! minimum wind module
(   16) LOGICAL,           INTENT(OUT) :: OALDTHRES ! flag to activate aladin formulation
(   17) LOGICAL,           INTENT(OUT) :: ODRAG_COEF_ARP ! flag to activate aladin formulation for Cd and Ch
(   18) LOGICAL,           INTENT(OUT) :: OALDZ0H
(   19) LOGICAL,           INTENT(OUT) :: ONOSOF ! flag to deactivate the Subgrid Orography effects on Forcing
(   20) LOGICAL,           INTENT(OUT) :: OSLOPE
(   21) LOGICAL,           INTENT(OUT) :: OVERTSHIFT ! flag to deactivate the vertical shift between atmospheric and model orography
(   22) LOGICAL,           INTENT(OUT) :: OVSHIFT_LW
(   23) LOGICAL,           INTENT(OUT) :: OVSHIFT_PRCP
(   24) REAL,              INTENT(OUT) :: PEDB
(   25) REAL,              INTENT(OUT) :: PEDC
(   26) REAL,              INTENT(OUT) :: PEDD
(   27) REAL,              INTENT(OUT) :: PEDK
(   28) REAL,              INTENT(OUT) :: PUSURIC
(   29) REAL,              INTENT(OUT) :: PUSURID
(   30) REAL,              INTENT(OUT) :: PUSURICL






NVFORTRAN (Version     23.1)          02/24/2023  13:31:47      page 3

(   31) REAL,              INTENT(OUT) :: PVCHRNK
(   32) REAL,              INTENT(OUT) :: PVZ0CM
(   33) REAL,              INTENT(OUT) :: PRIMAX
(   34) REAL,              INTENT(OUT) :: PDELTA_MAX ! Maximum fraction of the foliage covered by intercepted water
(   35) REAL,              INTENT(OUT) :: PWINDMIN   ! Minimum wind speed (canopy)
(   36) LOGICAL,           INTENT(OUT) :: OVZIUSTAR0_ARP  ! flag to activate aladin formulation for zoh over sea
(   37) REAL,              INTENT(OUT) :: PRZHZ0M
(   38) REAL,              INTENT(OUT) :: PVZIUSTAR0
(   39) LOGICAL,           INTENT(OUT) :: ORRGUST_ARP     ! flag to activate the correction of CD, CH, CDN due to moist gustiness
(   40) REAL,              INTENT(OUT) :: PRRSCALE
(   41) REAL,              INTENT(OUT) :: PRRGAMMA
(   42) REAL,              INTENT(OUT) :: PUTILGUST
(   43) LOGICAL,           INTENT(OUT) :: OCPL_ARP
(   44) LOGICAL,           INTENT(OUT) :: OARP_PN   ! Flag to change Cv and TAUICE
(   45) LOGICAL,           INTENT(OUT) :: OQVNPLUS
(   46) LOGICAL,           INTENT(OUT) :: OCPL_GCM  ! Flag used to Read/Write some field from/into the restart file for coupling wit
(   47) REAL,              INTENT(OUT) :: PCO2UNCPL ! geochemical CO2 for photsynthesis (ppmv)
(   48) END SUBROUTINE DEFAULT_SURF_ATM
(   49) 
(   50) END INTERFACE
(   51) END MODULE MODI_DEFAULT_SURF_ATM











































NVFORTRAN (Version     23.1)          02/24/2023  13:31:47      page 4

(    1) # 1 "modi_default_surf_atm.F90"
(    1) !depfile:default_surf_atm.F90
(    2) MODULE MODI_DEFAULT_SURF_ATM
(    3) INTERFACE
(    4)       SUBROUTINE DEFAULT_SURF_ATM(POUT_TSTEP, PCISMIN, PVMODMIN, OALDTHRES,             &
(    5)                                     ODRAG_COEF_ARP, OALDZ0H, ONOSOF, OSLOPE, OCPL_GCM,  &
(    6)                                     PEDB, PEDC, PEDD, PEDK, PUSURIC, PUSURID, PUSURICL, &
(    7)                                     PVCHRNK, PVZ0CM, PRIMAX, PDELTA_MAX, PWINDMIN,      &
(    8)                                     OVZIUSTAR0_ARP, PRZHZ0M,                            &
(    9)                                     PVZIUSTAR0, ORRGUST_ARP, PRRSCALE, PRRGAMMA,        &
(   10)                                     PUTILGUST, OCPL_ARP, OQVNPLUS, OVERTSHIFT,          &
(   11)                                     OVSHIFT_LW, OVSHIFT_PRCP,                           &
(   12)                                     PCO2UNCPL ,OARP_PN                                  )
(   13) REAL,              INTENT(OUT) :: POUT_TSTEP! time step for writing
(   14) REAL,              INTENT(OUT) :: PCISMIN   ! minimum wind shear
(   15) REAL,              INTENT(OUT) :: PVMODMIN  ! minimum wind module
(   16) LOGICAL,           INTENT(OUT) :: OALDTHRES ! flag to activate aladin formulation
(   17) LOGICAL,           INTENT(OUT) :: ODRAG_COEF_ARP ! flag to activate aladin formulation for Cd and Ch
(   18) LOGICAL,           INTENT(OUT) :: OALDZ0H
(   19) LOGICAL,           INTENT(OUT) :: ONOSOF ! flag to deactivate the Subgrid Orography effects on Forcing
(   20) LOGICAL,           INTENT(OUT) :: OSLOPE
(   21) LOGICAL,           INTENT(OUT) :: OVERTSHIFT ! flag to deactivate the vertical shift between atmospheric and model orography
(   22) LOGICAL,           INTENT(OUT) :: OVSHIFT_LW
(   23) LOGICAL,           INTENT(OUT) :: OVSHIFT_PRCP
(   24) REAL,              INTENT(OUT) :: PEDB
(   25) REAL,              INTENT(OUT) :: PEDC
(   26) REAL,              INTENT(OUT) :: PEDD
(   27) REAL,              INTENT(OUT) :: PEDK
(   28) REAL,              INTENT(OUT) :: PUSURIC
(   29) REAL,              INTENT(OUT) :: PUSURID
(   30) REAL,              INTENT(OUT) :: PUSURICL
(   31) REAL,              INTENT(OUT) :: PVCHRNK
(   32) REAL,              INTENT(OUT) :: PVZ0CM
(   33) REAL,              INTENT(OUT) :: PRIMAX
(   34) REAL,              INTENT(OUT) :: PDELTA_MAX ! Maximum fraction of the foliage covered by intercepted water
(   35) REAL,              INTENT(OUT) :: PWINDMIN   ! Minimum wind speed (canopy)
(   36) LOGICAL,           INTENT(OUT) :: OVZIUSTAR0_ARP  ! flag to activate aladin formulation for zoh over sea
(   37) REAL,              INTENT(OUT) :: PRZHZ0M
(   38) REAL,              INTENT(OUT) :: PVZIUSTAR0
(   39) LOGICAL,           INTENT(OUT) :: ORRGUST_ARP     ! flag to activate the correction of CD, CH, CDN due to moist gustiness
(   40) REAL,              INTENT(OUT) :: PRRSCALE
(   41) REAL,              INTENT(OUT) :: PRRGAMMA
(   42) REAL,              INTENT(OUT) :: PUTILGUST
(   43) LOGICAL,           INTENT(OUT) :: OCPL_ARP
(   44) LOGICAL,           INTENT(OUT) :: OARP_PN   ! Flag to change Cv and TAUICE
(   45) LOGICAL,           INTENT(OUT) :: OQVNPLUS
(   46) LOGICAL,           INTENT(OUT) :: OCPL_GCM  ! Flag used to Read/Write some field from/into the restart file for coupling with ARPEGE/ALADIN
(   47) REAL,              INTENT(OUT) :: PCO2UNCPL ! geochemical CO2 for photsynthesis (ppmv)
(   48) END SUBROUTINE DEFAULT_SURF_ATM
(   49) # 50 "modi_default_surf_atm.F90"
(   50) END INTERFACE
(   51) END MODULE MODI_DEFAULT_SURF_ATM
