


NVFORTRAN (Version     23.1)          02/24/2023  13:32:44      page 1

Switches: -noasm -nodclchk -debug -nodlines -line -list
          -idir .D[1]
          -idir .D[2]
          -idir .D[3]
          -idir .D[4]
          -idir .D[5]
          -idir .D[6]
          -idir .D[7]
          -idir .D[8]
          -idir .D[9]
          -idir .D[10]
          -idir .D[11]
          -idir .D[12]
          -idir .D[13]
          -idir .D[14]
          -idir .D[15]
          -idir .D[16]
          -idir .D[17]
          -idir .D[18]
          -idir .D[19]
          -idir .D[20]
          -idir .D[21]
          -idir .D[22]
          -idir .D[23]
          -idir .D[24]
          -idir .D[25]
          -idir .D[26]
          -idir .D[27]
          -idir .D[28]
          -idir .D[29]
          -idir .D[30]
          -idir .D[31]
          -idir .D[32]
          -idir .D[33]
          -idir .D[34]
          -idir .D[35]
          -idir .D[36]
          -idir .D[37]
          -idir .D[38]
          -idir .D[39]
          -idir .D[40]
          -idir .D[41]
          -idir .D[42]
          -idir .D[43]
          -idir .D[44]
          -idir .D[45]
          -idir .D[46]
          -idir .D[47]
          -idir .D[48]
          -idir .D[49]
          -idir .D[50]
          -idir .D[51]
          -idir .D[52]
          -idir .D[53]
          -idir .D[54]
          -idir .D[55]
          -idir .D[56]
          -idir .D[57]






NVFORTRAN (Version     23.1)          02/24/2023  13:32:44      page 2

          -idir .D[58]
          -idir .D[59]
          -idir .D[60]
          -idir .D[61]
          -idir .D[62]
          -idir .D[63]
          -idir .D[64]
          -idir .D[65]
          -idir .D[66]
          -idir .D[67]
          -idir .D[68]
          -idir .D[69]
          -idir .D[70]
          -idir .D[71]
          -idir .D[72]
          -idir .D[73]
          -idir .D[74]
          -idir .D[75]
          -idir .D[76]
          -idir .D[77]
          -idir .D[78]
          -idir /opt/softs/nvidia/hpc_sdk/Linux_x86_64/23.1/comm_libs/openmpi/openmpi-3.1.5/include
          -idir /opt/softs/nvidia/hpc_sdk/Linux_x86_64/23.1/comm_libs/openmpi/openmpi-3.1.5/lib
          -inform severe -opt 0 -nosave -object -noonetrip
          -depchk on -nostandard     
          -symbol -noupcase    

Filename: modi_writesurf_gr_snow.F90

(    1) !depfile:writesurf_gr_snow.F90
(    2) MODULE MODI_WRITESURF_GR_SNOW 
(    3) INTERFACE
(    4)       SUBROUTINE WRITESURF_GR_SNOW (OSNOWDIMNC, HSELECT, HPROGRAM, HSURFTYPE, &
(    5)                                     HPREFIX, KI, KMASK_P, KPATCH, TPSNOW, &
(    6)                                     PWSN_WR, PRHO_WR, PHEA_WR, PAGE_WR, PSG1_WR, &
(    7)                                     PSG2_WR, PHIS_WR, PALB_WR, PIMP_WR)
(    8) USE MODD_TYPE_SNOW
(    9) LOGICAL, INTENT(IN) :: OSNOWDIMNC
(   10)  CHARACTER(LEN=*), DIMENSION(:), INTENT(IN) :: HSELECT 
(   11)  CHARACTER (LEN=6),  INTENT(IN) :: HPROGRAM   ! program
(   12)  CHARACTER (LEN=*),  INTENT(IN) :: HSURFTYPE  ! generic name used for
(   13)  CHARACTER (LEN=3),  INTENT(IN) :: HPREFIX    ! generic name of prefix for
(   14) INTEGER,            INTENT(IN)    :: KI      ! horizontal size of snow var.
(   15) INTEGER, DIMENSION(:), INTENT(IN) :: KMASK_P
(   16) INTEGER,            INTENT(IN) :: KPATCH    ! number of tiles                                             
(   17) TYPE(SURF_SNOW),    INTENT(IN) :: TPSNOW     ! snow characteristics
(   18) REAL, DIMENSION(:,:,:), INTENT(INOUT) :: PWSN_WR
(   19) REAL, DIMENSION(:,:,:), INTENT(INOUT) :: PRHO_WR
(   20) REAL, DIMENSION(:,:,:), INTENT(INOUT) :: PHEA_WR
(   21) REAL, DIMENSION(:,:,:), INTENT(INOUT) :: PAGE_WR
(   22) REAL, DIMENSION(:,:,:), INTENT(INOUT) :: PSG1_WR
(   23) REAL, DIMENSION(:,:,:), INTENT(INOUT) :: PSG2_WR
(   24) REAL, DIMENSION(:,:,:), INTENT(INOUT) :: PHIS_WR
(   25) REAL, DIMENSION(:,:), INTENT(INOUT) :: PALB_WR
(   26) REAL, DIMENSION(:,:,:,:) ,INTENT(INOUT) :: PIMP_WR
(   27) END SUBROUTINE WRITESURF_GR_SNOW
(   28) 
(   29) END INTERFACE
(   30) END MODULE MODI_WRITESURF_GR_SNOW 






NVFORTRAN (Version     23.1)          02/24/2023  13:32:44      page 3

(    1) # 1 "modi_writesurf_gr_snow.F90"
(    1) !depfile:writesurf_gr_snow.F90
(    2) MODULE MODI_WRITESURF_GR_SNOW 
(    3) INTERFACE
(    4)       SUBROUTINE WRITESURF_GR_SNOW (OSNOWDIMNC, HSELECT, HPROGRAM, HSURFTYPE, &
(    5)                                     HPREFIX, KI, KMASK_P, KPATCH, TPSNOW, &
(    6)                                     PWSN_WR, PRHO_WR, PHEA_WR, PAGE_WR, PSG1_WR, &
(    7)                                     PSG2_WR, PHIS_WR, PALB_WR, PIMP_WR)
(    8) USE MODD_TYPE_SNOW
(    9) LOGICAL, INTENT(IN) :: OSNOWDIMNC
(   10)  CHARACTER(LEN=*), DIMENSION(:), INTENT(IN) :: HSELECT 
(   11)  CHARACTER (LEN=6),  INTENT(IN) :: HPROGRAM   ! program
(   12)  CHARACTER (LEN=*),  INTENT(IN) :: HSURFTYPE  ! generic name used for
(   13)  CHARACTER (LEN=3),  INTENT(IN) :: HPREFIX    ! generic name of prefix for
(   14) INTEGER,            INTENT(IN)    :: KI      ! horizontal size of snow var.
(   15) INTEGER, DIMENSION(:), INTENT(IN) :: KMASK_P
(   16) INTEGER,            INTENT(IN) :: KPATCH    ! number of tiles                                             
(   17) TYPE(SURF_SNOW),    INTENT(IN) :: TPSNOW     ! snow characteristics
(   18) REAL, DIMENSION(:,:,:), INTENT(INOUT) :: PWSN_WR
(   19) REAL, DIMENSION(:,:,:), INTENT(INOUT) :: PRHO_WR
(   20) REAL, DIMENSION(:,:,:), INTENT(INOUT) :: PHEA_WR
(   21) REAL, DIMENSION(:,:,:), INTENT(INOUT) :: PAGE_WR
(   22) REAL, DIMENSION(:,:,:), INTENT(INOUT) :: PSG1_WR
(   23) REAL, DIMENSION(:,:,:), INTENT(INOUT) :: PSG2_WR
(   24) REAL, DIMENSION(:,:,:), INTENT(INOUT) :: PHIS_WR
(   25) REAL, DIMENSION(:,:), INTENT(INOUT) :: PALB_WR
(   26) REAL, DIMENSION(:,:,:,:) ,INTENT(INOUT) :: PIMP_WR
(   27) END SUBROUTINE WRITESURF_GR_SNOW
(   28) # 29 "modi_writesurf_gr_snow.F90"
(   29) END INTERFACE
(   30) END MODULE MODI_WRITESURF_GR_SNOW 
