


NVFORTRAN (Version     23.1)          02/24/2023  13:35:42      page 1

Switches: -noasm -nodclchk -debug -nodlines -line -list
          -idir .D[1]
          -idir .D[2]
          -idir .D[3]
          -idir .D[4]
          -idir .D[5]
          -idir .D[6]
          -idir .D[7]
          -idir .D[8]
          -idir .D[9]
          -idir .D[10]
          -idir .D[11]
          -idir .D[12]
          -idir .D[13]
          -idir .D[14]
          -idir .D[15]
          -idir .D[16]
          -idir .D[17]
          -idir .D[18]
          -idir .D[19]
          -idir .D[20]
          -idir .D[21]
          -idir .D[22]
          -idir .D[23]
          -idir .D[24]
          -idir .D[25]
          -idir .D[26]
          -idir .D[27]
          -idir .D[28]
          -idir .D[29]
          -idir .D[30]
          -idir .D[31]
          -idir .D[32]
          -idir .D[33]
          -idir .D[34]
          -idir .D[35]
          -idir .D[36]
          -idir .D[37]
          -idir .D[38]
          -idir .D[39]
          -idir .D[40]
          -idir .D[41]
          -idir .D[42]
          -idir .D[43]
          -idir .D[44]
          -idir .D[45]
          -idir .D[46]
          -idir .D[47]
          -idir .D[48]
          -idir .D[49]
          -idir .D[50]
          -idir .D[51]
          -idir .D[52]
          -idir .D[53]
          -idir .D[54]
          -idir .D[55]
          -idir .D[56]
          -idir .D[57]






NVFORTRAN (Version     23.1)          02/24/2023  13:35:42      page 2

          -idir .D[58]
          -idir .D[59]
          -idir .D[60]
          -idir .D[61]
          -idir .D[62]
          -idir .D[63]
          -idir .D[64]
          -idir .D[65]
          -idir .D[66]
          -idir .D[67]
          -idir .D[68]
          -idir .D[69]
          -idir .D[70]
          -idir .D[71]
          -idir .D[72]
          -idir .D[73]
          -idir .D[74]
          -idir .D[75]
          -idir .D[76]
          -idir .D[77]
          -idir .D[78]
          -idir /opt/softs/nvidia/hpc_sdk/Linux_x86_64/23.1/comm_libs/openmpi/openmpi-3.1.5/include
          -idir /opt/softs/nvidia/hpc_sdk/Linux_x86_64/23.1/comm_libs/openmpi/openmpi-3.1.5/lib
          -inform severe -opt 0 -nosave -object -noonetrip
          -depchk on -nostandard     
          -symbol -noupcase    

Filename: modi_default_data_cover.F90

(    1) !depfile:default_data_cover.F90
(    2) MODULE MODI_DEFAULT_DATA_COVER
(    3) INTERFACE
(    4) SUBROUTINE DEFAULT_DATA_COVER(PDATA_TOWN,PDATA_NATURE,PDATA_WATER,PDATA_SEA,&
(    5)          PDATA_Z0_TOWN,PDATA_BLD_HEIGHT,PDATA_WALL_O_HOR,PDATA_BLD,PDATA_GARDEN,&
(    6)          PDATA_ALB_ROOF,PDATA_ALB_ROAD,PDATA_ALB_WALL,PDATA_EMIS_ROOF,&
(    7)          PDATA_EMIS_ROAD,PDATA_EMIS_WALL,PDATA_HC_ROOF,PDATA_TC_ROOF,&
(    8)          PDATA_D_ROOF,PDATA_HC_ROAD,PDATA_TC_ROAD,PDATA_D_ROAD,&
(    9)          PDATA_HC_WALL,PDATA_TC_WALL,PDATA_D_WALL,PDATA_H_TRAFFIC,&
(   10)          PDATA_LE_TRAFFIC,PDATA_H_INDUSTRY,PDATA_LE_INDUSTRY,&
(   11)          PDATA_VEGTYPE,PDATA_H_TREE,PDATA_WATSUP,PDATA_IRRIG,&
(   12)          PDATA_ROOT_DEPTH,PDATA_GROUND_DEPTH,PDATA_DICE,TPDATA_SEED,&
(   13)          TPDATA_REAP)
(   14) USE MODD_TYPE_DATE_SURF  
(   15) REAL, DIMENSION(:), INTENT(INOUT), OPTIONAL :: PDATA_TOWN
(   16) REAL, DIMENSION(:), INTENT(INOUT), OPTIONAL :: PDATA_NATURE
(   17) REAL, DIMENSION(:), INTENT(INOUT), OPTIONAL :: PDATA_WATER
(   18) REAL, DIMENSION(:), INTENT(INOUT), OPTIONAL :: PDATA_SEA
(   19) REAL, DIMENSION(:), INTENT(INOUT), OPTIONAL :: PDATA_Z0_TOWN
(   20) REAL, DIMENSION(:), INTENT(INOUT), OPTIONAL :: PDATA_BLD_HEIGHT
(   21) REAL, DIMENSION(:), INTENT(INOUT), OPTIONAL :: PDATA_WALL_O_HOR
(   22) REAL, DIMENSION(:), INTENT(INOUT), OPTIONAL :: PDATA_BLD
(   23) REAL, DIMENSION(:), INTENT(INOUT), OPTIONAL :: PDATA_GARDEN
(   24) REAL, DIMENSION(:), INTENT(INOUT), OPTIONAL :: PDATA_ALB_ROOF
(   25) REAL, DIMENSION(:), INTENT(INOUT), OPTIONAL :: PDATA_ALB_ROAD
(   26) REAL, DIMENSION(:), INTENT(INOUT), OPTIONAL :: PDATA_ALB_WALL
(   27) REAL, DIMENSION(:), INTENT(INOUT), OPTIONAL :: PDATA_EMIS_ROOF
(   28) REAL, DIMENSION(:), INTENT(INOUT), OPTIONAL :: PDATA_EMIS_ROAD
(   29) REAL, DIMENSION(:), INTENT(INOUT), OPTIONAL :: PDATA_EMIS_WALL
(   30) REAL, DIMENSION(:,:), INTENT(INOUT), OPTIONAL :: PDATA_HC_ROOF






NVFORTRAN (Version     23.1)          02/24/2023  13:35:42      page 3

(   31) REAL, DIMENSION(:,:), INTENT(INOUT), OPTIONAL :: PDATA_TC_ROOF
(   32) REAL, DIMENSION(:,:), INTENT(INOUT), OPTIONAL :: PDATA_D_ROOF
(   33) REAL, DIMENSION(:,:), INTENT(INOUT), OPTIONAL :: PDATA_HC_ROAD
(   34) REAL, DIMENSION(:,:), INTENT(INOUT), OPTIONAL :: PDATA_TC_ROAD
(   35) REAL, DIMENSION(:,:), INTENT(INOUT), OPTIONAL :: PDATA_D_ROAD
(   36) REAL, DIMENSION(:,:), INTENT(INOUT), OPTIONAL :: PDATA_HC_WALL
(   37) REAL, DIMENSION(:,:), INTENT(INOUT), OPTIONAL :: PDATA_TC_WALL
(   38) REAL, DIMENSION(:,:), INTENT(INOUT), OPTIONAL :: PDATA_D_WALL
(   39) REAL, DIMENSION(:), INTENT(INOUT), OPTIONAL :: PDATA_H_TRAFFIC
(   40) REAL, DIMENSION(:), INTENT(INOUT), OPTIONAL :: PDATA_LE_TRAFFIC
(   41) REAL, DIMENSION(:), INTENT(INOUT), OPTIONAL :: PDATA_H_INDUSTRY
(   42) REAL, DIMENSION(:), INTENT(INOUT), OPTIONAL :: PDATA_LE_INDUSTRY
(   43) REAL, DIMENSION(:,:), INTENT(INOUT), OPTIONAL :: PDATA_VEGTYPE
(   44) REAL, DIMENSION(:,:), INTENT(INOUT), OPTIONAL :: PDATA_H_TREE
(   45) REAL, DIMENSION(:,:), INTENT(INOUT), OPTIONAL :: PDATA_WATSUP
(   46) REAL, DIMENSION(:,:), INTENT(INOUT), OPTIONAL :: PDATA_IRRIG
(   47) REAL, DIMENSION(:,:), INTENT(INOUT), OPTIONAL :: PDATA_ROOT_DEPTH
(   48) REAL, DIMENSION(:,:), INTENT(INOUT), OPTIONAL :: PDATA_GROUND_DEPTH
(   49) REAL, DIMENSION(:,:), INTENT(INOUT), OPTIONAL :: PDATA_DICE
(   50) TYPE(DATE_TIME), DIMENSION(:,:), INTENT(INOUT), OPTIONAL :: TPDATA_SEED
(   51) TYPE(DATE_TIME), DIMENSION(:,:), INTENT(INOUT), OPTIONAL :: TPDATA_REAP
(   52) END SUBROUTINE DEFAULT_DATA_COVER
(   53) 
(   54) END INTERFACE
(   55) END MODULE MODI_DEFAULT_DATA_COVER







































NVFORTRAN (Version     23.1)          02/24/2023  13:35:42      page 4

(    1) # 1 "modi_default_data_cover.F90"
(    1) !depfile:default_data_cover.F90
(    2) MODULE MODI_DEFAULT_DATA_COVER
(    3) INTERFACE
(    4) SUBROUTINE DEFAULT_DATA_COVER(PDATA_TOWN,PDATA_NATURE,PDATA_WATER,PDATA_SEA,&
(    5)          PDATA_Z0_TOWN,PDATA_BLD_HEIGHT,PDATA_WALL_O_HOR,PDATA_BLD,PDATA_GARDEN,&
(    6)          PDATA_ALB_ROOF,PDATA_ALB_ROAD,PDATA_ALB_WALL,PDATA_EMIS_ROOF,&
(    7)          PDATA_EMIS_ROAD,PDATA_EMIS_WALL,PDATA_HC_ROOF,PDATA_TC_ROOF,&
(    8)          PDATA_D_ROOF,PDATA_HC_ROAD,PDATA_TC_ROAD,PDATA_D_ROAD,&
(    9)          PDATA_HC_WALL,PDATA_TC_WALL,PDATA_D_WALL,PDATA_H_TRAFFIC,&
(   10)          PDATA_LE_TRAFFIC,PDATA_H_INDUSTRY,PDATA_LE_INDUSTRY,&
(   11)          PDATA_VEGTYPE,PDATA_H_TREE,PDATA_WATSUP,PDATA_IRRIG,&
(   12)          PDATA_ROOT_DEPTH,PDATA_GROUND_DEPTH,PDATA_DICE,TPDATA_SEED,&
(   13)          TPDATA_REAP)
(   14) USE MODD_TYPE_DATE_SURF  
(   15) REAL, DIMENSION(:), INTENT(INOUT), OPTIONAL :: PDATA_TOWN
(   16) REAL, DIMENSION(:), INTENT(INOUT), OPTIONAL :: PDATA_NATURE
(   17) REAL, DIMENSION(:), INTENT(INOUT), OPTIONAL :: PDATA_WATER
(   18) REAL, DIMENSION(:), INTENT(INOUT), OPTIONAL :: PDATA_SEA
(   19) REAL, DIMENSION(:), INTENT(INOUT), OPTIONAL :: PDATA_Z0_TOWN
(   20) REAL, DIMENSION(:), INTENT(INOUT), OPTIONAL :: PDATA_BLD_HEIGHT
(   21) REAL, DIMENSION(:), INTENT(INOUT), OPTIONAL :: PDATA_WALL_O_HOR
(   22) REAL, DIMENSION(:), INTENT(INOUT), OPTIONAL :: PDATA_BLD
(   23) REAL, DIMENSION(:), INTENT(INOUT), OPTIONAL :: PDATA_GARDEN
(   24) REAL, DIMENSION(:), INTENT(INOUT), OPTIONAL :: PDATA_ALB_ROOF
(   25) REAL, DIMENSION(:), INTENT(INOUT), OPTIONAL :: PDATA_ALB_ROAD
(   26) REAL, DIMENSION(:), INTENT(INOUT), OPTIONAL :: PDATA_ALB_WALL
(   27) REAL, DIMENSION(:), INTENT(INOUT), OPTIONAL :: PDATA_EMIS_ROOF
(   28) REAL, DIMENSION(:), INTENT(INOUT), OPTIONAL :: PDATA_EMIS_ROAD
(   29) REAL, DIMENSION(:), INTENT(INOUT), OPTIONAL :: PDATA_EMIS_WALL
(   30) REAL, DIMENSION(:,:), INTENT(INOUT), OPTIONAL :: PDATA_HC_ROOF
(   31) REAL, DIMENSION(:,:), INTENT(INOUT), OPTIONAL :: PDATA_TC_ROOF
(   32) REAL, DIMENSION(:,:), INTENT(INOUT), OPTIONAL :: PDATA_D_ROOF
(   33) REAL, DIMENSION(:,:), INTENT(INOUT), OPTIONAL :: PDATA_HC_ROAD
(   34) REAL, DIMENSION(:,:), INTENT(INOUT), OPTIONAL :: PDATA_TC_ROAD
(   35) REAL, DIMENSION(:,:), INTENT(INOUT), OPTIONAL :: PDATA_D_ROAD
(   36) REAL, DIMENSION(:,:), INTENT(INOUT), OPTIONAL :: PDATA_HC_WALL
(   37) REAL, DIMENSION(:,:), INTENT(INOUT), OPTIONAL :: PDATA_TC_WALL
(   38) REAL, DIMENSION(:,:), INTENT(INOUT), OPTIONAL :: PDATA_D_WALL
(   39) REAL, DIMENSION(:), INTENT(INOUT), OPTIONAL :: PDATA_H_TRAFFIC
(   40) REAL, DIMENSION(:), INTENT(INOUT), OPTIONAL :: PDATA_LE_TRAFFIC
(   41) REAL, DIMENSION(:), INTENT(INOUT), OPTIONAL :: PDATA_H_INDUSTRY
(   42) REAL, DIMENSION(:), INTENT(INOUT), OPTIONAL :: PDATA_LE_INDUSTRY
(   43) REAL, DIMENSION(:,:), INTENT(INOUT), OPTIONAL :: PDATA_VEGTYPE
(   44) REAL, DIMENSION(:,:), INTENT(INOUT), OPTIONAL :: PDATA_H_TREE
(   45) REAL, DIMENSION(:,:), INTENT(INOUT), OPTIONAL :: PDATA_WATSUP
(   46) REAL, DIMENSION(:,:), INTENT(INOUT), OPTIONAL :: PDATA_IRRIG
(   47) REAL, DIMENSION(:,:), INTENT(INOUT), OPTIONAL :: PDATA_ROOT_DEPTH
(   48) REAL, DIMENSION(:,:), INTENT(INOUT), OPTIONAL :: PDATA_GROUND_DEPTH
(   49) REAL, DIMENSION(:,:), INTENT(INOUT), OPTIONAL :: PDATA_DICE
(   50) TYPE(DATE_TIME), DIMENSION(:,:), INTENT(INOUT), OPTIONAL :: TPDATA_SEED
(   51) TYPE(DATE_TIME), DIMENSION(:,:), INTENT(INOUT), OPTIONAL :: TPDATA_REAP
(   52) END SUBROUTINE DEFAULT_DATA_COVER
(   53) # 54 "modi_default_data_cover.F90"
(   54) END INTERFACE
(   55) END MODULE MODI_DEFAULT_DATA_COVER
