


NVFORTRAN (Version     23.1)          02/24/2023  13:30:53      page 1

Switches: -noasm -nodclchk -debug -nodlines -line -list
          -idir .D[1]
          -idir .D[2]
          -idir .D[3]
          -idir .D[4]
          -idir .D[5]
          -idir .D[6]
          -idir .D[7]
          -idir .D[8]
          -idir .D[9]
          -idir .D[10]
          -idir .D[11]
          -idir .D[12]
          -idir .D[13]
          -idir .D[14]
          -idir .D[15]
          -idir .D[16]
          -idir .D[17]
          -idir .D[18]
          -idir .D[19]
          -idir .D[20]
          -idir .D[21]
          -idir .D[22]
          -idir .D[23]
          -idir .D[24]
          -idir .D[25]
          -idir .D[26]
          -idir .D[27]
          -idir .D[28]
          -idir .D[29]
          -idir .D[30]
          -idir .D[31]
          -idir .D[32]
          -idir .D[33]
          -idir .D[34]
          -idir .D[35]
          -idir .D[36]
          -idir .D[37]
          -idir .D[38]
          -idir .D[39]
          -idir .D[40]
          -idir .D[41]
          -idir .D[42]
          -idir .D[43]
          -idir .D[44]
          -idir .D[45]
          -idir .D[46]
          -idir .D[47]
          -idir .D[48]
          -idir .D[49]
          -idir .D[50]
          -idir .D[51]
          -idir .D[52]
          -idir .D[53]
          -idir .D[54]
          -idir .D[55]
          -idir .D[56]
          -idir .D[57]






NVFORTRAN (Version     23.1)          02/24/2023  13:30:53      page 2

          -idir .D[58]
          -idir .D[59]
          -idir .D[60]
          -idir .D[61]
          -idir .D[62]
          -idir .D[63]
          -idir .D[64]
          -idir .D[65]
          -idir .D[66]
          -idir .D[67]
          -idir .D[68]
          -idir .D[69]
          -idir .D[70]
          -idir .D[71]
          -idir .D[72]
          -idir .D[73]
          -idir .D[74]
          -idir .D[75]
          -idir .D[76]
          -idir .D[77]
          -idir .D[78]
          -idir /opt/softs/nvidia/hpc_sdk/Linux_x86_64/23.1/comm_libs/openmpi/openmpi-3.1.5/include
          -idir /opt/softs/nvidia/hpc_sdk/Linux_x86_64/23.1/comm_libs/openmpi/openmpi-3.1.5/lib
          -inform severe -opt 0 -nosave -object -noonetrip
          -depchk on -nostandard     
          -symbol -noupcase    

Filename: modi_default_alb_eco2.F90

(    1) !depfile:default_alb_eco2.F90
(    2) MODULE MODI_DEFAULT_ALB_SOIL_ECO2
(    3) INTERFACE
(    4) SUBROUTINE DEFAULT_ALB_SOIL_ECO2
(    5) END SUBROUTINE DEFAULT_ALB_SOIL_ECO2
(    6) 
(    7) END INTERFACE
(    8) END MODULE MODI_DEFAULT_ALB_SOIL_ECO2
(    9) !depfile:default_alb_eco2.F90
(   10) MODULE MODI_DEFAULT_ALB_VEG_ECO2_01
(   11) INTERFACE
(   12) SUBROUTINE DEFAULT_ALB_VEG_ECO2_01
(   13) END SUBROUTINE DEFAULT_ALB_VEG_ECO2_01
(   14) 
(   15) END INTERFACE
(   16) END MODULE MODI_DEFAULT_ALB_VEG_ECO2_01
(   17) !depfile:default_alb_eco2.F90
(   18) MODULE MODI_DEFAULT_ALB_VEG_ECO2_02
(   19) INTERFACE
(   20) SUBROUTINE DEFAULT_ALB_VEG_ECO2_02
(   21) END SUBROUTINE DEFAULT_ALB_VEG_ECO2_02
(   22) 
(   23) END INTERFACE
(   24) END MODULE MODI_DEFAULT_ALB_VEG_ECO2_02
(   25) !depfile:default_alb_eco2.F90
(   26) MODULE MODI_DEFAULT_ALB_VEG_ECO2_03
(   27) INTERFACE
(   28) SUBROUTINE DEFAULT_ALB_VEG_ECO2_03
(   29) END SUBROUTINE DEFAULT_ALB_VEG_ECO2_03
(   30) 






NVFORTRAN (Version     23.1)          02/24/2023  13:30:53      page 3

(   31) END INTERFACE
(   32) END MODULE MODI_DEFAULT_ALB_VEG_ECO2_03
(   33) !depfile:default_alb_eco2.F90
(   34) MODULE MODI_DEFAULT_ALB_VEG_ECO2_04
(   35) INTERFACE
(   36) SUBROUTINE DEFAULT_ALB_VEG_ECO2_04
(   37) END SUBROUTINE DEFAULT_ALB_VEG_ECO2_04
(   38) 
(   39) END INTERFACE
(   40) END MODULE MODI_DEFAULT_ALB_VEG_ECO2_04
(   41) !depfile:default_alb_eco2.F90
(   42) MODULE MODI_DEFAULT_ALB_VEG_ECO2_05
(   43) INTERFACE
(   44) SUBROUTINE DEFAULT_ALB_VEG_ECO2_05
(   45) END SUBROUTINE DEFAULT_ALB_VEG_ECO2_05
(   46) 
(   47) END INTERFACE
(   48) END MODULE MODI_DEFAULT_ALB_VEG_ECO2_05
(   49) !depfile:default_alb_eco2.F90
(   50) MODULE MODI_DEFAULT_ALB_VEG_ECO2_06
(   51) INTERFACE
(   52) SUBROUTINE DEFAULT_ALB_VEG_ECO2_06
(   53) END SUBROUTINE DEFAULT_ALB_VEG_ECO2_06
(   54) 
(   55) END INTERFACE
(   56) END MODULE MODI_DEFAULT_ALB_VEG_ECO2_06
(   57) !depfile:default_alb_eco2.F90
(   58) MODULE MODI_DEFAULT_ALB_VEG_ECO2_07
(   59) INTERFACE
(   60) SUBROUTINE DEFAULT_ALB_VEG_ECO2_07
(   61) END SUBROUTINE DEFAULT_ALB_VEG_ECO2_07
(   62) 
(   63) END INTERFACE
(   64) END MODULE MODI_DEFAULT_ALB_VEG_ECO2_07
(   65) !depfile:default_alb_eco2.F90
(   66) MODULE MODI_DEFAULT_ALB_VEG_ECO2_08
(   67) INTERFACE
(   68) SUBROUTINE DEFAULT_ALB_VEG_ECO2_08
(   69) END SUBROUTINE DEFAULT_ALB_VEG_ECO2_08
(   70) 
(   71) END INTERFACE
(   72) END MODULE MODI_DEFAULT_ALB_VEG_ECO2_08
(   73) !depfile:default_alb_eco2.F90
(   74) MODULE MODI_DEFAULT_ALB_VEG_ECO2_09
(   75) INTERFACE
(   76) SUBROUTINE DEFAULT_ALB_VEG_ECO2_09
(   77) END SUBROUTINE DEFAULT_ALB_VEG_ECO2_09
(   78) 
(   79) END INTERFACE
(   80) END MODULE MODI_DEFAULT_ALB_VEG_ECO2_09
(   81) !depfile:default_alb_eco2.F90
(   82) MODULE MODI_DEFAULT_ALB_VEG_ECO2_10
(   83) INTERFACE
(   84) SUBROUTINE DEFAULT_ALB_VEG_ECO2_10
(   85) END SUBROUTINE DEFAULT_ALB_VEG_ECO2_10
(   86) 
(   87) END INTERFACE
(   88) END MODULE MODI_DEFAULT_ALB_VEG_ECO2_10






NVFORTRAN (Version     23.1)          02/24/2023  13:30:53      page 4

(   89) !depfile:default_alb_eco2.F90
(   90) MODULE MODI_DEFAULT_ALB_VEG_ECO2_11
(   91) INTERFACE
(   92) SUBROUTINE DEFAULT_ALB_VEG_ECO2_11
(   93) END SUBROUTINE DEFAULT_ALB_VEG_ECO2_11
(   94) 
(   95) END INTERFACE
(   96) END MODULE MODI_DEFAULT_ALB_VEG_ECO2_11
(   97) !depfile:default_alb_eco2.F90
(   98) MODULE MODI_DEFAULT_ALB_VEG_ECO2_12
(   99) INTERFACE
(  100) SUBROUTINE DEFAULT_ALB_VEG_ECO2_12
(  101) END SUBROUTINE DEFAULT_ALB_VEG_ECO2_12
(  102) 
(  103) END INTERFACE
(  104) END MODULE MODI_DEFAULT_ALB_VEG_ECO2_12
(  105) !depfile:default_alb_eco2.F90
(  106) MODULE MODI_DEFAULT_ALB_VEG_ECO2_13
(  107) INTERFACE
(  108) SUBROUTINE DEFAULT_ALB_VEG_ECO2_13
(  109) END SUBROUTINE DEFAULT_ALB_VEG_ECO2_13
(  110) 
(  111) END INTERFACE
(  112) END MODULE MODI_DEFAULT_ALB_VEG_ECO2_13
(  113) !depfile:default_alb_eco2.F90
(  114) MODULE MODI_DEFAULT_ALB_VEG_ECO2_14
(  115) INTERFACE
(  116) SUBROUTINE DEFAULT_ALB_VEG_ECO2_14
(  117) END SUBROUTINE DEFAULT_ALB_VEG_ECO2_14
(  118) 
(  119) END INTERFACE
(  120) END MODULE MODI_DEFAULT_ALB_VEG_ECO2_14
(  121) !depfile:default_alb_eco2.F90
(  122) MODULE MODI_DEFAULT_ALB_VEG_ECO2_15
(  123) INTERFACE
(  124) SUBROUTINE DEFAULT_ALB_VEG_ECO2_15
(  125) END SUBROUTINE DEFAULT_ALB_VEG_ECO2_15
(  126) 
(  127) END INTERFACE
(  128) END MODULE MODI_DEFAULT_ALB_VEG_ECO2_15
(  129) !depfile:default_alb_eco2.F90
(  130) MODULE MODI_DEFAULT_ALB_VEG_ECO2_16
(  131) INTERFACE
(  132) SUBROUTINE DEFAULT_ALB_VEG_ECO2_16
(  133) END SUBROUTINE DEFAULT_ALB_VEG_ECO2_16
(  134) 
(  135) END INTERFACE
(  136) END MODULE MODI_DEFAULT_ALB_VEG_ECO2_16
(  137) !depfile:default_alb_eco2.F90
(  138) MODULE MODI_DEFAULT_ALB_VEG_ECO2_17
(  139) INTERFACE
(  140) SUBROUTINE DEFAULT_ALB_VEG_ECO2_17
(  141) END SUBROUTINE DEFAULT_ALB_VEG_ECO2_17
(  142) 
(  143) END INTERFACE
(  144) END MODULE MODI_DEFAULT_ALB_VEG_ECO2_17
(  145) !depfile:default_alb_eco2.F90
(  146) MODULE MODI_DEFAULT_ALB_VEG_ECO2_18






NVFORTRAN (Version     23.1)          02/24/2023  13:30:53      page 5

(  147) INTERFACE
(  148) SUBROUTINE DEFAULT_ALB_VEG_ECO2_18
(  149) END SUBROUTINE DEFAULT_ALB_VEG_ECO2_18
(  150) 
(  151) END INTERFACE
(  152) END MODULE MODI_DEFAULT_ALB_VEG_ECO2_18
(  153) !depfile:default_alb_eco2.F90
(  154) MODULE MODI_DEFAULT_ALB_VEG_ECO2_19
(  155) INTERFACE
(  156) SUBROUTINE DEFAULT_ALB_VEG_ECO2_19
(  157) END SUBROUTINE DEFAULT_ALB_VEG_ECO2_19
(  158) 
(  159) END INTERFACE
(  160) END MODULE MODI_DEFAULT_ALB_VEG_ECO2_19


















































NVFORTRAN (Version     23.1)          02/24/2023  13:30:53      page 6

(    1) # 1 "modi_default_alb_eco2.F90"
(    1) !depfile:default_alb_eco2.F90
(    2) MODULE MODI_DEFAULT_ALB_SOIL_ECO2
(    3) INTERFACE
(    4) SUBROUTINE DEFAULT_ALB_SOIL_ECO2
(    5) END SUBROUTINE DEFAULT_ALB_SOIL_ECO2
(    6) # 7 "modi_default_alb_eco2.F90"
(    7) END INTERFACE
(    8) END MODULE MODI_DEFAULT_ALB_SOIL_ECO2
(    9) !depfile:default_alb_eco2.F90
(   10) MODULE MODI_DEFAULT_ALB_VEG_ECO2_01
(   11) INTERFACE
(   12) SUBROUTINE DEFAULT_ALB_VEG_ECO2_01
(   13) END SUBROUTINE DEFAULT_ALB_VEG_ECO2_01
(   14) # 15 "modi_default_alb_eco2.F90"
(   15) END INTERFACE
(   16) END MODULE MODI_DEFAULT_ALB_VEG_ECO2_01
(   17) !depfile:default_alb_eco2.F90
(   18) MODULE MODI_DEFAULT_ALB_VEG_ECO2_02
(   19) INTERFACE
(   20) SUBROUTINE DEFAULT_ALB_VEG_ECO2_02
(   21) END SUBROUTINE DEFAULT_ALB_VEG_ECO2_02
(   22) # 23 "modi_default_alb_eco2.F90"
(   23) END INTERFACE
(   24) END MODULE MODI_DEFAULT_ALB_VEG_ECO2_02
(   25) !depfile:default_alb_eco2.F90
(   26) MODULE MODI_DEFAULT_ALB_VEG_ECO2_03
(   27) INTERFACE
(   28) SUBROUTINE DEFAULT_ALB_VEG_ECO2_03
(   29) END SUBROUTINE DEFAULT_ALB_VEG_ECO2_03
(   30) # 31 "modi_default_alb_eco2.F90"
(   31) END INTERFACE
(   32) END MODULE MODI_DEFAULT_ALB_VEG_ECO2_03
(   33) !depfile:default_alb_eco2.F90
(   34) MODULE MODI_DEFAULT_ALB_VEG_ECO2_04
(   35) INTERFACE
(   36) SUBROUTINE DEFAULT_ALB_VEG_ECO2_04
(   37) END SUBROUTINE DEFAULT_ALB_VEG_ECO2_04
(   38) # 39 "modi_default_alb_eco2.F90"
(   39) END INTERFACE
(   40) END MODULE MODI_DEFAULT_ALB_VEG_ECO2_04
(   41) !depfile:default_alb_eco2.F90
(   42) MODULE MODI_DEFAULT_ALB_VEG_ECO2_05
(   43) INTERFACE
(   44) SUBROUTINE DEFAULT_ALB_VEG_ECO2_05
(   45) END SUBROUTINE DEFAULT_ALB_VEG_ECO2_05
(   46) # 47 "modi_default_alb_eco2.F90"
(   47) END INTERFACE
(   48) END MODULE MODI_DEFAULT_ALB_VEG_ECO2_05
(   49) !depfile:default_alb_eco2.F90
(   50) MODULE MODI_DEFAULT_ALB_VEG_ECO2_06
(   51) INTERFACE
(   52) SUBROUTINE DEFAULT_ALB_VEG_ECO2_06
(   53) END SUBROUTINE DEFAULT_ALB_VEG_ECO2_06
(   54) # 55 "modi_default_alb_eco2.F90"
(   55) END INTERFACE
(   56) END MODULE MODI_DEFAULT_ALB_VEG_ECO2_06
(   57) !depfile:default_alb_eco2.F90






NVFORTRAN (Version     23.1)          02/24/2023  13:30:53      page 7

(   58) MODULE MODI_DEFAULT_ALB_VEG_ECO2_07
(   59) INTERFACE
(   60) SUBROUTINE DEFAULT_ALB_VEG_ECO2_07
(   61) END SUBROUTINE DEFAULT_ALB_VEG_ECO2_07
(   62) # 63 "modi_default_alb_eco2.F90"
(   63) END INTERFACE
(   64) END MODULE MODI_DEFAULT_ALB_VEG_ECO2_07
(   65) !depfile:default_alb_eco2.F90
(   66) MODULE MODI_DEFAULT_ALB_VEG_ECO2_08
(   67) INTERFACE
(   68) SUBROUTINE DEFAULT_ALB_VEG_ECO2_08
(   69) END SUBROUTINE DEFAULT_ALB_VEG_ECO2_08
(   70) # 71 "modi_default_alb_eco2.F90"
(   71) END INTERFACE
(   72) END MODULE MODI_DEFAULT_ALB_VEG_ECO2_08
(   73) !depfile:default_alb_eco2.F90
(   74) MODULE MODI_DEFAULT_ALB_VEG_ECO2_09
(   75) INTERFACE
(   76) SUBROUTINE DEFAULT_ALB_VEG_ECO2_09
(   77) END SUBROUTINE DEFAULT_ALB_VEG_ECO2_09
(   78) # 79 "modi_default_alb_eco2.F90"
(   79) END INTERFACE
(   80) END MODULE MODI_DEFAULT_ALB_VEG_ECO2_09
(   81) !depfile:default_alb_eco2.F90
(   82) MODULE MODI_DEFAULT_ALB_VEG_ECO2_10
(   83) INTERFACE
(   84) SUBROUTINE DEFAULT_ALB_VEG_ECO2_10
(   85) END SUBROUTINE DEFAULT_ALB_VEG_ECO2_10
(   86) # 87 "modi_default_alb_eco2.F90"
(   87) END INTERFACE
(   88) END MODULE MODI_DEFAULT_ALB_VEG_ECO2_10
(   89) !depfile:default_alb_eco2.F90
(   90) MODULE MODI_DEFAULT_ALB_VEG_ECO2_11
(   91) INTERFACE
(   92) SUBROUTINE DEFAULT_ALB_VEG_ECO2_11
(   93) END SUBROUTINE DEFAULT_ALB_VEG_ECO2_11
(   94) # 95 "modi_default_alb_eco2.F90"
(   95) END INTERFACE
(   96) END MODULE MODI_DEFAULT_ALB_VEG_ECO2_11
(   97) !depfile:default_alb_eco2.F90
(   98) MODULE MODI_DEFAULT_ALB_VEG_ECO2_12
(   99) INTERFACE
(  100) SUBROUTINE DEFAULT_ALB_VEG_ECO2_12
(  101) END SUBROUTINE DEFAULT_ALB_VEG_ECO2_12
(  102) # 103 "modi_default_alb_eco2.F90"
(  103) END INTERFACE
(  104) END MODULE MODI_DEFAULT_ALB_VEG_ECO2_12
(  105) !depfile:default_alb_eco2.F90
(  106) MODULE MODI_DEFAULT_ALB_VEG_ECO2_13
(  107) INTERFACE
(  108) SUBROUTINE DEFAULT_ALB_VEG_ECO2_13
(  109) END SUBROUTINE DEFAULT_ALB_VEG_ECO2_13
(  110) # 111 "modi_default_alb_eco2.F90"
(  111) END INTERFACE
(  112) END MODULE MODI_DEFAULT_ALB_VEG_ECO2_13
(  113) !depfile:default_alb_eco2.F90
(  114) MODULE MODI_DEFAULT_ALB_VEG_ECO2_14
(  115) INTERFACE






NVFORTRAN (Version     23.1)          02/24/2023  13:30:53      page 8

(  116) SUBROUTINE DEFAULT_ALB_VEG_ECO2_14
(  117) END SUBROUTINE DEFAULT_ALB_VEG_ECO2_14
(  118) # 119 "modi_default_alb_eco2.F90"
(  119) END INTERFACE
(  120) END MODULE MODI_DEFAULT_ALB_VEG_ECO2_14
(  121) !depfile:default_alb_eco2.F90
(  122) MODULE MODI_DEFAULT_ALB_VEG_ECO2_15
(  123) INTERFACE
(  124) SUBROUTINE DEFAULT_ALB_VEG_ECO2_15
(  125) END SUBROUTINE DEFAULT_ALB_VEG_ECO2_15
(  126) # 127 "modi_default_alb_eco2.F90"
(  127) END INTERFACE
(  128) END MODULE MODI_DEFAULT_ALB_VEG_ECO2_15
(  129) !depfile:default_alb_eco2.F90
(  130) MODULE MODI_DEFAULT_ALB_VEG_ECO2_16
(  131) INTERFACE
(  132) SUBROUTINE DEFAULT_ALB_VEG_ECO2_16
(  133) END SUBROUTINE DEFAULT_ALB_VEG_ECO2_16
(  134) # 135 "modi_default_alb_eco2.F90"
(  135) END INTERFACE
(  136) END MODULE MODI_DEFAULT_ALB_VEG_ECO2_16
(  137) !depfile:default_alb_eco2.F90
(  138) MODULE MODI_DEFAULT_ALB_VEG_ECO2_17
(  139) INTERFACE
(  140) SUBROUTINE DEFAULT_ALB_VEG_ECO2_17
(  141) END SUBROUTINE DEFAULT_ALB_VEG_ECO2_17
(  142) # 143 "modi_default_alb_eco2.F90"
(  143) END INTERFACE
(  144) END MODULE MODI_DEFAULT_ALB_VEG_ECO2_17
(  145) !depfile:default_alb_eco2.F90
(  146) MODULE MODI_DEFAULT_ALB_VEG_ECO2_18
(  147) INTERFACE
(  148) SUBROUTINE DEFAULT_ALB_VEG_ECO2_18
(  149) END SUBROUTINE DEFAULT_ALB_VEG_ECO2_18
(  150) # 151 "modi_default_alb_eco2.F90"
(  151) END INTERFACE
(  152) END MODULE MODI_DEFAULT_ALB_VEG_ECO2_18
(  153) !depfile:default_alb_eco2.F90
(  154) MODULE MODI_DEFAULT_ALB_VEG_ECO2_19
(  155) INTERFACE
(  156) SUBROUTINE DEFAULT_ALB_VEG_ECO2_19
(  157) END SUBROUTINE DEFAULT_ALB_VEG_ECO2_19
(  158) # 159 "modi_default_alb_eco2.F90"
(  159) END INTERFACE
(  160) END MODULE MODI_DEFAULT_ALB_VEG_ECO2_19
