


NVFORTRAN (Version     23.1)          02/24/2023  13:52:39      page 1

Switches: -noasm -nodclchk -debug -nodlines -line -list
          -idir .D[1]
          -idir .D[2]
          -idir .D[3]
          -idir .D[4]
          -idir .D[5]
          -idir .D[6]
          -idir .D[7]
          -idir .D[8]
          -idir .D[9]
          -idir .D[10]
          -idir .D[11]
          -idir .D[12]
          -idir .D[13]
          -idir .D[14]
          -idir .D[15]
          -idir .D[16]
          -idir .D[17]
          -idir .D[18]
          -idir .D[19]
          -idir .D[20]
          -idir .D[21]
          -idir .D[22]
          -idir .D[23]
          -idir .D[24]
          -idir .D[25]
          -idir .D[26]
          -idir .D[27]
          -idir .D[28]
          -idir .D[29]
          -idir .D[30]
          -idir .D[31]
          -idir .D[32]
          -idir .D[33]
          -idir .D[34]
          -idir .D[35]
          -idir .D[36]
          -idir .D[37]
          -idir .D[38]
          -idir .D[39]
          -idir .D[40]
          -idir .D[41]
          -idir .D[42]
          -idir .D[43]
          -idir .D[44]
          -idir .D[45]
          -idir .D[46]
          -idir .D[47]
          -idir .D[48]
          -idir .D[49]
          -idir .D[50]
          -idir .D[51]
          -idir .D[52]
          -idir .D[53]
          -idir .D[54]
          -idir .D[55]
          -idir .D[56]
          -idir .D[57]






NVFORTRAN (Version     23.1)          02/24/2023  13:52:39      page 2

          -idir .D[58]
          -idir .D[59]
          -idir .D[60]
          -idir .D[61]
          -idir .D[62]
          -idir .D[63]
          -idir .D[64]
          -idir .D[65]
          -idir .D[66]
          -idir .D[67]
          -idir .D[68]
          -idir .D[69]
          -idir .D[70]
          -idir .D[71]
          -idir .D[72]
          -idir .D[73]
          -idir .D[74]
          -idir .D[75]
          -idir .D[76]
          -idir .D[77]
          -idir .D[78]
          -idir /opt/softs/nvidia/hpc_sdk/Linux_x86_64/23.1/comm_libs/openmpi/openmpi-3.1.5/include
          -idir /opt/softs/nvidia/hpc_sdk/Linux_x86_64/23.1/comm_libs/openmpi/openmpi-3.1.5/lib
          -inform severe -opt 0 -nosave -object -noonetrip
          -depchk on -nostandard     
          -symbol -noupcase    

Filename: modi_hydro.F90

(    1) !depfile:hydro.F90
(    2) MODULE MODI_HYDRO
(    3) INTERFACE
(    4)       SUBROUTINE HYDRO(IO, KK, PK, PEK, AG, DEK, DMK, OMEB, PTSTEP, PVEG, &
(    5)                        PWRMAX, PSNOW_THRUFAL, PEVAPCOR, PSUBVCOR, PSOILHCAPZ, &
(    6)                        PF2WGHT, PF2, PPS, PIRRIG_GR, PDELHEATG, PDELHEATG_SFC,&
(    7)                        PDELPHASEG, PDELPHASEG_SFC               )
(    8) USE MODD_ISBA_OPTIONS_n, ONLY : ISBA_OPTIONS_t
(    9) USE MODD_ISBA_n, ONLY : ISBA_K_t, ISBA_P_t, ISBA_PE_t
(   10) USE MODD_AGRI_n, ONLY : AGRI_t
(   11) USE MODD_DIAG_EVAP_ISBA_n, ONLY : DIAG_EVAP_ISBA_t
(   12) USE MODD_DIAG_MISC_ISBA_n, ONLY : DIAG_MISC_ISBA_t
(   13) TYPE(ISBA_OPTIONS_t), INTENT(INOUT) :: IO
(   14) TYPE(ISBA_K_t), INTENT(INOUT) :: KK
(   15) TYPE(ISBA_P_t), INTENT(INOUT) :: PK
(   16) TYPE(ISBA_PE_t), INTENT(INOUT) :: PEK
(   17) TYPE(AGRI_t), INTENT(INOUT) :: AG
(   18) TYPE(DIAG_EVAP_ISBA_t), INTENT(INOUT) :: DEK
(   19) TYPE(DIAG_MISC_ISBA_t), INTENT(INOUT) :: DMK
(   20) LOGICAL, INTENT(IN)                :: OMEB   ! True  = patch with multi-energy balance 
(   21) REAL, INTENT(IN)                    :: PTSTEP
(   22) REAL, DIMENSION(:), INTENT(IN)    :: PVEG, PWRMAX
(   23) REAL, DIMENSION(:), INTENT(IN)    :: PSNOW_THRUFAL, PEVAPCOR, PSUBVCOR
(   24) REAL, DIMENSION(:), INTENT(IN)    :: PPS, PF2                                       
(   25) REAL, DIMENSION(:,:), INTENT(IN)  :: PF2WGHT
(   26) REAL, DIMENSION(:,:), INTENT(IN) :: PSOILHCAPZ
(   27) REAL, DIMENSION(:), INTENT(INOUT) :: PDELHEATG, PDELHEATG_SFC
(   28) REAL, DIMENSION(:), INTENT(OUT)   :: PDELPHASEG, PDELPHASEG_SFC
(   29) REAL   ,DIMENSION(:),INTENT(IN)    :: PIRRIG_GR ! ground irrigation rate (kg/m2/s)
(   30) END SUBROUTINE HYDRO






NVFORTRAN (Version     23.1)          02/24/2023  13:52:39      page 3

(   31) 
(   32) END INTERFACE
(   33) END MODULE MODI_HYDRO





























































NVFORTRAN (Version     23.1)          02/24/2023  13:52:39      page 4

(    1) # 1 "modi_hydro.F90"
(    1) !depfile:hydro.F90
(    2) MODULE MODI_HYDRO
(    3) INTERFACE
(    4)       SUBROUTINE HYDRO(IO, KK, PK, PEK, AG, DEK, DMK, OMEB, PTSTEP, PVEG, &
(    5)                        PWRMAX, PSNOW_THRUFAL, PEVAPCOR, PSUBVCOR, PSOILHCAPZ, &
(    6)                        PF2WGHT, PF2, PPS, PIRRIG_GR, PDELHEATG, PDELHEATG_SFC,&
(    7)                        PDELPHASEG, PDELPHASEG_SFC               )
(    8) USE MODD_ISBA_OPTIONS_n, ONLY : ISBA_OPTIONS_t
(    9) USE MODD_ISBA_n, ONLY : ISBA_K_t, ISBA_P_t, ISBA_PE_t
(   10) USE MODD_AGRI_n, ONLY : AGRI_t
(   11) USE MODD_DIAG_EVAP_ISBA_n, ONLY : DIAG_EVAP_ISBA_t
(   12) USE MODD_DIAG_MISC_ISBA_n, ONLY : DIAG_MISC_ISBA_t
(   13) TYPE(ISBA_OPTIONS_t), INTENT(INOUT) :: IO
(   14) TYPE(ISBA_K_t), INTENT(INOUT) :: KK
(   15) TYPE(ISBA_P_t), INTENT(INOUT) :: PK
(   16) TYPE(ISBA_PE_t), INTENT(INOUT) :: PEK
(   17) TYPE(AGRI_t), INTENT(INOUT) :: AG
(   18) TYPE(DIAG_EVAP_ISBA_t), INTENT(INOUT) :: DEK
(   19) TYPE(DIAG_MISC_ISBA_t), INTENT(INOUT) :: DMK
(   20) LOGICAL, INTENT(IN)                :: OMEB   ! True  = patch with multi-energy balance 
(   21) REAL, INTENT(IN)                    :: PTSTEP
(   22) REAL, DIMENSION(:), INTENT(IN)    :: PVEG, PWRMAX
(   23) REAL, DIMENSION(:), INTENT(IN)    :: PSNOW_THRUFAL, PEVAPCOR, PSUBVCOR
(   24) REAL, DIMENSION(:), INTENT(IN)    :: PPS, PF2                                       
(   25) REAL, DIMENSION(:,:), INTENT(IN)  :: PF2WGHT
(   26) REAL, DIMENSION(:,:), INTENT(IN) :: PSOILHCAPZ
(   27) REAL, DIMENSION(:), INTENT(INOUT) :: PDELHEATG, PDELHEATG_SFC
(   28) REAL, DIMENSION(:), INTENT(OUT)   :: PDELPHASEG, PDELPHASEG_SFC
(   29) REAL   ,DIMENSION(:),INTENT(IN)    :: PIRRIG_GR ! ground irrigation rate (kg/m2/s)
(   30) END SUBROUTINE HYDRO
(   31) # 32 "modi_hydro.F90"
(   32) END INTERFACE
(   33) END MODULE MODI_HYDRO
