


NVFORTRAN (Version     23.1)          02/24/2023  13:30:15      page 1

Switches: -noasm -nodclchk -debug -nodlines -line -list
          -idir .D[1]
          -idir .D[2]
          -idir .D[3]
          -idir .D[4]
          -idir .D[5]
          -idir .D[6]
          -idir .D[7]
          -idir .D[8]
          -idir .D[9]
          -idir .D[10]
          -idir .D[11]
          -idir .D[12]
          -idir .D[13]
          -idir .D[14]
          -idir .D[15]
          -idir .D[16]
          -idir .D[17]
          -idir .D[18]
          -idir .D[19]
          -idir .D[20]
          -idir .D[21]
          -idir .D[22]
          -idir .D[23]
          -idir .D[24]
          -idir .D[25]
          -idir .D[26]
          -idir .D[27]
          -idir .D[28]
          -idir .D[29]
          -idir .D[30]
          -idir .D[31]
          -idir .D[32]
          -idir .D[33]
          -idir .D[34]
          -idir .D[35]
          -idir .D[36]
          -idir .D[37]
          -idir .D[38]
          -idir .D[39]
          -idir .D[40]
          -idir .D[41]
          -idir .D[42]
          -idir .D[43]
          -idir .D[44]
          -idir .D[45]
          -idir .D[46]
          -idir .D[47]
          -idir .D[48]
          -idir .D[49]
          -idir .D[50]
          -idir .D[51]
          -idir .D[52]
          -idir .D[53]
          -idir .D[54]
          -idir .D[55]
          -idir .D[56]
          -idir .D[57]






NVFORTRAN (Version     23.1)          02/24/2023  13:30:15      page 2

          -idir .D[58]
          -idir .D[59]
          -idir .D[60]
          -idir .D[61]
          -idir .D[62]
          -idir .D[63]
          -idir .D[64]
          -idir .D[65]
          -idir .D[66]
          -idir .D[67]
          -idir .D[68]
          -idir .D[69]
          -idir .D[70]
          -idir .D[71]
          -idir .D[72]
          -idir .D[73]
          -idir .D[74]
          -idir .D[75]
          -idir .D[76]
          -idir .D[77]
          -idir .D[78]
          -idir /opt/softs/nvidia/hpc_sdk/Linux_x86_64/23.1/comm_libs/openmpi/openmpi-3.1.5/include
          -idir /opt/softs/nvidia/hpc_sdk/Linux_x86_64/23.1/comm_libs/openmpi/openmpi-3.1.5/lib
          -inform severe -opt 0 -nosave -object -noonetrip
          -depchk on -nostandard     
          -symbol -noupcase    

Filename: modi_radiative_transfert.F90

(    1) !depfile:radiative_transfert.F90
(    2) MODULE MODI_RADIATIVE_TRANSFERT
(    3) INTERFACE
(    4) SUBROUTINE RADIATIVE_TRANSFERT(OAGRI_TO_GRASS, PVEGTYPE,          &
(    5)             PALBVIS_VEG, PALBVIS_SOIL, PALBNIR_VEG, PALBNIR_SOIL, &
(    6)             PSW_RAD, PLAI, PZENITH, PABC,                         &
(    7)             PFAPARC, PFAPIRC, PMUS, PLAI_EFFC, OSHADE, PIACAN,                 &
(    8)             PIACAN_SUNLIT, PIACAN_SHADE, PFRAC_SUN,                         &
(    9)             PFAPAR, PFAPIR, PFAPAR_BS, PFAPIR_BS                  ) 
(   10) LOGICAL,             INTENT(IN)  :: OAGRI_TO_GRASS
(   11) REAL, DIMENSION(:,:),INTENT(IN)  :: PVEGTYPE     ! PVEGTYPE  = type de vegetation (1 a 9)
(   12) REAL, DIMENSION(:), INTENT(IN)   :: PALBVIS_VEG  ! visible snow free albedo of vegetation
(   13) REAL, DIMENSION(:), INTENT(IN)   :: PALBVIS_SOIL ! visible snow free albedo of soil
(   14) REAL, DIMENSION(:), INTENT(IN)   :: PALBNIR_VEG  ! NIR snow free albedo of vegetation
(   15) REAL, DIMENSION(:), INTENT(IN)   :: PALBNIR_SOIL ! NIR snow free albedo of soil
(   16) REAL,DIMENSION(:),   INTENT(IN)  :: PSW_RAD      ! incident broadband solar radiation (PAR+NIR)
(   17) REAL,DIMENSION(:),   INTENT(IN)  :: PLAI         ! PLAI  = leaf area index
(   18) REAL,DIMENSION(:),    INTENT(IN)  :: PZENITH     ! solar zenith angle needed 
(   19) REAL,DIMENSION(:),  INTENT(INOUT) :: PABC        ! normalized canopy height (0=bottom, 1=top)
(   20) REAL, DIMENSION(:),   INTENT(INOUT) :: PFAPARC   !fraction of absorbed photosynthetic active radiation (cumulated over patch
(   21) REAL, DIMENSION(:),   INTENT(INOUT) :: PFAPIRC   !fraction of absorbed NIR (cumulated)
(   22) REAL, DIMENSION(:),   INTENT(INOUT) :: PMUS      ! cosine of solar zenith angle (averaged)
(   23) REAL, DIMENSION(:),   INTENT(INOUT) :: PLAI_EFFC ! Effective LAI (cumulated)
(   24) LOGICAL, DIMENSION(:),INTENT(OUT) :: OSHADE      ! OSHADE = if 1 shading activated
(   25) REAL, DIMENSION(:,:), INTENT(OUT) :: PIACAN      ! APAR in the canopy at different gauss level
(   26) REAL, DIMENSION(:,:), INTENT(OUT) :: PIACAN_SUNLIT, PIACAN_SHADE
(   27) REAL, DIMENSION(:,:), INTENT(OUT) :: PFRAC_SUN   ! fraction of sunlit leaves
(   28) REAL, DIMENSION(:),   INTENT(OUT) :: PFAPAR, PFAPIR, PFAPAR_BS, PFAPIR_BS
(   29) END SUBROUTINE RADIATIVE_TRANSFERT
(   30) 






NVFORTRAN (Version     23.1)          02/24/2023  13:30:15      page 3

(   31) END INTERFACE
(   32) END MODULE MODI_RADIATIVE_TRANSFERT






























































NVFORTRAN (Version     23.1)          02/24/2023  13:30:15      page 4

(    1) # 1 "modi_radiative_transfert.F90"
(    1) !depfile:radiative_transfert.F90
(    2) MODULE MODI_RADIATIVE_TRANSFERT
(    3) INTERFACE
(    4) SUBROUTINE RADIATIVE_TRANSFERT(OAGRI_TO_GRASS, PVEGTYPE,          &
(    5)             PALBVIS_VEG, PALBVIS_SOIL, PALBNIR_VEG, PALBNIR_SOIL, &
(    6)             PSW_RAD, PLAI, PZENITH, PABC,                         &
(    7)             PFAPARC, PFAPIRC, PMUS, PLAI_EFFC, OSHADE, PIACAN,                 &
(    8)             PIACAN_SUNLIT, PIACAN_SHADE, PFRAC_SUN,                         &
(    9)             PFAPAR, PFAPIR, PFAPAR_BS, PFAPIR_BS                  ) 
(   10) LOGICAL,             INTENT(IN)  :: OAGRI_TO_GRASS
(   11) REAL, DIMENSION(:,:),INTENT(IN)  :: PVEGTYPE     ! PVEGTYPE  = type de vegetation (1 a 9)
(   12) REAL, DIMENSION(:), INTENT(IN)   :: PALBVIS_VEG  ! visible snow free albedo of vegetation
(   13) REAL, DIMENSION(:), INTENT(IN)   :: PALBVIS_SOIL ! visible snow free albedo of soil
(   14) REAL, DIMENSION(:), INTENT(IN)   :: PALBNIR_VEG  ! NIR snow free albedo of vegetation
(   15) REAL, DIMENSION(:), INTENT(IN)   :: PALBNIR_SOIL ! NIR snow free albedo of soil
(   16) REAL,DIMENSION(:),   INTENT(IN)  :: PSW_RAD      ! incident broadband solar radiation (PAR+NIR)
(   17) REAL,DIMENSION(:),   INTENT(IN)  :: PLAI         ! PLAI  = leaf area index
(   18) REAL,DIMENSION(:),    INTENT(IN)  :: PZENITH     ! solar zenith angle needed 
(   19) REAL,DIMENSION(:),  INTENT(INOUT) :: PABC        ! normalized canopy height (0=bottom, 1=top)
(   20) REAL, DIMENSION(:),   INTENT(INOUT) :: PFAPARC   !fraction of absorbed photosynthetic active radiation (cumulated over patches)
(   21) REAL, DIMENSION(:),   INTENT(INOUT) :: PFAPIRC   !fraction of absorbed NIR (cumulated)
(   22) REAL, DIMENSION(:),   INTENT(INOUT) :: PMUS      ! cosine of solar zenith angle (averaged)
(   23) REAL, DIMENSION(:),   INTENT(INOUT) :: PLAI_EFFC ! Effective LAI (cumulated)
(   24) LOGICAL, DIMENSION(:),INTENT(OUT) :: OSHADE      ! OSHADE = if 1 shading activated
(   25) REAL, DIMENSION(:,:), INTENT(OUT) :: PIACAN      ! APAR in the canopy at different gauss level
(   26) REAL, DIMENSION(:,:), INTENT(OUT) :: PIACAN_SUNLIT, PIACAN_SHADE
(   27) REAL, DIMENSION(:,:), INTENT(OUT) :: PFRAC_SUN   ! fraction of sunlit leaves
(   28) REAL, DIMENSION(:),   INTENT(OUT) :: PFAPAR, PFAPIR, PFAPAR_BS, PFAPIR_BS
(   29) END SUBROUTINE RADIATIVE_TRANSFERT
(   30) # 31 "modi_radiative_transfert.F90"
(   31) END INTERFACE
(   32) END MODULE MODI_RADIATIVE_TRANSFERT
