


NVFORTRAN (Version     23.1)          02/24/2023  13:51:38      page 1

Switches: -noasm -nodclchk -debug -nodlines -line -list
          -idir .D[1]
          -idir .D[2]
          -idir .D[3]
          -idir .D[4]
          -idir .D[5]
          -idir .D[6]
          -idir .D[7]
          -idir .D[8]
          -idir .D[9]
          -idir .D[10]
          -idir .D[11]
          -idir .D[12]
          -idir .D[13]
          -idir .D[14]
          -idir .D[15]
          -idir .D[16]
          -idir .D[17]
          -idir .D[18]
          -idir .D[19]
          -idir .D[20]
          -idir .D[21]
          -idir .D[22]
          -idir .D[23]
          -idir .D[24]
          -idir .D[25]
          -idir .D[26]
          -idir .D[27]
          -idir .D[28]
          -idir .D[29]
          -idir .D[30]
          -idir .D[31]
          -idir .D[32]
          -idir .D[33]
          -idir .D[34]
          -idir .D[35]
          -idir .D[36]
          -idir .D[37]
          -idir .D[38]
          -idir .D[39]
          -idir .D[40]
          -idir .D[41]
          -idir .D[42]
          -idir .D[43]
          -idir .D[44]
          -idir .D[45]
          -idir .D[46]
          -idir .D[47]
          -idir .D[48]
          -idir .D[49]
          -idir .D[50]
          -idir .D[51]
          -idir .D[52]
          -idir .D[53]
          -idir .D[54]
          -idir .D[55]
          -idir .D[56]
          -idir .D[57]






NVFORTRAN (Version     23.1)          02/24/2023  13:51:38      page 2

          -idir .D[58]
          -idir .D[59]
          -idir .D[60]
          -idir .D[61]
          -idir .D[62]
          -idir .D[63]
          -idir .D[64]
          -idir .D[65]
          -idir .D[66]
          -idir .D[67]
          -idir .D[68]
          -idir .D[69]
          -idir .D[70]
          -idir .D[71]
          -idir .D[72]
          -idir .D[73]
          -idir .D[74]
          -idir .D[75]
          -idir .D[76]
          -idir .D[77]
          -idir .D[78]
          -idir /opt/softs/nvidia/hpc_sdk/Linux_x86_64/23.1/comm_libs/openmpi/openmpi-3.1.5/include
          -idir /opt/softs/nvidia/hpc_sdk/Linux_x86_64/23.1/comm_libs/openmpi/openmpi-3.1.5/lib
          -inform severe -opt 0 -nosave -object -noonetrip
          -depchk on -nostandard     
          -symbol -noupcase    

Filename: modi_urban_solar_abs.F90

(    1) !depfile:urban_solar_abs.F90
(    2) MODULE MODI_URBAN_SOLAR_ABS
(    3) INTERFACE
(    4)     SUBROUTINE URBAN_SOLAR_ABS(TOP, T, B, DMT, PDIR_SW, PSCA_SW, PZENITH, PAZIM,   &
(    5)                                PFRAC_PANEL, PALB_PANEL, PALB_GD, PSVF_GD, PALB_GRF, &
(    6)                                PDN_RF, PDF_RF, PDN_RD, PDF_RD, PREC_SW_RD,          &
(    7)                                PREC_SW_SN_RD, PREC_SW_WL_A, PREC_SW_WL_B,           &
(    8)                                PREC_SW_GD, PREC_SW_RF, PDIR_ALB_TWN, PSCA_ALB_TWN,  &
(    9)                                PSW_RAD_GD, PREC_SW_WIN, PREF_SW_GRND, PREF_SW_FAC,  &
(   10)                                PE_SHADING, OSHAD_DAY, OSHADE, OALB_ONLY )  
(   11) USE MODD_TEB_OPTION_n, ONLY : TEB_OPTIONS_t
(   12) USE MODD_TEB_n, ONLY : TEB_t
(   13) USE MODD_BEM_n, ONLY : BEM_t
(   14) USE MODD_DIAG_MISC_TEB_n, ONLY : DIAG_MISC_TEB_t
(   15) TYPE(TEB_OPTIONS_t), INTENT(INOUT) :: TOP
(   16) TYPE(TEB_t), INTENT(INOUT) :: T
(   17) TYPE(BEM_t), INTENT(INOUT) :: B
(   18) TYPE(DIAG_MISC_TEB_t), INTENT(INOUT) :: DMT
(   19) REAL, DIMENSION(:), INTENT(IN)    :: PDIR_SW           ! incoming direct solar radiation
(   20) REAL, DIMENSION(:), INTENT(IN)    :: PSCA_SW           ! scattered incoming solar rad.
(   21) REAL, DIMENSION(:), INTENT(IN)    :: PZENITH           ! solar zenithal angle
(   22) REAL, DIMENSION(:), INTENT(IN)    :: PAZIM             ! solar azimuthal angle
(   23) REAL, DIMENSION(:), INTENT(IN)    :: PFRAC_PANEL       ! Fraction of solar panel on roofs (-)
(   24) REAL, DIMENSION(:), INTENT(IN)    :: PALB_PANEL        ! Albedo     of solar panels (-)
(   25) REAL, DIMENSION(:), INTENT(IN)    :: PALB_GD       ! GD areas albedo
(   26) REAL, DIMENSION(:), INTENT(IN)    :: PSVF_GD       ! GD areas sky view factor
(   27) REAL, DIMENSION(:), INTENT(IN)    :: PALB_GRF      ! green roof albedo
(   28) REAL, DIMENSION(:), INTENT(IN)    :: PDN_RF          ! snow-covered roof fraction
(   29) REAL, DIMENSION(:), INTENT(IN)    :: PDF_RF          ! snow-free    roof fraction
(   30) REAL, DIMENSION(:), INTENT(IN)    :: PDN_RD          ! snow-covered road fraction






NVFORTRAN (Version     23.1)          02/24/2023  13:51:38      page 3

(   31) REAL, DIMENSION(:), INTENT(IN)    :: PDF_RD          ! snow-free    road fraction
(   32) REAL, DIMENSION(:), INTENT(OUT)    :: PREC_SW_RD     ! solar radiation received
(   33) REAL, DIMENSION(:), INTENT(OUT)    :: PREC_SW_WL_A   ! solar radiation received
(   34) REAL, DIMENSION(:), INTENT(OUT)    :: PREC_SW_WL_B   ! solar radiation received
(   35) REAL, DIMENSION(:), INTENT(OUT)    :: PREC_SW_GD     ! solar radiation received
(   36) REAL, DIMENSION(:), INTENT(OUT)    :: PREC_SW_RF     ! solar radiation received
(   37) REAL, DIMENSION(:), INTENT(OUT)    :: PREC_SW_SN_RD  ! solar radiation received
(   38) REAL, DIMENSION(:), INTENT(OUT)    :: PDIR_ALB_TWN   ! town direct albedo
(   39) REAL, DIMENSION(:), INTENT(OUT)    :: PSCA_ALB_TWN   ! town diffuse albedo
(   40) REAL, DIMENSION(:), INTENT(OUT)    :: PSW_RAD_GD     ! solar radiation reaching GD areas
(   41) REAL, DIMENSION(:), INTENT(OUT)    :: PREC_SW_WIN      ! solar radiation received by windows
(   42) REAL, DIMENSION(:), INTENT(OUT)    :: PREF_SW_GRND     ! total solar radiation reflected by ground
(   43) REAL, DIMENSION(:), INTENT(OUT)    :: PREF_SW_FAC      ! total solar radiation reflected by wall
(   44) REAL, DIMENSION(:), INTENT(OUT)    :: PE_SHADING       ! Energy that is not reflected 
(   45) LOGICAL, DIMENSION(:),INTENT(INOUT):: OSHAD_DAY        ! has shading been necessary this day ?
(   46) LOGICAL, DIMENSION(:),INTENT(IN)   :: OSHADE           ! are building conditions favorable for 
(   47) LOGICAL, INTENT(IN), OPTIONAL :: OALB_ONLY
(   48) END SUBROUTINE URBAN_SOLAR_ABS
(   49) 
(   50) END INTERFACE
(   51) END MODULE MODI_URBAN_SOLAR_ABS











































NVFORTRAN (Version     23.1)          02/24/2023  13:51:38      page 4

(    1) # 1 "modi_urban_solar_abs.F90"
(    1) !depfile:urban_solar_abs.F90
(    2) MODULE MODI_URBAN_SOLAR_ABS
(    3) INTERFACE
(    4)     SUBROUTINE URBAN_SOLAR_ABS(TOP, T, B, DMT, PDIR_SW, PSCA_SW, PZENITH, PAZIM,   &
(    5)                                PFRAC_PANEL, PALB_PANEL, PALB_GD, PSVF_GD, PALB_GRF, &
(    6)                                PDN_RF, PDF_RF, PDN_RD, PDF_RD, PREC_SW_RD,          &
(    7)                                PREC_SW_SN_RD, PREC_SW_WL_A, PREC_SW_WL_B,           &
(    8)                                PREC_SW_GD, PREC_SW_RF, PDIR_ALB_TWN, PSCA_ALB_TWN,  &
(    9)                                PSW_RAD_GD, PREC_SW_WIN, PREF_SW_GRND, PREF_SW_FAC,  &
(   10)                                PE_SHADING, OSHAD_DAY, OSHADE, OALB_ONLY )  
(   11) USE MODD_TEB_OPTION_n, ONLY : TEB_OPTIONS_t
(   12) USE MODD_TEB_n, ONLY : TEB_t
(   13) USE MODD_BEM_n, ONLY : BEM_t
(   14) USE MODD_DIAG_MISC_TEB_n, ONLY : DIAG_MISC_TEB_t
(   15) TYPE(TEB_OPTIONS_t), INTENT(INOUT) :: TOP
(   16) TYPE(TEB_t), INTENT(INOUT) :: T
(   17) TYPE(BEM_t), INTENT(INOUT) :: B
(   18) TYPE(DIAG_MISC_TEB_t), INTENT(INOUT) :: DMT
(   19) REAL, DIMENSION(:), INTENT(IN)    :: PDIR_SW           ! incoming direct solar radiation
(   20) REAL, DIMENSION(:), INTENT(IN)    :: PSCA_SW           ! scattered incoming solar rad.
(   21) REAL, DIMENSION(:), INTENT(IN)    :: PZENITH           ! solar zenithal angle
(   22) REAL, DIMENSION(:), INTENT(IN)    :: PAZIM             ! solar azimuthal angle
(   23) REAL, DIMENSION(:), INTENT(IN)    :: PFRAC_PANEL       ! Fraction of solar panel on roofs (-)
(   24) REAL, DIMENSION(:), INTENT(IN)    :: PALB_PANEL        ! Albedo     of solar panels (-)
(   25) REAL, DIMENSION(:), INTENT(IN)    :: PALB_GD       ! GD areas albedo
(   26) REAL, DIMENSION(:), INTENT(IN)    :: PSVF_GD       ! GD areas sky view factor
(   27) REAL, DIMENSION(:), INTENT(IN)    :: PALB_GRF      ! green roof albedo
(   28) REAL, DIMENSION(:), INTENT(IN)    :: PDN_RF          ! snow-covered roof fraction
(   29) REAL, DIMENSION(:), INTENT(IN)    :: PDF_RF          ! snow-free    roof fraction
(   30) REAL, DIMENSION(:), INTENT(IN)    :: PDN_RD          ! snow-covered road fraction
(   31) REAL, DIMENSION(:), INTENT(IN)    :: PDF_RD          ! snow-free    road fraction
(   32) REAL, DIMENSION(:), INTENT(OUT)    :: PREC_SW_RD     ! solar radiation received
(   33) REAL, DIMENSION(:), INTENT(OUT)    :: PREC_SW_WL_A   ! solar radiation received
(   34) REAL, DIMENSION(:), INTENT(OUT)    :: PREC_SW_WL_B   ! solar radiation received
(   35) REAL, DIMENSION(:), INTENT(OUT)    :: PREC_SW_GD     ! solar radiation received
(   36) REAL, DIMENSION(:), INTENT(OUT)    :: PREC_SW_RF     ! solar radiation received
(   37) REAL, DIMENSION(:), INTENT(OUT)    :: PREC_SW_SN_RD  ! solar radiation received
(   38) REAL, DIMENSION(:), INTENT(OUT)    :: PDIR_ALB_TWN   ! town direct albedo
(   39) REAL, DIMENSION(:), INTENT(OUT)    :: PSCA_ALB_TWN   ! town diffuse albedo
(   40) REAL, DIMENSION(:), INTENT(OUT)    :: PSW_RAD_GD     ! solar radiation reaching GD areas
(   41) REAL, DIMENSION(:), INTENT(OUT)    :: PREC_SW_WIN      ! solar radiation received by windows
(   42) REAL, DIMENSION(:), INTENT(OUT)    :: PREF_SW_GRND     ! total solar radiation reflected by ground
(   43) REAL, DIMENSION(:), INTENT(OUT)    :: PREF_SW_FAC      ! total solar radiation reflected by wall
(   44) REAL, DIMENSION(:), INTENT(OUT)    :: PE_SHADING       ! Energy that is not reflected 
(   45) LOGICAL, DIMENSION(:),INTENT(INOUT):: OSHAD_DAY        ! has shading been necessary this day ?
(   46) LOGICAL, DIMENSION(:),INTENT(IN)   :: OSHADE           ! are building conditions favorable for 
(   47) LOGICAL, INTENT(IN), OPTIONAL :: OALB_ONLY
(   48) END SUBROUTINE URBAN_SOLAR_ABS
(   49) # 50 "modi_urban_solar_abs.F90"
(   50) END INTERFACE
(   51) END MODULE MODI_URBAN_SOLAR_ABS
