


NVFORTRAN (Version     23.1)          02/24/2023  13:31:27      page 1

Switches: -noasm -nodclchk -debug -nodlines -line -list
          -idir .D[1]
          -idir .D[2]
          -idir .D[3]
          -idir .D[4]
          -idir .D[5]
          -idir .D[6]
          -idir .D[7]
          -idir .D[8]
          -idir .D[9]
          -idir .D[10]
          -idir .D[11]
          -idir .D[12]
          -idir .D[13]
          -idir .D[14]
          -idir .D[15]
          -idir .D[16]
          -idir .D[17]
          -idir .D[18]
          -idir .D[19]
          -idir .D[20]
          -idir .D[21]
          -idir .D[22]
          -idir .D[23]
          -idir .D[24]
          -idir .D[25]
          -idir .D[26]
          -idir .D[27]
          -idir .D[28]
          -idir .D[29]
          -idir .D[30]
          -idir .D[31]
          -idir .D[32]
          -idir .D[33]
          -idir .D[34]
          -idir .D[35]
          -idir .D[36]
          -idir .D[37]
          -idir .D[38]
          -idir .D[39]
          -idir .D[40]
          -idir .D[41]
          -idir .D[42]
          -idir .D[43]
          -idir .D[44]
          -idir .D[45]
          -idir .D[46]
          -idir .D[47]
          -idir .D[48]
          -idir .D[49]
          -idir .D[50]
          -idir .D[51]
          -idir .D[52]
          -idir .D[53]
          -idir .D[54]
          -idir .D[55]
          -idir .D[56]
          -idir .D[57]






NVFORTRAN (Version     23.1)          02/24/2023  13:31:27      page 2

          -idir .D[58]
          -idir .D[59]
          -idir .D[60]
          -idir .D[61]
          -idir .D[62]
          -idir .D[63]
          -idir .D[64]
          -idir .D[65]
          -idir .D[66]
          -idir .D[67]
          -idir .D[68]
          -idir .D[69]
          -idir .D[70]
          -idir .D[71]
          -idir .D[72]
          -idir .D[73]
          -idir .D[74]
          -idir .D[75]
          -idir .D[76]
          -idir .D[77]
          -idir .D[78]
          -idir /opt/softs/nvidia/hpc_sdk/Linux_x86_64/23.1/comm_libs/openmpi/openmpi-3.1.5/include
          -idir /opt/softs/nvidia/hpc_sdk/Linux_x86_64/23.1/comm_libs/openmpi/openmpi-3.1.5/lib
          -inform severe -opt 0 -nosave -object -noonetrip
          -depchk on -nostandard     
          -symbol -noupcase    

Filename: modi_ol_time_interp_atm.F90

(    1) !depfile:ol_time_interp_atm.F90
(    2) MODULE MODI_OL_TIME_INTERP_ATM 
(    3) INTERFACE
(    4) SUBROUTINE OL_TIME_INTERP_ATM (KSURF_STEP,KNB_ATM,                       &
(    5)                                PTA1,PTA2,PQA1,PQA2,PWIND1,PWIND2,        &
(    6)                                PDIR_SW1,PDIR_SW2,PSCA_SW1,PSCA_SW2,      &
(    7)                                PLW1,PLW2,PSNOW2,PRAIN2,                  &
(    8)                                PPS1,PPS2,PCO21,PCO22,PDIR1,PDIR2,        &
(    9) 			       									 PO31,PO32,PAE1,PAE2,PIMPWET2,PIMPDRY2,    &
(   10)                                PZEN,PSUMZEN )  
(   11) INTEGER,INTENT(IN) :: KSURF_STEP, KNB_ATM
(   12) REAL, DIMENSION(:),INTENT(IN) :: PTA1,PTA2,PQA1,PQA2,PWIND1,PWIND2
(   13) REAL, DIMENSION(:),INTENT(IN) :: PDIR_SW1,PDIR_SW2,PSCA_SW1,PSCA_SW2,PLW1,PLW2
(   14) REAL, DIMENSION(:),INTENT(IN) :: PSNOW2,PRAIN2,PPS1,PPS2,PCO21,PCO22,PDIR1,PDIR2,PO31,PO32,PAE1,PAE2
(   15) REAL, DIMENSION(:,:),INTENT(IN) :: PIMPWET2,PIMPDRY2
(   16) REAL, DIMENSION(:),INTENT(IN) :: PZEN,PSUMZEN 
(   17) END SUBROUTINE OL_TIME_INTERP_ATM
(   18) 
(   19) END INTERFACE
(   20) END MODULE MODI_OL_TIME_INTERP_ATM 
















NVFORTRAN (Version     23.1)          02/24/2023  13:31:27      page 3

(    1) # 1 "modi_ol_time_interp_atm.F90"
(    1) !depfile:ol_time_interp_atm.F90
(    2) MODULE MODI_OL_TIME_INTERP_ATM 
(    3) INTERFACE
(    4) SUBROUTINE OL_TIME_INTERP_ATM (KSURF_STEP,KNB_ATM,                       &
(    5)                                PTA1,PTA2,PQA1,PQA2,PWIND1,PWIND2,        &
(    6)                                PDIR_SW1,PDIR_SW2,PSCA_SW1,PSCA_SW2,      &
(    7)                                PLW1,PLW2,PSNOW2,PRAIN2,                  &
(    8)                                PPS1,PPS2,PCO21,PCO22,PDIR1,PDIR2,        &
(    9) 			       									 PO31,PO32,PAE1,PAE2,PIMPWET2,PIMPDRY2,    &
(   10)                                PZEN,PSUMZEN )  
(   11) INTEGER,INTENT(IN) :: KSURF_STEP, KNB_ATM
(   12) REAL, DIMENSION(:),INTENT(IN) :: PTA1,PTA2,PQA1,PQA2,PWIND1,PWIND2
(   13) REAL, DIMENSION(:),INTENT(IN) :: PDIR_SW1,PDIR_SW2,PSCA_SW1,PSCA_SW2,PLW1,PLW2
(   14) REAL, DIMENSION(:),INTENT(IN) :: PSNOW2,PRAIN2,PPS1,PPS2,PCO21,PCO22,PDIR1,PDIR2,PO31,PO32,PAE1,PAE2
(   15) REAL, DIMENSION(:,:),INTENT(IN) :: PIMPWET2,PIMPDRY2
(   16) REAL, DIMENSION(:),INTENT(IN) :: PZEN,PSUMZEN 
(   17) END SUBROUTINE OL_TIME_INTERP_ATM
(   18) # 19 "modi_ol_time_interp_atm.F90"
(   19) END INTERFACE
(   20) END MODULE MODI_OL_TIME_INTERP_ATM 
