


NVFORTRAN (Version     23.1)          02/24/2023  13:52:38      page 1

Switches: -noasm -nodclchk -debug -nodlines -line -list
          -idir .D[1]
          -idir .D[2]
          -idir .D[3]
          -idir .D[4]
          -idir .D[5]
          -idir .D[6]
          -idir .D[7]
          -idir .D[8]
          -idir .D[9]
          -idir .D[10]
          -idir .D[11]
          -idir .D[12]
          -idir .D[13]
          -idir .D[14]
          -idir .D[15]
          -idir .D[16]
          -idir .D[17]
          -idir .D[18]
          -idir .D[19]
          -idir .D[20]
          -idir .D[21]
          -idir .D[22]
          -idir .D[23]
          -idir .D[24]
          -idir .D[25]
          -idir .D[26]
          -idir .D[27]
          -idir .D[28]
          -idir .D[29]
          -idir .D[30]
          -idir .D[31]
          -idir .D[32]
          -idir .D[33]
          -idir .D[34]
          -idir .D[35]
          -idir .D[36]
          -idir .D[37]
          -idir .D[38]
          -idir .D[39]
          -idir .D[40]
          -idir .D[41]
          -idir .D[42]
          -idir .D[43]
          -idir .D[44]
          -idir .D[45]
          -idir .D[46]
          -idir .D[47]
          -idir .D[48]
          -idir .D[49]
          -idir .D[50]
          -idir .D[51]
          -idir .D[52]
          -idir .D[53]
          -idir .D[54]
          -idir .D[55]
          -idir .D[56]
          -idir .D[57]






NVFORTRAN (Version     23.1)          02/24/2023  13:52:38      page 2

          -idir .D[58]
          -idir .D[59]
          -idir .D[60]
          -idir .D[61]
          -idir .D[62]
          -idir .D[63]
          -idir .D[64]
          -idir .D[65]
          -idir .D[66]
          -idir .D[67]
          -idir .D[68]
          -idir .D[69]
          -idir .D[70]
          -idir .D[71]
          -idir .D[72]
          -idir .D[73]
          -idir .D[74]
          -idir .D[75]
          -idir .D[76]
          -idir .D[77]
          -idir .D[78]
          -idir /opt/softs/nvidia/hpc_sdk/Linux_x86_64/23.1/comm_libs/openmpi/openmpi-3.1.5/include
          -idir /opt/softs/nvidia/hpc_sdk/Linux_x86_64/23.1/comm_libs/openmpi/openmpi-3.1.5/lib
          -inform severe -opt 0 -nosave -object -noonetrip
          -depchk on -nostandard     
          -symbol -noupcase    

Filename: modi_diag_inline_seafluxn.F90

(    1) !depfile:diag_inline_seafluxn.F90
(    2) MODULE MODI_DIAG_INLINE_SEAFLUX_n 
(    3) INTERFACE
(    4) SUBROUTINE DIAG_INLINE_SEAFLUX_n (DGO, D, DC, DI, DIC, DGMSI, S,                      &
(    5)                                   PTSTEP, PTA, PQA, PPA, PPS, PRHOA, PZONA,           &
(    6)                                   PMERA, PHT, PHW, PCD, PCDN, PCH, PCE, PRI, PHU,     &
(    7)                                   PZ0H, PQSAT, PSFTH, PSFTQ, PSFZON, PSFMER,          &
(    8)                                   PDIR_SW, PSCA_SW, PLW, PDIR_ALB, PSCA_ALB,          &
(    9)                                   PEMIS, PTRAD, PRAIN, PSNOW,                          &
(   10)                                   PCD_ICE, PCDN_ICE, PCH_ICE, PCE_ICE, PRI_ICE,       &
(   11)                                   PZ0_ICE, PZ0H_ICE, PQSAT_ICE, PSFTH_ICE, PSFTQ_ICE, &
(   12)                                   PSFZON_ICE, PSFMER_ICE )
(   13) USE MODD_DIAG_n, ONLY : DIAG_t, DIAG_OPTIONS_t
(   14) USE MODD_DIAG_MISC_SEAICE_n, ONLY : DIAG_MISC_SEAICE_t
(   15) USE MODD_SEAFLUX_n, ONLY : SEAFLUX_t
(   16) TYPE(DIAG_OPTIONS_t), INTENT(INOUT) :: DGO
(   17) TYPE(DIAG_t), INTENT(INOUT) :: D
(   18) TYPE(DIAG_t), INTENT(INOUT) :: DC
(   19) TYPE(DIAG_t), INTENT(INOUT) :: DI
(   20) TYPE(DIAG_t), INTENT(INOUT) :: DIC
(   21) TYPE(DIAG_MISC_SEAICE_t), INTENT(INOUT) :: DGMSI
(   22) TYPE(SEAFLUX_t), INTENT(INOUT) :: S
(   23) REAL,               INTENT(IN) :: PTSTEP ! atmospheric time-step                 (s)
(   24) REAL, DIMENSION(:), INTENT(IN) :: PTA    ! atmospheric temperature
(   25) REAL, DIMENSION(:), INTENT(IN) :: PQA    ! atmospheric specific humidity
(   26) REAL, DIMENSION(:), INTENT(IN) :: PPA    ! atmospheric level pressure
(   27) REAL, DIMENSION(:), INTENT(IN) :: PPS    ! surface pressure
(   28) REAL, DIMENSION(:), INTENT(IN) :: PRHOA  ! air density
(   29) REAL, DIMENSION(:), INTENT(IN) :: PZONA  ! zonal wind
(   30) REAL, DIMENSION(:), INTENT(IN) :: PMERA  ! meridian wind






NVFORTRAN (Version     23.1)          02/24/2023  13:52:38      page 3

(   31) REAL, DIMENSION(:), INTENT(IN) :: PHT    ! atmospheric level height
(   32) REAL, DIMENSION(:), INTENT(IN) :: PHW    ! atmospheric level height for wind
(   33) REAL, DIMENSION(:), INTENT(IN) :: PCD    ! drag coefficient for momentum
(   34) REAL, DIMENSION(:), INTENT(IN) :: PCDN   ! neutral drag coefficient
(   35) REAL, DIMENSION(:), INTENT(IN) :: PCH    ! drag coefficient for heat
(   36) REAL, DIMENSION(:), INTENT(IN) :: PCE    ! drag coefficient for vapor
(   37) REAL, DIMENSION(:), INTENT(IN) :: PRI    ! Richardson number
(   38) REAL, DIMENSION(:), INTENT(IN) :: PHU    ! near-surface humidity
(   39) REAL, DIMENSION(:), INTENT(IN) :: PZ0H   ! roughness length for heat
(   40) REAL, DIMENSION(:), INTENT(IN) :: PQSAT  ! humidity at saturation
(   41) REAL, DIMENSION(:), INTENT(IN) :: PSFZON ! zonal friction
(   42) REAL, DIMENSION(:), INTENT(IN) :: PSFMER ! meridian friction
(   43) REAL, DIMENSION(:), INTENT(IN) :: PSFTH  ! heat flux  (W/m2)
(   44) REAL, DIMENSION(:), INTENT(IN) :: PSFTQ  ! water flux (kg/m2/s)
(   45) REAL, DIMENSION(:,:),INTENT(IN):: PDIR_SW   ! direct  solar radiation (on horizontal surf.)
(   46) REAL, DIMENSION(:,:),INTENT(IN):: PSCA_SW   ! diffuse solar radiation (on horizontal surf.)
(   47) REAL, DIMENSION(:), INTENT(IN) :: PLW       ! longwave radiation (on horizontal surf.)
(   48) REAL, DIMENSION(:), INTENT(IN) :: PTRAD     ! radiative temperature                 (K)
(   49) REAL, DIMENSION(:,:),INTENT(IN):: PDIR_ALB  ! direct albedo for each spectral band  (-)
(   50) REAL, DIMENSION(:,:),INTENT(IN):: PSCA_ALB  ! diffuse albedo for each spectral band (-)
(   51) REAL, DIMENSION(:), INTENT(IN) :: PEMIS     ! emissivity                            (-)
(   52) REAL, DIMENSION(:), INTENT(IN) :: PRAIN     ! Rainfall (kg/m2/s)
(   53) REAL, DIMENSION(:), INTENT(IN) :: PSNOW     ! Snowfall (kg/m2/s)
(   54) REAL, DIMENSION(:), INTENT(IN)    :: PCD_ICE    ! drag coefficient for momentum
(   55) REAL, DIMENSION(:), INTENT(IN)    :: PCDN_ICE   ! neutral drag coefficient
(   56) REAL, DIMENSION(:), INTENT(IN)    :: PCH_ICE    ! drag coefficient for heat
(   57) REAL, DIMENSION(:), INTENT(IN)    :: PCE_ICE    ! drag coefficient for vapor
(   58) REAL, DIMENSION(:), INTENT(IN)    :: PRI_ICE    ! Richardson number
(   59) REAL, DIMENSION(:), INTENT(IN)    :: PZ0_ICE    ! roughness length for momentum
(   60) REAL, DIMENSION(:), INTENT(IN)    :: PZ0H_ICE   ! roughness length for heat
(   61) REAL, DIMENSION(:), INTENT(IN)    :: PQSAT_ICE  ! humidity at saturation
(   62) REAL, DIMENSION(:), INTENT(IN)    :: PSFTH_ICE  ! heat flux  (W/m2)
(   63) REAL, DIMENSION(:), INTENT(IN)    :: PSFTQ_ICE  ! water flux (kg/m2/s)
(   64) REAL, DIMENSION(:), INTENT(IN)    :: PSFZON_ICE ! zonal friction
(   65) REAL, DIMENSION(:), INTENT(IN)    :: PSFMER_ICE ! meridian friction
(   66) END SUBROUTINE DIAG_INLINE_SEAFLUX_n
(   67) 
(   68) END INTERFACE
(   69) END MODULE MODI_DIAG_INLINE_SEAFLUX_n 

























NVFORTRAN (Version     23.1)          02/24/2023  13:52:38      page 4

(    1) # 1 "modi_diag_inline_seafluxn.F90"
(    1) !depfile:diag_inline_seafluxn.F90
(    2) MODULE MODI_DIAG_INLINE_SEAFLUX_n 
(    3) INTERFACE
(    4) SUBROUTINE DIAG_INLINE_SEAFLUX_n (DGO, D, DC, DI, DIC, DGMSI, S,                      &
(    5)                                   PTSTEP, PTA, PQA, PPA, PPS, PRHOA, PZONA,           &
(    6)                                   PMERA, PHT, PHW, PCD, PCDN, PCH, PCE, PRI, PHU,     &
(    7)                                   PZ0H, PQSAT, PSFTH, PSFTQ, PSFZON, PSFMER,          &
(    8)                                   PDIR_SW, PSCA_SW, PLW, PDIR_ALB, PSCA_ALB,          &
(    9)                                   PEMIS, PTRAD, PRAIN, PSNOW,                          &
(   10)                                   PCD_ICE, PCDN_ICE, PCH_ICE, PCE_ICE, PRI_ICE,       &
(   11)                                   PZ0_ICE, PZ0H_ICE, PQSAT_ICE, PSFTH_ICE, PSFTQ_ICE, &
(   12)                                   PSFZON_ICE, PSFMER_ICE )
(   13) USE MODD_DIAG_n, ONLY : DIAG_t, DIAG_OPTIONS_t
(   14) USE MODD_DIAG_MISC_SEAICE_n, ONLY : DIAG_MISC_SEAICE_t
(   15) USE MODD_SEAFLUX_n, ONLY : SEAFLUX_t
(   16) TYPE(DIAG_OPTIONS_t), INTENT(INOUT) :: DGO
(   17) TYPE(DIAG_t), INTENT(INOUT) :: D
(   18) TYPE(DIAG_t), INTENT(INOUT) :: DC
(   19) TYPE(DIAG_t), INTENT(INOUT) :: DI
(   20) TYPE(DIAG_t), INTENT(INOUT) :: DIC
(   21) TYPE(DIAG_MISC_SEAICE_t), INTENT(INOUT) :: DGMSI
(   22) TYPE(SEAFLUX_t), INTENT(INOUT) :: S
(   23) REAL,               INTENT(IN) :: PTSTEP ! atmospheric time-step                 (s)
(   24) REAL, DIMENSION(:), INTENT(IN) :: PTA    ! atmospheric temperature
(   25) REAL, DIMENSION(:), INTENT(IN) :: PQA    ! atmospheric specific humidity
(   26) REAL, DIMENSION(:), INTENT(IN) :: PPA    ! atmospheric level pressure
(   27) REAL, DIMENSION(:), INTENT(IN) :: PPS    ! surface pressure
(   28) REAL, DIMENSION(:), INTENT(IN) :: PRHOA  ! air density
(   29) REAL, DIMENSION(:), INTENT(IN) :: PZONA  ! zonal wind
(   30) REAL, DIMENSION(:), INTENT(IN) :: PMERA  ! meridian wind
(   31) REAL, DIMENSION(:), INTENT(IN) :: PHT    ! atmospheric level height
(   32) REAL, DIMENSION(:), INTENT(IN) :: PHW    ! atmospheric level height for wind
(   33) REAL, DIMENSION(:), INTENT(IN) :: PCD    ! drag coefficient for momentum
(   34) REAL, DIMENSION(:), INTENT(IN) :: PCDN   ! neutral drag coefficient
(   35) REAL, DIMENSION(:), INTENT(IN) :: PCH    ! drag coefficient for heat
(   36) REAL, DIMENSION(:), INTENT(IN) :: PCE    ! drag coefficient for vapor
(   37) REAL, DIMENSION(:), INTENT(IN) :: PRI    ! Richardson number
(   38) REAL, DIMENSION(:), INTENT(IN) :: PHU    ! near-surface humidity
(   39) REAL, DIMENSION(:), INTENT(IN) :: PZ0H   ! roughness length for heat
(   40) REAL, DIMENSION(:), INTENT(IN) :: PQSAT  ! humidity at saturation
(   41) REAL, DIMENSION(:), INTENT(IN) :: PSFZON ! zonal friction
(   42) REAL, DIMENSION(:), INTENT(IN) :: PSFMER ! meridian friction
(   43) REAL, DIMENSION(:), INTENT(IN) :: PSFTH  ! heat flux  (W/m2)
(   44) REAL, DIMENSION(:), INTENT(IN) :: PSFTQ  ! water flux (kg/m2/s)
(   45) REAL, DIMENSION(:,:),INTENT(IN):: PDIR_SW   ! direct  solar radiation (on horizontal surf.)
(   46) REAL, DIMENSION(:,:),INTENT(IN):: PSCA_SW   ! diffuse solar radiation (on horizontal surf.)
(   47) REAL, DIMENSION(:), INTENT(IN) :: PLW       ! longwave radiation (on horizontal surf.)
(   48) REAL, DIMENSION(:), INTENT(IN) :: PTRAD     ! radiative temperature                 (K)
(   49) REAL, DIMENSION(:,:),INTENT(IN):: PDIR_ALB  ! direct albedo for each spectral band  (-)
(   50) REAL, DIMENSION(:,:),INTENT(IN):: PSCA_ALB  ! diffuse albedo for each spectral band (-)
(   51) REAL, DIMENSION(:), INTENT(IN) :: PEMIS     ! emissivity                            (-)
(   52) REAL, DIMENSION(:), INTENT(IN) :: PRAIN     ! Rainfall (kg/m2/s)
(   53) REAL, DIMENSION(:), INTENT(IN) :: PSNOW     ! Snowfall (kg/m2/s)
(   54) REAL, DIMENSION(:), INTENT(IN)    :: PCD_ICE    ! drag coefficient for momentum
(   55) REAL, DIMENSION(:), INTENT(IN)    :: PCDN_ICE   ! neutral drag coefficient
(   56) REAL, DIMENSION(:), INTENT(IN)    :: PCH_ICE    ! drag coefficient for heat
(   57) REAL, DIMENSION(:), INTENT(IN)    :: PCE_ICE    ! drag coefficient for vapor






NVFORTRAN (Version     23.1)          02/24/2023  13:52:38      page 5

(   58) REAL, DIMENSION(:), INTENT(IN)    :: PRI_ICE    ! Richardson number
(   59) REAL, DIMENSION(:), INTENT(IN)    :: PZ0_ICE    ! roughness length for momentum
(   60) REAL, DIMENSION(:), INTENT(IN)    :: PZ0H_ICE   ! roughness length for heat
(   61) REAL, DIMENSION(:), INTENT(IN)    :: PQSAT_ICE  ! humidity at saturation
(   62) REAL, DIMENSION(:), INTENT(IN)    :: PSFTH_ICE  ! heat flux  (W/m2)
(   63) REAL, DIMENSION(:), INTENT(IN)    :: PSFTQ_ICE  ! water flux (kg/m2/s)
(   64) REAL, DIMENSION(:), INTENT(IN)    :: PSFZON_ICE ! zonal friction
(   65) REAL, DIMENSION(:), INTENT(IN)    :: PSFMER_ICE ! meridian friction
(   66) END SUBROUTINE DIAG_INLINE_SEAFLUX_n
(   67) # 68 "modi_diag_inline_seafluxn.F90"
(   68) END INTERFACE
(   69) END MODULE MODI_DIAG_INLINE_SEAFLUX_n 
