


NVFORTRAN (Version     23.1)          02/24/2023  13:52:26      page 1

Switches: -noasm -nodclchk -debug -nodlines -line -list
          -idir .D[1]
          -idir .D[2]
          -idir .D[3]
          -idir .D[4]
          -idir .D[5]
          -idir .D[6]
          -idir .D[7]
          -idir .D[8]
          -idir .D[9]
          -idir .D[10]
          -idir .D[11]
          -idir .D[12]
          -idir .D[13]
          -idir .D[14]
          -idir .D[15]
          -idir .D[16]
          -idir .D[17]
          -idir .D[18]
          -idir .D[19]
          -idir .D[20]
          -idir .D[21]
          -idir .D[22]
          -idir .D[23]
          -idir .D[24]
          -idir .D[25]
          -idir .D[26]
          -idir .D[27]
          -idir .D[28]
          -idir .D[29]
          -idir .D[30]
          -idir .D[31]
          -idir .D[32]
          -idir .D[33]
          -idir .D[34]
          -idir .D[35]
          -idir .D[36]
          -idir .D[37]
          -idir .D[38]
          -idir .D[39]
          -idir .D[40]
          -idir .D[41]
          -idir .D[42]
          -idir .D[43]
          -idir .D[44]
          -idir .D[45]
          -idir .D[46]
          -idir .D[47]
          -idir .D[48]
          -idir .D[49]
          -idir .D[50]
          -idir .D[51]
          -idir .D[52]
          -idir .D[53]
          -idir .D[54]
          -idir .D[55]
          -idir .D[56]
          -idir .D[57]






NVFORTRAN (Version     23.1)          02/24/2023  13:52:26      page 2

          -idir .D[58]
          -idir .D[59]
          -idir .D[60]
          -idir .D[61]
          -idir .D[62]
          -idir .D[63]
          -idir .D[64]
          -idir .D[65]
          -idir .D[66]
          -idir .D[67]
          -idir .D[68]
          -idir .D[69]
          -idir .D[70]
          -idir .D[71]
          -idir .D[72]
          -idir .D[73]
          -idir .D[74]
          -idir .D[75]
          -idir .D[76]
          -idir .D[77]
          -idir .D[78]
          -idir /opt/softs/nvidia/hpc_sdk/Linux_x86_64/23.1/comm_libs/openmpi/openmpi-3.1.5/include
          -idir /opt/softs/nvidia/hpc_sdk/Linux_x86_64/23.1/comm_libs/openmpi/openmpi-3.1.5/lib
          -inform severe -opt 0 -nosave -object -noonetrip
          -depchk on -nostandard     
          -symbol -noupcase    

Filename: modi_mod1dn.F90

(    1) !depfile:mod1dn.F90
(    2) MODULE MODI_MOD1D_n 
(    3) INTERFACE
(    4)     SUBROUTINE MOD1D_n (DGO, O, OR, PLAT, S, &
(    5)                         HPROGRAM, PTIME, PEMIS, PDIR_ALB, PSCA_ALB, &
(    6)                         PLW, PSCA_SW, PDIR_SW, PSFTH, PSFTQ, PSFU, PSFV, PRAIN )           
(    7) USE MODD_DIAG_OCEAN_n, ONLY : DIAG_OCEAN_t
(    8) USE MODD_OCEAN_n, ONLY : OCEAN_t
(    9) USE MODD_OCEAN_REL_n, ONLY : OCEAN_REL_t
(   10) USE MODD_SEAFLUX_n, ONLY : SEAFLUX_t
(   11) TYPE(DIAG_OCEAN_t), INTENT(INOUT) :: DGO
(   12) TYPE(OCEAN_t), INTENT(INOUT) :: O
(   13) TYPE(OCEAN_REL_t), INTENT(INOUT) :: OR
(   14) REAL, DIMENSION(:), INTENT(IN) :: PLAT
(   15) TYPE(SEAFLUX_t), INTENT(INOUT) :: S
(   16)  CHARACTER(LEN=6),    INTENT(IN)       :: HPROGRAM  ! program calling surf. schemes
(   17) REAL                ,INTENT(IN)       :: PTIME   ! current time since midnight in second
(   18) REAL, DIMENSION(:)  ,INTENT(IN)       :: PEMIS    ! emissivity
(   19) REAL, DIMENSION(:,:),INTENT(IN)       :: PDIR_ALB ! direct albedo
(   20) REAL, DIMENSION(:,:),INTENT(IN)       :: PSCA_ALB ! scattered albedo
(   21) REAL, DIMENSION(:)  ,INTENT(IN)       :: PLW     ! longwave radiation on horizontal surface (W/m2)
(   22) REAL, DIMENSION(:,:),INTENT(IN)       :: PSCA_SW ! diffuse solar radiation on horizontal surface (W/m2)
(   23) REAL, DIMENSION(:,:),INTENT(IN)       :: PDIR_SW ! direct solar radiation on horizontal surface (W/m2)
(   24) REAL, DIMENSION(:)  ,INTENT(IN)       :: PSFTH   ! flux of heat (W/m2)
(   25) REAL, DIMENSION(:)  ,INTENT(IN)       :: PSFTQ   ! flux of water vapor (kg/m2/s)
(   26) REAL, DIMENSION(:)  ,INTENT(IN)       :: PSFU    ! zonal stress (Pa)
(   27) REAL, DIMENSION(:)  ,INTENT(IN)       :: PSFV    ! meridian stress (Pa)
(   28) REAL, DIMENSION(:)  ,INTENT(IN)       :: PRAIN   ! liquid precipitation (kg/s/m2)
(   29) END SUBROUTINE MOD1D_n
(   30) 






NVFORTRAN (Version     23.1)          02/24/2023  13:52:26      page 3

(   31) END INTERFACE
(   32) END MODULE MODI_MOD1D_n 






























































NVFORTRAN (Version     23.1)          02/24/2023  13:52:26      page 4

(    1) # 1 "modi_mod1dn.F90"
(    1) !depfile:mod1dn.F90
(    2) MODULE MODI_MOD1D_n 
(    3) INTERFACE
(    4)     SUBROUTINE MOD1D_n (DGO, O, OR, PLAT, S, &
(    5)                         HPROGRAM, PTIME, PEMIS, PDIR_ALB, PSCA_ALB, &
(    6)                         PLW, PSCA_SW, PDIR_SW, PSFTH, PSFTQ, PSFU, PSFV, PRAIN )           
(    7) USE MODD_DIAG_OCEAN_n, ONLY : DIAG_OCEAN_t
(    8) USE MODD_OCEAN_n, ONLY : OCEAN_t
(    9) USE MODD_OCEAN_REL_n, ONLY : OCEAN_REL_t
(   10) USE MODD_SEAFLUX_n, ONLY : SEAFLUX_t
(   11) TYPE(DIAG_OCEAN_t), INTENT(INOUT) :: DGO
(   12) TYPE(OCEAN_t), INTENT(INOUT) :: O
(   13) TYPE(OCEAN_REL_t), INTENT(INOUT) :: OR
(   14) REAL, DIMENSION(:), INTENT(IN) :: PLAT
(   15) TYPE(SEAFLUX_t), INTENT(INOUT) :: S
(   16)  CHARACTER(LEN=6),    INTENT(IN)       :: HPROGRAM  ! program calling surf. schemes
(   17) REAL                ,INTENT(IN)       :: PTIME   ! current time since midnight in second
(   18) REAL, DIMENSION(:)  ,INTENT(IN)       :: PEMIS    ! emissivity
(   19) REAL, DIMENSION(:,:),INTENT(IN)       :: PDIR_ALB ! direct albedo
(   20) REAL, DIMENSION(:,:),INTENT(IN)       :: PSCA_ALB ! scattered albedo
(   21) REAL, DIMENSION(:)  ,INTENT(IN)       :: PLW     ! longwave radiation on horizontal surface (W/m2)
(   22) REAL, DIMENSION(:,:),INTENT(IN)       :: PSCA_SW ! diffuse solar radiation on horizontal surface (W/m2)
(   23) REAL, DIMENSION(:,:),INTENT(IN)       :: PDIR_SW ! direct solar radiation on horizontal surface (W/m2)
(   24) REAL, DIMENSION(:)  ,INTENT(IN)       :: PSFTH   ! flux of heat (W/m2)
(   25) REAL, DIMENSION(:)  ,INTENT(IN)       :: PSFTQ   ! flux of water vapor (kg/m2/s)
(   26) REAL, DIMENSION(:)  ,INTENT(IN)       :: PSFU    ! zonal stress (Pa)
(   27) REAL, DIMENSION(:)  ,INTENT(IN)       :: PSFV    ! meridian stress (Pa)
(   28) REAL, DIMENSION(:)  ,INTENT(IN)       :: PRAIN   ! liquid precipitation (kg/s/m2)
(   29) END SUBROUTINE MOD1D_n
(   30) # 31 "modi_mod1dn.F90"
(   31) END INTERFACE
(   32) END MODULE MODI_MOD1D_n 
