


NVFORTRAN (Version     23.1)          02/24/2023  13:31:34      page 1

Switches: -noasm -nodclchk -debug -nodlines -line -list
          -idir .D[1]
          -idir .D[2]
          -idir .D[3]
          -idir .D[4]
          -idir .D[5]
          -idir .D[6]
          -idir .D[7]
          -idir .D[8]
          -idir .D[9]
          -idir .D[10]
          -idir .D[11]
          -idir .D[12]
          -idir .D[13]
          -idir .D[14]
          -idir .D[15]
          -idir .D[16]
          -idir .D[17]
          -idir .D[18]
          -idir .D[19]
          -idir .D[20]
          -idir .D[21]
          -idir .D[22]
          -idir .D[23]
          -idir .D[24]
          -idir .D[25]
          -idir .D[26]
          -idir .D[27]
          -idir .D[28]
          -idir .D[29]
          -idir .D[30]
          -idir .D[31]
          -idir .D[32]
          -idir .D[33]
          -idir .D[34]
          -idir .D[35]
          -idir .D[36]
          -idir .D[37]
          -idir .D[38]
          -idir .D[39]
          -idir .D[40]
          -idir .D[41]
          -idir .D[42]
          -idir .D[43]
          -idir .D[44]
          -idir .D[45]
          -idir .D[46]
          -idir .D[47]
          -idir .D[48]
          -idir .D[49]
          -idir .D[50]
          -idir .D[51]
          -idir .D[52]
          -idir .D[53]
          -idir .D[54]
          -idir .D[55]
          -idir .D[56]
          -idir .D[57]






NVFORTRAN (Version     23.1)          02/24/2023  13:31:34      page 2

          -idir .D[58]
          -idir .D[59]
          -idir .D[60]
          -idir .D[61]
          -idir .D[62]
          -idir .D[63]
          -idir .D[64]
          -idir .D[65]
          -idir .D[66]
          -idir .D[67]
          -idir .D[68]
          -idir .D[69]
          -idir .D[70]
          -idir .D[71]
          -idir .D[72]
          -idir .D[73]
          -idir .D[74]
          -idir .D[75]
          -idir .D[76]
          -idir .D[77]
          -idir .D[78]
          -idir /opt/softs/nvidia/hpc_sdk/Linux_x86_64/23.1/comm_libs/openmpi/openmpi-3.1.5/include
          -idir /opt/softs/nvidia/hpc_sdk/Linux_x86_64/23.1/comm_libs/openmpi/openmpi-3.1.5/lib
          -inform severe -opt 0 -nosave -object -noonetrip
          -depchk on -nostandard     
          -symbol -noupcase    

Filename: modi_default_lai_eco2.F90

(    1) !depfile:default_lai_eco2.F90
(    2) MODULE MODI_DEFAULT_LAI_ECO2_Y2002_01
(    3) INTERFACE
(    4) SUBROUTINE DEFAULT_LAI_ECO2_Y2002_01
(    5) END SUBROUTINE DEFAULT_LAI_ECO2_Y2002_01
(    6) 
(    7) END INTERFACE
(    8) END MODULE MODI_DEFAULT_LAI_ECO2_Y2002_01
(    9) !depfile:default_lai_eco2.F90
(   10) MODULE MODI_DEFAULT_LAI_ECO2_Y2003_01
(   11) INTERFACE
(   12) SUBROUTINE DEFAULT_LAI_ECO2_Y2003_01
(   13) END SUBROUTINE DEFAULT_LAI_ECO2_Y2003_01
(   14) 
(   15) END INTERFACE
(   16) END MODULE MODI_DEFAULT_LAI_ECO2_Y2003_01
(   17) !depfile:default_lai_eco2.F90
(   18) MODULE MODI_DEFAULT_LAI_ECO2_Y2004_01
(   19) INTERFACE
(   20) SUBROUTINE DEFAULT_LAI_ECO2_Y2004_01
(   21) END SUBROUTINE DEFAULT_LAI_ECO2_Y2004_01
(   22) 
(   23) END INTERFACE
(   24) END MODULE MODI_DEFAULT_LAI_ECO2_Y2004_01
(   25) !depfile:default_lai_eco2.F90
(   26) MODULE MODI_DEFAULT_LAI_ECO2_Y2005_01
(   27) INTERFACE
(   28) SUBROUTINE DEFAULT_LAI_ECO2_Y2005_01
(   29) END SUBROUTINE DEFAULT_LAI_ECO2_Y2005_01
(   30) 






NVFORTRAN (Version     23.1)          02/24/2023  13:31:34      page 3

(   31) END INTERFACE
(   32) END MODULE MODI_DEFAULT_LAI_ECO2_Y2005_01
(   33) !depfile:default_lai_eco2.F90
(   34) MODULE MODI_DEFAULT_LAI_ECO2_Y2006_01
(   35) INTERFACE
(   36) SUBROUTINE DEFAULT_LAI_ECO2_Y2006_01
(   37) END SUBROUTINE DEFAULT_LAI_ECO2_Y2006_01
(   38) 
(   39) END INTERFACE
(   40) END MODULE MODI_DEFAULT_LAI_ECO2_Y2006_01
(   41) !depfile:default_lai_eco2.F90
(   42) MODULE MODI_DEFAULT_LAI_ECO2_Y2002_02
(   43) INTERFACE
(   44) SUBROUTINE DEFAULT_LAI_ECO2_Y2002_02
(   45) END SUBROUTINE DEFAULT_LAI_ECO2_Y2002_02
(   46) 
(   47) END INTERFACE
(   48) END MODULE MODI_DEFAULT_LAI_ECO2_Y2002_02
(   49) !depfile:default_lai_eco2.F90
(   50) MODULE MODI_DEFAULT_LAI_ECO2_Y2003_02
(   51) INTERFACE
(   52) SUBROUTINE DEFAULT_LAI_ECO2_Y2003_02
(   53) END SUBROUTINE DEFAULT_LAI_ECO2_Y2003_02
(   54) 
(   55) END INTERFACE
(   56) END MODULE MODI_DEFAULT_LAI_ECO2_Y2003_02
(   57) !depfile:default_lai_eco2.F90
(   58) MODULE MODI_DEFAULT_LAI_ECO2_Y2004_02
(   59) INTERFACE
(   60) SUBROUTINE DEFAULT_LAI_ECO2_Y2004_02
(   61) END SUBROUTINE DEFAULT_LAI_ECO2_Y2004_02
(   62) 
(   63) END INTERFACE
(   64) END MODULE MODI_DEFAULT_LAI_ECO2_Y2004_02
(   65) !depfile:default_lai_eco2.F90
(   66) MODULE MODI_DEFAULT_LAI_ECO2_Y2005_02
(   67) INTERFACE
(   68) SUBROUTINE DEFAULT_LAI_ECO2_Y2005_02
(   69) END SUBROUTINE DEFAULT_LAI_ECO2_Y2005_02
(   70) 
(   71) END INTERFACE
(   72) END MODULE MODI_DEFAULT_LAI_ECO2_Y2005_02
(   73) !depfile:default_lai_eco2.F90
(   74) MODULE MODI_DEFAULT_LAI_ECO2_Y2006_02
(   75) INTERFACE
(   76) SUBROUTINE DEFAULT_LAI_ECO2_Y2006_02
(   77) END SUBROUTINE DEFAULT_LAI_ECO2_Y2006_02
(   78) 
(   79) END INTERFACE
(   80) END MODULE MODI_DEFAULT_LAI_ECO2_Y2006_02
(   81) !depfile:default_lai_eco2.F90
(   82) MODULE MODI_DEFAULT_LAI_ECO2_Y2002_03
(   83) INTERFACE
(   84) SUBROUTINE DEFAULT_LAI_ECO2_Y2002_03
(   85) END SUBROUTINE DEFAULT_LAI_ECO2_Y2002_03
(   86) 
(   87) END INTERFACE
(   88) END MODULE MODI_DEFAULT_LAI_ECO2_Y2002_03






NVFORTRAN (Version     23.1)          02/24/2023  13:31:34      page 4

(   89) !depfile:default_lai_eco2.F90
(   90) MODULE MODI_DEFAULT_LAI_ECO2_Y2003_03
(   91) INTERFACE
(   92) SUBROUTINE DEFAULT_LAI_ECO2_Y2003_03
(   93) END SUBROUTINE DEFAULT_LAI_ECO2_Y2003_03
(   94) 
(   95) END INTERFACE
(   96) END MODULE MODI_DEFAULT_LAI_ECO2_Y2003_03
(   97) !depfile:default_lai_eco2.F90
(   98) MODULE MODI_DEFAULT_LAI_ECO2_Y2004_03
(   99) INTERFACE
(  100) SUBROUTINE DEFAULT_LAI_ECO2_Y2004_03
(  101) END SUBROUTINE DEFAULT_LAI_ECO2_Y2004_03
(  102) 
(  103) END INTERFACE
(  104) END MODULE MODI_DEFAULT_LAI_ECO2_Y2004_03
(  105) !depfile:default_lai_eco2.F90
(  106) MODULE MODI_DEFAULT_LAI_ECO2_Y2005_03
(  107) INTERFACE
(  108) SUBROUTINE DEFAULT_LAI_ECO2_Y2005_03
(  109) END SUBROUTINE DEFAULT_LAI_ECO2_Y2005_03
(  110) 
(  111) END INTERFACE
(  112) END MODULE MODI_DEFAULT_LAI_ECO2_Y2005_03
(  113) !depfile:default_lai_eco2.F90
(  114) MODULE MODI_DEFAULT_LAI_ECO2_Y2006_03
(  115) INTERFACE
(  116) SUBROUTINE DEFAULT_LAI_ECO2_Y2006_03
(  117) END SUBROUTINE DEFAULT_LAI_ECO2_Y2006_03
(  118) 
(  119) END INTERFACE
(  120) END MODULE MODI_DEFAULT_LAI_ECO2_Y2006_03
(  121) !depfile:default_lai_eco2.F90
(  122) MODULE MODI_DEFAULT_LAI_ECO2_Y2002_04
(  123) INTERFACE
(  124) SUBROUTINE DEFAULT_LAI_ECO2_Y2002_04
(  125) END SUBROUTINE DEFAULT_LAI_ECO2_Y2002_04
(  126) 
(  127) END INTERFACE
(  128) END MODULE MODI_DEFAULT_LAI_ECO2_Y2002_04
(  129) !depfile:default_lai_eco2.F90
(  130) MODULE MODI_DEFAULT_LAI_ECO2_Y2003_04
(  131) INTERFACE
(  132) SUBROUTINE DEFAULT_LAI_ECO2_Y2003_04
(  133) END SUBROUTINE DEFAULT_LAI_ECO2_Y2003_04
(  134) 
(  135) END INTERFACE
(  136) END MODULE MODI_DEFAULT_LAI_ECO2_Y2003_04
(  137) !depfile:default_lai_eco2.F90
(  138) MODULE MODI_DEFAULT_LAI_ECO2_Y2004_04
(  139) INTERFACE
(  140) SUBROUTINE DEFAULT_LAI_ECO2_Y2004_04
(  141) END SUBROUTINE DEFAULT_LAI_ECO2_Y2004_04
(  142) 
(  143) END INTERFACE
(  144) END MODULE MODI_DEFAULT_LAI_ECO2_Y2004_04
(  145) !depfile:default_lai_eco2.F90
(  146) MODULE MODI_DEFAULT_LAI_ECO2_Y2005_04






NVFORTRAN (Version     23.1)          02/24/2023  13:31:34      page 5

(  147) INTERFACE
(  148) SUBROUTINE DEFAULT_LAI_ECO2_Y2005_04
(  149) END SUBROUTINE DEFAULT_LAI_ECO2_Y2005_04
(  150) 
(  151) END INTERFACE
(  152) END MODULE MODI_DEFAULT_LAI_ECO2_Y2005_04
(  153) !depfile:default_lai_eco2.F90
(  154) MODULE MODI_DEFAULT_LAI_ECO2_Y2006_04
(  155) INTERFACE
(  156) SUBROUTINE DEFAULT_LAI_ECO2_Y2006_04
(  157) END SUBROUTINE DEFAULT_LAI_ECO2_Y2006_04
(  158) 
(  159) END INTERFACE
(  160) END MODULE MODI_DEFAULT_LAI_ECO2_Y2006_04
(  161) !depfile:default_lai_eco2.F90
(  162) MODULE MODI_DEFAULT_LAI_ECO2_Y2002_05
(  163) INTERFACE
(  164) SUBROUTINE DEFAULT_LAI_ECO2_Y2002_05
(  165) END SUBROUTINE DEFAULT_LAI_ECO2_Y2002_05
(  166) 
(  167) END INTERFACE
(  168) END MODULE MODI_DEFAULT_LAI_ECO2_Y2002_05
(  169) !depfile:default_lai_eco2.F90
(  170) MODULE MODI_DEFAULT_LAI_ECO2_Y2003_05
(  171) INTERFACE
(  172) SUBROUTINE DEFAULT_LAI_ECO2_Y2003_05
(  173) END SUBROUTINE DEFAULT_LAI_ECO2_Y2003_05
(  174) 
(  175) END INTERFACE
(  176) END MODULE MODI_DEFAULT_LAI_ECO2_Y2003_05
(  177) !depfile:default_lai_eco2.F90
(  178) MODULE MODI_DEFAULT_LAI_ECO2_Y2004_05
(  179) INTERFACE
(  180) SUBROUTINE DEFAULT_LAI_ECO2_Y2004_05
(  181) END SUBROUTINE DEFAULT_LAI_ECO2_Y2004_05
(  182) 
(  183) END INTERFACE
(  184) END MODULE MODI_DEFAULT_LAI_ECO2_Y2004_05
(  185) !depfile:default_lai_eco2.F90
(  186) MODULE MODI_DEFAULT_LAI_ECO2_Y2005_05
(  187) INTERFACE
(  188) SUBROUTINE DEFAULT_LAI_ECO2_Y2005_05
(  189) END SUBROUTINE DEFAULT_LAI_ECO2_Y2005_05
(  190) 
(  191) END INTERFACE
(  192) END MODULE MODI_DEFAULT_LAI_ECO2_Y2005_05
(  193) !depfile:default_lai_eco2.F90
(  194) MODULE MODI_DEFAULT_LAI_ECO2_Y2006_05
(  195) INTERFACE
(  196) SUBROUTINE DEFAULT_LAI_ECO2_Y2006_05
(  197) END SUBROUTINE DEFAULT_LAI_ECO2_Y2006_05
(  198) 
(  199) END INTERFACE
(  200) END MODULE MODI_DEFAULT_LAI_ECO2_Y2006_05
(  201) !depfile:default_lai_eco2.F90
(  202) MODULE MODI_DEFAULT_LAI_ECO2_Y2002_06
(  203) INTERFACE
(  204) SUBROUTINE DEFAULT_LAI_ECO2_Y2002_06






NVFORTRAN (Version     23.1)          02/24/2023  13:31:34      page 6

(  205) END SUBROUTINE DEFAULT_LAI_ECO2_Y2002_06
(  206) 
(  207) END INTERFACE
(  208) END MODULE MODI_DEFAULT_LAI_ECO2_Y2002_06
(  209) !depfile:default_lai_eco2.F90
(  210) MODULE MODI_DEFAULT_LAI_ECO2_Y2003_06
(  211) INTERFACE
(  212) SUBROUTINE DEFAULT_LAI_ECO2_Y2003_06
(  213) END SUBROUTINE DEFAULT_LAI_ECO2_Y2003_06
(  214) 
(  215) END INTERFACE
(  216) END MODULE MODI_DEFAULT_LAI_ECO2_Y2003_06
(  217) !depfile:default_lai_eco2.F90
(  218) MODULE MODI_DEFAULT_LAI_ECO2_Y2004_06
(  219) INTERFACE
(  220) SUBROUTINE DEFAULT_LAI_ECO2_Y2004_06
(  221) END SUBROUTINE DEFAULT_LAI_ECO2_Y2004_06
(  222) 
(  223) END INTERFACE
(  224) END MODULE MODI_DEFAULT_LAI_ECO2_Y2004_06
(  225) !depfile:default_lai_eco2.F90
(  226) MODULE MODI_DEFAULT_LAI_ECO2_Y2005_06
(  227) INTERFACE
(  228) SUBROUTINE DEFAULT_LAI_ECO2_Y2005_06
(  229) END SUBROUTINE DEFAULT_LAI_ECO2_Y2005_06
(  230) 
(  231) END INTERFACE
(  232) END MODULE MODI_DEFAULT_LAI_ECO2_Y2005_06
(  233) !depfile:default_lai_eco2.F90
(  234) MODULE MODI_DEFAULT_LAI_ECO2_Y2006_06
(  235) INTERFACE
(  236) SUBROUTINE DEFAULT_LAI_ECO2_Y2006_06
(  237) END SUBROUTINE DEFAULT_LAI_ECO2_Y2006_06
(  238) 
(  239) END INTERFACE
(  240) END MODULE MODI_DEFAULT_LAI_ECO2_Y2006_06
(  241) !depfile:default_lai_eco2.F90
(  242) MODULE MODI_DEFAULT_LAI_ECO2_Y2002_07
(  243) INTERFACE
(  244) SUBROUTINE DEFAULT_LAI_ECO2_Y2002_07
(  245) END SUBROUTINE DEFAULT_LAI_ECO2_Y2002_07
(  246) 
(  247) END INTERFACE
(  248) END MODULE MODI_DEFAULT_LAI_ECO2_Y2002_07
(  249) !depfile:default_lai_eco2.F90
(  250) MODULE MODI_DEFAULT_LAI_ECO2_Y2003_07
(  251) INTERFACE
(  252) SUBROUTINE DEFAULT_LAI_ECO2_Y2003_07
(  253) END SUBROUTINE DEFAULT_LAI_ECO2_Y2003_07
(  254) 
(  255) END INTERFACE
(  256) END MODULE MODI_DEFAULT_LAI_ECO2_Y2003_07
(  257) !depfile:default_lai_eco2.F90
(  258) MODULE MODI_DEFAULT_LAI_ECO2_Y2004_07
(  259) INTERFACE
(  260) SUBROUTINE DEFAULT_LAI_ECO2_Y2004_07
(  261) END SUBROUTINE DEFAULT_LAI_ECO2_Y2004_07
(  262) 






NVFORTRAN (Version     23.1)          02/24/2023  13:31:34      page 7

(  263) END INTERFACE
(  264) END MODULE MODI_DEFAULT_LAI_ECO2_Y2004_07
(  265) !depfile:default_lai_eco2.F90
(  266) MODULE MODI_DEFAULT_LAI_ECO2_Y2005_07
(  267) INTERFACE
(  268) SUBROUTINE DEFAULT_LAI_ECO2_Y2005_07
(  269) END SUBROUTINE DEFAULT_LAI_ECO2_Y2005_07
(  270) 
(  271) END INTERFACE
(  272) END MODULE MODI_DEFAULT_LAI_ECO2_Y2005_07
(  273) !depfile:default_lai_eco2.F90
(  274) MODULE MODI_DEFAULT_LAI_ECO2_Y2006_07
(  275) INTERFACE
(  276) SUBROUTINE DEFAULT_LAI_ECO2_Y2006_07
(  277) END SUBROUTINE DEFAULT_LAI_ECO2_Y2006_07
(  278) 
(  279) END INTERFACE
(  280) END MODULE MODI_DEFAULT_LAI_ECO2_Y2006_07
(  281) !depfile:default_lai_eco2.F90
(  282) MODULE MODI_DEFAULT_LAI_ECO2_Y2002_08
(  283) INTERFACE
(  284) SUBROUTINE DEFAULT_LAI_ECO2_Y2002_08
(  285) END SUBROUTINE DEFAULT_LAI_ECO2_Y2002_08
(  286) 
(  287) END INTERFACE
(  288) END MODULE MODI_DEFAULT_LAI_ECO2_Y2002_08
(  289) !depfile:default_lai_eco2.F90
(  290) MODULE MODI_DEFAULT_LAI_ECO2_Y2003_08
(  291) INTERFACE
(  292) SUBROUTINE DEFAULT_LAI_ECO2_Y2003_08
(  293) END SUBROUTINE DEFAULT_LAI_ECO2_Y2003_08
(  294) 
(  295) END INTERFACE
(  296) END MODULE MODI_DEFAULT_LAI_ECO2_Y2003_08
(  297) !depfile:default_lai_eco2.F90
(  298) MODULE MODI_DEFAULT_LAI_ECO2_Y2004_08
(  299) INTERFACE
(  300) SUBROUTINE DEFAULT_LAI_ECO2_Y2004_08
(  301) END SUBROUTINE DEFAULT_LAI_ECO2_Y2004_08
(  302) 
(  303) END INTERFACE
(  304) END MODULE MODI_DEFAULT_LAI_ECO2_Y2004_08
(  305) !depfile:default_lai_eco2.F90
(  306) MODULE MODI_DEFAULT_LAI_ECO2_Y2005_08
(  307) INTERFACE
(  308) SUBROUTINE DEFAULT_LAI_ECO2_Y2005_08
(  309) END SUBROUTINE DEFAULT_LAI_ECO2_Y2005_08
(  310) 
(  311) END INTERFACE
(  312) END MODULE MODI_DEFAULT_LAI_ECO2_Y2005_08
(  313) !depfile:default_lai_eco2.F90
(  314) MODULE MODI_DEFAULT_LAI_ECO2_Y2006_08
(  315) INTERFACE
(  316) SUBROUTINE DEFAULT_LAI_ECO2_Y2006_08
(  317) END SUBROUTINE DEFAULT_LAI_ECO2_Y2006_08
(  318) 
(  319) END INTERFACE
(  320) END MODULE MODI_DEFAULT_LAI_ECO2_Y2006_08






NVFORTRAN (Version     23.1)          02/24/2023  13:31:34      page 8

(  321) !depfile:default_lai_eco2.F90
(  322) MODULE MODI_DEFAULT_LAI_ECO2_Y2002_09
(  323) INTERFACE
(  324) SUBROUTINE DEFAULT_LAI_ECO2_Y2002_09
(  325) END SUBROUTINE DEFAULT_LAI_ECO2_Y2002_09
(  326) 
(  327) END INTERFACE
(  328) END MODULE MODI_DEFAULT_LAI_ECO2_Y2002_09
(  329) !depfile:default_lai_eco2.F90
(  330) MODULE MODI_DEFAULT_LAI_ECO2_Y2003_09
(  331) INTERFACE
(  332) SUBROUTINE DEFAULT_LAI_ECO2_Y2003_09
(  333) END SUBROUTINE DEFAULT_LAI_ECO2_Y2003_09
(  334) 
(  335) END INTERFACE
(  336) END MODULE MODI_DEFAULT_LAI_ECO2_Y2003_09
(  337) !depfile:default_lai_eco2.F90
(  338) MODULE MODI_DEFAULT_LAI_ECO2_Y2004_09
(  339) INTERFACE
(  340) SUBROUTINE DEFAULT_LAI_ECO2_Y2004_09
(  341) END SUBROUTINE DEFAULT_LAI_ECO2_Y2004_09
(  342) 
(  343) END INTERFACE
(  344) END MODULE MODI_DEFAULT_LAI_ECO2_Y2004_09
(  345) !depfile:default_lai_eco2.F90
(  346) MODULE MODI_DEFAULT_LAI_ECO2_Y2005_09
(  347) INTERFACE
(  348) SUBROUTINE DEFAULT_LAI_ECO2_Y2005_09
(  349) END SUBROUTINE DEFAULT_LAI_ECO2_Y2005_09
(  350) 
(  351) END INTERFACE
(  352) END MODULE MODI_DEFAULT_LAI_ECO2_Y2005_09
(  353) !depfile:default_lai_eco2.F90
(  354) MODULE MODI_DEFAULT_LAI_ECO2_Y2006_09
(  355) INTERFACE
(  356) SUBROUTINE DEFAULT_LAI_ECO2_Y2006_09
(  357) END SUBROUTINE DEFAULT_LAI_ECO2_Y2006_09
(  358) 
(  359) END INTERFACE
(  360) END MODULE MODI_DEFAULT_LAI_ECO2_Y2006_09
(  361) !depfile:default_lai_eco2.F90
(  362) MODULE MODI_DEFAULT_LAI_ECO2_Y2002_10
(  363) INTERFACE
(  364) SUBROUTINE DEFAULT_LAI_ECO2_Y2002_10
(  365) END SUBROUTINE DEFAULT_LAI_ECO2_Y2002_10
(  366) 
(  367) END INTERFACE
(  368) END MODULE MODI_DEFAULT_LAI_ECO2_Y2002_10
(  369) !depfile:default_lai_eco2.F90
(  370) MODULE MODI_DEFAULT_LAI_ECO2_Y2003_10
(  371) INTERFACE
(  372) SUBROUTINE DEFAULT_LAI_ECO2_Y2003_10
(  373) END SUBROUTINE DEFAULT_LAI_ECO2_Y2003_10
(  374) 
(  375) END INTERFACE
(  376) END MODULE MODI_DEFAULT_LAI_ECO2_Y2003_10
(  377) !depfile:default_lai_eco2.F90
(  378) MODULE MODI_DEFAULT_LAI_ECO2_Y2004_10






NVFORTRAN (Version     23.1)          02/24/2023  13:31:34      page 9

(  379) INTERFACE
(  380) SUBROUTINE DEFAULT_LAI_ECO2_Y2004_10
(  381) END SUBROUTINE DEFAULT_LAI_ECO2_Y2004_10
(  382) 
(  383) END INTERFACE
(  384) END MODULE MODI_DEFAULT_LAI_ECO2_Y2004_10
(  385) !depfile:default_lai_eco2.F90
(  386) MODULE MODI_DEFAULT_LAI_ECO2_Y2005_10
(  387) INTERFACE
(  388) SUBROUTINE DEFAULT_LAI_ECO2_Y2005_10
(  389) END SUBROUTINE DEFAULT_LAI_ECO2_Y2005_10
(  390) 
(  391) END INTERFACE
(  392) END MODULE MODI_DEFAULT_LAI_ECO2_Y2005_10
(  393) !depfile:default_lai_eco2.F90
(  394) MODULE MODI_DEFAULT_LAI_ECO2_Y2006_10
(  395) INTERFACE
(  396) SUBROUTINE DEFAULT_LAI_ECO2_Y2006_10
(  397) END SUBROUTINE DEFAULT_LAI_ECO2_Y2006_10
(  398) 
(  399) END INTERFACE
(  400) END MODULE MODI_DEFAULT_LAI_ECO2_Y2006_10
(  401) !depfile:default_lai_eco2.F90
(  402) MODULE MODI_DEFAULT_LAI_ECO2_Y2002_11
(  403) INTERFACE
(  404) SUBROUTINE DEFAULT_LAI_ECO2_Y2002_11
(  405) END SUBROUTINE DEFAULT_LAI_ECO2_Y2002_11
(  406) 
(  407) END INTERFACE
(  408) END MODULE MODI_DEFAULT_LAI_ECO2_Y2002_11
(  409) !depfile:default_lai_eco2.F90
(  410) MODULE MODI_DEFAULT_LAI_ECO2_Y2003_11
(  411) INTERFACE
(  412) SUBROUTINE DEFAULT_LAI_ECO2_Y2003_11
(  413) END SUBROUTINE DEFAULT_LAI_ECO2_Y2003_11
(  414) 
(  415) END INTERFACE
(  416) END MODULE MODI_DEFAULT_LAI_ECO2_Y2003_11
(  417) !depfile:default_lai_eco2.F90
(  418) MODULE MODI_DEFAULT_LAI_ECO2_Y2004_11
(  419) INTERFACE
(  420) SUBROUTINE DEFAULT_LAI_ECO2_Y2004_11
(  421) END SUBROUTINE DEFAULT_LAI_ECO2_Y2004_11
(  422) 
(  423) END INTERFACE
(  424) END MODULE MODI_DEFAULT_LAI_ECO2_Y2004_11
(  425) !depfile:default_lai_eco2.F90
(  426) MODULE MODI_DEFAULT_LAI_ECO2_Y2005_11
(  427) INTERFACE
(  428) SUBROUTINE DEFAULT_LAI_ECO2_Y2005_11
(  429) END SUBROUTINE DEFAULT_LAI_ECO2_Y2005_11
(  430) 
(  431) END INTERFACE
(  432) END MODULE MODI_DEFAULT_LAI_ECO2_Y2005_11
(  433) !depfile:default_lai_eco2.F90
(  434) MODULE MODI_DEFAULT_LAI_ECO2_Y2006_11
(  435) INTERFACE
(  436) SUBROUTINE DEFAULT_LAI_ECO2_Y2006_11






NVFORTRAN (Version     23.1)          02/24/2023  13:31:34      page 10

(  437) END SUBROUTINE DEFAULT_LAI_ECO2_Y2006_11
(  438) 
(  439) END INTERFACE
(  440) END MODULE MODI_DEFAULT_LAI_ECO2_Y2006_11
(  441) !depfile:default_lai_eco2.F90
(  442) MODULE MODI_DEFAULT_LAI_ECO2_Y2002_12
(  443) INTERFACE
(  444) SUBROUTINE DEFAULT_LAI_ECO2_Y2002_12
(  445) END SUBROUTINE DEFAULT_LAI_ECO2_Y2002_12
(  446) 
(  447) END INTERFACE
(  448) END MODULE MODI_DEFAULT_LAI_ECO2_Y2002_12
(  449) !depfile:default_lai_eco2.F90
(  450) MODULE MODI_DEFAULT_LAI_ECO2_Y2003_12
(  451) INTERFACE
(  452) SUBROUTINE DEFAULT_LAI_ECO2_Y2003_12
(  453) END SUBROUTINE DEFAULT_LAI_ECO2_Y2003_12
(  454) 
(  455) END INTERFACE
(  456) END MODULE MODI_DEFAULT_LAI_ECO2_Y2003_12
(  457) !depfile:default_lai_eco2.F90
(  458) MODULE MODI_DEFAULT_LAI_ECO2_Y2004_12
(  459) INTERFACE
(  460) SUBROUTINE DEFAULT_LAI_ECO2_Y2004_12
(  461) END SUBROUTINE DEFAULT_LAI_ECO2_Y2004_12
(  462) 
(  463) END INTERFACE
(  464) END MODULE MODI_DEFAULT_LAI_ECO2_Y2004_12
(  465) !depfile:default_lai_eco2.F90
(  466) MODULE MODI_DEFAULT_LAI_ECO2_Y2005_12
(  467) INTERFACE
(  468) SUBROUTINE DEFAULT_LAI_ECO2_Y2005_12
(  469) END SUBROUTINE DEFAULT_LAI_ECO2_Y2005_12
(  470) 
(  471) END INTERFACE
(  472) END MODULE MODI_DEFAULT_LAI_ECO2_Y2005_12
(  473) !depfile:default_lai_eco2.F90
(  474) MODULE MODI_DEFAULT_LAI_ECO2_Y2006_12
(  475) INTERFACE
(  476) SUBROUTINE DEFAULT_LAI_ECO2_Y2006_12
(  477) END SUBROUTINE DEFAULT_LAI_ECO2_Y2006_12
(  478) 
(  479) END INTERFACE
(  480) END MODULE MODI_DEFAULT_LAI_ECO2_Y2006_12
(  481) !depfile:default_lai_eco2.F90
(  482) MODULE MODI_DEFAULT_LAI_ECO2_Y2002_13
(  483) INTERFACE
(  484) SUBROUTINE DEFAULT_LAI_ECO2_Y2002_13
(  485) END SUBROUTINE DEFAULT_LAI_ECO2_Y2002_13
(  486) 
(  487) END INTERFACE
(  488) END MODULE MODI_DEFAULT_LAI_ECO2_Y2002_13
(  489) !depfile:default_lai_eco2.F90
(  490) MODULE MODI_DEFAULT_LAI_ECO2_Y2003_13
(  491) INTERFACE
(  492) SUBROUTINE DEFAULT_LAI_ECO2_Y2003_13
(  493) END SUBROUTINE DEFAULT_LAI_ECO2_Y2003_13
(  494) 






NVFORTRAN (Version     23.1)          02/24/2023  13:31:34      page 11

(  495) END INTERFACE
(  496) END MODULE MODI_DEFAULT_LAI_ECO2_Y2003_13
(  497) !depfile:default_lai_eco2.F90
(  498) MODULE MODI_DEFAULT_LAI_ECO2_Y2004_13
(  499) INTERFACE
(  500) SUBROUTINE DEFAULT_LAI_ECO2_Y2004_13
(  501) END SUBROUTINE DEFAULT_LAI_ECO2_Y2004_13
(  502) 
(  503) END INTERFACE
(  504) END MODULE MODI_DEFAULT_LAI_ECO2_Y2004_13
(  505) !depfile:default_lai_eco2.F90
(  506) MODULE MODI_DEFAULT_LAI_ECO2_Y2005_13
(  507) INTERFACE
(  508) SUBROUTINE DEFAULT_LAI_ECO2_Y2005_13
(  509) END SUBROUTINE DEFAULT_LAI_ECO2_Y2005_13
(  510) 
(  511) END INTERFACE
(  512) END MODULE MODI_DEFAULT_LAI_ECO2_Y2005_13
(  513) !depfile:default_lai_eco2.F90
(  514) MODULE MODI_DEFAULT_LAI_ECO2_Y2006_13
(  515) INTERFACE
(  516) SUBROUTINE DEFAULT_LAI_ECO2_Y2006_13
(  517) END SUBROUTINE DEFAULT_LAI_ECO2_Y2006_13
(  518) 
(  519) END INTERFACE
(  520) END MODULE MODI_DEFAULT_LAI_ECO2_Y2006_13
(  521) !depfile:default_lai_eco2.F90
(  522) MODULE MODI_DEFAULT_LAI_ECO2_Y2002_14
(  523) INTERFACE
(  524) SUBROUTINE DEFAULT_LAI_ECO2_Y2002_14
(  525) END SUBROUTINE DEFAULT_LAI_ECO2_Y2002_14
(  526) 
(  527) END INTERFACE
(  528) END MODULE MODI_DEFAULT_LAI_ECO2_Y2002_14
(  529) !depfile:default_lai_eco2.F90
(  530) MODULE MODI_DEFAULT_LAI_ECO2_Y2003_14
(  531) INTERFACE
(  532) SUBROUTINE DEFAULT_LAI_ECO2_Y2003_14
(  533) END SUBROUTINE DEFAULT_LAI_ECO2_Y2003_14
(  534) 
(  535) END INTERFACE
(  536) END MODULE MODI_DEFAULT_LAI_ECO2_Y2003_14
(  537) !depfile:default_lai_eco2.F90
(  538) MODULE MODI_DEFAULT_LAI_ECO2_Y2004_14
(  539) INTERFACE
(  540) SUBROUTINE DEFAULT_LAI_ECO2_Y2004_14
(  541) END SUBROUTINE DEFAULT_LAI_ECO2_Y2004_14
(  542) 
(  543) END INTERFACE
(  544) END MODULE MODI_DEFAULT_LAI_ECO2_Y2004_14
(  545) !depfile:default_lai_eco2.F90
(  546) MODULE MODI_DEFAULT_LAI_ECO2_Y2005_14
(  547) INTERFACE
(  548) SUBROUTINE DEFAULT_LAI_ECO2_Y2005_14
(  549) END SUBROUTINE DEFAULT_LAI_ECO2_Y2005_14
(  550) 
(  551) END INTERFACE
(  552) END MODULE MODI_DEFAULT_LAI_ECO2_Y2005_14






NVFORTRAN (Version     23.1)          02/24/2023  13:31:34      page 12

(  553) !depfile:default_lai_eco2.F90
(  554) MODULE MODI_DEFAULT_LAI_ECO2_Y2006_14
(  555) INTERFACE
(  556) SUBROUTINE DEFAULT_LAI_ECO2_Y2006_14
(  557) END SUBROUTINE DEFAULT_LAI_ECO2_Y2006_14
(  558) 
(  559) END INTERFACE
(  560) END MODULE MODI_DEFAULT_LAI_ECO2_Y2006_14
(  561) !depfile:default_lai_eco2.F90
(  562) MODULE MODI_DEFAULT_LAI_ECO2_Y2002_15
(  563) INTERFACE
(  564) SUBROUTINE DEFAULT_LAI_ECO2_Y2002_15
(  565) END SUBROUTINE DEFAULT_LAI_ECO2_Y2002_15
(  566) 
(  567) END INTERFACE
(  568) END MODULE MODI_DEFAULT_LAI_ECO2_Y2002_15
(  569) !depfile:default_lai_eco2.F90
(  570) MODULE MODI_DEFAULT_LAI_ECO2_Y2003_15
(  571) INTERFACE
(  572) SUBROUTINE DEFAULT_LAI_ECO2_Y2003_15
(  573) END SUBROUTINE DEFAULT_LAI_ECO2_Y2003_15
(  574) 
(  575) END INTERFACE
(  576) END MODULE MODI_DEFAULT_LAI_ECO2_Y2003_15
(  577) !depfile:default_lai_eco2.F90
(  578) MODULE MODI_DEFAULT_LAI_ECO2_Y2004_15
(  579) INTERFACE
(  580) SUBROUTINE DEFAULT_LAI_ECO2_Y2004_15
(  581) END SUBROUTINE DEFAULT_LAI_ECO2_Y2004_15
(  582) 
(  583) END INTERFACE
(  584) END MODULE MODI_DEFAULT_LAI_ECO2_Y2004_15
(  585) !depfile:default_lai_eco2.F90
(  586) MODULE MODI_DEFAULT_LAI_ECO2_Y2005_15
(  587) INTERFACE
(  588) SUBROUTINE DEFAULT_LAI_ECO2_Y2005_15
(  589) END SUBROUTINE DEFAULT_LAI_ECO2_Y2005_15
(  590) 
(  591) END INTERFACE
(  592) END MODULE MODI_DEFAULT_LAI_ECO2_Y2005_15
(  593) !depfile:default_lai_eco2.F90
(  594) MODULE MODI_DEFAULT_LAI_ECO2_Y2006_15
(  595) INTERFACE
(  596) SUBROUTINE DEFAULT_LAI_ECO2_Y2006_15
(  597) END SUBROUTINE DEFAULT_LAI_ECO2_Y2006_15
(  598) 
(  599) END INTERFACE
(  600) END MODULE MODI_DEFAULT_LAI_ECO2_Y2006_15
(  601) !depfile:default_lai_eco2.F90
(  602) MODULE MODI_DEFAULT_LAI_ECO2_Y2002_16
(  603) INTERFACE
(  604) SUBROUTINE DEFAULT_LAI_ECO2_Y2002_16
(  605) END SUBROUTINE DEFAULT_LAI_ECO2_Y2002_16
(  606) 
(  607) END INTERFACE
(  608) END MODULE MODI_DEFAULT_LAI_ECO2_Y2002_16
(  609) !depfile:default_lai_eco2.F90
(  610) MODULE MODI_DEFAULT_LAI_ECO2_Y2003_16






NVFORTRAN (Version     23.1)          02/24/2023  13:31:34      page 13

(  611) INTERFACE
(  612) SUBROUTINE DEFAULT_LAI_ECO2_Y2003_16
(  613) END SUBROUTINE DEFAULT_LAI_ECO2_Y2003_16
(  614) 
(  615) END INTERFACE
(  616) END MODULE MODI_DEFAULT_LAI_ECO2_Y2003_16
(  617) !depfile:default_lai_eco2.F90
(  618) MODULE MODI_DEFAULT_LAI_ECO2_Y2004_16
(  619) INTERFACE
(  620) SUBROUTINE DEFAULT_LAI_ECO2_Y2004_16
(  621) END SUBROUTINE DEFAULT_LAI_ECO2_Y2004_16
(  622) 
(  623) END INTERFACE
(  624) END MODULE MODI_DEFAULT_LAI_ECO2_Y2004_16
(  625) !depfile:default_lai_eco2.F90
(  626) MODULE MODI_DEFAULT_LAI_ECO2_Y2005_16
(  627) INTERFACE
(  628) SUBROUTINE DEFAULT_LAI_ECO2_Y2005_16
(  629) END SUBROUTINE DEFAULT_LAI_ECO2_Y2005_16
(  630) 
(  631) END INTERFACE
(  632) END MODULE MODI_DEFAULT_LAI_ECO2_Y2005_16
(  633) !depfile:default_lai_eco2.F90
(  634) MODULE MODI_DEFAULT_LAI_ECO2_Y2006_16
(  635) INTERFACE
(  636) SUBROUTINE DEFAULT_LAI_ECO2_Y2006_16
(  637) END SUBROUTINE DEFAULT_LAI_ECO2_Y2006_16
(  638) 
(  639) END INTERFACE
(  640) END MODULE MODI_DEFAULT_LAI_ECO2_Y2006_16
(  641) !depfile:default_lai_eco2.F90
(  642) MODULE MODI_DEFAULT_LAI_ECO2_Y2002_17
(  643) INTERFACE
(  644) SUBROUTINE DEFAULT_LAI_ECO2_Y2002_17
(  645) END SUBROUTINE DEFAULT_LAI_ECO2_Y2002_17
(  646) 
(  647) END INTERFACE
(  648) END MODULE MODI_DEFAULT_LAI_ECO2_Y2002_17
(  649) !depfile:default_lai_eco2.F90
(  650) MODULE MODI_DEFAULT_LAI_ECO2_Y2003_17
(  651) INTERFACE
(  652) SUBROUTINE DEFAULT_LAI_ECO2_Y2003_17
(  653) END SUBROUTINE DEFAULT_LAI_ECO2_Y2003_17
(  654) 
(  655) END INTERFACE
(  656) END MODULE MODI_DEFAULT_LAI_ECO2_Y2003_17
(  657) !depfile:default_lai_eco2.F90
(  658) MODULE MODI_DEFAULT_LAI_ECO2_Y2004_17
(  659) INTERFACE
(  660) SUBROUTINE DEFAULT_LAI_ECO2_Y2004_17
(  661) END SUBROUTINE DEFAULT_LAI_ECO2_Y2004_17
(  662) 
(  663) END INTERFACE
(  664) END MODULE MODI_DEFAULT_LAI_ECO2_Y2004_17
(  665) !depfile:default_lai_eco2.F90
(  666) MODULE MODI_DEFAULT_LAI_ECO2_Y2005_17
(  667) INTERFACE
(  668) SUBROUTINE DEFAULT_LAI_ECO2_Y2005_17






NVFORTRAN (Version     23.1)          02/24/2023  13:31:34      page 14

(  669) END SUBROUTINE DEFAULT_LAI_ECO2_Y2005_17
(  670) 
(  671) END INTERFACE
(  672) END MODULE MODI_DEFAULT_LAI_ECO2_Y2005_17
(  673) !depfile:default_lai_eco2.F90
(  674) MODULE MODI_DEFAULT_LAI_ECO2_Y2006_17
(  675) INTERFACE
(  676) SUBROUTINE DEFAULT_LAI_ECO2_Y2006_17
(  677) END SUBROUTINE DEFAULT_LAI_ECO2_Y2006_17
(  678) 
(  679) END INTERFACE
(  680) END MODULE MODI_DEFAULT_LAI_ECO2_Y2006_17
(  681) !depfile:default_lai_eco2.F90
(  682) MODULE MODI_DEFAULT_LAI_ECO2_Y2002_18
(  683) INTERFACE
(  684) SUBROUTINE DEFAULT_LAI_ECO2_Y2002_18
(  685) END SUBROUTINE DEFAULT_LAI_ECO2_Y2002_18
(  686) 
(  687) END INTERFACE
(  688) END MODULE MODI_DEFAULT_LAI_ECO2_Y2002_18
(  689) !depfile:default_lai_eco2.F90
(  690) MODULE MODI_DEFAULT_LAI_ECO2_Y2003_18
(  691) INTERFACE
(  692) SUBROUTINE DEFAULT_LAI_ECO2_Y2003_18
(  693) END SUBROUTINE DEFAULT_LAI_ECO2_Y2003_18
(  694) 
(  695) END INTERFACE
(  696) END MODULE MODI_DEFAULT_LAI_ECO2_Y2003_18
(  697) !depfile:default_lai_eco2.F90
(  698) MODULE MODI_DEFAULT_LAI_ECO2_Y2004_18
(  699) INTERFACE
(  700) SUBROUTINE DEFAULT_LAI_ECO2_Y2004_18
(  701) END SUBROUTINE DEFAULT_LAI_ECO2_Y2004_18
(  702) 
(  703) END INTERFACE
(  704) END MODULE MODI_DEFAULT_LAI_ECO2_Y2004_18
(  705) !depfile:default_lai_eco2.F90
(  706) MODULE MODI_DEFAULT_LAI_ECO2_Y2005_18
(  707) INTERFACE
(  708) SUBROUTINE DEFAULT_LAI_ECO2_Y2005_18
(  709) END SUBROUTINE DEFAULT_LAI_ECO2_Y2005_18
(  710) 
(  711) END INTERFACE
(  712) END MODULE MODI_DEFAULT_LAI_ECO2_Y2005_18
(  713) !depfile:default_lai_eco2.F90
(  714) MODULE MODI_DEFAULT_LAI_ECO2_Y2006_18
(  715) INTERFACE
(  716) SUBROUTINE DEFAULT_LAI_ECO2_Y2006_18
(  717) END SUBROUTINE DEFAULT_LAI_ECO2_Y2006_18
(  718) 
(  719) END INTERFACE
(  720) END MODULE MODI_DEFAULT_LAI_ECO2_Y2006_18
(  721) !depfile:default_lai_eco2.F90
(  722) MODULE MODI_DEFAULT_LAI_ECO2_Y2002_19
(  723) INTERFACE
(  724) SUBROUTINE DEFAULT_LAI_ECO2_Y2002_19
(  725) END SUBROUTINE DEFAULT_LAI_ECO2_Y2002_19
(  726) 






NVFORTRAN (Version     23.1)          02/24/2023  13:31:34      page 15

(  727) END INTERFACE
(  728) END MODULE MODI_DEFAULT_LAI_ECO2_Y2002_19
(  729) !depfile:default_lai_eco2.F90
(  730) MODULE MODI_DEFAULT_LAI_ECO2_Y2003_19
(  731) INTERFACE
(  732) SUBROUTINE DEFAULT_LAI_ECO2_Y2003_19
(  733) END SUBROUTINE DEFAULT_LAI_ECO2_Y2003_19
(  734) 
(  735) END INTERFACE
(  736) END MODULE MODI_DEFAULT_LAI_ECO2_Y2003_19
(  737) !depfile:default_lai_eco2.F90
(  738) MODULE MODI_DEFAULT_LAI_ECO2_Y2004_19
(  739) INTERFACE
(  740) SUBROUTINE DEFAULT_LAI_ECO2_Y2004_19
(  741) END SUBROUTINE DEFAULT_LAI_ECO2_Y2004_19
(  742) 
(  743) END INTERFACE
(  744) END MODULE MODI_DEFAULT_LAI_ECO2_Y2004_19
(  745) !depfile:default_lai_eco2.F90
(  746) MODULE MODI_DEFAULT_LAI_ECO2_Y2005_19
(  747) INTERFACE
(  748) SUBROUTINE DEFAULT_LAI_ECO2_Y2005_19
(  749) END SUBROUTINE DEFAULT_LAI_ECO2_Y2005_19
(  750) 
(  751) END INTERFACE
(  752) END MODULE MODI_DEFAULT_LAI_ECO2_Y2005_19
(  753) !depfile:default_lai_eco2.F90
(  754) MODULE MODI_DEFAULT_LAI_ECO2_Y2006_19
(  755) INTERFACE
(  756) SUBROUTINE DEFAULT_LAI_ECO2_Y2006_19
(  757) END SUBROUTINE DEFAULT_LAI_ECO2_Y2006_19
(  758) 
(  759) END INTERFACE
(  760) END MODULE MODI_DEFAULT_LAI_ECO2_Y2006_19






























NVFORTRAN (Version     23.1)          02/24/2023  13:31:34      page 16

(    1) # 1 "modi_default_lai_eco2.F90"
(    1) !depfile:default_lai_eco2.F90
(    2) MODULE MODI_DEFAULT_LAI_ECO2_Y2002_01
(    3) INTERFACE
(    4) SUBROUTINE DEFAULT_LAI_ECO2_Y2002_01
(    5) END SUBROUTINE DEFAULT_LAI_ECO2_Y2002_01
(    6) # 7 "modi_default_lai_eco2.F90"
(    7) END INTERFACE
(    8) END MODULE MODI_DEFAULT_LAI_ECO2_Y2002_01
(    9) !depfile:default_lai_eco2.F90
(   10) MODULE MODI_DEFAULT_LAI_ECO2_Y2003_01
(   11) INTERFACE
(   12) SUBROUTINE DEFAULT_LAI_ECO2_Y2003_01
(   13) END SUBROUTINE DEFAULT_LAI_ECO2_Y2003_01
(   14) # 15 "modi_default_lai_eco2.F90"
(   15) END INTERFACE
(   16) END MODULE MODI_DEFAULT_LAI_ECO2_Y2003_01
(   17) !depfile:default_lai_eco2.F90
(   18) MODULE MODI_DEFAULT_LAI_ECO2_Y2004_01
(   19) INTERFACE
(   20) SUBROUTINE DEFAULT_LAI_ECO2_Y2004_01
(   21) END SUBROUTINE DEFAULT_LAI_ECO2_Y2004_01
(   22) # 23 "modi_default_lai_eco2.F90"
(   23) END INTERFACE
(   24) END MODULE MODI_DEFAULT_LAI_ECO2_Y2004_01
(   25) !depfile:default_lai_eco2.F90
(   26) MODULE MODI_DEFAULT_LAI_ECO2_Y2005_01
(   27) INTERFACE
(   28) SUBROUTINE DEFAULT_LAI_ECO2_Y2005_01
(   29) END SUBROUTINE DEFAULT_LAI_ECO2_Y2005_01
(   30) # 31 "modi_default_lai_eco2.F90"
(   31) END INTERFACE
(   32) END MODULE MODI_DEFAULT_LAI_ECO2_Y2005_01
(   33) !depfile:default_lai_eco2.F90
(   34) MODULE MODI_DEFAULT_LAI_ECO2_Y2006_01
(   35) INTERFACE
(   36) SUBROUTINE DEFAULT_LAI_ECO2_Y2006_01
(   37) END SUBROUTINE DEFAULT_LAI_ECO2_Y2006_01
(   38) # 39 "modi_default_lai_eco2.F90"
(   39) END INTERFACE
(   40) END MODULE MODI_DEFAULT_LAI_ECO2_Y2006_01
(   41) !depfile:default_lai_eco2.F90
(   42) MODULE MODI_DEFAULT_LAI_ECO2_Y2002_02
(   43) INTERFACE
(   44) SUBROUTINE DEFAULT_LAI_ECO2_Y2002_02
(   45) END SUBROUTINE DEFAULT_LAI_ECO2_Y2002_02
(   46) # 47 "modi_default_lai_eco2.F90"
(   47) END INTERFACE
(   48) END MODULE MODI_DEFAULT_LAI_ECO2_Y2002_02
(   49) !depfile:default_lai_eco2.F90
(   50) MODULE MODI_DEFAULT_LAI_ECO2_Y2003_02
(   51) INTERFACE
(   52) SUBROUTINE DEFAULT_LAI_ECO2_Y2003_02
(   53) END SUBROUTINE DEFAULT_LAI_ECO2_Y2003_02
(   54) # 55 "modi_default_lai_eco2.F90"
(   55) END INTERFACE
(   56) END MODULE MODI_DEFAULT_LAI_ECO2_Y2003_02
(   57) !depfile:default_lai_eco2.F90






NVFORTRAN (Version     23.1)          02/24/2023  13:31:34      page 17

(   58) MODULE MODI_DEFAULT_LAI_ECO2_Y2004_02
(   59) INTERFACE
(   60) SUBROUTINE DEFAULT_LAI_ECO2_Y2004_02
(   61) END SUBROUTINE DEFAULT_LAI_ECO2_Y2004_02
(   62) # 63 "modi_default_lai_eco2.F90"
(   63) END INTERFACE
(   64) END MODULE MODI_DEFAULT_LAI_ECO2_Y2004_02
(   65) !depfile:default_lai_eco2.F90
(   66) MODULE MODI_DEFAULT_LAI_ECO2_Y2005_02
(   67) INTERFACE
(   68) SUBROUTINE DEFAULT_LAI_ECO2_Y2005_02
(   69) END SUBROUTINE DEFAULT_LAI_ECO2_Y2005_02
(   70) # 71 "modi_default_lai_eco2.F90"
(   71) END INTERFACE
(   72) END MODULE MODI_DEFAULT_LAI_ECO2_Y2005_02
(   73) !depfile:default_lai_eco2.F90
(   74) MODULE MODI_DEFAULT_LAI_ECO2_Y2006_02
(   75) INTERFACE
(   76) SUBROUTINE DEFAULT_LAI_ECO2_Y2006_02
(   77) END SUBROUTINE DEFAULT_LAI_ECO2_Y2006_02
(   78) # 79 "modi_default_lai_eco2.F90"
(   79) END INTERFACE
(   80) END MODULE MODI_DEFAULT_LAI_ECO2_Y2006_02
(   81) !depfile:default_lai_eco2.F90
(   82) MODULE MODI_DEFAULT_LAI_ECO2_Y2002_03
(   83) INTERFACE
(   84) SUBROUTINE DEFAULT_LAI_ECO2_Y2002_03
(   85) END SUBROUTINE DEFAULT_LAI_ECO2_Y2002_03
(   86) # 87 "modi_default_lai_eco2.F90"
(   87) END INTERFACE
(   88) END MODULE MODI_DEFAULT_LAI_ECO2_Y2002_03
(   89) !depfile:default_lai_eco2.F90
(   90) MODULE MODI_DEFAULT_LAI_ECO2_Y2003_03
(   91) INTERFACE
(   92) SUBROUTINE DEFAULT_LAI_ECO2_Y2003_03
(   93) END SUBROUTINE DEFAULT_LAI_ECO2_Y2003_03
(   94) # 95 "modi_default_lai_eco2.F90"
(   95) END INTERFACE
(   96) END MODULE MODI_DEFAULT_LAI_ECO2_Y2003_03
(   97) !depfile:default_lai_eco2.F90
(   98) MODULE MODI_DEFAULT_LAI_ECO2_Y2004_03
(   99) INTERFACE
(  100) SUBROUTINE DEFAULT_LAI_ECO2_Y2004_03
(  101) END SUBROUTINE DEFAULT_LAI_ECO2_Y2004_03
(  102) # 103 "modi_default_lai_eco2.F90"
(  103) END INTERFACE
(  104) END MODULE MODI_DEFAULT_LAI_ECO2_Y2004_03
(  105) !depfile:default_lai_eco2.F90
(  106) MODULE MODI_DEFAULT_LAI_ECO2_Y2005_03
(  107) INTERFACE
(  108) SUBROUTINE DEFAULT_LAI_ECO2_Y2005_03
(  109) END SUBROUTINE DEFAULT_LAI_ECO2_Y2005_03
(  110) # 111 "modi_default_lai_eco2.F90"
(  111) END INTERFACE
(  112) END MODULE MODI_DEFAULT_LAI_ECO2_Y2005_03
(  113) !depfile:default_lai_eco2.F90
(  114) MODULE MODI_DEFAULT_LAI_ECO2_Y2006_03
(  115) INTERFACE






NVFORTRAN (Version     23.1)          02/24/2023  13:31:34      page 18

(  116) SUBROUTINE DEFAULT_LAI_ECO2_Y2006_03
(  117) END SUBROUTINE DEFAULT_LAI_ECO2_Y2006_03
(  118) # 119 "modi_default_lai_eco2.F90"
(  119) END INTERFACE
(  120) END MODULE MODI_DEFAULT_LAI_ECO2_Y2006_03
(  121) !depfile:default_lai_eco2.F90
(  122) MODULE MODI_DEFAULT_LAI_ECO2_Y2002_04
(  123) INTERFACE
(  124) SUBROUTINE DEFAULT_LAI_ECO2_Y2002_04
(  125) END SUBROUTINE DEFAULT_LAI_ECO2_Y2002_04
(  126) # 127 "modi_default_lai_eco2.F90"
(  127) END INTERFACE
(  128) END MODULE MODI_DEFAULT_LAI_ECO2_Y2002_04
(  129) !depfile:default_lai_eco2.F90
(  130) MODULE MODI_DEFAULT_LAI_ECO2_Y2003_04
(  131) INTERFACE
(  132) SUBROUTINE DEFAULT_LAI_ECO2_Y2003_04
(  133) END SUBROUTINE DEFAULT_LAI_ECO2_Y2003_04
(  134) # 135 "modi_default_lai_eco2.F90"
(  135) END INTERFACE
(  136) END MODULE MODI_DEFAULT_LAI_ECO2_Y2003_04
(  137) !depfile:default_lai_eco2.F90
(  138) MODULE MODI_DEFAULT_LAI_ECO2_Y2004_04
(  139) INTERFACE
(  140) SUBROUTINE DEFAULT_LAI_ECO2_Y2004_04
(  141) END SUBROUTINE DEFAULT_LAI_ECO2_Y2004_04
(  142) # 143 "modi_default_lai_eco2.F90"
(  143) END INTERFACE
(  144) END MODULE MODI_DEFAULT_LAI_ECO2_Y2004_04
(  145) !depfile:default_lai_eco2.F90
(  146) MODULE MODI_DEFAULT_LAI_ECO2_Y2005_04
(  147) INTERFACE
(  148) SUBROUTINE DEFAULT_LAI_ECO2_Y2005_04
(  149) END SUBROUTINE DEFAULT_LAI_ECO2_Y2005_04
(  150) # 151 "modi_default_lai_eco2.F90"
(  151) END INTERFACE
(  152) END MODULE MODI_DEFAULT_LAI_ECO2_Y2005_04
(  153) !depfile:default_lai_eco2.F90
(  154) MODULE MODI_DEFAULT_LAI_ECO2_Y2006_04
(  155) INTERFACE
(  156) SUBROUTINE DEFAULT_LAI_ECO2_Y2006_04
(  157) END SUBROUTINE DEFAULT_LAI_ECO2_Y2006_04
(  158) # 159 "modi_default_lai_eco2.F90"
(  159) END INTERFACE
(  160) END MODULE MODI_DEFAULT_LAI_ECO2_Y2006_04
(  161) !depfile:default_lai_eco2.F90
(  162) MODULE MODI_DEFAULT_LAI_ECO2_Y2002_05
(  163) INTERFACE
(  164) SUBROUTINE DEFAULT_LAI_ECO2_Y2002_05
(  165) END SUBROUTINE DEFAULT_LAI_ECO2_Y2002_05
(  166) # 167 "modi_default_lai_eco2.F90"
(  167) END INTERFACE
(  168) END MODULE MODI_DEFAULT_LAI_ECO2_Y2002_05
(  169) !depfile:default_lai_eco2.F90
(  170) MODULE MODI_DEFAULT_LAI_ECO2_Y2003_05
(  171) INTERFACE
(  172) SUBROUTINE DEFAULT_LAI_ECO2_Y2003_05
(  173) END SUBROUTINE DEFAULT_LAI_ECO2_Y2003_05






NVFORTRAN (Version     23.1)          02/24/2023  13:31:34      page 19

(  174) # 175 "modi_default_lai_eco2.F90"
(  175) END INTERFACE
(  176) END MODULE MODI_DEFAULT_LAI_ECO2_Y2003_05
(  177) !depfile:default_lai_eco2.F90
(  178) MODULE MODI_DEFAULT_LAI_ECO2_Y2004_05
(  179) INTERFACE
(  180) SUBROUTINE DEFAULT_LAI_ECO2_Y2004_05
(  181) END SUBROUTINE DEFAULT_LAI_ECO2_Y2004_05
(  182) # 183 "modi_default_lai_eco2.F90"
(  183) END INTERFACE
(  184) END MODULE MODI_DEFAULT_LAI_ECO2_Y2004_05
(  185) !depfile:default_lai_eco2.F90
(  186) MODULE MODI_DEFAULT_LAI_ECO2_Y2005_05
(  187) INTERFACE
(  188) SUBROUTINE DEFAULT_LAI_ECO2_Y2005_05
(  189) END SUBROUTINE DEFAULT_LAI_ECO2_Y2005_05
(  190) # 191 "modi_default_lai_eco2.F90"
(  191) END INTERFACE
(  192) END MODULE MODI_DEFAULT_LAI_ECO2_Y2005_05
(  193) !depfile:default_lai_eco2.F90
(  194) MODULE MODI_DEFAULT_LAI_ECO2_Y2006_05
(  195) INTERFACE
(  196) SUBROUTINE DEFAULT_LAI_ECO2_Y2006_05
(  197) END SUBROUTINE DEFAULT_LAI_ECO2_Y2006_05
(  198) # 199 "modi_default_lai_eco2.F90"
(  199) END INTERFACE
(  200) END MODULE MODI_DEFAULT_LAI_ECO2_Y2006_05
(  201) !depfile:default_lai_eco2.F90
(  202) MODULE MODI_DEFAULT_LAI_ECO2_Y2002_06
(  203) INTERFACE
(  204) SUBROUTINE DEFAULT_LAI_ECO2_Y2002_06
(  205) END SUBROUTINE DEFAULT_LAI_ECO2_Y2002_06
(  206) # 207 "modi_default_lai_eco2.F90"
(  207) END INTERFACE
(  208) END MODULE MODI_DEFAULT_LAI_ECO2_Y2002_06
(  209) !depfile:default_lai_eco2.F90
(  210) MODULE MODI_DEFAULT_LAI_ECO2_Y2003_06
(  211) INTERFACE
(  212) SUBROUTINE DEFAULT_LAI_ECO2_Y2003_06
(  213) END SUBROUTINE DEFAULT_LAI_ECO2_Y2003_06
(  214) # 215 "modi_default_lai_eco2.F90"
(  215) END INTERFACE
(  216) END MODULE MODI_DEFAULT_LAI_ECO2_Y2003_06
(  217) !depfile:default_lai_eco2.F90
(  218) MODULE MODI_DEFAULT_LAI_ECO2_Y2004_06
(  219) INTERFACE
(  220) SUBROUTINE DEFAULT_LAI_ECO2_Y2004_06
(  221) END SUBROUTINE DEFAULT_LAI_ECO2_Y2004_06
(  222) # 223 "modi_default_lai_eco2.F90"
(  223) END INTERFACE
(  224) END MODULE MODI_DEFAULT_LAI_ECO2_Y2004_06
(  225) !depfile:default_lai_eco2.F90
(  226) MODULE MODI_DEFAULT_LAI_ECO2_Y2005_06
(  227) INTERFACE
(  228) SUBROUTINE DEFAULT_LAI_ECO2_Y2005_06
(  229) END SUBROUTINE DEFAULT_LAI_ECO2_Y2005_06
(  230) # 231 "modi_default_lai_eco2.F90"
(  231) END INTERFACE






NVFORTRAN (Version     23.1)          02/24/2023  13:31:34      page 20

(  232) END MODULE MODI_DEFAULT_LAI_ECO2_Y2005_06
(  233) !depfile:default_lai_eco2.F90
(  234) MODULE MODI_DEFAULT_LAI_ECO2_Y2006_06
(  235) INTERFACE
(  236) SUBROUTINE DEFAULT_LAI_ECO2_Y2006_06
(  237) END SUBROUTINE DEFAULT_LAI_ECO2_Y2006_06
(  238) # 239 "modi_default_lai_eco2.F90"
(  239) END INTERFACE
(  240) END MODULE MODI_DEFAULT_LAI_ECO2_Y2006_06
(  241) !depfile:default_lai_eco2.F90
(  242) MODULE MODI_DEFAULT_LAI_ECO2_Y2002_07
(  243) INTERFACE
(  244) SUBROUTINE DEFAULT_LAI_ECO2_Y2002_07
(  245) END SUBROUTINE DEFAULT_LAI_ECO2_Y2002_07
(  246) # 247 "modi_default_lai_eco2.F90"
(  247) END INTERFACE
(  248) END MODULE MODI_DEFAULT_LAI_ECO2_Y2002_07
(  249) !depfile:default_lai_eco2.F90
(  250) MODULE MODI_DEFAULT_LAI_ECO2_Y2003_07
(  251) INTERFACE
(  252) SUBROUTINE DEFAULT_LAI_ECO2_Y2003_07
(  253) END SUBROUTINE DEFAULT_LAI_ECO2_Y2003_07
(  254) # 255 "modi_default_lai_eco2.F90"
(  255) END INTERFACE
(  256) END MODULE MODI_DEFAULT_LAI_ECO2_Y2003_07
(  257) !depfile:default_lai_eco2.F90
(  258) MODULE MODI_DEFAULT_LAI_ECO2_Y2004_07
(  259) INTERFACE
(  260) SUBROUTINE DEFAULT_LAI_ECO2_Y2004_07
(  261) END SUBROUTINE DEFAULT_LAI_ECO2_Y2004_07
(  262) # 263 "modi_default_lai_eco2.F90"
(  263) END INTERFACE
(  264) END MODULE MODI_DEFAULT_LAI_ECO2_Y2004_07
(  265) !depfile:default_lai_eco2.F90
(  266) MODULE MODI_DEFAULT_LAI_ECO2_Y2005_07
(  267) INTERFACE
(  268) SUBROUTINE DEFAULT_LAI_ECO2_Y2005_07
(  269) END SUBROUTINE DEFAULT_LAI_ECO2_Y2005_07
(  270) # 271 "modi_default_lai_eco2.F90"
(  271) END INTERFACE
(  272) END MODULE MODI_DEFAULT_LAI_ECO2_Y2005_07
(  273) !depfile:default_lai_eco2.F90
(  274) MODULE MODI_DEFAULT_LAI_ECO2_Y2006_07
(  275) INTERFACE
(  276) SUBROUTINE DEFAULT_LAI_ECO2_Y2006_07
(  277) END SUBROUTINE DEFAULT_LAI_ECO2_Y2006_07
(  278) # 279 "modi_default_lai_eco2.F90"
(  279) END INTERFACE
(  280) END MODULE MODI_DEFAULT_LAI_ECO2_Y2006_07
(  281) !depfile:default_lai_eco2.F90
(  282) MODULE MODI_DEFAULT_LAI_ECO2_Y2002_08
(  283) INTERFACE
(  284) SUBROUTINE DEFAULT_LAI_ECO2_Y2002_08
(  285) END SUBROUTINE DEFAULT_LAI_ECO2_Y2002_08
(  286) # 287 "modi_default_lai_eco2.F90"
(  287) END INTERFACE
(  288) END MODULE MODI_DEFAULT_LAI_ECO2_Y2002_08
(  289) !depfile:default_lai_eco2.F90






NVFORTRAN (Version     23.1)          02/24/2023  13:31:34      page 21

(  290) MODULE MODI_DEFAULT_LAI_ECO2_Y2003_08
(  291) INTERFACE
(  292) SUBROUTINE DEFAULT_LAI_ECO2_Y2003_08
(  293) END SUBROUTINE DEFAULT_LAI_ECO2_Y2003_08
(  294) # 295 "modi_default_lai_eco2.F90"
(  295) END INTERFACE
(  296) END MODULE MODI_DEFAULT_LAI_ECO2_Y2003_08
(  297) !depfile:default_lai_eco2.F90
(  298) MODULE MODI_DEFAULT_LAI_ECO2_Y2004_08
(  299) INTERFACE
(  300) SUBROUTINE DEFAULT_LAI_ECO2_Y2004_08
(  301) END SUBROUTINE DEFAULT_LAI_ECO2_Y2004_08
(  302) # 303 "modi_default_lai_eco2.F90"
(  303) END INTERFACE
(  304) END MODULE MODI_DEFAULT_LAI_ECO2_Y2004_08
(  305) !depfile:default_lai_eco2.F90
(  306) MODULE MODI_DEFAULT_LAI_ECO2_Y2005_08
(  307) INTERFACE
(  308) SUBROUTINE DEFAULT_LAI_ECO2_Y2005_08
(  309) END SUBROUTINE DEFAULT_LAI_ECO2_Y2005_08
(  310) # 311 "modi_default_lai_eco2.F90"
(  311) END INTERFACE
(  312) END MODULE MODI_DEFAULT_LAI_ECO2_Y2005_08
(  313) !depfile:default_lai_eco2.F90
(  314) MODULE MODI_DEFAULT_LAI_ECO2_Y2006_08
(  315) INTERFACE
(  316) SUBROUTINE DEFAULT_LAI_ECO2_Y2006_08
(  317) END SUBROUTINE DEFAULT_LAI_ECO2_Y2006_08
(  318) # 319 "modi_default_lai_eco2.F90"
(  319) END INTERFACE
(  320) END MODULE MODI_DEFAULT_LAI_ECO2_Y2006_08
(  321) !depfile:default_lai_eco2.F90
(  322) MODULE MODI_DEFAULT_LAI_ECO2_Y2002_09
(  323) INTERFACE
(  324) SUBROUTINE DEFAULT_LAI_ECO2_Y2002_09
(  325) END SUBROUTINE DEFAULT_LAI_ECO2_Y2002_09
(  326) # 327 "modi_default_lai_eco2.F90"
(  327) END INTERFACE
(  328) END MODULE MODI_DEFAULT_LAI_ECO2_Y2002_09
(  329) !depfile:default_lai_eco2.F90
(  330) MODULE MODI_DEFAULT_LAI_ECO2_Y2003_09
(  331) INTERFACE
(  332) SUBROUTINE DEFAULT_LAI_ECO2_Y2003_09
(  333) END SUBROUTINE DEFAULT_LAI_ECO2_Y2003_09
(  334) # 335 "modi_default_lai_eco2.F90"
(  335) END INTERFACE
(  336) END MODULE MODI_DEFAULT_LAI_ECO2_Y2003_09
(  337) !depfile:default_lai_eco2.F90
(  338) MODULE MODI_DEFAULT_LAI_ECO2_Y2004_09
(  339) INTERFACE
(  340) SUBROUTINE DEFAULT_LAI_ECO2_Y2004_09
(  341) END SUBROUTINE DEFAULT_LAI_ECO2_Y2004_09
(  342) # 343 "modi_default_lai_eco2.F90"
(  343) END INTERFACE
(  344) END MODULE MODI_DEFAULT_LAI_ECO2_Y2004_09
(  345) !depfile:default_lai_eco2.F90
(  346) MODULE MODI_DEFAULT_LAI_ECO2_Y2005_09
(  347) INTERFACE






NVFORTRAN (Version     23.1)          02/24/2023  13:31:34      page 22

(  348) SUBROUTINE DEFAULT_LAI_ECO2_Y2005_09
(  349) END SUBROUTINE DEFAULT_LAI_ECO2_Y2005_09
(  350) # 351 "modi_default_lai_eco2.F90"
(  351) END INTERFACE
(  352) END MODULE MODI_DEFAULT_LAI_ECO2_Y2005_09
(  353) !depfile:default_lai_eco2.F90
(  354) MODULE MODI_DEFAULT_LAI_ECO2_Y2006_09
(  355) INTERFACE
(  356) SUBROUTINE DEFAULT_LAI_ECO2_Y2006_09
(  357) END SUBROUTINE DEFAULT_LAI_ECO2_Y2006_09
(  358) # 359 "modi_default_lai_eco2.F90"
(  359) END INTERFACE
(  360) END MODULE MODI_DEFAULT_LAI_ECO2_Y2006_09
(  361) !depfile:default_lai_eco2.F90
(  362) MODULE MODI_DEFAULT_LAI_ECO2_Y2002_10
(  363) INTERFACE
(  364) SUBROUTINE DEFAULT_LAI_ECO2_Y2002_10
(  365) END SUBROUTINE DEFAULT_LAI_ECO2_Y2002_10
(  366) # 367 "modi_default_lai_eco2.F90"
(  367) END INTERFACE
(  368) END MODULE MODI_DEFAULT_LAI_ECO2_Y2002_10
(  369) !depfile:default_lai_eco2.F90
(  370) MODULE MODI_DEFAULT_LAI_ECO2_Y2003_10
(  371) INTERFACE
(  372) SUBROUTINE DEFAULT_LAI_ECO2_Y2003_10
(  373) END SUBROUTINE DEFAULT_LAI_ECO2_Y2003_10
(  374) # 375 "modi_default_lai_eco2.F90"
(  375) END INTERFACE
(  376) END MODULE MODI_DEFAULT_LAI_ECO2_Y2003_10
(  377) !depfile:default_lai_eco2.F90
(  378) MODULE MODI_DEFAULT_LAI_ECO2_Y2004_10
(  379) INTERFACE
(  380) SUBROUTINE DEFAULT_LAI_ECO2_Y2004_10
(  381) END SUBROUTINE DEFAULT_LAI_ECO2_Y2004_10
(  382) # 383 "modi_default_lai_eco2.F90"
(  383) END INTERFACE
(  384) END MODULE MODI_DEFAULT_LAI_ECO2_Y2004_10
(  385) !depfile:default_lai_eco2.F90
(  386) MODULE MODI_DEFAULT_LAI_ECO2_Y2005_10
(  387) INTERFACE
(  388) SUBROUTINE DEFAULT_LAI_ECO2_Y2005_10
(  389) END SUBROUTINE DEFAULT_LAI_ECO2_Y2005_10
(  390) # 391 "modi_default_lai_eco2.F90"
(  391) END INTERFACE
(  392) END MODULE MODI_DEFAULT_LAI_ECO2_Y2005_10
(  393) !depfile:default_lai_eco2.F90
(  394) MODULE MODI_DEFAULT_LAI_ECO2_Y2006_10
(  395) INTERFACE
(  396) SUBROUTINE DEFAULT_LAI_ECO2_Y2006_10
(  397) END SUBROUTINE DEFAULT_LAI_ECO2_Y2006_10
(  398) # 399 "modi_default_lai_eco2.F90"
(  399) END INTERFACE
(  400) END MODULE MODI_DEFAULT_LAI_ECO2_Y2006_10
(  401) !depfile:default_lai_eco2.F90
(  402) MODULE MODI_DEFAULT_LAI_ECO2_Y2002_11
(  403) INTERFACE
(  404) SUBROUTINE DEFAULT_LAI_ECO2_Y2002_11
(  405) END SUBROUTINE DEFAULT_LAI_ECO2_Y2002_11






NVFORTRAN (Version     23.1)          02/24/2023  13:31:34      page 23

(  406) # 407 "modi_default_lai_eco2.F90"
(  407) END INTERFACE
(  408) END MODULE MODI_DEFAULT_LAI_ECO2_Y2002_11
(  409) !depfile:default_lai_eco2.F90
(  410) MODULE MODI_DEFAULT_LAI_ECO2_Y2003_11
(  411) INTERFACE
(  412) SUBROUTINE DEFAULT_LAI_ECO2_Y2003_11
(  413) END SUBROUTINE DEFAULT_LAI_ECO2_Y2003_11
(  414) # 415 "modi_default_lai_eco2.F90"
(  415) END INTERFACE
(  416) END MODULE MODI_DEFAULT_LAI_ECO2_Y2003_11
(  417) !depfile:default_lai_eco2.F90
(  418) MODULE MODI_DEFAULT_LAI_ECO2_Y2004_11
(  419) INTERFACE
(  420) SUBROUTINE DEFAULT_LAI_ECO2_Y2004_11
(  421) END SUBROUTINE DEFAULT_LAI_ECO2_Y2004_11
(  422) # 423 "modi_default_lai_eco2.F90"
(  423) END INTERFACE
(  424) END MODULE MODI_DEFAULT_LAI_ECO2_Y2004_11
(  425) !depfile:default_lai_eco2.F90
(  426) MODULE MODI_DEFAULT_LAI_ECO2_Y2005_11
(  427) INTERFACE
(  428) SUBROUTINE DEFAULT_LAI_ECO2_Y2005_11
(  429) END SUBROUTINE DEFAULT_LAI_ECO2_Y2005_11
(  430) # 431 "modi_default_lai_eco2.F90"
(  431) END INTERFACE
(  432) END MODULE MODI_DEFAULT_LAI_ECO2_Y2005_11
(  433) !depfile:default_lai_eco2.F90
(  434) MODULE MODI_DEFAULT_LAI_ECO2_Y2006_11
(  435) INTERFACE
(  436) SUBROUTINE DEFAULT_LAI_ECO2_Y2006_11
(  437) END SUBROUTINE DEFAULT_LAI_ECO2_Y2006_11
(  438) # 439 "modi_default_lai_eco2.F90"
(  439) END INTERFACE
(  440) END MODULE MODI_DEFAULT_LAI_ECO2_Y2006_11
(  441) !depfile:default_lai_eco2.F90
(  442) MODULE MODI_DEFAULT_LAI_ECO2_Y2002_12
(  443) INTERFACE
(  444) SUBROUTINE DEFAULT_LAI_ECO2_Y2002_12
(  445) END SUBROUTINE DEFAULT_LAI_ECO2_Y2002_12
(  446) # 447 "modi_default_lai_eco2.F90"
(  447) END INTERFACE
(  448) END MODULE MODI_DEFAULT_LAI_ECO2_Y2002_12
(  449) !depfile:default_lai_eco2.F90
(  450) MODULE MODI_DEFAULT_LAI_ECO2_Y2003_12
(  451) INTERFACE
(  452) SUBROUTINE DEFAULT_LAI_ECO2_Y2003_12
(  453) END SUBROUTINE DEFAULT_LAI_ECO2_Y2003_12
(  454) # 455 "modi_default_lai_eco2.F90"
(  455) END INTERFACE
(  456) END MODULE MODI_DEFAULT_LAI_ECO2_Y2003_12
(  457) !depfile:default_lai_eco2.F90
(  458) MODULE MODI_DEFAULT_LAI_ECO2_Y2004_12
(  459) INTERFACE
(  460) SUBROUTINE DEFAULT_LAI_ECO2_Y2004_12
(  461) END SUBROUTINE DEFAULT_LAI_ECO2_Y2004_12
(  462) # 463 "modi_default_lai_eco2.F90"
(  463) END INTERFACE






NVFORTRAN (Version     23.1)          02/24/2023  13:31:34      page 24

(  464) END MODULE MODI_DEFAULT_LAI_ECO2_Y2004_12
(  465) !depfile:default_lai_eco2.F90
(  466) MODULE MODI_DEFAULT_LAI_ECO2_Y2005_12
(  467) INTERFACE
(  468) SUBROUTINE DEFAULT_LAI_ECO2_Y2005_12
(  469) END SUBROUTINE DEFAULT_LAI_ECO2_Y2005_12
(  470) # 471 "modi_default_lai_eco2.F90"
(  471) END INTERFACE
(  472) END MODULE MODI_DEFAULT_LAI_ECO2_Y2005_12
(  473) !depfile:default_lai_eco2.F90
(  474) MODULE MODI_DEFAULT_LAI_ECO2_Y2006_12
(  475) INTERFACE
(  476) SUBROUTINE DEFAULT_LAI_ECO2_Y2006_12
(  477) END SUBROUTINE DEFAULT_LAI_ECO2_Y2006_12
(  478) # 479 "modi_default_lai_eco2.F90"
(  479) END INTERFACE
(  480) END MODULE MODI_DEFAULT_LAI_ECO2_Y2006_12
(  481) !depfile:default_lai_eco2.F90
(  482) MODULE MODI_DEFAULT_LAI_ECO2_Y2002_13
(  483) INTERFACE
(  484) SUBROUTINE DEFAULT_LAI_ECO2_Y2002_13
(  485) END SUBROUTINE DEFAULT_LAI_ECO2_Y2002_13
(  486) # 487 "modi_default_lai_eco2.F90"
(  487) END INTERFACE
(  488) END MODULE MODI_DEFAULT_LAI_ECO2_Y2002_13
(  489) !depfile:default_lai_eco2.F90
(  490) MODULE MODI_DEFAULT_LAI_ECO2_Y2003_13
(  491) INTERFACE
(  492) SUBROUTINE DEFAULT_LAI_ECO2_Y2003_13
(  493) END SUBROUTINE DEFAULT_LAI_ECO2_Y2003_13
(  494) # 495 "modi_default_lai_eco2.F90"
(  495) END INTERFACE
(  496) END MODULE MODI_DEFAULT_LAI_ECO2_Y2003_13
(  497) !depfile:default_lai_eco2.F90
(  498) MODULE MODI_DEFAULT_LAI_ECO2_Y2004_13
(  499) INTERFACE
(  500) SUBROUTINE DEFAULT_LAI_ECO2_Y2004_13
(  501) END SUBROUTINE DEFAULT_LAI_ECO2_Y2004_13
(  502) # 503 "modi_default_lai_eco2.F90"
(  503) END INTERFACE
(  504) END MODULE MODI_DEFAULT_LAI_ECO2_Y2004_13
(  505) !depfile:default_lai_eco2.F90
(  506) MODULE MODI_DEFAULT_LAI_ECO2_Y2005_13
(  507) INTERFACE
(  508) SUBROUTINE DEFAULT_LAI_ECO2_Y2005_13
(  509) END SUBROUTINE DEFAULT_LAI_ECO2_Y2005_13
(  510) # 511 "modi_default_lai_eco2.F90"
(  511) END INTERFACE
(  512) END MODULE MODI_DEFAULT_LAI_ECO2_Y2005_13
(  513) !depfile:default_lai_eco2.F90
(  514) MODULE MODI_DEFAULT_LAI_ECO2_Y2006_13
(  515) INTERFACE
(  516) SUBROUTINE DEFAULT_LAI_ECO2_Y2006_13
(  517) END SUBROUTINE DEFAULT_LAI_ECO2_Y2006_13
(  518) # 519 "modi_default_lai_eco2.F90"
(  519) END INTERFACE
(  520) END MODULE MODI_DEFAULT_LAI_ECO2_Y2006_13
(  521) !depfile:default_lai_eco2.F90






NVFORTRAN (Version     23.1)          02/24/2023  13:31:34      page 25

(  522) MODULE MODI_DEFAULT_LAI_ECO2_Y2002_14
(  523) INTERFACE
(  524) SUBROUTINE DEFAULT_LAI_ECO2_Y2002_14
(  525) END SUBROUTINE DEFAULT_LAI_ECO2_Y2002_14
(  526) # 527 "modi_default_lai_eco2.F90"
(  527) END INTERFACE
(  528) END MODULE MODI_DEFAULT_LAI_ECO2_Y2002_14
(  529) !depfile:default_lai_eco2.F90
(  530) MODULE MODI_DEFAULT_LAI_ECO2_Y2003_14
(  531) INTERFACE
(  532) SUBROUTINE DEFAULT_LAI_ECO2_Y2003_14
(  533) END SUBROUTINE DEFAULT_LAI_ECO2_Y2003_14
(  534) # 535 "modi_default_lai_eco2.F90"
(  535) END INTERFACE
(  536) END MODULE MODI_DEFAULT_LAI_ECO2_Y2003_14
(  537) !depfile:default_lai_eco2.F90
(  538) MODULE MODI_DEFAULT_LAI_ECO2_Y2004_14
(  539) INTERFACE
(  540) SUBROUTINE DEFAULT_LAI_ECO2_Y2004_14
(  541) END SUBROUTINE DEFAULT_LAI_ECO2_Y2004_14
(  542) # 543 "modi_default_lai_eco2.F90"
(  543) END INTERFACE
(  544) END MODULE MODI_DEFAULT_LAI_ECO2_Y2004_14
(  545) !depfile:default_lai_eco2.F90
(  546) MODULE MODI_DEFAULT_LAI_ECO2_Y2005_14
(  547) INTERFACE
(  548) SUBROUTINE DEFAULT_LAI_ECO2_Y2005_14
(  549) END SUBROUTINE DEFAULT_LAI_ECO2_Y2005_14
(  550) # 551 "modi_default_lai_eco2.F90"
(  551) END INTERFACE
(  552) END MODULE MODI_DEFAULT_LAI_ECO2_Y2005_14
(  553) !depfile:default_lai_eco2.F90
(  554) MODULE MODI_DEFAULT_LAI_ECO2_Y2006_14
(  555) INTERFACE
(  556) SUBROUTINE DEFAULT_LAI_ECO2_Y2006_14
(  557) END SUBROUTINE DEFAULT_LAI_ECO2_Y2006_14
(  558) # 559 "modi_default_lai_eco2.F90"
(  559) END INTERFACE
(  560) END MODULE MODI_DEFAULT_LAI_ECO2_Y2006_14
(  561) !depfile:default_lai_eco2.F90
(  562) MODULE MODI_DEFAULT_LAI_ECO2_Y2002_15
(  563) INTERFACE
(  564) SUBROUTINE DEFAULT_LAI_ECO2_Y2002_15
(  565) END SUBROUTINE DEFAULT_LAI_ECO2_Y2002_15
(  566) # 567 "modi_default_lai_eco2.F90"
(  567) END INTERFACE
(  568) END MODULE MODI_DEFAULT_LAI_ECO2_Y2002_15
(  569) !depfile:default_lai_eco2.F90
(  570) MODULE MODI_DEFAULT_LAI_ECO2_Y2003_15
(  571) INTERFACE
(  572) SUBROUTINE DEFAULT_LAI_ECO2_Y2003_15
(  573) END SUBROUTINE DEFAULT_LAI_ECO2_Y2003_15
(  574) # 575 "modi_default_lai_eco2.F90"
(  575) END INTERFACE
(  576) END MODULE MODI_DEFAULT_LAI_ECO2_Y2003_15
(  577) !depfile:default_lai_eco2.F90
(  578) MODULE MODI_DEFAULT_LAI_ECO2_Y2004_15
(  579) INTERFACE






NVFORTRAN (Version     23.1)          02/24/2023  13:31:34      page 26

(  580) SUBROUTINE DEFAULT_LAI_ECO2_Y2004_15
(  581) END SUBROUTINE DEFAULT_LAI_ECO2_Y2004_15
(  582) # 583 "modi_default_lai_eco2.F90"
(  583) END INTERFACE
(  584) END MODULE MODI_DEFAULT_LAI_ECO2_Y2004_15
(  585) !depfile:default_lai_eco2.F90
(  586) MODULE MODI_DEFAULT_LAI_ECO2_Y2005_15
(  587) INTERFACE
(  588) SUBROUTINE DEFAULT_LAI_ECO2_Y2005_15
(  589) END SUBROUTINE DEFAULT_LAI_ECO2_Y2005_15
(  590) # 591 "modi_default_lai_eco2.F90"
(  591) END INTERFACE
(  592) END MODULE MODI_DEFAULT_LAI_ECO2_Y2005_15
(  593) !depfile:default_lai_eco2.F90
(  594) MODULE MODI_DEFAULT_LAI_ECO2_Y2006_15
(  595) INTERFACE
(  596) SUBROUTINE DEFAULT_LAI_ECO2_Y2006_15
(  597) END SUBROUTINE DEFAULT_LAI_ECO2_Y2006_15
(  598) # 599 "modi_default_lai_eco2.F90"
(  599) END INTERFACE
(  600) END MODULE MODI_DEFAULT_LAI_ECO2_Y2006_15
(  601) !depfile:default_lai_eco2.F90
(  602) MODULE MODI_DEFAULT_LAI_ECO2_Y2002_16
(  603) INTERFACE
(  604) SUBROUTINE DEFAULT_LAI_ECO2_Y2002_16
(  605) END SUBROUTINE DEFAULT_LAI_ECO2_Y2002_16
(  606) # 607 "modi_default_lai_eco2.F90"
(  607) END INTERFACE
(  608) END MODULE MODI_DEFAULT_LAI_ECO2_Y2002_16
(  609) !depfile:default_lai_eco2.F90
(  610) MODULE MODI_DEFAULT_LAI_ECO2_Y2003_16
(  611) INTERFACE
(  612) SUBROUTINE DEFAULT_LAI_ECO2_Y2003_16
(  613) END SUBROUTINE DEFAULT_LAI_ECO2_Y2003_16
(  614) # 615 "modi_default_lai_eco2.F90"
(  615) END INTERFACE
(  616) END MODULE MODI_DEFAULT_LAI_ECO2_Y2003_16
(  617) !depfile:default_lai_eco2.F90
(  618) MODULE MODI_DEFAULT_LAI_ECO2_Y2004_16
(  619) INTERFACE
(  620) SUBROUTINE DEFAULT_LAI_ECO2_Y2004_16
(  621) END SUBROUTINE DEFAULT_LAI_ECO2_Y2004_16
(  622) # 623 "modi_default_lai_eco2.F90"
(  623) END INTERFACE
(  624) END MODULE MODI_DEFAULT_LAI_ECO2_Y2004_16
(  625) !depfile:default_lai_eco2.F90
(  626) MODULE MODI_DEFAULT_LAI_ECO2_Y2005_16
(  627) INTERFACE
(  628) SUBROUTINE DEFAULT_LAI_ECO2_Y2005_16
(  629) END SUBROUTINE DEFAULT_LAI_ECO2_Y2005_16
(  630) # 631 "modi_default_lai_eco2.F90"
(  631) END INTERFACE
(  632) END MODULE MODI_DEFAULT_LAI_ECO2_Y2005_16
(  633) !depfile:default_lai_eco2.F90
(  634) MODULE MODI_DEFAULT_LAI_ECO2_Y2006_16
(  635) INTERFACE
(  636) SUBROUTINE DEFAULT_LAI_ECO2_Y2006_16
(  637) END SUBROUTINE DEFAULT_LAI_ECO2_Y2006_16






NVFORTRAN (Version     23.1)          02/24/2023  13:31:34      page 27

(  638) # 639 "modi_default_lai_eco2.F90"
(  639) END INTERFACE
(  640) END MODULE MODI_DEFAULT_LAI_ECO2_Y2006_16
(  641) !depfile:default_lai_eco2.F90
(  642) MODULE MODI_DEFAULT_LAI_ECO2_Y2002_17
(  643) INTERFACE
(  644) SUBROUTINE DEFAULT_LAI_ECO2_Y2002_17
(  645) END SUBROUTINE DEFAULT_LAI_ECO2_Y2002_17
(  646) # 647 "modi_default_lai_eco2.F90"
(  647) END INTERFACE
(  648) END MODULE MODI_DEFAULT_LAI_ECO2_Y2002_17
(  649) !depfile:default_lai_eco2.F90
(  650) MODULE MODI_DEFAULT_LAI_ECO2_Y2003_17
(  651) INTERFACE
(  652) SUBROUTINE DEFAULT_LAI_ECO2_Y2003_17
(  653) END SUBROUTINE DEFAULT_LAI_ECO2_Y2003_17
(  654) # 655 "modi_default_lai_eco2.F90"
(  655) END INTERFACE
(  656) END MODULE MODI_DEFAULT_LAI_ECO2_Y2003_17
(  657) !depfile:default_lai_eco2.F90
(  658) MODULE MODI_DEFAULT_LAI_ECO2_Y2004_17
(  659) INTERFACE
(  660) SUBROUTINE DEFAULT_LAI_ECO2_Y2004_17
(  661) END SUBROUTINE DEFAULT_LAI_ECO2_Y2004_17
(  662) # 663 "modi_default_lai_eco2.F90"
(  663) END INTERFACE
(  664) END MODULE MODI_DEFAULT_LAI_ECO2_Y2004_17
(  665) !depfile:default_lai_eco2.F90
(  666) MODULE MODI_DEFAULT_LAI_ECO2_Y2005_17
(  667) INTERFACE
(  668) SUBROUTINE DEFAULT_LAI_ECO2_Y2005_17
(  669) END SUBROUTINE DEFAULT_LAI_ECO2_Y2005_17
(  670) # 671 "modi_default_lai_eco2.F90"
(  671) END INTERFACE
(  672) END MODULE MODI_DEFAULT_LAI_ECO2_Y2005_17
(  673) !depfile:default_lai_eco2.F90
(  674) MODULE MODI_DEFAULT_LAI_ECO2_Y2006_17
(  675) INTERFACE
(  676) SUBROUTINE DEFAULT_LAI_ECO2_Y2006_17
(  677) END SUBROUTINE DEFAULT_LAI_ECO2_Y2006_17
(  678) # 679 "modi_default_lai_eco2.F90"
(  679) END INTERFACE
(  680) END MODULE MODI_DEFAULT_LAI_ECO2_Y2006_17
(  681) !depfile:default_lai_eco2.F90
(  682) MODULE MODI_DEFAULT_LAI_ECO2_Y2002_18
(  683) INTERFACE
(  684) SUBROUTINE DEFAULT_LAI_ECO2_Y2002_18
(  685) END SUBROUTINE DEFAULT_LAI_ECO2_Y2002_18
(  686) # 687 "modi_default_lai_eco2.F90"
(  687) END INTERFACE
(  688) END MODULE MODI_DEFAULT_LAI_ECO2_Y2002_18
(  689) !depfile:default_lai_eco2.F90
(  690) MODULE MODI_DEFAULT_LAI_ECO2_Y2003_18
(  691) INTERFACE
(  692) SUBROUTINE DEFAULT_LAI_ECO2_Y2003_18
(  693) END SUBROUTINE DEFAULT_LAI_ECO2_Y2003_18
(  694) # 695 "modi_default_lai_eco2.F90"
(  695) END INTERFACE






NVFORTRAN (Version     23.1)          02/24/2023  13:31:34      page 28

(  696) END MODULE MODI_DEFAULT_LAI_ECO2_Y2003_18
(  697) !depfile:default_lai_eco2.F90
(  698) MODULE MODI_DEFAULT_LAI_ECO2_Y2004_18
(  699) INTERFACE
(  700) SUBROUTINE DEFAULT_LAI_ECO2_Y2004_18
(  701) END SUBROUTINE DEFAULT_LAI_ECO2_Y2004_18
(  702) # 703 "modi_default_lai_eco2.F90"
(  703) END INTERFACE
(  704) END MODULE MODI_DEFAULT_LAI_ECO2_Y2004_18
(  705) !depfile:default_lai_eco2.F90
(  706) MODULE MODI_DEFAULT_LAI_ECO2_Y2005_18
(  707) INTERFACE
(  708) SUBROUTINE DEFAULT_LAI_ECO2_Y2005_18
(  709) END SUBROUTINE DEFAULT_LAI_ECO2_Y2005_18
(  710) # 711 "modi_default_lai_eco2.F90"
(  711) END INTERFACE
(  712) END MODULE MODI_DEFAULT_LAI_ECO2_Y2005_18
(  713) !depfile:default_lai_eco2.F90
(  714) MODULE MODI_DEFAULT_LAI_ECO2_Y2006_18
(  715) INTERFACE
(  716) SUBROUTINE DEFAULT_LAI_ECO2_Y2006_18
(  717) END SUBROUTINE DEFAULT_LAI_ECO2_Y2006_18
(  718) # 719 "modi_default_lai_eco2.F90"
(  719) END INTERFACE
(  720) END MODULE MODI_DEFAULT_LAI_ECO2_Y2006_18
(  721) !depfile:default_lai_eco2.F90
(  722) MODULE MODI_DEFAULT_LAI_ECO2_Y2002_19
(  723) INTERFACE
(  724) SUBROUTINE DEFAULT_LAI_ECO2_Y2002_19
(  725) END SUBROUTINE DEFAULT_LAI_ECO2_Y2002_19
(  726) # 727 "modi_default_lai_eco2.F90"
(  727) END INTERFACE
(  728) END MODULE MODI_DEFAULT_LAI_ECO2_Y2002_19
(  729) !depfile:default_lai_eco2.F90
(  730) MODULE MODI_DEFAULT_LAI_ECO2_Y2003_19
(  731) INTERFACE
(  732) SUBROUTINE DEFAULT_LAI_ECO2_Y2003_19
(  733) END SUBROUTINE DEFAULT_LAI_ECO2_Y2003_19
(  734) # 735 "modi_default_lai_eco2.F90"
(  735) END INTERFACE
(  736) END MODULE MODI_DEFAULT_LAI_ECO2_Y2003_19
(  737) !depfile:default_lai_eco2.F90
(  738) MODULE MODI_DEFAULT_LAI_ECO2_Y2004_19
(  739) INTERFACE
(  740) SUBROUTINE DEFAULT_LAI_ECO2_Y2004_19
(  741) END SUBROUTINE DEFAULT_LAI_ECO2_Y2004_19
(  742) # 743 "modi_default_lai_eco2.F90"
(  743) END INTERFACE
(  744) END MODULE MODI_DEFAULT_LAI_ECO2_Y2004_19
(  745) !depfile:default_lai_eco2.F90
(  746) MODULE MODI_DEFAULT_LAI_ECO2_Y2005_19
(  747) INTERFACE
(  748) SUBROUTINE DEFAULT_LAI_ECO2_Y2005_19
(  749) END SUBROUTINE DEFAULT_LAI_ECO2_Y2005_19
(  750) # 751 "modi_default_lai_eco2.F90"
(  751) END INTERFACE
(  752) END MODULE MODI_DEFAULT_LAI_ECO2_Y2005_19
(  753) !depfile:default_lai_eco2.F90






NVFORTRAN (Version     23.1)          02/24/2023  13:31:34      page 29

(  754) MODULE MODI_DEFAULT_LAI_ECO2_Y2006_19
(  755) INTERFACE
(  756) SUBROUTINE DEFAULT_LAI_ECO2_Y2006_19
(  757) END SUBROUTINE DEFAULT_LAI_ECO2_Y2006_19
(  758) # 759 "modi_default_lai_eco2.F90"
(  759) END INTERFACE
(  760) END MODULE MODI_DEFAULT_LAI_ECO2_Y2006_19
