


NVFORTRAN (Version     23.1)          02/24/2023  13:52:30      page 1

Switches: -noasm -nodclchk -debug -nodlines -line -list
          -idir .D[1]
          -idir .D[2]
          -idir .D[3]
          -idir .D[4]
          -idir .D[5]
          -idir .D[6]
          -idir .D[7]
          -idir .D[8]
          -idir .D[9]
          -idir .D[10]
          -idir .D[11]
          -idir .D[12]
          -idir .D[13]
          -idir .D[14]
          -idir .D[15]
          -idir .D[16]
          -idir .D[17]
          -idir .D[18]
          -idir .D[19]
          -idir .D[20]
          -idir .D[21]
          -idir .D[22]
          -idir .D[23]
          -idir .D[24]
          -idir .D[25]
          -idir .D[26]
          -idir .D[27]
          -idir .D[28]
          -idir .D[29]
          -idir .D[30]
          -idir .D[31]
          -idir .D[32]
          -idir .D[33]
          -idir .D[34]
          -idir .D[35]
          -idir .D[36]
          -idir .D[37]
          -idir .D[38]
          -idir .D[39]
          -idir .D[40]
          -idir .D[41]
          -idir .D[42]
          -idir .D[43]
          -idir .D[44]
          -idir .D[45]
          -idir .D[46]
          -idir .D[47]
          -idir .D[48]
          -idir .D[49]
          -idir .D[50]
          -idir .D[51]
          -idir .D[52]
          -idir .D[53]
          -idir .D[54]
          -idir .D[55]
          -idir .D[56]
          -idir .D[57]






NVFORTRAN (Version     23.1)          02/24/2023  13:52:30      page 2

          -idir .D[58]
          -idir .D[59]
          -idir .D[60]
          -idir .D[61]
          -idir .D[62]
          -idir .D[63]
          -idir .D[64]
          -idir .D[65]
          -idir .D[66]
          -idir .D[67]
          -idir .D[68]
          -idir .D[69]
          -idir .D[70]
          -idir .D[71]
          -idir .D[72]
          -idir .D[73]
          -idir .D[74]
          -idir .D[75]
          -idir .D[76]
          -idir .D[77]
          -idir .D[78]
          -idir /opt/softs/nvidia/hpc_sdk/Linux_x86_64/23.1/comm_libs/openmpi/openmpi-3.1.5/include
          -idir /opt/softs/nvidia/hpc_sdk/Linux_x86_64/23.1/comm_libs/openmpi/openmpi-3.1.5/lib
          -inform severe -opt 0 -nosave -object -noonetrip
          -depchk on -nostandard     
          -symbol -noupcase    

Filename: modi_coupling_icefluxn.F90

(    1) !depfile:coupling_icefluxn.F90
(    2) MODULE MODI_COUPLING_ICEFLUX_n
(    3) INTERFACE
(    4) SUBROUTINE COUPLING_ICEFLUX_n(KI, PTA, PEXNA, PRHOA, PTICE, PEXNS,       &
(    5)                                 PQA, PRAIN, PSNOW, PWIND, PZREF, PUREF,  &
(    6)                                 PPS, PTWAT, PTTS, PSFTH, PSFTQ, AT,      &
(    7)                                 OHANDLE_SIC, PMASK, PQSAT, PZ0,          &
(    8)                                 PUSTAR, PCD, PCDN, PCH,                  &
(    9)                                 PRI, PRESA, PZ0H )
(   10) USE MODD_SURF_ATM_TURB_n, ONLY : SURF_ATM_TURB_t
(   11) INTEGER,             INTENT(IN)  :: KI        ! number of points
(   12) REAL, DIMENSION(KI), INTENT(IN)  :: PTA       ! air temperature forcing               (K)
(   13) REAL, DIMENSION(KI), INTENT(IN)  :: PEXNA     ! Exner function at atm. level
(   14) REAL, DIMENSION(KI), INTENT(IN)  :: PRHOA     ! air density                           (kg/m3)
(   15) REAL, DIMENSION(KI), INTENT(IN)  :: PTICE     ! Ice Surface Temperature
(   16) REAL, DIMENSION(KI), INTENT(IN)  :: PEXNS     ! Exner function at sea surface
(   17) REAL, DIMENSION(KI), INTENT(IN)  :: PQA       ! air humidity forcing                  (kg/m3)
(   18) REAL, DIMENSION(KI), INTENT(IN)  :: PRAIN     ! liquid precipitation                  (kg/m2/s)
(   19) REAL, DIMENSION(KI), INTENT(IN)  :: PSNOW     ! snow precipitation                    (kg/m2/s)
(   20) REAL, DIMENSION(KI), INTENT(IN)  :: PWIND     ! module of wind at atm. wind level
(   21) REAL, DIMENSION(KI), INTENT(IN)  :: PZREF     ! atm. level for temp. and humidity
(   22) REAL, DIMENSION(KI), INTENT(IN)  :: PUREF     ! atm. level for wind
(   23) REAL, DIMENSION(KI), INTENT(IN)  :: PPS       ! pressure at atmospheric model surface (Pa)
(   24) REAL, DIMENSION(KI), INTENT(IN)  :: PTWAT     ! Sea surface temperature
(   25) REAL,                INTENT(IN)  :: PTTS      ! Freezing point for sea water
(   26) REAL, DIMENSION(KI), INTENT(OUT) :: PSFTH     ! flux of heat                          (W/m2)
(   27) REAL, DIMENSION(KI), INTENT(OUT) :: PSFTQ     ! flux of water vapor                   (kg/m2/s)
(   28) TYPE(SURF_ATM_TURB_t), INTENT(IN) :: AT         ! atmospheric turbulence parameters
(   29) LOGICAL, INTENT(IN) , OPTIONAL:: OHANDLE_SIC  ! Should we output extended set of fields
(   30) REAL, DIMENSION(KI), INTENT(IN) , OPTIONAL :: PMASK     ! Where to compute sea-ice fluxes (0./1.)  






NVFORTRAN (Version     23.1)          02/24/2023  13:52:30      page 3

(   31) REAL, DIMENSION(KI), INTENT(OUT), OPTIONAL :: PQSAT     ! humidity at saturation
(   32) REAL, DIMENSION(KI), INTENT(OUT), OPTIONAL :: PZ0       ! roughness length over the sea ice
(   33) REAL, DIMENSION(KI), INTENT(OUT), OPTIONAL :: PUSTAR    ! friction velocity (m/s)
(   34) REAL, DIMENSION(KI), INTENT(OUT), OPTIONAL :: PCD       ! Drag coefficient
(   35) REAL, DIMENSION(KI), INTENT(OUT), OPTIONAL :: PCDN      ! Neutral Drag coefficient
(   36) REAL, DIMENSION(KI), INTENT(OUT), OPTIONAL :: PCH       ! Heat transfer coefficient
(   37) REAL, DIMENSION(KI), INTENT(OUT), OPTIONAL :: PRI       ! Richardson number
(   38) REAL, DIMENSION(KI), INTENT(OUT), OPTIONAL :: PRESA     ! aerodynamical resistance
(   39) REAL, DIMENSION(KI), INTENT(OUT), OPTIONAL :: PZ0H      ! heat roughness length over ice
(   40) END SUBROUTINE COUPLING_ICEFLUX_n
(   41) 
(   42) END INTERFACE
(   43) END MODULE MODI_COUPLING_ICEFLUX_n



















































NVFORTRAN (Version     23.1)          02/24/2023  13:52:30      page 4

(    1) # 1 "modi_coupling_icefluxn.F90"
(    1) !depfile:coupling_icefluxn.F90
(    2) MODULE MODI_COUPLING_ICEFLUX_n
(    3) INTERFACE
(    4) SUBROUTINE COUPLING_ICEFLUX_n(KI, PTA, PEXNA, PRHOA, PTICE, PEXNS,       &
(    5)                                 PQA, PRAIN, PSNOW, PWIND, PZREF, PUREF,  &
(    6)                                 PPS, PTWAT, PTTS, PSFTH, PSFTQ, AT,      &
(    7)                                 OHANDLE_SIC, PMASK, PQSAT, PZ0,          &
(    8)                                 PUSTAR, PCD, PCDN, PCH,                  &
(    9)                                 PRI, PRESA, PZ0H )
(   10) USE MODD_SURF_ATM_TURB_n, ONLY : SURF_ATM_TURB_t
(   11) INTEGER,             INTENT(IN)  :: KI        ! number of points
(   12) REAL, DIMENSION(KI), INTENT(IN)  :: PTA       ! air temperature forcing               (K)
(   13) REAL, DIMENSION(KI), INTENT(IN)  :: PEXNA     ! Exner function at atm. level
(   14) REAL, DIMENSION(KI), INTENT(IN)  :: PRHOA     ! air density                           (kg/m3)
(   15) REAL, DIMENSION(KI), INTENT(IN)  :: PTICE     ! Ice Surface Temperature
(   16) REAL, DIMENSION(KI), INTENT(IN)  :: PEXNS     ! Exner function at sea surface
(   17) REAL, DIMENSION(KI), INTENT(IN)  :: PQA       ! air humidity forcing                  (kg/m3)
(   18) REAL, DIMENSION(KI), INTENT(IN)  :: PRAIN     ! liquid precipitation                  (kg/m2/s)
(   19) REAL, DIMENSION(KI), INTENT(IN)  :: PSNOW     ! snow precipitation                    (kg/m2/s)
(   20) REAL, DIMENSION(KI), INTENT(IN)  :: PWIND     ! module of wind at atm. wind level
(   21) REAL, DIMENSION(KI), INTENT(IN)  :: PZREF     ! atm. level for temp. and humidity
(   22) REAL, DIMENSION(KI), INTENT(IN)  :: PUREF     ! atm. level for wind
(   23) REAL, DIMENSION(KI), INTENT(IN)  :: PPS       ! pressure at atmospheric model surface (Pa)
(   24) REAL, DIMENSION(KI), INTENT(IN)  :: PTWAT     ! Sea surface temperature
(   25) REAL,                INTENT(IN)  :: PTTS      ! Freezing point for sea water
(   26) REAL, DIMENSION(KI), INTENT(OUT) :: PSFTH     ! flux of heat                          (W/m2)
(   27) REAL, DIMENSION(KI), INTENT(OUT) :: PSFTQ     ! flux of water vapor                   (kg/m2/s)
(   28) TYPE(SURF_ATM_TURB_t), INTENT(IN) :: AT         ! atmospheric turbulence parameters
(   29) LOGICAL, INTENT(IN) , OPTIONAL:: OHANDLE_SIC  ! Should we output extended set of fields
(   30) REAL, DIMENSION(KI), INTENT(IN) , OPTIONAL :: PMASK     ! Where to compute sea-ice fluxes (0./1.)  
(   31) REAL, DIMENSION(KI), INTENT(OUT), OPTIONAL :: PQSAT     ! humidity at saturation
(   32) REAL, DIMENSION(KI), INTENT(OUT), OPTIONAL :: PZ0       ! roughness length over the sea ice
(   33) REAL, DIMENSION(KI), INTENT(OUT), OPTIONAL :: PUSTAR    ! friction velocity (m/s)
(   34) REAL, DIMENSION(KI), INTENT(OUT), OPTIONAL :: PCD       ! Drag coefficient
(   35) REAL, DIMENSION(KI), INTENT(OUT), OPTIONAL :: PCDN      ! Neutral Drag coefficient
(   36) REAL, DIMENSION(KI), INTENT(OUT), OPTIONAL :: PCH       ! Heat transfer coefficient
(   37) REAL, DIMENSION(KI), INTENT(OUT), OPTIONAL :: PRI       ! Richardson number
(   38) REAL, DIMENSION(KI), INTENT(OUT), OPTIONAL :: PRESA     ! aerodynamical resistance
(   39) REAL, DIMENSION(KI), INTENT(OUT), OPTIONAL :: PZ0H      ! heat roughness length over ice
(   40) END SUBROUTINE COUPLING_ICEFLUX_n
(   41) # 42 "modi_coupling_icefluxn.F90"
(   42) END INTERFACE
(   43) END MODULE MODI_COUPLING_ICEFLUX_n
