


NVFORTRAN (Version     23.1)          02/24/2023  13:31:05      page 1

Switches: -noasm -nodclchk -debug -nodlines -line -list
          -idir .D[1]
          -idir .D[2]
          -idir .D[3]
          -idir .D[4]
          -idir .D[5]
          -idir .D[6]
          -idir .D[7]
          -idir .D[8]
          -idir .D[9]
          -idir .D[10]
          -idir .D[11]
          -idir .D[12]
          -idir .D[13]
          -idir .D[14]
          -idir .D[15]
          -idir .D[16]
          -idir .D[17]
          -idir .D[18]
          -idir .D[19]
          -idir .D[20]
          -idir .D[21]
          -idir .D[22]
          -idir .D[23]
          -idir .D[24]
          -idir .D[25]
          -idir .D[26]
          -idir .D[27]
          -idir .D[28]
          -idir .D[29]
          -idir .D[30]
          -idir .D[31]
          -idir .D[32]
          -idir .D[33]
          -idir .D[34]
          -idir .D[35]
          -idir .D[36]
          -idir .D[37]
          -idir .D[38]
          -idir .D[39]
          -idir .D[40]
          -idir .D[41]
          -idir .D[42]
          -idir .D[43]
          -idir .D[44]
          -idir .D[45]
          -idir .D[46]
          -idir .D[47]
          -idir .D[48]
          -idir .D[49]
          -idir .D[50]
          -idir .D[51]
          -idir .D[52]
          -idir .D[53]
          -idir .D[54]
          -idir .D[55]
          -idir .D[56]
          -idir .D[57]






NVFORTRAN (Version     23.1)          02/24/2023  13:31:05      page 2

          -idir .D[58]
          -idir .D[59]
          -idir .D[60]
          -idir .D[61]
          -idir .D[62]
          -idir .D[63]
          -idir .D[64]
          -idir .D[65]
          -idir .D[66]
          -idir .D[67]
          -idir .D[68]
          -idir .D[69]
          -idir .D[70]
          -idir .D[71]
          -idir .D[72]
          -idir .D[73]
          -idir .D[74]
          -idir .D[75]
          -idir .D[76]
          -idir .D[77]
          -idir .D[78]
          -idir /opt/softs/nvidia/hpc_sdk/Linux_x86_64/23.1/comm_libs/openmpi/openmpi-3.1.5/include
          -idir /opt/softs/nvidia/hpc_sdk/Linux_x86_64/23.1/comm_libs/openmpi/openmpi-3.1.5/lib
          -inform severe -opt 0 -nosave -object -noonetrip
          -depchk on -nostandard     
          -symbol -noupcase    

Filename: modi_mr98.F90

(    1) !depfile:mr98.F90
(    2) MODULE MODI_MR98 
(    3) INTERFACE
(    4)       SUBROUTINE MR98      (PZ0SEA,                                         &
(    5)                               PTA, PEXNA, PRHOA, PSST, PEXNS, PQA,            &
(    6)                               PTT,                                            &
(    7)                               PVMOD, PZREF, PUREF,                            &
(    8)                               PPS, PQSAT,                                     &
(    9)                               PSFTH, PSFTQ, PUSTAR,                           &
(   10)                               PCD, PCDN, PCH, PRI, PRESA, PZ0HSEA             )  
(   11) REAL, DIMENSION(:), INTENT(IN)       :: PTA   ! air temperature at atm. level
(   12) REAL, DIMENSION(:), INTENT(IN)       :: PQA   ! air humidity at atm. level (kg/kg)
(   13) REAL, DIMENSION(:), INTENT(IN)       :: PEXNA ! Exner function at atm. level
(   14) REAL, DIMENSION(:), INTENT(IN)       :: PRHOA ! air density at atm. level
(   15) REAL, DIMENSION(:), INTENT(IN)       :: PVMOD ! module of wind at atm. wind level
(   16) REAL, DIMENSION(:), INTENT(IN)       :: PZREF ! atm. level for temp. and humidity
(   17) REAL, DIMENSION(:), INTENT(IN)       :: PUREF ! atm. level for wind
(   18) REAL, DIMENSION(:), INTENT(IN)       :: PSST  ! Sea Surface Temperature
(   19) REAL, DIMENSION(:), INTENT(IN)       :: PEXNS ! Exner function at sea surface
(   20) REAL, DIMENSION(:), INTENT(IN)       :: PPS   ! air pressure at sea surface
(   21) REAL,               INTENT(IN)       :: PTT   ! temperature of freezing point
(   22) REAL, DIMENSION(:), INTENT(INOUT)    :: PZ0SEA! roughness length over the ocean
(   23) REAL, DIMENSION(:), INTENT(OUT)      :: PSFTH ! heat flux  (W/m2)
(   24) REAL, DIMENSION(:), INTENT(OUT)      :: PSFTQ ! water flux (kg/m2/s)
(   25) REAL, DIMENSION(:), INTENT(OUT)      :: PUSTAR! friction velocity (m/s)
(   26) REAL, DIMENSION(:), INTENT(OUT)      :: PQSAT ! humidity at saturation
(   27) REAL, DIMENSION(:), INTENT(OUT)      :: PCD   ! heat drag coefficient
(   28) REAL, DIMENSION(:), INTENT(OUT)      :: PCDN  ! momentum drag coefficient
(   29) REAL, DIMENSION(:), INTENT(OUT)      :: PCH   ! neutral momentum drag coefficient
(   30) REAL, DIMENSION(:), INTENT(OUT)      :: PRI   ! Richardson number






NVFORTRAN (Version     23.1)          02/24/2023  13:31:05      page 3

(   31) REAL, DIMENSION(:), INTENT(OUT)      :: PRESA     ! aerodynamical resistance
(   32) REAL, DIMENSION(:), INTENT(OUT)      :: PZ0HSEA   ! roughness length for heat
(   33) END SUBROUTINE MR98
(   34) 
(   35) END INTERFACE
(   36) END MODULE MODI_MR98 


























































NVFORTRAN (Version     23.1)          02/24/2023  13:31:05      page 4

(    1) # 1 "modi_mr98.F90"
(    1) !depfile:mr98.F90
(    2) MODULE MODI_MR98 
(    3) INTERFACE
(    4)       SUBROUTINE MR98      (PZ0SEA,                                         &
(    5)                               PTA, PEXNA, PRHOA, PSST, PEXNS, PQA,            &
(    6)                               PTT,                                            &
(    7)                               PVMOD, PZREF, PUREF,                            &
(    8)                               PPS, PQSAT,                                     &
(    9)                               PSFTH, PSFTQ, PUSTAR,                           &
(   10)                               PCD, PCDN, PCH, PRI, PRESA, PZ0HSEA             )  
(   11) REAL, DIMENSION(:), INTENT(IN)       :: PTA   ! air temperature at atm. level
(   12) REAL, DIMENSION(:), INTENT(IN)       :: PQA   ! air humidity at atm. level (kg/kg)
(   13) REAL, DIMENSION(:), INTENT(IN)       :: PEXNA ! Exner function at atm. level
(   14) REAL, DIMENSION(:), INTENT(IN)       :: PRHOA ! air density at atm. level
(   15) REAL, DIMENSION(:), INTENT(IN)       :: PVMOD ! module of wind at atm. wind level
(   16) REAL, DIMENSION(:), INTENT(IN)       :: PZREF ! atm. level for temp. and humidity
(   17) REAL, DIMENSION(:), INTENT(IN)       :: PUREF ! atm. level for wind
(   18) REAL, DIMENSION(:), INTENT(IN)       :: PSST  ! Sea Surface Temperature
(   19) REAL, DIMENSION(:), INTENT(IN)       :: PEXNS ! Exner function at sea surface
(   20) REAL, DIMENSION(:), INTENT(IN)       :: PPS   ! air pressure at sea surface
(   21) REAL,               INTENT(IN)       :: PTT   ! temperature of freezing point
(   22) REAL, DIMENSION(:), INTENT(INOUT)    :: PZ0SEA! roughness length over the ocean
(   23) REAL, DIMENSION(:), INTENT(OUT)      :: PSFTH ! heat flux  (W/m2)
(   24) REAL, DIMENSION(:), INTENT(OUT)      :: PSFTQ ! water flux (kg/m2/s)
(   25) REAL, DIMENSION(:), INTENT(OUT)      :: PUSTAR! friction velocity (m/s)
(   26) REAL, DIMENSION(:), INTENT(OUT)      :: PQSAT ! humidity at saturation
(   27) REAL, DIMENSION(:), INTENT(OUT)      :: PCD   ! heat drag coefficient
(   28) REAL, DIMENSION(:), INTENT(OUT)      :: PCDN  ! momentum drag coefficient
(   29) REAL, DIMENSION(:), INTENT(OUT)      :: PCH   ! neutral momentum drag coefficient
(   30) REAL, DIMENSION(:), INTENT(OUT)      :: PRI   ! Richardson number
(   31) REAL, DIMENSION(:), INTENT(OUT)      :: PRESA     ! aerodynamical resistance
(   32) REAL, DIMENSION(:), INTENT(OUT)      :: PZ0HSEA   ! roughness length for heat
(   33) END SUBROUTINE MR98
(   34) # 35 "modi_mr98.F90"
(   35) END INTERFACE
(   36) END MODULE MODI_MR98 
