


NVFORTRAN (Version     23.1)          02/24/2023  13:54:58      page 1

Switches: -noasm -nodclchk -debug -nodlines -line -list
          -idir .D[1]
          -idir .D[2]
          -idir .D[3]
          -idir .D[4]
          -idir .D[5]
          -idir .D[6]
          -idir .D[7]
          -idir .D[8]
          -idir .D[9]
          -idir .D[10]
          -idir .D[11]
          -idir .D[12]
          -idir .D[13]
          -idir .D[14]
          -idir .D[15]
          -idir .D[16]
          -idir .D[17]
          -idir .D[18]
          -idir .D[19]
          -idir .D[20]
          -idir .D[21]
          -idir .D[22]
          -idir .D[23]
          -idir .D[24]
          -idir .D[25]
          -idir .D[26]
          -idir .D[27]
          -idir .D[28]
          -idir .D[29]
          -idir .D[30]
          -idir .D[31]
          -idir .D[32]
          -idir .D[33]
          -idir .D[34]
          -idir .D[35]
          -idir .D[36]
          -idir .D[37]
          -idir .D[38]
          -idir .D[39]
          -idir .D[40]
          -idir .D[41]
          -idir .D[42]
          -idir .D[43]
          -idir .D[44]
          -idir .D[45]
          -idir .D[46]
          -idir .D[47]
          -idir .D[48]
          -idir .D[49]
          -idir .D[50]
          -idir .D[51]
          -idir .D[52]
          -idir .D[53]
          -idir .D[54]
          -idir .D[55]
          -idir .D[56]
          -idir .D[57]






NVFORTRAN (Version     23.1)          02/24/2023  13:54:58      page 2

          -idir .D[58]
          -idir .D[59]
          -idir .D[60]
          -idir .D[61]
          -idir .D[62]
          -idir .D[63]
          -idir .D[64]
          -idir .D[65]
          -idir .D[66]
          -idir .D[67]
          -idir .D[68]
          -idir .D[69]
          -idir .D[70]
          -idir .D[71]
          -idir .D[72]
          -idir .D[73]
          -idir .D[74]
          -idir .D[75]
          -idir .D[76]
          -idir .D[77]
          -idir .D[78]
          -idir /opt/softs/nvidia/hpc_sdk/Linux_x86_64/23.1/comm_libs/openmpi/openmpi-3.1.5/include
          -idir /opt/softs/nvidia/hpc_sdk/Linux_x86_64/23.1/comm_libs/openmpi/openmpi-3.1.5/lib
          -inform severe -opt 0 -nosave -object -noonetrip
          -depchk on -nostandard     
          -symbol -noupcase    

Filename: modi_pgd_teb.F90

(    1) !depfile:pgd_teb.F90
(    2) MODULE MODI_PGD_TEB 
(    3) INTERFACE
(    4)       SUBROUTINE PGD_TEB (DTCO, UG, U, USS, TOP, BOP, TG, BDD, DTT, DTB, &
(    5)                           GDO, GDK, DTGD, GDIR, GRO, GRS, GRK, DTGR, HPROGRAM)
(    6) USE MODD_DATA_COVER_n, ONLY : DATA_COVER_t
(    7) USE MODD_SURF_ATM_GRID_n, ONLY : SURF_ATM_GRID_t
(    8) USE MODD_SURF_ATM_n, ONLY : SURF_ATM_t
(    9) USE MODD_SSO_n, ONLY : SSO_t
(   10) USE MODD_TEB_OPTION_n, ONLY : TEB_OPTIONS_t
(   11) USE MODD_BEM_OPTION_n, ONLY : BEM_OPTIONS_t
(   12) USE MODD_SFX_GRID_n, ONLY : GRID_t
(   13) USE MODD_BLD_DESCRIPTION_n, ONLY : BLD_DESC_t
(   14) USE MODD_DATA_TEB_n, ONLY : DATA_TEB_t
(   15) USE MODD_DATA_BEM_n, ONLY : DATA_BEM_t
(   16) USE MODD_ISBA_OPTIONS_n, ONLY : ISBA_OPTIONS_t
(   17) USE MODD_ISBA_n, ONLY : ISBA_S_t, ISBA_K_t
(   18) USE MODD_DATA_ISBA_n, ONLY : DATA_ISBA_t
(   19) USE MODD_TEB_IRRIG_n, ONLY : TEB_IRRIG_t
(   20) TYPE(DATA_COVER_t), INTENT(INOUT) :: DTCO
(   21) TYPE(SURF_ATM_GRID_t), INTENT(INOUT) :: UG
(   22) TYPE(SURF_ATM_t), INTENT(INOUT) :: U
(   23) TYPE(SSO_t), INTENT(INOUT) :: USS
(   24) TYPE(TEB_OPTIONS_t), INTENT(INOUT) :: TOP
(   25) TYPE(BEM_OPTIONS_t), INTENT(INOUT) :: BOP
(   26) TYPE(GRID_t), INTENT(INOUT) :: TG
(   27) TYPE(BLD_DESC_t), INTENT(INOUT) :: BDD
(   28) TYPE(DATA_TEB_t), INTENT(INOUT) :: DTT
(   29) TYPE(DATA_BEM_t), INTENT(INOUT) :: DTB
(   30) TYPE(ISBA_OPTIONS_t), INTENT(INOUT) :: GDO






NVFORTRAN (Version     23.1)          02/24/2023  13:54:58      page 3

(   31) TYPE(ISBA_K_t), INTENT(INOUT) :: GDK
(   32) TYPE(DATA_ISBA_t), INTENT(INOUT) :: DTGD
(   33) TYPE(TEB_IRRIG_t), INTENT(INOUT) :: GDIR
(   34) TYPE(ISBA_OPTIONS_t), INTENT(INOUT) :: GRO
(   35) TYPE(ISBA_S_t), INTENT(INOUT) :: GRS
(   36) TYPE(ISBA_K_t), INTENT(INOUT) :: GRK
(   37) TYPE(DATA_ISBA_t), INTENT(INOUT) :: DTGR
(   38)  CHARACTER(LEN=6), INTENT(IN)  :: HPROGRAM   ! Type of program
(   39) END SUBROUTINE PGD_TEB
(   40) 
(   41) END INTERFACE
(   42) END MODULE MODI_PGD_TEB 




















































NVFORTRAN (Version     23.1)          02/24/2023  13:54:58      page 4

(    1) # 1 "modi_pgd_teb.F90"
(    1) !depfile:pgd_teb.F90
(    2) MODULE MODI_PGD_TEB 
(    3) INTERFACE
(    4)       SUBROUTINE PGD_TEB (DTCO, UG, U, USS, TOP, BOP, TG, BDD, DTT, DTB, &
(    5)                           GDO, GDK, DTGD, GDIR, GRO, GRS, GRK, DTGR, HPROGRAM)
(    6) USE MODD_DATA_COVER_n, ONLY : DATA_COVER_t
(    7) USE MODD_SURF_ATM_GRID_n, ONLY : SURF_ATM_GRID_t
(    8) USE MODD_SURF_ATM_n, ONLY : SURF_ATM_t
(    9) USE MODD_SSO_n, ONLY : SSO_t
(   10) USE MODD_TEB_OPTION_n, ONLY : TEB_OPTIONS_t
(   11) USE MODD_BEM_OPTION_n, ONLY : BEM_OPTIONS_t
(   12) USE MODD_SFX_GRID_n, ONLY : GRID_t
(   13) USE MODD_BLD_DESCRIPTION_n, ONLY : BLD_DESC_t
(   14) USE MODD_DATA_TEB_n, ONLY : DATA_TEB_t
(   15) USE MODD_DATA_BEM_n, ONLY : DATA_BEM_t
(   16) USE MODD_ISBA_OPTIONS_n, ONLY : ISBA_OPTIONS_t
(   17) USE MODD_ISBA_n, ONLY : ISBA_S_t, ISBA_K_t
(   18) USE MODD_DATA_ISBA_n, ONLY : DATA_ISBA_t
(   19) USE MODD_TEB_IRRIG_n, ONLY : TEB_IRRIG_t
(   20) TYPE(DATA_COVER_t), INTENT(INOUT) :: DTCO
(   21) TYPE(SURF_ATM_GRID_t), INTENT(INOUT) :: UG
(   22) TYPE(SURF_ATM_t), INTENT(INOUT) :: U
(   23) TYPE(SSO_t), INTENT(INOUT) :: USS
(   24) TYPE(TEB_OPTIONS_t), INTENT(INOUT) :: TOP
(   25) TYPE(BEM_OPTIONS_t), INTENT(INOUT) :: BOP
(   26) TYPE(GRID_t), INTENT(INOUT) :: TG
(   27) TYPE(BLD_DESC_t), INTENT(INOUT) :: BDD
(   28) TYPE(DATA_TEB_t), INTENT(INOUT) :: DTT
(   29) TYPE(DATA_BEM_t), INTENT(INOUT) :: DTB
(   30) TYPE(ISBA_OPTIONS_t), INTENT(INOUT) :: GDO
(   31) TYPE(ISBA_K_t), INTENT(INOUT) :: GDK
(   32) TYPE(DATA_ISBA_t), INTENT(INOUT) :: DTGD
(   33) TYPE(TEB_IRRIG_t), INTENT(INOUT) :: GDIR
(   34) TYPE(ISBA_OPTIONS_t), INTENT(INOUT) :: GRO
(   35) TYPE(ISBA_S_t), INTENT(INOUT) :: GRS
(   36) TYPE(ISBA_K_t), INTENT(INOUT) :: GRK
(   37) TYPE(DATA_ISBA_t), INTENT(INOUT) :: DTGR
(   38)  CHARACTER(LEN=6), INTENT(IN)  :: HPROGRAM   ! Type of program
(   39) END SUBROUTINE PGD_TEB
(   40) # 41 "modi_pgd_teb.F90"
(   41) END INTERFACE
(   42) END MODULE MODI_PGD_TEB 
