


NVFORTRAN (Version     23.1)          02/24/2023  13:52:32      page 1

Switches: -noasm -nodclchk -debug -nodlines -line -list
          -idir .D[1]
          -idir .D[2]
          -idir .D[3]
          -idir .D[4]
          -idir .D[5]
          -idir .D[6]
          -idir .D[7]
          -idir .D[8]
          -idir .D[9]
          -idir .D[10]
          -idir .D[11]
          -idir .D[12]
          -idir .D[13]
          -idir .D[14]
          -idir .D[15]
          -idir .D[16]
          -idir .D[17]
          -idir .D[18]
          -idir .D[19]
          -idir .D[20]
          -idir .D[21]
          -idir .D[22]
          -idir .D[23]
          -idir .D[24]
          -idir .D[25]
          -idir .D[26]
          -idir .D[27]
          -idir .D[28]
          -idir .D[29]
          -idir .D[30]
          -idir .D[31]
          -idir .D[32]
          -idir .D[33]
          -idir .D[34]
          -idir .D[35]
          -idir .D[36]
          -idir .D[37]
          -idir .D[38]
          -idir .D[39]
          -idir .D[40]
          -idir .D[41]
          -idir .D[42]
          -idir .D[43]
          -idir .D[44]
          -idir .D[45]
          -idir .D[46]
          -idir .D[47]
          -idir .D[48]
          -idir .D[49]
          -idir .D[50]
          -idir .D[51]
          -idir .D[52]
          -idir .D[53]
          -idir .D[54]
          -idir .D[55]
          -idir .D[56]
          -idir .D[57]






NVFORTRAN (Version     23.1)          02/24/2023  13:52:32      page 2

          -idir .D[58]
          -idir .D[59]
          -idir .D[60]
          -idir .D[61]
          -idir .D[62]
          -idir .D[63]
          -idir .D[64]
          -idir .D[65]
          -idir .D[66]
          -idir .D[67]
          -idir .D[68]
          -idir .D[69]
          -idir .D[70]
          -idir .D[71]
          -idir .D[72]
          -idir .D[73]
          -idir .D[74]
          -idir .D[75]
          -idir .D[76]
          -idir .D[77]
          -idir .D[78]
          -idir /opt/softs/nvidia/hpc_sdk/Linux_x86_64/23.1/comm_libs/openmpi/openmpi-3.1.5/include
          -idir /opt/softs/nvidia/hpc_sdk/Linux_x86_64/23.1/comm_libs/openmpi/openmpi-3.1.5/lib
          -inform severe -opt 0 -nosave -object -noonetrip
          -depchk on -nostandard     
          -symbol -noupcase    

Filename: modi_trip_diag.F90

(    1) !depfile:trip_diag.F90
(    2) MODULE MODI_TRIP_DIAG
(    3) INTERFACE
(    4) SUBROUTINE TRIP_DIAG(TPDG, TP, TPG, &
(    5)                      PTSTEP,PSOUT,PSIN,PVEL,PHS,PGOUT,PGNEG,    &
(    6)                      PWTD,PFWTD,PQGCELL,PHGHS,                  &
(    7)                      PQFR,PQRF,PVFIN,PVFOUT,PHSF,PSRC_FLOOD,    &
(    8)                      PDRAIN,PRUNOFF,PDISCHARGE                  )  
(    9) USE MODD_TRIP_DIAG, ONLY : TRIP_DIAG_t
(   10) USE MODD_TRIP, ONLY : TRIP_t
(   11) USE MODD_TRIP_GRID, ONLY : TRIP_GRID_t
(   12) TYPE(TRIP_DIAG_t), INTENT(INOUT) :: TPDG
(   13) TYPE(TRIP_t), INTENT(INOUT) :: TP
(   14) TYPE(TRIP_GRID_t), INTENT(INOUT) :: TPG
(   15) REAL,                 INTENT(IN)  :: PTSTEP     !Time step                     [s]
(   16) REAL, DIMENSION(:,:), INTENT(IN)  :: PSOUT      !streamflow                    [kg/s]
(   17) REAL, DIMENSION(:,:), INTENT(IN)  :: PSIN       !grid-cell input streamflow    [kg/s]
(   18) REAL, DIMENSION(:,:), INTENT(IN)  :: PVEL       !river velocity                [m/s]
(   19) REAL, DIMENSION(:,:), INTENT(IN)  :: PHS        !River heigh                   [m]
(   20) REAL, DIMENSION(:,:), INTENT(IN)  :: PGOUT      !Groundwater outflow           [kg/s]
(   21) REAL, DIMENSION(:,:), INTENT(IN)  :: PGNEG      !Groundwater intflow (neg)     [kg/s]
(   22) REAL, DIMENSION(:,:), INTENT(IN)  :: PWTD       !Water table depth for coupling[m]
(   23) REAL, DIMENSION(:,:), INTENT(IN)  :: PFWTD      !Fraction of water table to rise
(   24) REAL, DIMENSION(:,:), INTENT(IN)  :: PQGCELL    !lateral groundwater exchanges [kg/s]
(   25) REAL, DIMENSION(:,:), INTENT(IN)  :: PHGHS      !groundwater minus river heigh [m]
(   26) REAL, DIMENSION(:,:), INTENT(IN)  :: PQFR       !floodplains to river exchange [kg/s]
(   27) REAL, DIMENSION(:,:), INTENT(IN)  :: PQRF       !river to floodplains exchange [kg/s]
(   28) REAL, DIMENSION(:,:), INTENT(IN)  :: PVFIN      !QRF velocity                  [m/s]
(   29) REAL, DIMENSION(:,:), INTENT(IN)  :: PVFOUT     !QFR velocity                  [m/s]
(   30) REAL, DIMENSION(:,:), INTENT(IN)  :: PHSF       !river minus flodd heigh       [m]






NVFORTRAN (Version     23.1)          02/24/2023  13:52:32      page 3

(   31) REAL, DIMENSION(:,:), INTENT(IN)  :: PSRC_FLOOD !P-E-I flood source term       [kg/s]
(   32) REAL, DIMENSION(:,:), INTENT(IN)  :: PDRAIN     !Input drainage or recharge    [kg/s]
(   33) REAL, DIMENSION(:,:), INTENT(IN)  :: PRUNOFF    !Input surface runoff          [kg/s]
(   34) REAL, DIMENSION(:,:), INTENT(OUT) :: PDISCHARGE !Cumulated river discharges    [kg]
(   35) END SUBROUTINE TRIP_DIAG
(   36) 
(   37) END INTERFACE
(   38) END MODULE MODI_TRIP_DIAG
























































NVFORTRAN (Version     23.1)          02/24/2023  13:52:32      page 4

(    1) # 1 "modi_trip_diag.F90"
(    1) !depfile:trip_diag.F90
(    2) MODULE MODI_TRIP_DIAG
(    3) INTERFACE
(    4) SUBROUTINE TRIP_DIAG(TPDG, TP, TPG, &
(    5)                      PTSTEP,PSOUT,PSIN,PVEL,PHS,PGOUT,PGNEG,    &
(    6)                      PWTD,PFWTD,PQGCELL,PHGHS,                  &
(    7)                      PQFR,PQRF,PVFIN,PVFOUT,PHSF,PSRC_FLOOD,    &
(    8)                      PDRAIN,PRUNOFF,PDISCHARGE                  )  
(    9) USE MODD_TRIP_DIAG, ONLY : TRIP_DIAG_t
(   10) USE MODD_TRIP, ONLY : TRIP_t
(   11) USE MODD_TRIP_GRID, ONLY : TRIP_GRID_t
(   12) TYPE(TRIP_DIAG_t), INTENT(INOUT) :: TPDG
(   13) TYPE(TRIP_t), INTENT(INOUT) :: TP
(   14) TYPE(TRIP_GRID_t), INTENT(INOUT) :: TPG
(   15) REAL,                 INTENT(IN)  :: PTSTEP     !Time step                     [s]
(   16) REAL, DIMENSION(:,:), INTENT(IN)  :: PSOUT      !streamflow                    [kg/s]
(   17) REAL, DIMENSION(:,:), INTENT(IN)  :: PSIN       !grid-cell input streamflow    [kg/s]
(   18) REAL, DIMENSION(:,:), INTENT(IN)  :: PVEL       !river velocity                [m/s]
(   19) REAL, DIMENSION(:,:), INTENT(IN)  :: PHS        !River heigh                   [m]
(   20) REAL, DIMENSION(:,:), INTENT(IN)  :: PGOUT      !Groundwater outflow           [kg/s]
(   21) REAL, DIMENSION(:,:), INTENT(IN)  :: PGNEG      !Groundwater intflow (neg)     [kg/s]
(   22) REAL, DIMENSION(:,:), INTENT(IN)  :: PWTD       !Water table depth for coupling[m]
(   23) REAL, DIMENSION(:,:), INTENT(IN)  :: PFWTD      !Fraction of water table to rise
(   24) REAL, DIMENSION(:,:), INTENT(IN)  :: PQGCELL    !lateral groundwater exchanges [kg/s]
(   25) REAL, DIMENSION(:,:), INTENT(IN)  :: PHGHS      !groundwater minus river heigh [m]
(   26) REAL, DIMENSION(:,:), INTENT(IN)  :: PQFR       !floodplains to river exchange [kg/s]
(   27) REAL, DIMENSION(:,:), INTENT(IN)  :: PQRF       !river to floodplains exchange [kg/s]
(   28) REAL, DIMENSION(:,:), INTENT(IN)  :: PVFIN      !QRF velocity                  [m/s]
(   29) REAL, DIMENSION(:,:), INTENT(IN)  :: PVFOUT     !QFR velocity                  [m/s]
(   30) REAL, DIMENSION(:,:), INTENT(IN)  :: PHSF       !river minus flodd heigh       [m]
(   31) REAL, DIMENSION(:,:), INTENT(IN)  :: PSRC_FLOOD !P-E-I flood source term       [kg/s]
(   32) REAL, DIMENSION(:,:), INTENT(IN)  :: PDRAIN     !Input drainage or recharge    [kg/s]
(   33) REAL, DIMENSION(:,:), INTENT(IN)  :: PRUNOFF    !Input surface runoff          [kg/s]
(   34) REAL, DIMENSION(:,:), INTENT(OUT) :: PDISCHARGE !Cumulated river discharges    [kg]
(   35) END SUBROUTINE TRIP_DIAG
(   36) # 37 "modi_trip_diag.F90"
(   37) END INTERFACE
(   38) END MODULE MODI_TRIP_DIAG
