


NVFORTRAN (Version     23.1)          02/24/2023  13:52:07      page 1

Switches: -noasm -nodclchk -debug -nodlines -line -list
          -idir .D[1]
          -idir .D[2]
          -idir .D[3]
          -idir .D[4]
          -idir .D[5]
          -idir .D[6]
          -idir .D[7]
          -idir .D[8]
          -idir .D[9]
          -idir .D[10]
          -idir .D[11]
          -idir .D[12]
          -idir .D[13]
          -idir .D[14]
          -idir .D[15]
          -idir .D[16]
          -idir .D[17]
          -idir .D[18]
          -idir .D[19]
          -idir .D[20]
          -idir .D[21]
          -idir .D[22]
          -idir .D[23]
          -idir .D[24]
          -idir .D[25]
          -idir .D[26]
          -idir .D[27]
          -idir .D[28]
          -idir .D[29]
          -idir .D[30]
          -idir .D[31]
          -idir .D[32]
          -idir .D[33]
          -idir .D[34]
          -idir .D[35]
          -idir .D[36]
          -idir .D[37]
          -idir .D[38]
          -idir .D[39]
          -idir .D[40]
          -idir .D[41]
          -idir .D[42]
          -idir .D[43]
          -idir .D[44]
          -idir .D[45]
          -idir .D[46]
          -idir .D[47]
          -idir .D[48]
          -idir .D[49]
          -idir .D[50]
          -idir .D[51]
          -idir .D[52]
          -idir .D[53]
          -idir .D[54]
          -idir .D[55]
          -idir .D[56]
          -idir .D[57]






NVFORTRAN (Version     23.1)          02/24/2023  13:52:07      page 2

          -idir .D[58]
          -idir .D[59]
          -idir .D[60]
          -idir .D[61]
          -idir .D[62]
          -idir .D[63]
          -idir .D[64]
          -idir .D[65]
          -idir .D[66]
          -idir .D[67]
          -idir .D[68]
          -idir .D[69]
          -idir .D[70]
          -idir .D[71]
          -idir .D[72]
          -idir .D[73]
          -idir .D[74]
          -idir .D[75]
          -idir .D[76]
          -idir .D[77]
          -idir .D[78]
          -idir /opt/softs/nvidia/hpc_sdk/Linux_x86_64/23.1/comm_libs/openmpi/openmpi-3.1.5/include
          -idir /opt/softs/nvidia/hpc_sdk/Linux_x86_64/23.1/comm_libs/openmpi/openmpi-3.1.5/lib
          -inform severe -opt 0 -nosave -object -noonetrip
          -depchk on -nostandard     
          -symbol -noupcase    

Filename: modi_e_budget.F90

(    1) !depfile:e_budget.F90
(    2) MODULE MODI_E_BUDGET
(    3) INTERFACE
(    4)       SUBROUTINE E_BUDGET(IO, KK, PK, PEK, DK, DMK, HIMPLICIT_WIND,  &
(    5)                           PTSTEP, PUREF, PPEW_A_COEF, PPEW_B_COEF, PPET_A_COEF, &
(    6)                           PPEQ_A_COEF, PPET_B_COEF, PPEQ_B_COEF, PVMOD, PTSM, PT2M, &
(    7)                           PSW_RAD, PLW_RAD, PTA, PQA, PPS, PRHOA, PEXNS, PEXNA, &
(    8)                           PHUI, PLEG_DELTA, PLEGI_DELTA, PGRNDFLUX, PFLUX_COR, &
(    9)                           PSOILCONDZ, PSOILHCAPZ, PALBT, PEMIST, PQSAT, PDQSAT, &
(   10)                           PFROZEN1, PTDEEP_A,PTA_IC, PQA_IC, PUSTAR2_IC, PDEEP_FLUX, &
(   11)                             PRESTORE                                             )  
(   12) USE MODD_ISBA_OPTIONS_n, ONLY : ISBA_OPTIONS_t
(   13) USE MODD_ISBA_n, ONLY : ISBA_K_t, ISBA_P_t, ISBA_PE_t
(   14) USE MODD_DIAG_n, ONLY : DIAG_t
(   15) USE MODD_DIAG_MISC_ISBA_n, ONLY : DIAG_MISC_ISBA_t
(   16) TYPE(ISBA_OPTIONS_t), INTENT(INOUT) :: IO
(   17) TYPE(ISBA_K_t), INTENT(INOUT) :: KK
(   18) TYPE(ISBA_P_t), INTENT(INOUT) :: PK
(   19) TYPE(ISBA_PE_t), INTENT(INOUT) :: PEK
(   20) TYPE(DIAG_t), INTENT(INOUT) :: DK
(   21) TYPE(DIAG_MISC_ISBA_t), INTENT(INOUT) :: DMK
(   22)  CHARACTER(LEN=*),     INTENT(IN)  :: HIMPLICIT_WIND   ! wind implicitation option
(   23) REAL, INTENT(IN)                 :: PTSTEP
(   24) REAL, DIMENSION(:), INTENT(IN)   :: PUREF       ! reference height of the wind
(   25) REAL, DIMENSION(:), INTENT (IN)  :: PSW_RAD, PLW_RAD, PPS, PRHOA, PTA, PQA, PVMOD
(   26) REAL, DIMENSION(:), INTENT(IN)  :: PPEW_A_COEF, PPEW_B_COEF,                   &
(   27)                                      PPET_A_COEF, PPEQ_A_COEF, PPET_B_COEF,      &
(   28)                                      PPEQ_B_COEF  
(   29) REAL, DIMENSION(:), INTENT(IN)   :: PEXNS, PEXNA
(   30) REAL, DIMENSION(:), INTENT(IN)   :: PHUI






NVFORTRAN (Version     23.1)          02/24/2023  13:52:07      page 3

(   31) REAL, DIMENSION(:), INTENT(IN)     :: PFROZEN1
(   32) REAL, DIMENSION(:), INTENT(IN)     :: PTDEEP_A
(   33) REAL, DIMENSION(:), INTENT(IN)      :: PGRNDFLUX 
(   34) REAL, DIMENSION(:,:), INTENT(IN)    :: PFLUX_COR
(   35) REAL, DIMENSION(:,:), INTENT(IN)    :: PSOILCONDZ, PSOILHCAPZ
(   36) REAL, DIMENSION(:), INTENT(INOUT)   :: PLEG_DELTA, PLEGI_DELTA
(   37) REAL, DIMENSION(:), INTENT (OUT)   :: PQA_IC, PTA_IC, PUSTAR2_IC
(   38) REAL, DIMENSION(:), INTENT (IN)     :: PTSM, PT2M
(   39) REAL, DIMENSION(:), INTENT(OUT)  :: PALBT, PEMIST, PDQSAT
(   40) REAL, DIMENSION(:), INTENT(IN)   :: PQSAT
(   41) REAL, DIMENSION(:), INTENT(OUT)    :: PDEEP_FLUX ! Heat flux at bottom of ISBA (W/m2)
(   42) REAL, DIMENSION(:), INTENT(OUT)    :: PRESTORE
(   43) END SUBROUTINE E_BUDGET
(   44) 
(   45) END INTERFACE
(   46) END MODULE MODI_E_BUDGET
















































NVFORTRAN (Version     23.1)          02/24/2023  13:52:07      page 4

(    1) # 1 "modi_e_budget.F90"
(    1) !depfile:e_budget.F90
(    2) MODULE MODI_E_BUDGET
(    3) INTERFACE
(    4)       SUBROUTINE E_BUDGET(IO, KK, PK, PEK, DK, DMK, HIMPLICIT_WIND,  &
(    5)                           PTSTEP, PUREF, PPEW_A_COEF, PPEW_B_COEF, PPET_A_COEF, &
(    6)                           PPEQ_A_COEF, PPET_B_COEF, PPEQ_B_COEF, PVMOD, PTSM, PT2M, &
(    7)                           PSW_RAD, PLW_RAD, PTA, PQA, PPS, PRHOA, PEXNS, PEXNA, &
(    8)                           PHUI, PLEG_DELTA, PLEGI_DELTA, PGRNDFLUX, PFLUX_COR, &
(    9)                           PSOILCONDZ, PSOILHCAPZ, PALBT, PEMIST, PQSAT, PDQSAT, &
(   10)                           PFROZEN1, PTDEEP_A,PTA_IC, PQA_IC, PUSTAR2_IC, PDEEP_FLUX, &
(   11)                             PRESTORE                                             )  
(   12) USE MODD_ISBA_OPTIONS_n, ONLY : ISBA_OPTIONS_t
(   13) USE MODD_ISBA_n, ONLY : ISBA_K_t, ISBA_P_t, ISBA_PE_t
(   14) USE MODD_DIAG_n, ONLY : DIAG_t
(   15) USE MODD_DIAG_MISC_ISBA_n, ONLY : DIAG_MISC_ISBA_t
(   16) TYPE(ISBA_OPTIONS_t), INTENT(INOUT) :: IO
(   17) TYPE(ISBA_K_t), INTENT(INOUT) :: KK
(   18) TYPE(ISBA_P_t), INTENT(INOUT) :: PK
(   19) TYPE(ISBA_PE_t), INTENT(INOUT) :: PEK
(   20) TYPE(DIAG_t), INTENT(INOUT) :: DK
(   21) TYPE(DIAG_MISC_ISBA_t), INTENT(INOUT) :: DMK
(   22)  CHARACTER(LEN=*),     INTENT(IN)  :: HIMPLICIT_WIND   ! wind implicitation option
(   23) REAL, INTENT(IN)                 :: PTSTEP
(   24) REAL, DIMENSION(:), INTENT(IN)   :: PUREF       ! reference height of the wind
(   25) REAL, DIMENSION(:), INTENT (IN)  :: PSW_RAD, PLW_RAD, PPS, PRHOA, PTA, PQA, PVMOD
(   26) REAL, DIMENSION(:), INTENT(IN)  :: PPEW_A_COEF, PPEW_B_COEF,                   &
(   27)                                      PPET_A_COEF, PPEQ_A_COEF, PPET_B_COEF,      &
(   28)                                      PPEQ_B_COEF  
(   29) REAL, DIMENSION(:), INTENT(IN)   :: PEXNS, PEXNA
(   30) REAL, DIMENSION(:), INTENT(IN)   :: PHUI
(   31) REAL, DIMENSION(:), INTENT(IN)     :: PFROZEN1
(   32) REAL, DIMENSION(:), INTENT(IN)     :: PTDEEP_A
(   33) REAL, DIMENSION(:), INTENT(IN)      :: PGRNDFLUX 
(   34) REAL, DIMENSION(:,:), INTENT(IN)    :: PFLUX_COR
(   35) REAL, DIMENSION(:,:), INTENT(IN)    :: PSOILCONDZ, PSOILHCAPZ
(   36) REAL, DIMENSION(:), INTENT(INOUT)   :: PLEG_DELTA, PLEGI_DELTA
(   37) REAL, DIMENSION(:), INTENT (OUT)   :: PQA_IC, PTA_IC, PUSTAR2_IC
(   38) REAL, DIMENSION(:), INTENT (IN)     :: PTSM, PT2M
(   39) REAL, DIMENSION(:), INTENT(OUT)  :: PALBT, PEMIST, PDQSAT
(   40) REAL, DIMENSION(:), INTENT(IN)   :: PQSAT
(   41) REAL, DIMENSION(:), INTENT(OUT)    :: PDEEP_FLUX ! Heat flux at bottom of ISBA (W/m2)
(   42) REAL, DIMENSION(:), INTENT(OUT)    :: PRESTORE
(   43) END SUBROUTINE E_BUDGET
(   44) # 45 "modi_e_budget.F90"
(   45) END INTERFACE
(   46) END MODULE MODI_E_BUDGET
