


NVFORTRAN (Version     23.1)          02/24/2023  13:31:40      page 1

Switches: -noasm -nodclchk -debug -nodlines -line -list
          -idir .D[1]
          -idir .D[2]
          -idir .D[3]
          -idir .D[4]
          -idir .D[5]
          -idir .D[6]
          -idir .D[7]
          -idir .D[8]
          -idir .D[9]
          -idir .D[10]
          -idir .D[11]
          -idir .D[12]
          -idir .D[13]
          -idir .D[14]
          -idir .D[15]
          -idir .D[16]
          -idir .D[17]
          -idir .D[18]
          -idir .D[19]
          -idir .D[20]
          -idir .D[21]
          -idir .D[22]
          -idir .D[23]
          -idir .D[24]
          -idir .D[25]
          -idir .D[26]
          -idir .D[27]
          -idir .D[28]
          -idir .D[29]
          -idir .D[30]
          -idir .D[31]
          -idir .D[32]
          -idir .D[33]
          -idir .D[34]
          -idir .D[35]
          -idir .D[36]
          -idir .D[37]
          -idir .D[38]
          -idir .D[39]
          -idir .D[40]
          -idir .D[41]
          -idir .D[42]
          -idir .D[43]
          -idir .D[44]
          -idir .D[45]
          -idir .D[46]
          -idir .D[47]
          -idir .D[48]
          -idir .D[49]
          -idir .D[50]
          -idir .D[51]
          -idir .D[52]
          -idir .D[53]
          -idir .D[54]
          -idir .D[55]
          -idir .D[56]
          -idir .D[57]






NVFORTRAN (Version     23.1)          02/24/2023  13:31:40      page 2

          -idir .D[58]
          -idir .D[59]
          -idir .D[60]
          -idir .D[61]
          -idir .D[62]
          -idir .D[63]
          -idir .D[64]
          -idir .D[65]
          -idir .D[66]
          -idir .D[67]
          -idir .D[68]
          -idir .D[69]
          -idir .D[70]
          -idir .D[71]
          -idir .D[72]
          -idir .D[73]
          -idir .D[74]
          -idir .D[75]
          -idir .D[76]
          -idir .D[77]
          -idir .D[78]
          -idir /opt/softs/nvidia/hpc_sdk/Linux_x86_64/23.1/comm_libs/openmpi/openmpi-3.1.5/include
          -idir /opt/softs/nvidia/hpc_sdk/Linux_x86_64/23.1/comm_libs/openmpi/openmpi-3.1.5/lib
          -inform severe -opt 0 -nosave -object -noonetrip
          -depchk on -nostandard     
          -symbol -noupcase    

Filename: modi_diag_surf_budget_ideal.F90

(    1) !depfile:diag_surf_budget_ideal.F90
(    2) MODULE MODI_DIAG_SURF_BUDGET_IDEAL 
(    3) INTERFACE
(    4)        SUBROUTINE DIAG_SURF_BUDGET_IDEAL (PRHOA, PSFTH,                          &
(    5)                                            PDIR_SW, PSCA_SW, PLW,                &
(    6)                                            PDIR_ALB, PSCA_ALB, PLWUP,            &
(    7)                                            PSFZON, PSFMER, PLE,                  &
(    8)                                            PRN, PH, PGFLUX,                      &
(    9)                                            PSWD, PSWU, PSWBD, PSWBU, PLWD, PLWU, &
(   10)                                            PFMU, PFMV                            )  
(   11) REAL, DIMENSION(:), INTENT(IN) :: PRHOA     ! air density
(   12) REAL, DIMENSION(:), INTENT(IN) :: PSFTH     ! heat flux
(   13) REAL, DIMENSION(:,:),INTENT(IN):: PDIR_SW   ! direct  solar radiation (on horizontal surf.)
(   14) REAL, DIMENSION(:,:),INTENT(IN):: PSCA_SW   ! diffuse solar radiation (on horizontal surf.)
(   15) REAL, DIMENSION(:), INTENT(IN) :: PLW       ! longwave radiation (on horizontal surf.)
(   16) REAL, DIMENSION(:), INTENT(IN) :: PLWUP     ! upward longwave radiation             (W/m2)
(   17) REAL, DIMENSION(:,:),INTENT(IN):: PDIR_ALB  ! direct albedo for each spectral band  (-)
(   18) REAL, DIMENSION(:,:),INTENT(IN):: PSCA_ALB  ! diffuse albedo for each spectral band (-)
(   19) REAL, DIMENSION(:), INTENT(IN) :: PSFZON    ! zonal friction
(   20) REAL, DIMENSION(:), INTENT(IN) :: PSFMER    ! meridional friction
(   21) REAL, DIMENSION(:), INTENT(IN) :: PLE       ! total latent heat flux                (W/m2)
(   22) REAL, DIMENSION(:), INTENT(OUT):: PRN       ! net radiation                         (W/m2)
(   23) REAL, DIMENSION(:), INTENT(OUT):: PH        ! sensible heat flux                    (W/m2)
(   24) REAL, DIMENSION(:), INTENT(OUT):: PGFLUX    ! storage flux                          (W/m2)
(   25) REAL, DIMENSION(:,:), INTENT(OUT):: PSWBD  ! incoming short wave radiation by spectral band (W/m2)
(   26) REAL, DIMENSION(:,:), INTENT(OUT):: PSWBU  ! upward  short wave radiation by spectral band (W/m2)
(   27) REAL, DIMENSION(:), INTENT(OUT):: PSWD     ! total incoming short wave radiation (W/m2)
(   28) REAL, DIMENSION(:), INTENT(OUT):: PSWU     ! total upward short wave radiation (W/m2)
(   29) REAL, DIMENSION(:), INTENT(OUT):: PLWD     ! Downward long wave radiation (W/m2)
(   30) REAL, DIMENSION(:), INTENT(OUT):: PLWU     ! upward long wave radiation (W/m2)  






NVFORTRAN (Version     23.1)          02/24/2023  13:31:40      page 3

(   31) REAL, DIMENSION(:), INTENT(OUT):: PFMU     ! zonal friction
(   32) REAL, DIMENSION(:), INTENT(OUT):: PFMV     ! meridional friction
(   33) END SUBROUTINE DIAG_SURF_BUDGET_IDEAL
(   34) 
(   35) END INTERFACE
(   36) END MODULE MODI_DIAG_SURF_BUDGET_IDEAL 


























































NVFORTRAN (Version     23.1)          02/24/2023  13:31:40      page 4

(    1) # 1 "modi_diag_surf_budget_ideal.F90"
(    1) !depfile:diag_surf_budget_ideal.F90
(    2) MODULE MODI_DIAG_SURF_BUDGET_IDEAL 
(    3) INTERFACE
(    4)        SUBROUTINE DIAG_SURF_BUDGET_IDEAL (PRHOA, PSFTH,                          &
(    5)                                            PDIR_SW, PSCA_SW, PLW,                &
(    6)                                            PDIR_ALB, PSCA_ALB, PLWUP,            &
(    7)                                            PSFZON, PSFMER, PLE,                  &
(    8)                                            PRN, PH, PGFLUX,                      &
(    9)                                            PSWD, PSWU, PSWBD, PSWBU, PLWD, PLWU, &
(   10)                                            PFMU, PFMV                            )  
(   11) REAL, DIMENSION(:), INTENT(IN) :: PRHOA     ! air density
(   12) REAL, DIMENSION(:), INTENT(IN) :: PSFTH     ! heat flux
(   13) REAL, DIMENSION(:,:),INTENT(IN):: PDIR_SW   ! direct  solar radiation (on horizontal surf.)
(   14) REAL, DIMENSION(:,:),INTENT(IN):: PSCA_SW   ! diffuse solar radiation (on horizontal surf.)
(   15) REAL, DIMENSION(:), INTENT(IN) :: PLW       ! longwave radiation (on horizontal surf.)
(   16) REAL, DIMENSION(:), INTENT(IN) :: PLWUP     ! upward longwave radiation             (W/m2)
(   17) REAL, DIMENSION(:,:),INTENT(IN):: PDIR_ALB  ! direct albedo for each spectral band  (-)
(   18) REAL, DIMENSION(:,:),INTENT(IN):: PSCA_ALB  ! diffuse albedo for each spectral band (-)
(   19) REAL, DIMENSION(:), INTENT(IN) :: PSFZON    ! zonal friction
(   20) REAL, DIMENSION(:), INTENT(IN) :: PSFMER    ! meridional friction
(   21) REAL, DIMENSION(:), INTENT(IN) :: PLE       ! total latent heat flux                (W/m2)
(   22) REAL, DIMENSION(:), INTENT(OUT):: PRN       ! net radiation                         (W/m2)
(   23) REAL, DIMENSION(:), INTENT(OUT):: PH        ! sensible heat flux                    (W/m2)
(   24) REAL, DIMENSION(:), INTENT(OUT):: PGFLUX    ! storage flux                          (W/m2)
(   25) REAL, DIMENSION(:,:), INTENT(OUT):: PSWBD  ! incoming short wave radiation by spectral band (W/m2)
(   26) REAL, DIMENSION(:,:), INTENT(OUT):: PSWBU  ! upward  short wave radiation by spectral band (W/m2)
(   27) REAL, DIMENSION(:), INTENT(OUT):: PSWD     ! total incoming short wave radiation (W/m2)
(   28) REAL, DIMENSION(:), INTENT(OUT):: PSWU     ! total upward short wave radiation (W/m2)
(   29) REAL, DIMENSION(:), INTENT(OUT):: PLWD     ! Downward long wave radiation (W/m2)
(   30) REAL, DIMENSION(:), INTENT(OUT):: PLWU     ! upward long wave radiation (W/m2)  
(   31) REAL, DIMENSION(:), INTENT(OUT):: PFMU     ! zonal friction
(   32) REAL, DIMENSION(:), INTENT(OUT):: PFMV     ! meridional friction
(   33) END SUBROUTINE DIAG_SURF_BUDGET_IDEAL
(   34) # 35 "modi_diag_surf_budget_ideal.F90"
(   35) END INTERFACE
(   36) END MODULE MODI_DIAG_SURF_BUDGET_IDEAL 
