


NVFORTRAN (Version     23.1)          02/24/2023  13:32:06      page 1

Switches: -noasm -nodclchk -debug -nodlines -line -list
          -idir .D[1]
          -idir .D[2]
          -idir .D[3]
          -idir .D[4]
          -idir .D[5]
          -idir .D[6]
          -idir .D[7]
          -idir .D[8]
          -idir .D[9]
          -idir .D[10]
          -idir .D[11]
          -idir .D[12]
          -idir .D[13]
          -idir .D[14]
          -idir .D[15]
          -idir .D[16]
          -idir .D[17]
          -idir .D[18]
          -idir .D[19]
          -idir .D[20]
          -idir .D[21]
          -idir .D[22]
          -idir .D[23]
          -idir .D[24]
          -idir .D[25]
          -idir .D[26]
          -idir .D[27]
          -idir .D[28]
          -idir .D[29]
          -idir .D[30]
          -idir .D[31]
          -idir .D[32]
          -idir .D[33]
          -idir .D[34]
          -idir .D[35]
          -idir .D[36]
          -idir .D[37]
          -idir .D[38]
          -idir .D[39]
          -idir .D[40]
          -idir .D[41]
          -idir .D[42]
          -idir .D[43]
          -idir .D[44]
          -idir .D[45]
          -idir .D[46]
          -idir .D[47]
          -idir .D[48]
          -idir .D[49]
          -idir .D[50]
          -idir .D[51]
          -idir .D[52]
          -idir .D[53]
          -idir .D[54]
          -idir .D[55]
          -idir .D[56]
          -idir .D[57]






NVFORTRAN (Version     23.1)          02/24/2023  13:32:06      page 2

          -idir .D[58]
          -idir .D[59]
          -idir .D[60]
          -idir .D[61]
          -idir .D[62]
          -idir .D[63]
          -idir .D[64]
          -idir .D[65]
          -idir .D[66]
          -idir .D[67]
          -idir .D[68]
          -idir .D[69]
          -idir .D[70]
          -idir .D[71]
          -idir .D[72]
          -idir .D[73]
          -idir .D[74]
          -idir .D[75]
          -idir .D[76]
          -idir .D[77]
          -idir .D[78]
          -idir /opt/softs/nvidia/hpc_sdk/Linux_x86_64/23.1/comm_libs/openmpi/openmpi-3.1.5/include
          -idir /opt/softs/nvidia/hpc_sdk/Linux_x86_64/23.1/comm_libs/openmpi/openmpi-3.1.5/lib
          -inform severe -opt 0 -nosave -object -noonetrip
          -depchk on -nostandard     
          -symbol -noupcase    

Filename: modi_read_nam_pgd_teb_greenroof.F90

(    1) !depfile:read_nam_pgd_teb_greenroof.F90
(    2) MODULE MODI_READ_NAM_PGD_TEB_GREENROOF
(    3) INTERFACE
(    4)       SUBROUTINE READ_NAM_PGD_TEB_GREENROOF(HPROGRAM, KTIME_GR,KLAYER_GR,HTYP_GR,                   &
(    5)                                             PUNIF_OM_GR, PUNIF_CLAY_GR, PUNIF_SAND_GR, PUNIF_LAI_GR,&
(    6)                                             HFNAM_OM_GR, HFNAM_CLAY_GR, HFNAM_SAND_GR, HFNAM_LAI_GR,&
(    7)                                             HFTYP_OM_GR, HFTYP_CLAY_GR, HFTYP_SAND_GR, HFTYP_LAI_GR )
(    8)  CHARACTER(LEN=6),                INTENT(IN)    :: HPROGRAM     ! Type of program
(    9) INTEGER,                         INTENT(OUT)   :: KTIME_GR
(   10) INTEGER,                         INTENT(OUT)   :: KLAYER_GR
(   11)  CHARACTER(LEN=5),                INTENT(OUT)   :: HTYP_GR
(   12) REAL,DIMENSION(:),               INTENT(OUT)   :: PUNIF_OM_GR
(   13) REAL,DIMENSION(:),               INTENT(OUT)   :: PUNIF_CLAY_GR
(   14) REAL,DIMENSION(:),               INTENT(OUT)   :: PUNIF_SAND_GR
(   15) REAL,DIMENSION(:),               INTENT(OUT)   :: PUNIF_LAI_GR
(   16)  CHARACTER(LEN=28),DIMENSION(:),  INTENT(OUT)   :: HFNAM_OM_GR
(   17)  CHARACTER(LEN=28),DIMENSION(:),  INTENT(OUT)   :: HFNAM_CLAY_GR
(   18)  CHARACTER(LEN=28),DIMENSION(:),  INTENT(OUT)   :: HFNAM_SAND_GR
(   19)  CHARACTER(LEN=28),DIMENSION(:),  INTENT(OUT)   :: HFNAM_LAI_GR
(   20)  CHARACTER(LEN=6),DIMENSION(:),   INTENT(OUT)   :: HFTYP_OM_GR
(   21)  CHARACTER(LEN=6),DIMENSION(:),   INTENT(OUT)   :: HFTYP_CLAY_GR
(   22)  CHARACTER(LEN=6),DIMENSION(:),   INTENT(OUT)   :: HFTYP_SAND_GR
(   23)  CHARACTER(LEN=6),DIMENSION(:),   INTENT(OUT)   :: HFTYP_LAI_GR
(   24) END SUBROUTINE READ_NAM_PGD_TEB_GREENROOF
(   25) 
(   26) END INTERFACE
(   27) END MODULE MODI_READ_NAM_PGD_TEB_GREENROOF









NVFORTRAN (Version     23.1)          02/24/2023  13:32:06      page 3

(    1) # 1 "modi_read_nam_pgd_teb_greenroof.F90"
(    1) !depfile:read_nam_pgd_teb_greenroof.F90
(    2) MODULE MODI_READ_NAM_PGD_TEB_GREENROOF
(    3) INTERFACE
(    4)       SUBROUTINE READ_NAM_PGD_TEB_GREENROOF(HPROGRAM, KTIME_GR,KLAYER_GR,HTYP_GR,                   &
(    5)                                             PUNIF_OM_GR, PUNIF_CLAY_GR, PUNIF_SAND_GR, PUNIF_LAI_GR,&
(    6)                                             HFNAM_OM_GR, HFNAM_CLAY_GR, HFNAM_SAND_GR, HFNAM_LAI_GR,&
(    7)                                             HFTYP_OM_GR, HFTYP_CLAY_GR, HFTYP_SAND_GR, HFTYP_LAI_GR )
(    8)  CHARACTER(LEN=6),                INTENT(IN)    :: HPROGRAM     ! Type of program
(    9) INTEGER,                         INTENT(OUT)   :: KTIME_GR
(   10) INTEGER,                         INTENT(OUT)   :: KLAYER_GR
(   11)  CHARACTER(LEN=5),                INTENT(OUT)   :: HTYP_GR
(   12) REAL,DIMENSION(:),               INTENT(OUT)   :: PUNIF_OM_GR
(   13) REAL,DIMENSION(:),               INTENT(OUT)   :: PUNIF_CLAY_GR
(   14) REAL,DIMENSION(:),               INTENT(OUT)   :: PUNIF_SAND_GR
(   15) REAL,DIMENSION(:),               INTENT(OUT)   :: PUNIF_LAI_GR
(   16)  CHARACTER(LEN=28),DIMENSION(:),  INTENT(OUT)   :: HFNAM_OM_GR
(   17)  CHARACTER(LEN=28),DIMENSION(:),  INTENT(OUT)   :: HFNAM_CLAY_GR
(   18)  CHARACTER(LEN=28),DIMENSION(:),  INTENT(OUT)   :: HFNAM_SAND_GR
(   19)  CHARACTER(LEN=28),DIMENSION(:),  INTENT(OUT)   :: HFNAM_LAI_GR
(   20)  CHARACTER(LEN=6),DIMENSION(:),   INTENT(OUT)   :: HFTYP_OM_GR
(   21)  CHARACTER(LEN=6),DIMENSION(:),   INTENT(OUT)   :: HFTYP_CLAY_GR
(   22)  CHARACTER(LEN=6),DIMENSION(:),   INTENT(OUT)   :: HFTYP_SAND_GR
(   23)  CHARACTER(LEN=6),DIMENSION(:),   INTENT(OUT)   :: HFTYP_LAI_GR
(   24) END SUBROUTINE READ_NAM_PGD_TEB_GREENROOF
(   25) # 26 "modi_read_nam_pgd_teb_greenroof.F90"
(   26) END INTERFACE
(   27) END MODULE MODI_READ_NAM_PGD_TEB_GREENROOF
