


NVFORTRAN (Version     23.1)          02/24/2023  13:52:21      page 1

Switches: -noasm -nodclchk -debug -nodlines -line -list
          -idir .D[1]
          -idir .D[2]
          -idir .D[3]
          -idir .D[4]
          -idir .D[5]
          -idir .D[6]
          -idir .D[7]
          -idir .D[8]
          -idir .D[9]
          -idir .D[10]
          -idir .D[11]
          -idir .D[12]
          -idir .D[13]
          -idir .D[14]
          -idir .D[15]
          -idir .D[16]
          -idir .D[17]
          -idir .D[18]
          -idir .D[19]
          -idir .D[20]
          -idir .D[21]
          -idir .D[22]
          -idir .D[23]
          -idir .D[24]
          -idir .D[25]
          -idir .D[26]
          -idir .D[27]
          -idir .D[28]
          -idir .D[29]
          -idir .D[30]
          -idir .D[31]
          -idir .D[32]
          -idir .D[33]
          -idir .D[34]
          -idir .D[35]
          -idir .D[36]
          -idir .D[37]
          -idir .D[38]
          -idir .D[39]
          -idir .D[40]
          -idir .D[41]
          -idir .D[42]
          -idir .D[43]
          -idir .D[44]
          -idir .D[45]
          -idir .D[46]
          -idir .D[47]
          -idir .D[48]
          -idir .D[49]
          -idir .D[50]
          -idir .D[51]
          -idir .D[52]
          -idir .D[53]
          -idir .D[54]
          -idir .D[55]
          -idir .D[56]
          -idir .D[57]






NVFORTRAN (Version     23.1)          02/24/2023  13:52:21      page 2

          -idir .D[58]
          -idir .D[59]
          -idir .D[60]
          -idir .D[61]
          -idir .D[62]
          -idir .D[63]
          -idir .D[64]
          -idir .D[65]
          -idir .D[66]
          -idir .D[67]
          -idir .D[68]
          -idir .D[69]
          -idir .D[70]
          -idir .D[71]
          -idir .D[72]
          -idir .D[73]
          -idir .D[74]
          -idir .D[75]
          -idir .D[76]
          -idir .D[77]
          -idir .D[78]
          -idir /opt/softs/nvidia/hpc_sdk/Linux_x86_64/23.1/comm_libs/openmpi/openmpi-3.1.5/include
          -idir /opt/softs/nvidia/hpc_sdk/Linux_x86_64/23.1/comm_libs/openmpi/openmpi-3.1.5/lib
          -inform severe -opt 0 -nosave -object -noonetrip
          -depchk on -nostandard     
          -symbol -noupcase    

Filename: modi_isba_properties.F90

(    1) !depfile:isba_properties.F90
(    2) MODULE MODI_ISBA_PROPERTIES
(    3) INTERFACE
(    4)       SUBROUTINE ISBA_PROPERTIES(IO, PEK, PDIR_SW, PSCA_SW, PSW_BANDS, KSW,  &
(    5)                                  PASNOW, PANOSNOW, PESNOW, PENOSNOW,         &
(    6)                                  PTSSNOW, PTSNOSNOW,                         &
(    7)                                  PALBNIR_TVEG, PALBVIS_TVEG, PALBNIR_TSOIL, PALBVIS_TSOIL )  
(    8) USE MODD_ISBA_OPTIONS_n, ONLY : ISBA_OPTIONS_t
(    9) USE MODD_ISBA_n, ONLY : ISBA_PE_t
(   10) USE MODD_TYPE_SNOW
(   11) TYPE(ISBA_OPTIONS_t), INTENT(INOUT) :: IO
(   12) TYPE(ISBA_PE_t), INTENT(INOUT) :: PEK
(   13) REAL, DIMENSION(:,:), INTENT(IN)   :: PDIR_SW            ! direct incoming solar radiation
(   14) REAL, DIMENSION(:,:), INTENT(IN)   :: PSCA_SW            ! diffus incoming solar radiation
(   15) REAL, DIMENSION(:)  , INTENT(IN)   :: PSW_BANDS          ! mean wavelength of each shortwave band (m)
(   16) INTEGER,              INTENT(IN)   :: KSW                ! number of short-wave spectral bands            
(   17) REAL, DIMENSION(:)  , INTENT(OUT)  :: PASNOW    ! = snow albedo
(   18) REAL, DIMENSION(:)  , INTENT(OUT)  :: PANOSNOW  ! = snow free albedo 
(   19) REAL, DIMENSION(:)  , INTENT(OUT)  :: PESNOW    ! = snow emissivity
(   20) REAL, DIMENSION(:)  , INTENT(OUT)  :: PENOSNOW  ! = snow free emissivity
(   21) REAL, DIMENSION(:)  , INTENT(OUT)  :: PTSSNOW   ! = snow radiative temperature
(   22) REAL, DIMENSION(:)  , INTENT(OUT)  :: PTSNOSNOW ! = snow free radiative temperature
(   23) REAL, DIMENSION(:)  , INTENT(OUT)  :: PALBNIR_TVEG       ! nearIR  veg tot albedo
(   24) REAL, DIMENSION(:)  , INTENT(OUT)  :: PALBVIS_TVEG       ! visible veg tot albedo
(   25) REAL, DIMENSION(:)  , INTENT(OUT)  :: PALBNIR_TSOIL      ! nearIR  soil tot albedo
(   26) REAL, DIMENSION(:)  , INTENT(OUT)  :: PALBVIS_TSOIL      ! visible soil tot albedo
(   27) END SUBROUTINE ISBA_PROPERTIES
(   28) 
(   29) END INTERFACE
(   30) END MODULE MODI_ISBA_PROPERTIES






NVFORTRAN (Version     23.1)          02/24/2023  13:52:21      page 3

(    1) # 1 "modi_isba_properties.F90"
(    1) !depfile:isba_properties.F90
(    2) MODULE MODI_ISBA_PROPERTIES
(    3) INTERFACE
(    4)       SUBROUTINE ISBA_PROPERTIES(IO, PEK, PDIR_SW, PSCA_SW, PSW_BANDS, KSW,  &
(    5)                                  PASNOW, PANOSNOW, PESNOW, PENOSNOW,         &
(    6)                                  PTSSNOW, PTSNOSNOW,                         &
(    7)                                  PALBNIR_TVEG, PALBVIS_TVEG, PALBNIR_TSOIL, PALBVIS_TSOIL )  
(    8) USE MODD_ISBA_OPTIONS_n, ONLY : ISBA_OPTIONS_t
(    9) USE MODD_ISBA_n, ONLY : ISBA_PE_t
(   10) USE MODD_TYPE_SNOW
(   11) TYPE(ISBA_OPTIONS_t), INTENT(INOUT) :: IO
(   12) TYPE(ISBA_PE_t), INTENT(INOUT) :: PEK
(   13) REAL, DIMENSION(:,:), INTENT(IN)   :: PDIR_SW            ! direct incoming solar radiation
(   14) REAL, DIMENSION(:,:), INTENT(IN)   :: PSCA_SW            ! diffus incoming solar radiation
(   15) REAL, DIMENSION(:)  , INTENT(IN)   :: PSW_BANDS          ! mean wavelength of each shortwave band (m)
(   16) INTEGER,              INTENT(IN)   :: KSW                ! number of short-wave spectral bands            
(   17) REAL, DIMENSION(:)  , INTENT(OUT)  :: PASNOW    ! = snow albedo
(   18) REAL, DIMENSION(:)  , INTENT(OUT)  :: PANOSNOW  ! = snow free albedo 
(   19) REAL, DIMENSION(:)  , INTENT(OUT)  :: PESNOW    ! = snow emissivity
(   20) REAL, DIMENSION(:)  , INTENT(OUT)  :: PENOSNOW  ! = snow free emissivity
(   21) REAL, DIMENSION(:)  , INTENT(OUT)  :: PTSSNOW   ! = snow radiative temperature
(   22) REAL, DIMENSION(:)  , INTENT(OUT)  :: PTSNOSNOW ! = snow free radiative temperature
(   23) REAL, DIMENSION(:)  , INTENT(OUT)  :: PALBNIR_TVEG       ! nearIR  veg tot albedo
(   24) REAL, DIMENSION(:)  , INTENT(OUT)  :: PALBVIS_TVEG       ! visible veg tot albedo
(   25) REAL, DIMENSION(:)  , INTENT(OUT)  :: PALBNIR_TSOIL      ! nearIR  soil tot albedo
(   26) REAL, DIMENSION(:)  , INTENT(OUT)  :: PALBVIS_TSOIL      ! visible soil tot albedo
(   27) END SUBROUTINE ISBA_PROPERTIES
(   28) # 29 "modi_isba_properties.F90"
(   29) END INTERFACE
(   30) END MODULE MODI_ISBA_PROPERTIES
