


NVFORTRAN (Version     23.1)          02/24/2023  13:52:32      page 1

Switches: -noasm -nodclchk -debug -nodlines -line -list
          -idir .D[1]
          -idir .D[2]
          -idir .D[3]
          -idir .D[4]
          -idir .D[5]
          -idir .D[6]
          -idir .D[7]
          -idir .D[8]
          -idir .D[9]
          -idir .D[10]
          -idir .D[11]
          -idir .D[12]
          -idir .D[13]
          -idir .D[14]
          -idir .D[15]
          -idir .D[16]
          -idir .D[17]
          -idir .D[18]
          -idir .D[19]
          -idir .D[20]
          -idir .D[21]
          -idir .D[22]
          -idir .D[23]
          -idir .D[24]
          -idir .D[25]
          -idir .D[26]
          -idir .D[27]
          -idir .D[28]
          -idir .D[29]
          -idir .D[30]
          -idir .D[31]
          -idir .D[32]
          -idir .D[33]
          -idir .D[34]
          -idir .D[35]
          -idir .D[36]
          -idir .D[37]
          -idir .D[38]
          -idir .D[39]
          -idir .D[40]
          -idir .D[41]
          -idir .D[42]
          -idir .D[43]
          -idir .D[44]
          -idir .D[45]
          -idir .D[46]
          -idir .D[47]
          -idir .D[48]
          -idir .D[49]
          -idir .D[50]
          -idir .D[51]
          -idir .D[52]
          -idir .D[53]
          -idir .D[54]
          -idir .D[55]
          -idir .D[56]
          -idir .D[57]






NVFORTRAN (Version     23.1)          02/24/2023  13:52:32      page 2

          -idir .D[58]
          -idir .D[59]
          -idir .D[60]
          -idir .D[61]
          -idir .D[62]
          -idir .D[63]
          -idir .D[64]
          -idir .D[65]
          -idir .D[66]
          -idir .D[67]
          -idir .D[68]
          -idir .D[69]
          -idir .D[70]
          -idir .D[71]
          -idir .D[72]
          -idir .D[73]
          -idir .D[74]
          -idir .D[75]
          -idir .D[76]
          -idir .D[77]
          -idir .D[78]
          -idir /opt/softs/nvidia/hpc_sdk/Linux_x86_64/23.1/comm_libs/openmpi/openmpi-3.1.5/include
          -idir /opt/softs/nvidia/hpc_sdk/Linux_x86_64/23.1/comm_libs/openmpi/openmpi-3.1.5/lib
          -inform severe -opt 0 -nosave -object -noonetrip
          -depchk on -nostandard     
          -symbol -noupcase    

Filename: modi_isba_fluxes.F90

(    1) !depfile:isba_fluxes.F90
(    2) MODULE MODI_ISBA_FLUXES
(    3) INTERFACE
(    4)       SUBROUTINE ISBA_FLUXES(IO, KK, PK, PEK, DMK, PTSTEP, &
(    5)                              PSW_RAD, PLW_RAD, PTA, PQA, PRHOA, PEXNS, PEXNA, &
(    6)                              PHUG, PHUI, PLEG_DELTA, PLEGI_DELTA, PDELTA, PF5, PCS, PTSM, PT2M, &
(    7)                              PFROZEN1, PALBT, PEMIST, PQSAT, PDQSAT, PSNOW_THRUFAL, &
(    8)                              PRN, PH, PLE, PLEG, PLEGI, PLEV,  PLES, PLER, PLETR, PEVAP, &
(    9)                              PGFLUX, PMELTADV, PMELT, PSOILCONDZ, PLE_FLOOD, PLEI_FLOOD)
(   10) USE MODD_ISBA_OPTIONS_n, ONLY : ISBA_OPTIONS_t
(   11) USE MODD_ISBA_n, ONLY : ISBA_K_t, ISBA_P_t, ISBA_PE_t
(   12) USE MODD_DIAG_MISC_ISBA_n, ONLY : DIAG_MISC_ISBA_t
(   13) TYPE(ISBA_OPTIONS_t), INTENT(INOUT) :: IO
(   14) TYPE(ISBA_K_t), INTENT(INOUT) :: KK
(   15) TYPE(ISBA_P_t), INTENT(INOUT) :: PK
(   16) TYPE(ISBA_PE_t), INTENT(INOUT) :: PEK
(   17) TYPE(DIAG_MISC_ISBA_t), INTENT(INOUT) :: DMK
(   18) REAL, INTENT (IN)                   :: PTSTEP     ! model time step (s)
(   19) REAL, DIMENSION(:), INTENT (IN)     :: PSW_RAD, PLW_RAD, PTA, PQA, PRHOA
(   20) REAL, DIMENSION(:), INTENT(IN)      :: PEXNS, PEXNA
(   21) REAL, DIMENSION(:), INTENT(IN)      :: PHUG, PHUI, PDELTA, PF5
(   22) REAL, DIMENSION(:), INTENT(IN)      :: PFROZEN1
(   23) REAL, DIMENSION(:), INTENT(IN)      :: PALBT, PEMIST
(   24) REAL, DIMENSION(:), INTENT(IN)      :: PQSAT, PDQSAT
(   25) REAL, DIMENSION(:), INTENT(IN)      :: PLEG_DELTA, PLEGI_DELTA
(   26) REAL, DIMENSION(:), INTENT (IN)     :: PCS, PT2M, PTSM
(   27) REAL, DIMENSION(:), INTENT(IN)      :: PSNOW_THRUFAL
(   28) REAL, DIMENSION(:,:), INTENT(IN)    :: PSOILCONDZ
(   29) REAL, DIMENSION(:), INTENT(OUT)     :: PLE_FLOOD, PLEI_FLOOD !Floodplains latent heat flux [W/m²]
(   30) REAL, DIMENSION(:), INTENT(OUT)     :: PRN, PH, PLE, PLEG, PLEV, PLES






NVFORTRAN (Version     23.1)          02/24/2023  13:52:32      page 3

(   31) REAL, DIMENSION(:), INTENT(OUT)     :: PLER, PLETR, PEVAP, PGFLUX, PMELTADV, PMELT
(   32) REAL, DIMENSION(:), INTENT(OUT)     :: PLEGI
(   33) END SUBROUTINE ISBA_FLUXES
(   34) 
(   35) END INTERFACE
(   36) END MODULE MODI_ISBA_FLUXES


























































NVFORTRAN (Version     23.1)          02/24/2023  13:52:32      page 4

(    1) # 1 "modi_isba_fluxes.F90"
(    1) !depfile:isba_fluxes.F90
(    2) MODULE MODI_ISBA_FLUXES
(    3) INTERFACE
(    4)       SUBROUTINE ISBA_FLUXES(IO, KK, PK, PEK, DMK, PTSTEP, &
(    5)                              PSW_RAD, PLW_RAD, PTA, PQA, PRHOA, PEXNS, PEXNA, &
(    6)                              PHUG, PHUI, PLEG_DELTA, PLEGI_DELTA, PDELTA, PF5, PCS, PTSM, PT2M, &
(    7)                              PFROZEN1, PALBT, PEMIST, PQSAT, PDQSAT, PSNOW_THRUFAL, &
(    8)                              PRN, PH, PLE, PLEG, PLEGI, PLEV,  PLES, PLER, PLETR, PEVAP, &
(    9)                              PGFLUX, PMELTADV, PMELT, PSOILCONDZ, PLE_FLOOD, PLEI_FLOOD)
(   10) USE MODD_ISBA_OPTIONS_n, ONLY : ISBA_OPTIONS_t
(   11) USE MODD_ISBA_n, ONLY : ISBA_K_t, ISBA_P_t, ISBA_PE_t
(   12) USE MODD_DIAG_MISC_ISBA_n, ONLY : DIAG_MISC_ISBA_t
(   13) TYPE(ISBA_OPTIONS_t), INTENT(INOUT) :: IO
(   14) TYPE(ISBA_K_t), INTENT(INOUT) :: KK
(   15) TYPE(ISBA_P_t), INTENT(INOUT) :: PK
(   16) TYPE(ISBA_PE_t), INTENT(INOUT) :: PEK
(   17) TYPE(DIAG_MISC_ISBA_t), INTENT(INOUT) :: DMK
(   18) REAL, INTENT (IN)                   :: PTSTEP     ! model time step (s)
(   19) REAL, DIMENSION(:), INTENT (IN)     :: PSW_RAD, PLW_RAD, PTA, PQA, PRHOA
(   20) REAL, DIMENSION(:), INTENT(IN)      :: PEXNS, PEXNA
(   21) REAL, DIMENSION(:), INTENT(IN)      :: PHUG, PHUI, PDELTA, PF5
(   22) REAL, DIMENSION(:), INTENT(IN)      :: PFROZEN1
(   23) REAL, DIMENSION(:), INTENT(IN)      :: PALBT, PEMIST
(   24) REAL, DIMENSION(:), INTENT(IN)      :: PQSAT, PDQSAT
(   25) REAL, DIMENSION(:), INTENT(IN)      :: PLEG_DELTA, PLEGI_DELTA
(   26) REAL, DIMENSION(:), INTENT (IN)     :: PCS, PT2M, PTSM
(   27) REAL, DIMENSION(:), INTENT(IN)      :: PSNOW_THRUFAL
(   28) REAL, DIMENSION(:,:), INTENT(IN)    :: PSOILCONDZ
(   29) REAL, DIMENSION(:), INTENT(OUT)     :: PLE_FLOOD, PLEI_FLOOD !Floodplains latent heat flux [W/m²]
(   30) REAL, DIMENSION(:), INTENT(OUT)     :: PRN, PH, PLE, PLEG, PLEV, PLES
(   31) REAL, DIMENSION(:), INTENT(OUT)     :: PLER, PLETR, PEVAP, PGFLUX, PMELTADV, PMELT
(   32) REAL, DIMENSION(:), INTENT(OUT)     :: PLEGI
(   33) END SUBROUTINE ISBA_FLUXES
(   34) # 35 "modi_isba_fluxes.F90"
(   35) END INTERFACE
(   36) END MODULE MODI_ISBA_FLUXES
