


NVFORTRAN (Version     23.1)          02/24/2023  13:32:23      page 1

Switches: -noasm -nodclchk -debug -nodlines -line -list
          -idir .D[1]
          -idir .D[2]
          -idir .D[3]
          -idir .D[4]
          -idir .D[5]
          -idir .D[6]
          -idir .D[7]
          -idir .D[8]
          -idir .D[9]
          -idir .D[10]
          -idir .D[11]
          -idir .D[12]
          -idir .D[13]
          -idir .D[14]
          -idir .D[15]
          -idir .D[16]
          -idir .D[17]
          -idir .D[18]
          -idir .D[19]
          -idir .D[20]
          -idir .D[21]
          -idir .D[22]
          -idir .D[23]
          -idir .D[24]
          -idir .D[25]
          -idir .D[26]
          -idir .D[27]
          -idir .D[28]
          -idir .D[29]
          -idir .D[30]
          -idir .D[31]
          -idir .D[32]
          -idir .D[33]
          -idir .D[34]
          -idir .D[35]
          -idir .D[36]
          -idir .D[37]
          -idir .D[38]
          -idir .D[39]
          -idir .D[40]
          -idir .D[41]
          -idir .D[42]
          -idir .D[43]
          -idir .D[44]
          -idir .D[45]
          -idir .D[46]
          -idir .D[47]
          -idir .D[48]
          -idir .D[49]
          -idir .D[50]
          -idir .D[51]
          -idir .D[52]
          -idir .D[53]
          -idir .D[54]
          -idir .D[55]
          -idir .D[56]
          -idir .D[57]






NVFORTRAN (Version     23.1)          02/24/2023  13:32:23      page 2

          -idir .D[58]
          -idir .D[59]
          -idir .D[60]
          -idir .D[61]
          -idir .D[62]
          -idir .D[63]
          -idir .D[64]
          -idir .D[65]
          -idir .D[66]
          -idir .D[67]
          -idir .D[68]
          -idir .D[69]
          -idir .D[70]
          -idir .D[71]
          -idir .D[72]
          -idir .D[73]
          -idir .D[74]
          -idir .D[75]
          -idir .D[76]
          -idir .D[77]
          -idir .D[78]
          -idir /opt/softs/nvidia/hpc_sdk/Linux_x86_64/23.1/comm_libs/openmpi/openmpi-3.1.5/include
          -idir /opt/softs/nvidia/hpc_sdk/Linux_x86_64/23.1/comm_libs/openmpi/openmpi-3.1.5/lib
          -inform severe -opt 0 -nosave -object -noonetrip
          -depchk on -nostandard     
          -symbol -noupcase    

Filename: modi_get_mesh_dim.F90

(    1) !depfile:get_mesh_dim.F90
(    2) MODULE MODI_GET_MESH_DIM
(    3) INTERFACE
(    4)       SUBROUTINE GET_MESH_DIM(HGRID,KGRID_PAR,KL,PGRID_PAR,PDX,PDY,PMESHSIZE)
(    5)  CHARACTER(LEN=10),               INTENT(IN)    :: HGRID     ! grid type
(    6) INTEGER,                         INTENT(IN)    :: KGRID_PAR ! size of PGRID_PAR
(    7) INTEGER,                         INTENT(IN)    :: KL        ! number of points
(    8) REAL,    DIMENSION(KGRID_PAR),   INTENT(IN)    :: PGRID_PAR ! grid parameters
(    9) REAL,    DIMENSION(KL),          INTENT(OUT)   :: PDX       ! dimension in x dir. (meters)
(   10) REAL,    DIMENSION(KL),          INTENT(OUT)   :: PDY       ! dimension in y dir. (meters)
(   11) REAL,    DIMENSION(KL),          INTENT(IN)    :: PMESHSIZE ! mesh size (m2)
(   12) END SUBROUTINE GET_MESH_DIM
(   13) 
(   14) END INTERFACE
(   15) END MODULE MODI_GET_MESH_DIM





















NVFORTRAN (Version     23.1)          02/24/2023  13:32:23      page 3

(    1) # 1 "modi_get_mesh_dim.F90"
(    1) !depfile:get_mesh_dim.F90
(    2) MODULE MODI_GET_MESH_DIM
(    3) INTERFACE
(    4)       SUBROUTINE GET_MESH_DIM(HGRID,KGRID_PAR,KL,PGRID_PAR,PDX,PDY,PMESHSIZE)
(    5)  CHARACTER(LEN=10),               INTENT(IN)    :: HGRID     ! grid type
(    6) INTEGER,                         INTENT(IN)    :: KGRID_PAR ! size of PGRID_PAR
(    7) INTEGER,                         INTENT(IN)    :: KL        ! number of points
(    8) REAL,    DIMENSION(KGRID_PAR),   INTENT(IN)    :: PGRID_PAR ! grid parameters
(    9) REAL,    DIMENSION(KL),          INTENT(OUT)   :: PDX       ! dimension in x dir. (meters)
(   10) REAL,    DIMENSION(KL),          INTENT(OUT)   :: PDY       ! dimension in y dir. (meters)
(   11) REAL,    DIMENSION(KL),          INTENT(IN)    :: PMESHSIZE ! mesh size (m2)
(   12) END SUBROUTINE GET_MESH_DIM
(   13) # 14 "modi_get_mesh_dim.F90"
(   14) END INTERFACE
(   15) END MODULE MODI_GET_MESH_DIM
