


NVFORTRAN (Version     23.1)          02/24/2023  13:33:28      page 1

Switches: -noasm -nodclchk -debug -nodlines -line -list
          -idir .D[1]
          -idir .D[2]
          -idir .D[3]
          -idir .D[4]
          -idir .D[5]
          -idir .D[6]
          -idir .D[7]
          -idir .D[8]
          -idir .D[9]
          -idir .D[10]
          -idir .D[11]
          -idir .D[12]
          -idir .D[13]
          -idir .D[14]
          -idir .D[15]
          -idir .D[16]
          -idir .D[17]
          -idir .D[18]
          -idir .D[19]
          -idir .D[20]
          -idir .D[21]
          -idir .D[22]
          -idir .D[23]
          -idir .D[24]
          -idir .D[25]
          -idir .D[26]
          -idir .D[27]
          -idir .D[28]
          -idir .D[29]
          -idir .D[30]
          -idir .D[31]
          -idir .D[32]
          -idir .D[33]
          -idir .D[34]
          -idir .D[35]
          -idir .D[36]
          -idir .D[37]
          -idir .D[38]
          -idir .D[39]
          -idir .D[40]
          -idir .D[41]
          -idir .D[42]
          -idir .D[43]
          -idir .D[44]
          -idir .D[45]
          -idir .D[46]
          -idir .D[47]
          -idir .D[48]
          -idir .D[49]
          -idir .D[50]
          -idir .D[51]
          -idir .D[52]
          -idir .D[53]
          -idir .D[54]
          -idir .D[55]
          -idir .D[56]
          -idir .D[57]






NVFORTRAN (Version     23.1)          02/24/2023  13:33:28      page 2

          -idir .D[58]
          -idir .D[59]
          -idir .D[60]
          -idir .D[61]
          -idir .D[62]
          -idir .D[63]
          -idir .D[64]
          -idir .D[65]
          -idir .D[66]
          -idir .D[67]
          -idir .D[68]
          -idir .D[69]
          -idir .D[70]
          -idir .D[71]
          -idir .D[72]
          -idir .D[73]
          -idir .D[74]
          -idir .D[75]
          -idir .D[76]
          -idir .D[77]
          -idir .D[78]
          -idir /opt/softs/nvidia/hpc_sdk/Linux_x86_64/23.1/comm_libs/openmpi/openmpi-3.1.5/include
          -idir /opt/softs/nvidia/hpc_sdk/Linux_x86_64/23.1/comm_libs/openmpi/openmpi-3.1.5/lib
          -inform severe -opt 0 -nosave -object -noonetrip
          -depchk on -nostandard     
          -symbol -noupcase    

Filename: expand21.F90

(    1) !OPTIONS NODOUBLE
(    2)       SUBROUTINE EXPAND21(KWRDS,PPACKED,POUT,KDUM1,KDUM2)
(    3) 
(    4) !**** *PACK21  *  - Unpack data by a factor 2 to 1
(    5) 
(    6) !     Purpose.
(    7) !     --------
(    8) !           Unpack data by a factor 2 to 1. Packing is done
(    9) !           in order to save memory.
(   10) !           Simple version to be used on Fujitsu VPP.
(   11) 
(   12) !**   Interface.
(   13) !     ----------
(   14) !        *CALL* *EXPAND21(...)*
(   15) 
(   16) !        Explicit arguments : KWRDS   - number of words to unpack (copy)
(   17) !        -------------------- PPACKED - buffer containing (packed) data
(   18) !                             POUT    - array containing unpacked data
(   19) !                             KDUM1   - not used
(   20) !                             KDUM2   - not used
(   21) 
(   22) !        Implicit arguments : None
(   23) !        --------------------
(   24) 
(   25) !     Method.
(   26) !     -------
(   27) !        See documentation
(   28) 
(   29) !     Externals.
(   30) !     ----------






NVFORTRAN (Version     23.1)          02/24/2023  13:33:28      page 3

(   31) !        None
(   32) 
(   33) !     Reference.
(   34) !     ----------
(   35) !        ECMWF Research Department documentation of the IFS
(   36) 
(   37) !     Author.
(   38) !     -------
(   39) !        Lars Isaksen *ECMWF*
(   40) 
(   41) !     Modifications.
(   42) !     --------------
(   43) !        Original : 98-01-01
(   44) !     ------------------------------------------------------------------
(   45) 
(   46)       USE PARKIND1, ONLY : JPIM, JPRM, JPRD
(   47) !      IMPLICIT LOGICAL (L)
(   48)       IMPLICIT NONE
(   49)       INTEGER(KIND=JPIM), INTENT(IN)    :: KWRDS
(   50)       INTEGER(KIND=JPIM), INTENT(IN)    :: KDUM1
(   51)       INTEGER(KIND=JPIM), INTENT(IN)    :: KDUM2
(   52)       REAL(KIND=JPRM) :: PPACKED(KWRDS)
(   53)       REAL(KIND=JPRD) :: POUT(KWRDS)
(   54) 
(   55) !     ------------------------------------------------------------------
(   56) 
(   57)       POUT(:)=REAL(PPACKED(:),KIND=JPRD)
(   58) 
(   59)       RETURN
(   60)       END SUBROUTINE EXPAND21


































NVFORTRAN (Version     23.1)          02/24/2023  13:33:28      page 4

(    1) # 1 "expand21.F90"
(    1) !OPTIONS NODOUBLE
(    2)       SUBROUTINE EXPAND21(KWRDS,PPACKED,POUT,KDUM1,KDUM2)
(    3) # 4 "expand21.F90"
(    4) !**** *PACK21  *  - Unpack data by a factor 2 to 1
(    5) # 6 "expand21.F90"
(    6) !     Purpose.
(    7) !     --------
(    8) !           Unpack data by a factor 2 to 1. Packing is done
(    9) !           in order to save memory.
(   10) !           Simple version to be used on Fujitsu VPP.
(   11) # 12 "expand21.F90"
(   12) !**   Interface.
(   13) !     ----------
(   14) !        *CALL* *EXPAND21(...)*
(   15) # 16 "expand21.F90"
(   16) !        Explicit arguments : KWRDS   - number of words to unpack (copy)
(   17) !        -------------------- PPACKED - buffer containing (packed) data
(   18) !                             POUT    - array containing unpacked data
(   19) !                             KDUM1   - not used
(   20) !                             KDUM2   - not used
(   21) # 22 "expand21.F90"
(   22) !        Implicit arguments : None
(   23) !        --------------------
(   24) # 25 "expand21.F90"
(   25) !     Method.
(   26) !     -------
(   27) !        See documentation
(   28) # 29 "expand21.F90"
(   29) !     Externals.
(   30) !     ----------
(   31) !        None
(   32) # 33 "expand21.F90"
(   33) !     Reference.
(   34) !     ----------
(   35) !        ECMWF Research Department documentation of the IFS
(   36) # 37 "expand21.F90"
(   37) !     Author.
(   38) !     -------
(   39) !        Lars Isaksen *ECMWF*
(   40) # 41 "expand21.F90"
(   41) !     Modifications.
(   42) !     --------------
(   43) !        Original : 98-01-01
(   44) !     ------------------------------------------------------------------
(   45) # 46 "expand21.F90"
(   46)       USE PARKIND1, ONLY : JPIM, JPRM, JPRD
(   47) !      IMPLICIT LOGICAL (L)
(   48)       IMPLICIT NONE
(   49)       INTEGER(KIND=JPIM), INTENT(IN)    :: KWRDS
(   50)       INTEGER(KIND=JPIM), INTENT(IN)    :: KDUM1
(   51)       INTEGER(KIND=JPIM), INTENT(IN)    :: KDUM2
(   52)       REAL(KIND=JPRM) :: PPACKED(KWRDS)
(   53)       REAL(KIND=JPRD) :: POUT(KWRDS)
(   54) # 55 "expand21.F90"
(   55) !     ------------------------------------------------------------------
(   56) # 57 "expand21.F90"
(   57)       POUT(:)=REAL(PPACKED(:),KIND=JPRD)






NVFORTRAN (Version     23.1)          02/24/2023  13:33:28      page 5

(   58) # 59 "expand21.F90"
(   59)       RETURN
(   60)       END SUBROUTINE EXPAND21
