


NVFORTRAN (Version     23.1)          02/24/2023  13:55:03      page 1

Switches: -noasm -nodclchk -debug -nodlines -line -list
          -idir .D[1]
          -idir .D[2]
          -idir .D[3]
          -idir .D[4]
          -idir .D[5]
          -idir .D[6]
          -idir .D[7]
          -idir .D[8]
          -idir .D[9]
          -idir .D[10]
          -idir .D[11]
          -idir .D[12]
          -idir .D[13]
          -idir .D[14]
          -idir .D[15]
          -idir .D[16]
          -idir .D[17]
          -idir .D[18]
          -idir .D[19]
          -idir .D[20]
          -idir .D[21]
          -idir .D[22]
          -idir .D[23]
          -idir .D[24]
          -idir .D[25]
          -idir .D[26]
          -idir .D[27]
          -idir .D[28]
          -idir .D[29]
          -idir .D[30]
          -idir .D[31]
          -idir .D[32]
          -idir .D[33]
          -idir .D[34]
          -idir .D[35]
          -idir .D[36]
          -idir .D[37]
          -idir .D[38]
          -idir .D[39]
          -idir .D[40]
          -idir .D[41]
          -idir .D[42]
          -idir .D[43]
          -idir .D[44]
          -idir .D[45]
          -idir .D[46]
          -idir .D[47]
          -idir .D[48]
          -idir .D[49]
          -idir .D[50]
          -idir .D[51]
          -idir .D[52]
          -idir .D[53]
          -idir .D[54]
          -idir .D[55]
          -idir .D[56]
          -idir .D[57]






NVFORTRAN (Version     23.1)          02/24/2023  13:55:03      page 2

          -idir .D[58]
          -idir .D[59]
          -idir .D[60]
          -idir .D[61]
          -idir .D[62]
          -idir .D[63]
          -idir .D[64]
          -idir .D[65]
          -idir .D[66]
          -idir .D[67]
          -idir .D[68]
          -idir .D[69]
          -idir .D[70]
          -idir .D[71]
          -idir .D[72]
          -idir .D[73]
          -idir .D[74]
          -idir .D[75]
          -idir .D[76]
          -idir .D[77]
          -idir .D[78]
          -idir /opt/softs/nvidia/hpc_sdk/Linux_x86_64/23.1/comm_libs/openmpi/openmpi-3.1.5/include
          -idir /opt/softs/nvidia/hpc_sdk/Linux_x86_64/23.1/comm_libs/openmpi/openmpi-3.1.5/lib
          -inform severe -opt 0 -nosave -object -noonetrip
          -depchk on -nostandard     
          -symbol -noupcase    

Filename: gentrbk.F90

(    1) !-- Generic traceback calls here
(    2) 
(    3) SUBROUTINE GENTRBK_DUMMY
(    4) END SUBROUTINE GENTRBK_DUMMY
(    5) 
(    6) SUBROUTINE INTEL_TRBK()
(    7) #ifdef __INTEL_COMPILER
(    8) USE IFCORE
(    9) USE MPL_DATA_MODULE, ONLY : MPL_RANK
(   10) CHARACTER*80 MESSAGE
(   11) LOGICAL :: DONE_TRACEBACK = .FALSE.
(   12) INTEGER :: MYPROC,MYTHREAD
(   13) !$ INTEGER,EXTERNAL :: OMP_GET_THREAD_NUM
(   14) 
(   15) IF(DONE_TRACEBACK) THEN
(   16)   WRITE(0,*) "INTEL_TRBK already called"
(   17) ELSE
(   18) MYPROC=MPL_RANK
(   19)   MYTHREAD=1
(   20) !$ MYTHREAD=OMP_GET_THREAD_NUM() + 1
(   21)   WRITE(MESSAGE,'(A,I4,A,I2,A)') "Process ",MYPROC," thread ",MYTHREAD, &
(   22)    &           " calling tracebackqq from intel_trbk()"
(   23)   CALL TRACEBACKQQ(MESSAGE, USER_EXIT_CODE=-1)
(   24)   DONE_TRACEBACK=.TRUE.
(   25) ENDIF
(   26) #endif
(   27) END SUBROUTINE INTEL_TRBK
(   28) 
(   29) #ifndef VPP
(   30) SUBROUTINE ERRTRA






NVFORTRAN (Version     23.1)          02/24/2023  13:55:03      page 3

(   31) END SUBROUTINE ERRTRA
(   32) #endif
(   33) 
(   34) #ifdef NECSX
(   35) SUBROUTINE NECSX_TRBK(CDMESS)
(   36) IMPLICIT NONE
(   37) CHARACTER(LEN=*), INTENT(IN) :: CDMESS
(   38) CALL MESPUT(CDMESS, LEN(CDMESS), 1)
(   39) CALL DBX_TRBK()
(   40) END SUBROUTINE NECSX_TRBK
(   41) 
(   42) SUBROUTINE NECSX_TRBK_FL(CDMESS, CDFILENAME, KLINENO)
(   43) USE PARKIND1  ,ONLY : JPIM
(   44) IMPLICIT NONE
(   45) CHARACTER(LEN=*), INTENT(IN) :: CDMESS
(   46) CHARACTER(LEN=*), INTENT(IN) :: CDFILENAME
(   47) INTEGER(KIND=JPIM), INTENT(IN) :: KLINENO
(   48) CHARACTER(LEN=LEN(CDMESS)+LEN(CDFILENAME)+30) CLOCAL
(   49) WRITE(CLOCAL,'(a," at ",a,":",i6.6)') TRIM(CDMESS),TRIM(CDFILENAME),KLINENO
(   50) CALL NECSX_TRBK(TRIM(CLOCAL))
(   51) END SUBROUTINE NECSX_TRBK_FL
(   52) #endif










































NVFORTRAN (Version     23.1)          02/24/2023  13:55:03      page 4

(    1) # 1 "gentrbk.F90"
(    1) !-- Generic traceback calls here
(    2) # 3 "gentrbk.F90"
(    3) SUBROUTINE GENTRBK_DUMMY
(    4) END SUBROUTINE GENTRBK_DUMMY
(    5) # 6 "gentrbk.F90"
(    6) SUBROUTINE INTEL_TRBK()
(    7) # 27 "gentrbk.F90"
(   27) END SUBROUTINE INTEL_TRBK
(   28) # 30 "gentrbk.F90"
(   30) SUBROUTINE ERRTRA
(   31) END SUBROUTINE ERRTRA
