


NVFORTRAN (Version     23.1)          02/24/2023  13:33:53      page 1

Switches: -noasm -nodclchk -debug -nodlines -line -list
          -idir .D[1]
          -idir .D[2]
          -idir .D[3]
          -idir .D[4]
          -idir .D[5]
          -idir .D[6]
          -idir .D[7]
          -idir .D[8]
          -idir .D[9]
          -idir .D[10]
          -idir .D[11]
          -idir .D[12]
          -idir .D[13]
          -idir .D[14]
          -idir .D[15]
          -idir .D[16]
          -idir .D[17]
          -idir .D[18]
          -idir .D[19]
          -idir .D[20]
          -idir .D[21]
          -idir .D[22]
          -idir .D[23]
          -idir .D[24]
          -idir .D[25]
          -idir .D[26]
          -idir .D[27]
          -idir .D[28]
          -idir .D[29]
          -idir .D[30]
          -idir .D[31]
          -idir .D[32]
          -idir .D[33]
          -idir .D[34]
          -idir .D[35]
          -idir .D[36]
          -idir .D[37]
          -idir .D[38]
          -idir .D[39]
          -idir .D[40]
          -idir .D[41]
          -idir .D[42]
          -idir .D[43]
          -idir .D[44]
          -idir .D[45]
          -idir .D[46]
          -idir .D[47]
          -idir .D[48]
          -idir .D[49]
          -idir .D[50]
          -idir .D[51]
          -idir .D[52]
          -idir .D[53]
          -idir .D[54]
          -idir .D[55]
          -idir .D[56]
          -idir .D[57]






NVFORTRAN (Version     23.1)          02/24/2023  13:33:53      page 2

          -idir .D[58]
          -idir .D[59]
          -idir .D[60]
          -idir .D[61]
          -idir .D[62]
          -idir .D[63]
          -idir .D[64]
          -idir .D[65]
          -idir .D[66]
          -idir .D[67]
          -idir .D[68]
          -idir .D[69]
          -idir .D[70]
          -idir .D[71]
          -idir .D[72]
          -idir .D[73]
          -idir .D[74]
          -idir .D[75]
          -idir .D[76]
          -idir .D[77]
          -idir .D[78]
          -idir /opt/softs/nvidia/hpc_sdk/Linux_x86_64/23.1/comm_libs/openmpi/openmpi-3.1.5/include
          -idir /opt/softs/nvidia/hpc_sdk/Linux_x86_64/23.1/comm_libs/openmpi/openmpi-3.1.5/lib
          -inform severe -opt 0 -nosave -object -noonetrip
          -depchk on -nostandard     
          -symbol -noupcase    

Filename: pack21.F

(    1) !OPTIONS NODOUBLE
(    2)       SUBROUTINE PACK21(KWRDS,PIN,PPACKED,KDUM1,KDUM2)
(    3) 
(    4) !**** *PACK21  *  - Pack data by a factor 2 to 1
(    5) 
(    6) !     Purpose.
(    7) !     --------
(    8) !           Pack data by a factor 2 to 1 in order to save memory.
(    9) !           Simple version to be used on Fujitsu VPP.
(   10) 
(   11) !**   Interface.
(   12) !     ----------
(   13) !        *CALL* *PACK21(...)*
(   14) 
(   15) !        Explicit arguments : KWRDS   - number of words to unpack (copy)
(   16) !        -------------------- PIN     - array containing unpacked data
(   17) !                             PPACKED - buffer containing (packed) data
(   18) !                             KDUM1   - not used
(   19) !                             KDUM2   - not used
(   20) 
(   21) !        Implicit arguments : None
(   22) !        --------------------
(   23) 
(   24) !     Method.
(   25) !     -------
(   26) !        See documentation
(   27) 
(   28) !     Externals.
(   29) !     ----------
(   30) !        None






NVFORTRAN (Version     23.1)          02/24/2023  13:33:53      page 3

(   31) 
(   32) !     Reference.
(   33) !     ----------
(   34) !        ECMWF Research Department documentation of the IFS
(   35) 
(   36) !     Author.
(   37) !     -------
(   38) !        Lars Isaksen *ECMWF*
(   39) 
(   40) !     Modifications.
(   41) !     --------------
(   42) !        Original : 98-01-01
(   43) !     ------------------------------------------------------------------
(   44) 
(   45)       USE PARKIND1, ONLY : JPIM
(   46) !      IMPLICIT LOGICAL (L)
(   47)       IMPLICIT NONE
(   48)       INTEGER(KIND=JPIM), INTENT(IN)    :: KWRDS
(   49)       INTEGER(KIND=JPIM), INTENT(IN)    :: KDUM1
(   50)       INTEGER(KIND=JPIM), INTENT(IN)    :: KDUM2
(   51)       REAL (KIND=8) :: PIN(KWRDS)
(   52)       REAL (KIND=4) :: PPACKED(KWRDS)
(   53) 
(   54) !     ------------------------------------------------------------------
(   55) 
(   56)       PPACKED(:)=REAL(PIN(:),4)
(   57) 
(   58)       RETURN
(   59)       END SUBROUTINE PACK21



































NVFORTRAN (Version     23.1)          02/24/2023  13:33:53      page 4

(    1) # 1 "pack21.F"
(    1) !OPTIONS NODOUBLE
(    2)       SUBROUTINE PACK21(KWRDS,PIN,PPACKED,KDUM1,KDUM2)
(    3) # 4 "pack21.F"
(    4) !**** *PACK21  *  - Pack data by a factor 2 to 1
(    5) # 6 "pack21.F"
(    6) !     Purpose.
(    7) !     --------
(    8) !           Pack data by a factor 2 to 1 in order to save memory.
(    9) !           Simple version to be used on Fujitsu VPP.
(   10) # 11 "pack21.F"
(   11) !**   Interface.
(   12) !     ----------
(   13) !        *CALL* *PACK21(...)*
(   14) # 15 "pack21.F"
(   15) !        Explicit arguments : KWRDS   - number of words to unpack (copy)
(   16) !        -------------------- PIN     - array containing unpacked data
(   17) !                             PPACKED - buffer containing (packed) data
(   18) !                             KDUM1   - not used
(   19) !                             KDUM2   - not used
(   20) # 21 "pack21.F"
(   21) !        Implicit arguments : None
(   22) !        --------------------
(   23) # 24 "pack21.F"
(   24) !     Method.
(   25) !     -------
(   26) !        See documentation
(   27) # 28 "pack21.F"
(   28) !     Externals.
(   29) !     ----------
(   30) !        None
(   31) # 32 "pack21.F"
(   32) !     Reference.
(   33) !     ----------
(   34) !        ECMWF Research Department documentation of the IFS
(   35) # 36 "pack21.F"
(   36) !     Author.
(   37) !     -------
(   38) !        Lars Isaksen *ECMWF*
(   39) # 40 "pack21.F"
(   40) !     Modifications.
(   41) !     --------------
(   42) !        Original : 98-01-01
(   43) !     ------------------------------------------------------------------
(   44) # 45 "pack21.F"
(   45)       USE PARKIND1, ONLY : JPIM
(   46) !      IMPLICIT LOGICAL (L)
(   47)       IMPLICIT NONE
(   48)       INTEGER(KIND=JPIM), INTENT(IN)    :: KWRDS
(   49)       INTEGER(KIND=JPIM), INTENT(IN)    :: KDUM1
(   50)       INTEGER(KIND=JPIM), INTENT(IN)    :: KDUM2
(   51)       REAL (KIND=8) :: PIN(KWRDS)
(   52)       REAL (KIND=4) :: PPACKED(KWRDS)
(   53) # 54 "pack21.F"
(   54) !     ------------------------------------------------------------------
(   55) # 56 "pack21.F"
(   56)       PPACKED(:)=REAL(PIN(:),4)
(   57) # 58 "pack21.F"






NVFORTRAN (Version     23.1)          02/24/2023  13:33:53      page 5

(   58)       RETURN
(   59)       END SUBROUTINE PACK21
