


NVFORTRAN (Version     23.1)          02/24/2023  13:32:56      page 1

Switches: -noasm -nodclchk -debug -nodlines -line -list
          -idir .D[1]
          -idir .D[2]
          -idir .D[3]
          -idir .D[4]
          -idir .D[5]
          -idir .D[6]
          -idir .D[7]
          -idir .D[8]
          -idir .D[9]
          -idir .D[10]
          -idir .D[11]
          -idir .D[12]
          -idir .D[13]
          -idir .D[14]
          -idir .D[15]
          -idir .D[16]
          -idir .D[17]
          -idir .D[18]
          -idir .D[19]
          -idir .D[20]
          -idir .D[21]
          -idir .D[22]
          -idir .D[23]
          -idir .D[24]
          -idir .D[25]
          -idir .D[26]
          -idir .D[27]
          -idir .D[28]
          -idir .D[29]
          -idir .D[30]
          -idir .D[31]
          -idir .D[32]
          -idir .D[33]
          -idir .D[34]
          -idir .D[35]
          -idir .D[36]
          -idir .D[37]
          -idir .D[38]
          -idir .D[39]
          -idir .D[40]
          -idir .D[41]
          -idir .D[42]
          -idir .D[43]
          -idir .D[44]
          -idir .D[45]
          -idir .D[46]
          -idir .D[47]
          -idir .D[48]
          -idir .D[49]
          -idir .D[50]
          -idir .D[51]
          -idir .D[52]
          -idir .D[53]
          -idir .D[54]
          -idir .D[55]
          -idir .D[56]
          -idir .D[57]






NVFORTRAN (Version     23.1)          02/24/2023  13:32:56      page 2

          -idir .D[58]
          -idir .D[59]
          -idir .D[60]
          -idir .D[61]
          -idir .D[62]
          -idir .D[63]
          -idir .D[64]
          -idir .D[65]
          -idir .D[66]
          -idir .D[67]
          -idir .D[68]
          -idir .D[69]
          -idir .D[70]
          -idir .D[71]
          -idir .D[72]
          -idir .D[73]
          -idir .D[74]
          -idir .D[75]
          -idir .D[76]
          -idir .D[77]
          -idir .D[78]
          -idir /opt/softs/nvidia/hpc_sdk/Linux_x86_64/23.1/comm_libs/openmpi/openmpi-3.1.5/include
          -idir /opt/softs/nvidia/hpc_sdk/Linux_x86_64/23.1/comm_libs/openmpi/openmpi-3.1.5/lib
          -inform severe -opt 0 -nosave -object -noonetrip
          -depchk on -nostandard     
          -symbol -noupcase    

Filename: adm_bufr_descr_codes.F90

(    1) module adm_bufr_descr_codes
(    2)   !  #[ documentation
(    3)   !
(    4)   ! - this module lists all BUFR descriptor codes used by the ADM-Aeolus
(    5)   !   software, and defines them as parameters to provide access
(    6)   !   to them using symbolic names. 
(    7)   !   This makes it much easier to adapt the software when for 
(    8)   !   example descriptor id's get a different value
(    9)   !   (this could happen during the official WMO approval of the template)
(   10)   !   and makes the code much easier to read.
(   11)   !   It also prevents hardcoding these descriptor values in multiple
(   12)   !   places (encoding and decoding), which is always good to enforce
(   13)   !   consistency in the code.
(   14)   !
(   15)   ! Created by J. de Kloe, KNMI
(   16)   !
(   17)   ! Modifications:
(   18)   !   05-Feb-2009 J. de Kloe initial version, inspired on the 
(   19)   !                          EcmwfBufrMod/KnmiBufrMod/WmoBufrMod modules
(   20)   !                          used in the scatterometer software at KNMI 
(   21)   !   19-Mar-2009 J. de Kloe added a few more descriptors
(   22)   !   01-Apr-2009 J. de Kloe add function get_replication_factor()
(   23)   !   23-Apr-2009 J. de Kloe small interface change to adapt to 64-bit linux
(   24)   !   10-Aug-2009 J. de Kloe add some items needed by L2BC_ee2bufr
(   25)   !   27-May-2010 B.Krzeminski   Additional parameters for L2BP v01.50
(   26)   !   20-Mar-2014 J. de Kloe update to new draft for L2B CM BUFR template
(   27)   !   14-May-2014 J. de Kloe add extended delayed replication
(   28)   !   11-Jun-2015 J. de Kloe adapt to changed template
(   29)   !   06-Aug-2015 J. de Kloe adapt to changed template
(   30)   !   08-Sep-2015 J. de Kloe change template again as suggested by Enrico






NVFORTRAN (Version     23.1)          02/24/2023  13:32:56      page 3

(   31)   !   15-Jun-2017 J. de Kloe phase out no longer needed L1B items
(   32)   !   21-Mar-2018 J. de Kloe clean-up all old local and L1B clutter
(   33)   !                          and added table C descriptors (modifiers)
(   34)   !
(   35)   !  #]
(   36)   !  #[ modules used
(   37)   use numerics, only: i4_
(   38)   !  #]
(   39)   implicit none
(   40)   !---------------------------------------------
(   41)   !  #[ table B descriptors
(   42) 
(   43)   !---------------------------------------------
(   44)   ! general descriptors
(   45)   !                     1234567890123456789012345678901          !
(   46)   integer, parameter :: DD_satellite_identifier         = 001007 ! SATELLITE IDENTIFIER [CODE TABLE 001007]
(   47)   integer, parameter :: DD_id_of_originating_center     = 001033 ! IDENTIFICATION OF ORIGINATING/GENERATING CENTRE [CODE TAB
(   48)   integer, parameter :: DD_id_of_originating_subcenter  = 001034 ! IDENTIFICATION OF ORIGINATING/GENERATING SUB-CENTRE [CODE
(   49)   integer, parameter :: DD_satellite_instruments        = 002019 ! SATELLITE INSTRUMENTS [CODE TABLE 002019]
(   50)   integer, parameter :: DD_year                         = 004001 ! YEAR
(   51)   integer, parameter :: DD_month                        = 004002 ! MONTH
(   52)   integer, parameter :: DD_day                          = 004003 ! DAY
(   53)   integer, parameter :: DD_hour                         = 004004 ! HOUR
(   54)   integer, parameter :: DD_minute                       = 004005 ! MINUTE
(   55)   integer, parameter :: DD_seconds_within_a_minute      = 004007 ! SECONDS WITHIN A MINUTE (MICROSECOND ACCURACY) [SECOND]
(   56)   integer, parameter :: DD_time_increment               = 004016 ! TIME INCREMENT [SECOND]
(   57)   integer, parameter :: DD_latitude_high_accuracy       = 005001 ! LATITUDE (HIGH ACCURACY) [DEGREE]
(   58)   integer, parameter :: DD_bearing_or_azimuth           = 005021 ! BEARING OR AZIMUTH [DEGREE TRUE]
(   59)   integer, parameter :: DD_profile_id                   = 005068 ! PROFILE ID NUMBER [NUMERIC]
(   60)   integer, parameter :: DD_wind_id                      = 005070 ! OBSERVATION IDENTIFIER [NUMERIC]
(   61)   integer, parameter :: DD_longitude_high_accuracy      = 006001 ! LONGITUDE (HIGH ACCURACY) [DEGREE]
(   62)   integer, parameter :: DD_elevation                    = 007021 ! ELEVATION (SEE NOTE 2) [DEGREE]
(   63)   integer, parameter :: DD_altitude                     = 007071 ! HEIGHT (HIGH RESOLUTION) [M]
(   64)   integer, parameter :: DD_pressure                     = 010004 ! PRESSURE [PA]
(   65)   integer, parameter :: DD_temperature                  = 012001 ! TEMPERATURE/DRY-BULB TEMPERATURE [K]
(   66) 
(   67)   ! ADM related descriptors
(   68)   integer, parameter :: ADM_receiver_channel            = 005069 ! ADM RECEIVER CHANNEL [CODE TABLE 005237]
(   69)   integer, parameter :: ADM_backscatter_ratio           = 040037 ! BACKSCATTER RATIO [UNITLESS]
(   70)   integer, parameter :: ADM_bin_integration_length      = 040029 ! HORIZONTAL OBSERVATION INTEGRATION LENGTH [M]
(   71)   integer, parameter :: ADM_hlos_velocity               = 040030 ! HORIZONTAL LINE OF SIGHT WIND [M/S]
(   72)   integer, parameter :: ADM_hlos_velocity_error         = 040031 ! ERROR ESTIMATE OF HORIZONTAL LINE OF SIGHT WIND [M/S]
(   73)   integer, parameter :: ADM_wind_validity_code          = 025187 ! ADM WIND VALIDITY CODE [CODE TABLE]
(   74)   integer, parameter :: ADM_deriv_wind_to_pressure      = 040032 ! DERIVATIVE WIND TO PRESSURE [M/S/PA]
(   75)   integer, parameter :: ADM_deriv_wind_to_temperature   = 040033 ! DERIVATIVE WIND TO TEMPERATURE [M/S/K]
(   76)   integer, parameter :: ADM_deriv_wind_to_backsc_ratio  = 040034 ! DERIVATIVE WIND TO BACKSCATTER RATIO [M/S]
(   77)   integer, parameter :: ADM_L2B_bin_classification      = 040036 ! LIDAR L2B CLASSIFICATION TYPE [CODE TABLE 040036]
(   78)   integer, parameter :: ADM_coordinate_label            = 008091 ! COORDINATES SIGNIFICANCE [CODE TABLE 008091]
(   79)   integer, parameter :: ADM_sat_range                   = 040035 ! SATELLITE RANGE [M]
(   80) 
(   81)   !  #]
(   82)   !---------------------------------------------
(   83)   !  #[ some special table C descriptors
(   84)   ! these are needed since we decided some parameter definitions
(   85)   ! must be different from what was submitted to WMO
(   86)   integer, parameter:: DD_add_5_bits_to_data_width = 201133 ! last 3 digits - 128
(   87)   integer, parameter:: DD_add_1_to_scale_factor    = 202129 ! last 3 digits - 128
(   88)   integer, parameter:: DD_add_2_to_scale_factor    = 202130 ! last 3 digits - 128






NVFORTRAN (Version     23.1)          02/24/2023  13:32:56      page 4

(   89)   integer, parameter:: DD_undo_data_width_change   = 201000
(   90)   integer, parameter:: DD_undo_scale_factor_change = 202000
(   91)   !  #]
(   92)   !---------------------------------------------
(   93)   !  #[ table D descriptors
(   94) 
(   95)   !---------------------------------------------
(   96) 
(   97)   integer, parameter :: ADM_L2B_WIND_INFO = 340013 ! L2B
(   98)   ! this defines the sequence:
(   99)   ! 001007 = satellite id number: 48 for ADM Aeolus [CODE TABLE 001007]
(  100)   ! 002019 = instrument id number: 130 for ALADIN   [CODE TABLE 002019]
(  101)   ! 001033 = originating center: 97 for ESA         [CODE TABLE 001033]
(  102)   ! 001034 = orig. subcenter: 98 for ECMWF          [CODE TABLE 001034]
(  103)   ! 004001 = year    of reference date (observation start)
(  104)   ! 004002 = month   of reference date (observation start)
(  105)   ! 004003 = day     of reference date (observation start)
(  106)   ! 004004 = hour    of reference time (observation start)
(  107)   ! 004005 = minute  of reference time (observation start)
(  108)   ! 004007 = seconds of reference time (observation start)
(  109)   ! 005068 = profile id number
(  110)   ! 005070 = wind id number
(  111)   ! 005069 = channel: Mie=0 or Rayleigh=1
(  112)   ! 040036 = bin classification type [CODE TABLE 040036]: Clear=0 or Cloud=1 or ...
(  113)   ! 
(  114)   ! start of obs. block
(  115)   ! 008091 = coordinate label (CODE TABLE 008091) # Start of observation =>2
(  116)   ! 005001 = Latitude [Start]
(  117)   ! 006001 = Longitude [Start]
(  118)   ! 004016 = Timedelta [Start]
(  119)   !
(  120)   ! end of obs. block
(  121)   ! 008091 = coordinate label (CODE TABLE 008091) # End of observation =>3
(  122)   ! 005001 = Latitude [Stop]
(  123)   ! 006001 = Longitude [Stop]
(  124)   ! 004016 = Timedelta [Stop]
(  125) 
(  126)   ! Horizontal Center-of-Gravity of obs. block
(  127)   ! 008091 = coordinate label (CODE TABLE 008091) # Horizontal centre of gravity of observation => 4
(  128)   ! 005001 = Latitude [CoG]
(  129)   ! 006001 = Longitude [CoG]
(  130)   ! 004016 = Timedelta [CoG]
(  131)   !
(  132)   ! Vertical Top of obs.block
(  133)   ! 008091 = coordinate label (CODE TABLE 008091) # Top of the observation => 6
(  134)   ! 007071 = altitude [Top]
(  135)   ! 005021 = azimuth [Top]
(  136)   ! 007021 = elevation [Top]
(  137)   ! 040035 = satellite range [Top]
(  138)   !
(  139)   ! Vertical Bottom of obs.block
(  140)   ! 008091 = coordinate label (CODE TABLE 008091) # Bottom of the observation => 7
(  141)   ! 007071 = altitude [Bottom]
(  142)   ! 005021 = azimuth [Bottom]
(  143)   ! 007021 = elevation [Bottom]
(  144)   ! 040035 = satellite range [Bottom]
(  145)   !
(  146)   ! Vertical Center of Gravity of obs.block






NVFORTRAN (Version     23.1)          02/24/2023  13:32:56      page 5

(  147)   ! 008091 = coordinate label (CODE TABLE 008091) # Vertical centre of gravity of the obs. => 5
(  148)   ! 007071 = altitude [VCoG]
(  149)   ! 005021 = azimuth [VCoG]
(  150)   ! 007021 = elevation [VCoG]
(  151)   ! 040035 = satellite range [VCoG]
(  152)   !
(  153)   ! 040029 = integration length
(  154)   ! 040030 = HLOS Wind_Velocity
(  155)   ! 040031 = HLOS Error Estimate
(  156)   ! 025187 = Validity_Flag: valid=0, invalid=1 [CODE TABLE 025187]
(  157)   ! 010004 = Reference_Pressure
(  158)   ! 012001 = Reference_Temperature
(  159)   ! 040037 = Reference_Backscatter_Ratio
(  160)   ! 040032 = Rayleigh_Wind_to_Pressure
(  161)   ! 040033 = Rayleigh_Wind_to_Temperature
(  162)   ! 040034 = Rayleigh_Wind_to_Backscatter_ratio
(  163) 
(  164)   !  #]
(  165)   !---------------------------------------------
(  166) end module adm_bufr_descr_codes












































NVFORTRAN (Version     23.1)          02/24/2023  13:32:56      page 6

(    1) # 1 "adm_bufr_descr_codes.F90"
(    1) module adm_bufr_descr_codes
(    2)   !  #[ documentation
(    3)   !
(    4)   ! - this module lists all BUFR descriptor codes used by the ADM-Aeolus
(    5)   !   software, and defines them as parameters to provide access
(    6)   !   to them using symbolic names. 
(    7)   !   This makes it much easier to adapt the software when for 
(    8)   !   example descriptor id's get a different value
(    9)   !   (this could happen during the official WMO approval of the template)
(   10)   !   and makes the code much easier to read.
(   11)   !   It also prevents hardcoding these descriptor values in multiple
(   12)   !   places (encoding and decoding), which is always good to enforce
(   13)   !   consistency in the code.
(   14)   !
(   15)   ! Created by J. de Kloe, KNMI
(   16)   !
(   17)   ! Modifications:
(   18)   !   05-Feb-2009 J. de Kloe initial version, inspired on the 
(   19)   !                          EcmwfBufrMod/KnmiBufrMod/WmoBufrMod modules
(   20)   !                          used in the scatterometer software at KNMI 
(   21)   !   19-Mar-2009 J. de Kloe added a few more descriptors
(   22)   !   01-Apr-2009 J. de Kloe add function get_replication_factor()
(   23)   !   23-Apr-2009 J. de Kloe small interface change to adapt to 64-bit 1
(   24)   !   10-Aug-2009 J. de Kloe add some items needed by L2BC_ee2bufr
(   25)   !   27-May-2010 B.Krzeminski   Additional parameters for L2BP v01.50
(   26)   !   20-Mar-2014 J. de Kloe update to new draft for L2B CM BUFR template
(   27)   !   14-May-2014 J. de Kloe add extended delayed replication
(   28)   !   11-Jun-2015 J. de Kloe adapt to changed template
(   29)   !   06-Aug-2015 J. de Kloe adapt to changed template
(   30)   !   08-Sep-2015 J. de Kloe change template again as suggested by Enrico
(   31)   !   15-Jun-2017 J. de Kloe phase out no longer needed L1B items
(   32)   !   21-Mar-2018 J. de Kloe clean-up all old local and L1B clutter
(   33)   !                          and added table C descriptors (modifiers)
(   34)   !
(   35)   !  #]
(   36)   !  #[ modules used
(   37)   use numerics, only: i4_
(   38)   !  #]
(   39)   implicit none
(   40)   !---------------------------------------------
(   41)   !  #[ table B descriptors
(   42) # 43 "adm_bufr_descr_codes.F90"
(   43)   !---------------------------------------------
(   44)   ! general descriptors
(   45)   !                     1234567890123456789012345678901          !
(   46)   integer, parameter :: DD_satellite_identifier         = 001007 ! SATELLITE IDENTIFIER [CODE TABLE 001007]
(   47)   integer, parameter :: DD_id_of_originating_center     = 001033 ! IDENTIFICATION OF ORIGINATING/GENERATING CENTRE [CODE TABLE 001033]
(   48)   integer, parameter :: DD_id_of_originating_subcenter  = 001034 ! IDENTIFICATION OF ORIGINATING/GENERATING SUB-CENTRE [CODE TABLE 001034]
(   49)   integer, parameter :: DD_satellite_instruments        = 002019 ! SATELLITE INSTRUMENTS [CODE TABLE 002019]
(   50)   integer, parameter :: DD_year                         = 004001 ! YEAR
(   51)   integer, parameter :: DD_month                        = 004002 ! MONTH
(   52)   integer, parameter :: DD_day                          = 004003 ! DAY
(   53)   integer, parameter :: DD_hour                         = 004004 ! HOUR
(   54)   integer, parameter :: DD_minute                       = 004005 ! MINUTE
(   55)   integer, parameter :: DD_seconds_within_a_minute      = 004007 ! SECONDS WITHIN A MINUTE (MICROSECOND ACCURACY) [SECOND]
(   56)   integer, parameter :: DD_time_increment               = 004016 ! TIME INCREMENT [SECOND]
(   57)   integer, parameter :: DD_latitude_high_accuracy       = 005001 ! LATITUDE (HIGH ACCURACY) [DEGREE]






NVFORTRAN (Version     23.1)          02/24/2023  13:32:56      page 7

(   58)   integer, parameter :: DD_bearing_or_azimuth           = 005021 ! BEARING OR AZIMUTH [DEGREE TRUE]
(   59)   integer, parameter :: DD_profile_id                   = 005068 ! PROFILE ID NUMBER [NUMERIC]
(   60)   integer, parameter :: DD_wind_id                      = 005070 ! OBSERVATION IDENTIFIER [NUMERIC]
(   61)   integer, parameter :: DD_longitude_high_accuracy      = 006001 ! LONGITUDE (HIGH ACCURACY) [DEGREE]
(   62)   integer, parameter :: DD_elevation                    = 007021 ! ELEVATION (SEE NOTE 2) [DEGREE]
(   63)   integer, parameter :: DD_altitude                     = 007071 ! HEIGHT (HIGH RESOLUTION) [M]
(   64)   integer, parameter :: DD_pressure                     = 010004 ! PRESSURE [PA]
(   65)   integer, parameter :: DD_temperature                  = 012001 ! TEMPERATURE/DRY-BULB TEMPERATURE [K]
(   66) # 67 "adm_bufr_descr_codes.F90"
(   67)   ! ADM related descriptors
(   68)   integer, parameter :: ADM_receiver_channel            = 005069 ! ADM RECEIVER CHANNEL [CODE TABLE 005237]
(   69)   integer, parameter :: ADM_backscatter_ratio           = 040037 ! BACKSCATTER RATIO [UNITLESS]
(   70)   integer, parameter :: ADM_bin_integration_length      = 040029 ! HORIZONTAL OBSERVATION INTEGRATION LENGTH [M]
(   71)   integer, parameter :: ADM_hlos_velocity               = 040030 ! HORIZONTAL LINE OF SIGHT WIND [M/S]
(   72)   integer, parameter :: ADM_hlos_velocity_error         = 040031 ! ERROR ESTIMATE OF HORIZONTAL LINE OF SIGHT WIND [M/S]
(   73)   integer, parameter :: ADM_wind_validity_code          = 025187 ! ADM WIND VALIDITY CODE [CODE TABLE]
(   74)   integer, parameter :: ADM_deriv_wind_to_pressure      = 040032 ! DERIVATIVE WIND TO PRESSURE [M/S/PA]
(   75)   integer, parameter :: ADM_deriv_wind_to_temperature   = 040033 ! DERIVATIVE WIND TO TEMPERATURE [M/S/K]
(   76)   integer, parameter :: ADM_deriv_wind_to_backsc_ratio  = 040034 ! DERIVATIVE WIND TO BACKSCATTER RATIO [M/S]
(   77)   integer, parameter :: ADM_L2B_bin_classification      = 040036 ! LIDAR L2B CLASSIFICATION TYPE [CODE TABLE 040036]
(   78)   integer, parameter :: ADM_coordinate_label            = 008091 ! COORDINATES SIGNIFICANCE [CODE TABLE 008091]
(   79)   integer, parameter :: ADM_sat_range                   = 040035 ! SATELLITE RANGE [M]
(   80) # 81 "adm_bufr_descr_codes.F90"
(   81)   !  #]
(   82)   !---------------------------------------------
(   83)   !  #[ some special table C descriptors
(   84)   ! these are needed since we decided some parameter definitions
(   85)   ! must be different from what was submitted to WMO
(   86)   integer, parameter:: DD_add_5_bits_to_data_width = 201133 ! last 3 digits - 128
(   87)   integer, parameter:: DD_add_1_to_scale_factor    = 202129 ! last 3 digits - 128
(   88)   integer, parameter:: DD_add_2_to_scale_factor    = 202130 ! last 3 digits - 128
(   89)   integer, parameter:: DD_undo_data_width_change   = 201000
(   90)   integer, parameter:: DD_undo_scale_factor_change = 202000
(   91)   !  #]
(   92)   !---------------------------------------------
(   93)   !  #[ table D descriptors
(   94) # 95 "adm_bufr_descr_codes.F90"
(   95)   !---------------------------------------------
(   96) # 97 "adm_bufr_descr_codes.F90"
(   97)   integer, parameter :: ADM_L2B_WIND_INFO = 340013 ! L2B
(   98)   ! this defines the sequence:
(   99)   ! 001007 = satellite id number: 48 for ADM Aeolus [CODE TABLE 001007]
(  100)   ! 002019 = instrument id number: 130 for ALADIN   [CODE TABLE 002019]
(  101)   ! 001033 = originating center: 97 for ESA         [CODE TABLE 001033]
(  102)   ! 001034 = orig. subcenter: 98 for ECMWF          [CODE TABLE 001034]
(  103)   ! 004001 = year    of reference date (observation start)
(  104)   ! 004002 = month   of reference date (observation start)
(  105)   ! 004003 = day     of reference date (observation start)
(  106)   ! 004004 = hour    of reference time (observation start)
(  107)   ! 004005 = minute  of reference time (observation start)
(  108)   ! 004007 = seconds of reference time (observation start)
(  109)   ! 005068 = profile id number
(  110)   ! 005070 = wind id number
(  111)   ! 005069 = channel: Mie=0 or Rayleigh=1
(  112)   ! 040036 = bin classification type [CODE TABLE 040036]: Clear=0 or Cloud=1 or ...
(  113)   ! 
(  114)   ! start of obs. block
(  115)   ! 008091 = coordinate label (CODE TABLE 008091) # Start of observation =>2






NVFORTRAN (Version     23.1)          02/24/2023  13:32:56      page 8

(  116)   ! 005001 = Latitude [Start]
(  117)   ! 006001 = Longitude [Start]
(  118)   ! 004016 = Timedelta [Start]
(  119)   !
(  120)   ! end of obs. block
(  121)   ! 008091 = coordinate label (CODE TABLE 008091) # End of observation =>3
(  122)   ! 005001 = Latitude [Stop]
(  123)   ! 006001 = Longitude [Stop]
(  124)   ! 004016 = Timedelta [Stop]
(  125) # 126 "adm_bufr_descr_codes.F90"
(  126)   ! Horizontal Center-of-Gravity of obs. block
(  127)   ! 008091 = coordinate label (CODE TABLE 008091) # Horizontal centre of gravity of observation => 4
(  128)   ! 005001 = Latitude [CoG]
(  129)   ! 006001 = Longitude [CoG]
(  130)   ! 004016 = Timedelta [CoG]
(  131)   !
(  132)   ! Vertical Top of obs.block
(  133)   ! 008091 = coordinate label (CODE TABLE 008091) # Top of the observation => 6
(  134)   ! 007071 = altitude [Top]
(  135)   ! 005021 = azimuth [Top]
(  136)   ! 007021 = elevation [Top]
(  137)   ! 040035 = satellite range [Top]
(  138)   !
(  139)   ! Vertical Bottom of obs.block
(  140)   ! 008091 = coordinate label (CODE TABLE 008091) # Bottom of the observation => 7
(  141)   ! 007071 = altitude [Bottom]
(  142)   ! 005021 = azimuth [Bottom]
(  143)   ! 007021 = elevation [Bottom]
(  144)   ! 040035 = satellite range [Bottom]
(  145)   !
(  146)   ! Vertical Center of Gravity of obs.block
(  147)   ! 008091 = coordinate label (CODE TABLE 008091) # Vertical centre of gravity of the obs. => 5
(  148)   ! 007071 = altitude [VCoG]
(  149)   ! 005021 = azimuth [VCoG]
(  150)   ! 007021 = elevation [VCoG]
(  151)   ! 040035 = satellite range [VCoG]
(  152)   !
(  153)   ! 040029 = integration length
(  154)   ! 040030 = HLOS Wind_Velocity
(  155)   ! 040031 = HLOS Error Estimate
(  156)   ! 025187 = Validity_Flag: valid=0, invalid=1 [CODE TABLE 025187]
(  157)   ! 010004 = Reference_Pressure
(  158)   ! 012001 = Reference_Temperature
(  159)   ! 040037 = Reference_Backscatter_Ratio
(  160)   ! 040032 = Rayleigh_Wind_to_Pressure
(  161)   ! 040033 = Rayleigh_Wind_to_Temperature
(  162)   ! 040034 = Rayleigh_Wind_to_Backscatter_ratio
(  163) # 164 "adm_bufr_descr_codes.F90"
(  164)   !  #]
(  165)   !---------------------------------------------
(  166) end module adm_bufr_descr_codes
