


NVFORTRAN (Version     23.1)          02/24/2023  13:30:32      page 1

Switches: -noasm -nodclchk -debug -nodlines -line -list
          -idir .D[1]
          -idir .D[2]
          -idir .D[3]
          -idir .D[4]
          -idir .D[5]
          -idir .D[6]
          -idir .D[7]
          -idir .D[8]
          -idir .D[9]
          -idir .D[10]
          -idir .D[11]
          -idir .D[12]
          -idir .D[13]
          -idir .D[14]
          -idir .D[15]
          -idir .D[16]
          -idir .D[17]
          -idir .D[18]
          -idir .D[19]
          -idir .D[20]
          -idir .D[21]
          -idir .D[22]
          -idir .D[23]
          -idir .D[24]
          -idir .D[25]
          -idir .D[26]
          -idir .D[27]
          -idir .D[28]
          -idir .D[29]
          -idir .D[30]
          -idir .D[31]
          -idir .D[32]
          -idir .D[33]
          -idir .D[34]
          -idir .D[35]
          -idir .D[36]
          -idir .D[37]
          -idir .D[38]
          -idir .D[39]
          -idir .D[40]
          -idir .D[41]
          -idir .D[42]
          -idir .D[43]
          -idir .D[44]
          -idir .D[45]
          -idir .D[46]
          -idir .D[47]
          -idir .D[48]
          -idir .D[49]
          -idir .D[50]
          -idir .D[51]
          -idir .D[52]
          -idir .D[53]
          -idir .D[54]
          -idir .D[55]
          -idir .D[56]
          -idir .D[57]






NVFORTRAN (Version     23.1)          02/24/2023  13:30:32      page 2

          -idir .D[58]
          -idir .D[59]
          -idir .D[60]
          -idir .D[61]
          -idir .D[62]
          -idir .D[63]
          -idir .D[64]
          -idir .D[65]
          -idir .D[66]
          -idir .D[67]
          -idir .D[68]
          -idir .D[69]
          -idir .D[70]
          -idir .D[71]
          -idir .D[72]
          -idir .D[73]
          -idir .D[74]
          -idir .D[75]
          -idir .D[76]
          -idir .D[77]
          -idir .D[78]
          -idir /opt/softs/nvidia/hpc_sdk/Linux_x86_64/23.1/comm_libs/openmpi/openmpi-3.1.5/include
          -idir /opt/softs/nvidia/hpc_sdk/Linux_x86_64/23.1/comm_libs/openmpi/openmpi-3.1.5/lib
          -inform severe -opt 0 -nosave -object -noonetrip
          -depchk on -nostandard     
          -symbol -noupcase    

Filename: bufr_ee_code_tables.F90

(    1) module bufr_ee_code_tables
(    2)   !  #[ Documentation
(    3)   !
(    4)   ! a module to define code and flag tables used by the ADM
(    5)   ! Aeolus BUFR templates (L1B, L2B and L2C)
(    6)   !
(    7)   ! NOTE: these will be defined in table C, but since this generating,
(    8)   ! and reading of this table is not yet implemented, we use these
(    9)   ! hardcoded constants for now.
(   10)   !
(   11)   ! Written by: J. de Kloe, KNMI
(   12)   !
(   13)   ! Modifications:
(   14)   ! 06-Aug-2009 J. de Kloe  Initial version
(   15)   ! 11-Aug-2009 J. de Kloe  Added some L2B specific flag tables
(   16)   ! 11-Jun-2015 J. de Kloe  update to changed template
(   17)   ! 06-Aug-2015 J. de Kloe  update to changed template
(   18)   ! 23-Jun-2017 J. de Kloe  some clean-ups
(   19)   ! 12-Mar-2018 M. Rennie   Change BCODE_SATID to WMO value
(   20)   ! 10-Jan-2019 J. de Kloe  add class. type L2B_CLASS_NOT_CLASSIFIED
(   21)   !
(   22)   !  #]
(   23)   !  #[ Parameter definitions (code tables)
(   24)   implicit none
(   25) 
(   26)   ! from CODE TABLE 001007 (satellite id)
(   27)   integer, parameter :: BCODE_SATID      =  48 ! Aeolus
(   28)   ! from CODE TABLE 002019 (instrument id sat. instruments)
(   29)   integer, parameter :: BCODE_INSTRUMENT =  130 ! ALADIN
(   30)   ! from CODE TABLE 001033 (originating center; see also below)






NVFORTRAN (Version     23.1)          02/24/2023  13:30:32      page 3

(   31)   integer, parameter :: BCODE_CENTRE     =   98 ! ECMWF
(   32)   ! from CODE TABLE 001034 (originating subcenter)
(   33)   integer, parameter :: BCODE_SUBCENTRE  =    0 ! L2B processing facility
(   34) 
(   35)   ! no longer or not yet used
(   36)   ! id of originating/generating center: CODE TABLE 001033
(   37)   ! items used from this table (only 3 out of 234 possibilities):
(   38)   !integer, parameter :: ORIG_CENTRE_KNMI  = 33
(   39)   !integer, parameter :: ORIG_CENTRE_ESA   = 97
(   40)   !integer, parameter :: ORIG_CENTRE_ECMWF = 98
(   41) 
(   42)   ! no longer or not yet used
(   43)   ! id of originating/generating subcenter: CODE TABLE 001034
(   44)   ! items used from this table (only 1 out of 178 possibilities):
(   45)   !integer, parameter :: ORIG_SUBCENTRE_KNMI  = 33
(   46)   
(   47)   ! from CODE TABLE 005069 (ADM RECEIVER CHANNEL)
(   48)   integer, parameter :: BCODE_CHANNEL_MIE     = 0 ! Mie
(   49)   integer, parameter :: BCODE_CHANNEL_RAY     = 1 ! Rayleigh
(   50)   ! 2  Reserved
(   51)   integer, parameter :: BCODE_CHANNEL_MISSING = 3 ! Missing
(   52) 
(   53)   ! from CODE TABLE 008091 (COORDINATES SIGNIFICANCE)
(   54)   integer, parameter :: L2B_COORD_SAT_COORD     = 0 !  Satellite coordinates
(   55)   integer, parameter :: L2B_COORD_OBS_COORD     = 1 !  Observations coordinates
(   56)   integer, parameter :: L2B_COORD_START_OF_OBS  = 2 !  Start of observation
(   57)   integer, parameter :: L2B_COORD_END_OF_OBS    = 3 !  End of observation
(   58)   integer, parameter :: L2B_COORD_HCOG_OF_OBS   = 4 !  Centre of gravity of obs.
(   59)   integer, parameter :: L2B_COORD_VCOG_OF_OBS   = 5 !  Vertical CoG of obs.
(   60)   integer, parameter :: L2B_COORD_TOP_OF_OBS    = 6 !  Top of the observation
(   61)   integer, parameter :: L2B_COORD_BOTTOM_OF_OBS = 7 !  Bottom of the observation
(   62)   ! 8-254    Reserved
(   63)   integer, parameter :: L2B_COORD_Missing       = 255 ! Missing value
(   64)   
(   65)   
(   66)   ! from CODE TABLE 025187 (CONFIDENCE FLAG)
(   67)   integer, parameter :: L2B_WIND_VALID      = 0
(   68)   integer, parameter :: L2B_WIND_INVALID    = 1
(   69)   ! 2-14 Reserved
(   70)   integer, parameter :: L2B_WIND_MISSING    = 15
(   71) 
(   72)   ! from CODE TABLE 040036 (LIDAR L2B CLASSIFICATION TYPE)
(   73)   integer, parameter :: L2B_CLASS_CLEAR             =   0
(   74)   integer, parameter :: L2B_CLASS_CLOUD             =   1
(   75)   integer, parameter :: L2B_CLASS_NOT_CLASSIFIED    =   2
(   76)   ! 2-14 Reserved
(   77)   integer, parameter :: L2B_CLASS_MISSING           =   15
(   78) 
(   79)   !  #]
(   80) end module bufr_ee_code_tables














NVFORTRAN (Version     23.1)          02/24/2023  13:30:32      page 4

(    1) # 1 "bufr_ee_code_tables.F90"
(    1) module bufr_ee_code_tables
(    2)   !  #[ Documentation
(    3)   !
(    4)   ! a module to define code and flag tables used by the ADM
(    5)   ! Aeolus BUFR templates (L1B, L2B and L2C)
(    6)   !
(    7)   ! NOTE: these will be defined in table C, but since this generating,
(    8)   ! and reading of this table is not yet implemented, we use these
(    9)   ! hardcoded constants for now.
(   10)   !
(   11)   ! Written by: J. de Kloe, KNMI
(   12)   !
(   13)   ! Modifications:
(   14)   ! 06-Aug-2009 J. de Kloe  Initial version
(   15)   ! 11-Aug-2009 J. de Kloe  Added some L2B specific flag tables
(   16)   ! 11-Jun-2015 J. de Kloe  update to changed template
(   17)   ! 06-Aug-2015 J. de Kloe  update to changed template
(   18)   ! 23-Jun-2017 J. de Kloe  some clean-ups
(   19)   ! 12-Mar-2018 M. Rennie   Change BCODE_SATID to WMO value
(   20)   ! 10-Jan-2019 J. de Kloe  add class. type L2B_CLASS_NOT_CLASSIFIED
(   21)   !
(   22)   !  #]
(   23)   !  #[ Parameter definitions (code tables)
(   24)   implicit none
(   25) # 26 "bufr_ee_code_tables.F90"
(   26)   ! from CODE TABLE 001007 (satellite id)
(   27)   integer, parameter :: BCODE_SATID      =  48 ! Aeolus
(   28)   ! from CODE TABLE 002019 (instrument id sat. instruments)
(   29)   integer, parameter :: BCODE_INSTRUMENT =  130 ! ALADIN
(   30)   ! from CODE TABLE 001033 (originating center; see also below)
(   31)   integer, parameter :: BCODE_CENTRE     =   98 ! ECMWF
(   32)   ! from CODE TABLE 001034 (originating subcenter)
(   33)   integer, parameter :: BCODE_SUBCENTRE  =    0 ! L2B processing facility
(   34) # 35 "bufr_ee_code_tables.F90"
(   35)   ! no longer or not yet used
(   36)   ! id of originating/generating center: CODE TABLE 001033
(   37)   ! items used from this table (only 3 out of 234 possibilities):
(   38)   !integer, parameter :: ORIG_CENTRE_KNMI  = 33
(   39)   !integer, parameter :: ORIG_CENTRE_ESA   = 97
(   40)   !integer, parameter :: ORIG_CENTRE_ECMWF = 98
(   41) # 42 "bufr_ee_code_tables.F90"
(   42)   ! no longer or not yet used
(   43)   ! id of originating/generating subcenter: CODE TABLE 001034
(   44)   ! items used from this table (only 1 out of 178 possibilities):
(   45)   !integer, parameter :: ORIG_SUBCENTRE_KNMI  = 33
(   46)   
(   47)   ! from CODE TABLE 005069 (ADM RECEIVER CHANNEL)
(   48)   integer, parameter :: BCODE_CHANNEL_MIE     = 0 ! Mie
(   49)   integer, parameter :: BCODE_CHANNEL_RAY     = 1 ! Rayleigh
(   50)   ! 2  Reserved
(   51)   integer, parameter :: BCODE_CHANNEL_MISSING = 3 ! Missing
(   52) # 53 "bufr_ee_code_tables.F90"
(   53)   ! from CODE TABLE 008091 (COORDINATES SIGNIFICANCE)
(   54)   integer, parameter :: L2B_COORD_SAT_COORD     = 0 !  Satellite coordinates
(   55)   integer, parameter :: L2B_COORD_OBS_COORD     = 1 !  Observations coordinates
(   56)   integer, parameter :: L2B_COORD_START_OF_OBS  = 2 !  Start of observation
(   57)   integer, parameter :: L2B_COORD_END_OF_OBS    = 3 !  End of observation






NVFORTRAN (Version     23.1)          02/24/2023  13:30:32      page 5

(   58)   integer, parameter :: L2B_COORD_HCOG_OF_OBS   = 4 !  Centre of gravity of obs.
(   59)   integer, parameter :: L2B_COORD_VCOG_OF_OBS   = 5 !  Vertical CoG of obs.
(   60)   integer, parameter :: L2B_COORD_TOP_OF_OBS    = 6 !  Top of the observation
(   61)   integer, parameter :: L2B_COORD_BOTTOM_OF_OBS = 7 !  Bottom of the observation
(   62)   ! 8-254    Reserved
(   63)   integer, parameter :: L2B_COORD_Missing       = 255 ! Missing value
(   64)   
(   65)   
(   66)   ! from CODE TABLE 025187 (CONFIDENCE FLAG)
(   67)   integer, parameter :: L2B_WIND_VALID      = 0
(   68)   integer, parameter :: L2B_WIND_INVALID    = 1
(   69)   ! 2-14 Reserved
(   70)   integer, parameter :: L2B_WIND_MISSING    = 15
(   71) # 72 "bufr_ee_code_tables.F90"
(   72)   ! from CODE TABLE 040036 (LIDAR L2B CLASSIFICATION TYPE)
(   73)   integer, parameter :: L2B_CLASS_CLEAR             =   0
(   74)   integer, parameter :: L2B_CLASS_CLOUD             =   1
(   75)   integer, parameter :: L2B_CLASS_NOT_CLASSIFIED    =   2
(   76)   ! 2-14 Reserved
(   77)   integer, parameter :: L2B_CLASS_MISSING           =   15
(   78) # 79 "bufr_ee_code_tables.F90"
(   79)   !  #]
(   80) end module bufr_ee_code_tables
