


NVFORTRAN (Version     23.1)          02/24/2023  13:54:27      page 1

Switches: -noasm -nodclchk -debug -nodlines -line -list
          -idir .D[1]
          -idir .D[2]
          -idir .D[3]
          -idir .D[4]
          -idir .D[5]
          -idir .D[6]
          -idir .D[7]
          -idir .D[8]
          -idir .D[9]
          -idir .D[10]
          -idir .D[11]
          -idir .D[12]
          -idir .D[13]
          -idir .D[14]
          -idir .D[15]
          -idir .D[16]
          -idir .D[17]
          -idir .D[18]
          -idir .D[19]
          -idir .D[20]
          -idir .D[21]
          -idir .D[22]
          -idir .D[23]
          -idir .D[24]
          -idir .D[25]
          -idir .D[26]
          -idir .D[27]
          -idir .D[28]
          -idir .D[29]
          -idir .D[30]
          -idir .D[31]
          -idir .D[32]
          -idir .D[33]
          -idir .D[34]
          -idir .D[35]
          -idir .D[36]
          -idir .D[37]
          -idir .D[38]
          -idir .D[39]
          -idir .D[40]
          -idir .D[41]
          -idir .D[42]
          -idir .D[43]
          -idir .D[44]
          -idir .D[45]
          -idir .D[46]
          -idir .D[47]
          -idir .D[48]
          -idir .D[49]
          -idir .D[50]
          -idir .D[51]
          -idir .D[52]
          -idir .D[53]
          -idir .D[54]
          -idir .D[55]
          -idir .D[56]
          -idir .D[57]






NVFORTRAN (Version     23.1)          02/24/2023  13:54:27      page 2

          -idir .D[58]
          -idir .D[59]
          -idir .D[60]
          -idir .D[61]
          -idir .D[62]
          -idir .D[63]
          -idir .D[64]
          -idir .D[65]
          -idir .D[66]
          -idir .D[67]
          -idir .D[68]
          -idir .D[69]
          -idir .D[70]
          -idir .D[71]
          -idir .D[72]
          -idir .D[73]
          -idir .D[74]
          -idir .D[75]
          -idir .D[76]
          -idir .D[77]
          -idir .D[78]
          -idir /opt/softs/nvidia/hpc_sdk/Linux_x86_64/23.1/comm_libs/openmpi/openmpi-3.1.5/include
          -idir /opt/softs/nvidia/hpc_sdk/Linux_x86_64/23.1/comm_libs/openmpi/openmpi-3.1.5/lib
          -inform severe -opt 0 -nosave -object -noonetrip
          -depchk on -nostandard     
          -symbol -noupcase    

Filename: abcoefs.F90

(    1) 
(    2) subroutine abcoefs
(    3) 
(    4) !************* LICENSE START *****************
(    5) !
(    6) ! Copyright 2015 Marat Khairoutdinov 
(    7) ! School of Marine & Atmospheric Sciences
(    8) ! Stony Brook University
(    9) ! This software is distributed under the terms of
(   10) ! the Apache License version 2.0.
(   11) !
(   12) !************** LICENSE END ******************
(   13) 
(   14) !      coefficients for the Adams-Bashforth scheme
(   15) 
(   16) use grid 
(   17) use real_size
(   18) 
(   19) implicit none
(   20) 
(   21) real(RR) alpha, beta
(   22) 
(   23) if(nstep.ge.3.and.nadams.eq.3.or.nrestart.eq.2) then
(   24)   alpha = dt3(nb) / dt3(na)
(   25)   beta = dt3(nc) / dt3(na)
(   26)   ct = (2.+3.* alpha) / (6.* (alpha + beta) * beta)
(   27)   bt = -(1.+2.*(alpha + beta) * ct)/(2. * alpha)
(   28)   at = 1. - bt - ct
(   29) else if(nstep.ge.2) then
(   30)   at = 3./2.






NVFORTRAN (Version     23.1)          02/24/2023  13:54:27      page 3

(   31)   bt = -1./2.
(   32)   ct = 0.
(   33) else
(   34)   at = 1.
(   35)   bt = 0.
(   36)   ct = 0.
(   37) end if
(   38) 
(   39) end subroutine abcoefs























































NVFORTRAN (Version     23.1)          02/24/2023  13:54:27      page 4

(    1) # 1 "abcoefs.F90"
(    1) # 2 "abcoefs.F90"
(    2) subroutine abcoefs
(    3) # 4 "abcoefs.F90"
(    4) !************* LICENSE START *****************
(    5) !
(    6) ! Copyright 2015 Marat Khairoutdinov 
(    7) ! School of Marine & Atmospheric Sciences
(    8) ! Stony Brook University
(    9) ! This software is distributed under the terms of
(   10) ! the Apache License version 2.0.
(   11) !
(   12) !************** LICENSE END ******************
(   13) # 14 "abcoefs.F90"
(   14) !      coefficients for the Adams-Bashforth scheme
(   15) # 16 "abcoefs.F90"
(   16) use grid 
(   17) use real_size
(   18) # 19 "abcoefs.F90"
(   19) implicit none
(   20) # 21 "abcoefs.F90"
(   21) real(RR) alpha, beta
(   22) # 23 "abcoefs.F90"
(   23) if(nstep.ge.3.and.nadams.eq.3.or.nrestart.eq.2) then
(   24)   alpha = dt3(nb) / dt3(na)
(   25)   beta = dt3(nc) / dt3(na)
(   26)   ct = (2.+3.* alpha) / (6.* (alpha + beta) * beta)
(   27)   bt = -(1.+2.*(alpha + beta) * ct)/(2. * alpha)
(   28)   at = 1. - bt - ct
(   29) else if(nstep.ge.2) then
(   30)   at = 3./2.
(   31)   bt = -1./2.
(   32)   ct = 0.
(   33) else
(   34)   at = 1.
(   35)   bt = 0.
(   36)   ct = 0.
(   37) end if
(   38) # 39 "abcoefs.F90"
(   39) end subroutine abcoefs
