


NVFORTRAN (Version     23.1)          02/24/2023  13:57:35      page 1

Switches: -noasm -nodclchk -debug -nodlines -line -list
          -idir .D[1]
          -idir .D[2]
          -idir .D[3]
          -idir .D[4]
          -idir .D[5]
          -idir .D[6]
          -idir .D[7]
          -idir .D[8]
          -idir .D[9]
          -idir .D[10]
          -idir .D[11]
          -idir .D[12]
          -idir .D[13]
          -idir .D[14]
          -idir .D[15]
          -idir .D[16]
          -idir .D[17]
          -idir .D[18]
          -idir .D[19]
          -idir .D[20]
          -idir .D[21]
          -idir .D[22]
          -idir .D[23]
          -idir .D[24]
          -idir .D[25]
          -idir .D[26]
          -idir .D[27]
          -idir .D[28]
          -idir .D[29]
          -idir .D[30]
          -idir .D[31]
          -idir .D[32]
          -idir .D[33]
          -idir .D[34]
          -idir .D[35]
          -idir .D[36]
          -idir .D[37]
          -idir .D[38]
          -idir .D[39]
          -idir .D[40]
          -idir .D[41]
          -idir .D[42]
          -idir .D[43]
          -idir .D[44]
          -idir .D[45]
          -idir .D[46]
          -idir .D[47]
          -idir .D[48]
          -idir .D[49]
          -idir .D[50]
          -idir .D[51]
          -idir .D[52]
          -idir .D[53]
          -idir .D[54]
          -idir .D[55]
          -idir .D[56]
          -idir .D[57]






NVFORTRAN (Version     23.1)          02/24/2023  13:57:35      page 2

          -idir .D[58]
          -idir .D[59]
          -idir .D[60]
          -idir .D[61]
          -idir .D[62]
          -idir .D[63]
          -idir .D[64]
          -idir .D[65]
          -idir .D[66]
          -idir .D[67]
          -idir .D[68]
          -idir .D[69]
          -idir .D[70]
          -idir .D[71]
          -idir .D[72]
          -idir .D[73]
          -idir .D[74]
          -idir .D[75]
          -idir .D[76]
          -idir .D[77]
          -idir .D[78]
          -idir /opt/softs/nvidia/hpc_sdk/Linux_x86_64/23.1/comm_libs/openmpi/openmpi-3.1.5/include
          -idir /opt/softs/nvidia/hpc_sdk/Linux_x86_64/23.1/comm_libs/openmpi/openmpi-3.1.5/lib
          -inform severe -opt 0 -nosave -object -noonetrip
          -depchk on -nostandard     
          -symbol -noupcase    

Filename: adams.F90

(    1) 
(    2) subroutine adams
(    3) 
(    4) !************* LICENSE START *****************
(    5) !
(    6) ! Copyright 2015 Marat Khairoutdinov 
(    7) ! School of Marine & Atmospheric Sciences
(    8) ! Stony Brook University
(    9) ! This software is distributed under the terms of
(   10) ! the Apache License version 2.0.
(   11) !
(   12) !************** LICENSE END ******************
(   13) 
(   14) !       Adams-Bashforth scheme
(   15) 
(   16) use vars
(   17) use real_size
(   18) 
(   19) implicit none
(   20) 
(   21) real(RR) dtdx, dtdy, dtdz, rhox, rhoy, rhoz
(   22) integer i,j,k
(   23) 
(   24) dtdx = dtn/dx
(   25) dtdy = dtn/dy
(   26) dtdz = dtn/dz
(   27) 
(   28) do k=1,nzm 
(   29)   rhox = rho(k)*dtdx  
(   30)   rhoy = rho(k)*dtdy  






NVFORTRAN (Version     23.1)          02/24/2023  13:57:35      page 3

(   31)   rhoz = rhow(k)*dtdz  
(   32)   do j=1,ny
(   33)    do i=1,nx
(   34)   
(   35)      dudt(i,j,k,nc) = u(i,j,k) + dt3(na) & 
(   36)               *(at*dudt(i,j,k,na)+bt*dudt(i,j,k,nb)+ct*dudt(i,j,k,nc))
(   37) 
(   38)      dvdt(i,j,k,nc) = v(i,j,k) + dt3(na) &
(   39)               *(at*dvdt(i,j,k,na)+bt*dvdt(i,j,k,nb)+ct*dvdt(i,j,k,nc))
(   40) 
(   41)      dwdt(i,j,k,nc) = w(i,j,k) + dt3(na) &
(   42)               *(at*dwdt(i,j,k,na)+bt*dwdt(i,j,k,nb)+ct*dwdt(i,j,k,nc))
(   43)      
(   44)      u(i,j,k) = 0.5*(u(i,j,k)+dudt(i,j,k,nc)) * rhox
(   45)      v(i,j,k) = 0.5*(v(i,j,k)+dvdt(i,j,k,nc)) * rhoy
(   46)      misc(i,j,k) = 0.5*(w(i,j,k)+dwdt(i,j,k,nc)) 
(   47)      w(i,j,k) = 0.5*(w(i,j,k)+dwdt(i,j,k,nc)) * rhoz
(   48) 
(   49) 
(   50)    end do 
(   51)   end do 
(   52) end do 
(   53) 
(   54) end subroutine adams
(   55) 
(   56) 	






































NVFORTRAN (Version     23.1)          02/24/2023  13:57:35      page 4

(    1) # 1 "adams.F90"
(    1) # 2 "adams.F90"
(    2) subroutine adams
(    3) # 4 "adams.F90"
(    4) !************* LICENSE START *****************
(    5) !
(    6) ! Copyright 2015 Marat Khairoutdinov 
(    7) ! School of Marine & Atmospheric Sciences
(    8) ! Stony Brook University
(    9) ! This software is distributed under the terms of
(   10) ! the Apache License version 2.0.
(   11) !
(   12) !************** LICENSE END ******************
(   13) # 14 "adams.F90"
(   14) !       Adams-Bashforth scheme
(   15) # 16 "adams.F90"
(   16) use vars
(   17) use real_size
(   18) # 19 "adams.F90"
(   19) implicit none
(   20) # 21 "adams.F90"
(   21) real(RR) dtdx, dtdy, dtdz, rhox, rhoy, rhoz
(   22) integer i,j,k
(   23) # 24 "adams.F90"
(   24) dtdx = dtn/dx
(   25) dtdy = dtn/dy
(   26) dtdz = dtn/dz
(   27) # 28 "adams.F90"
(   28) do k=1,nzm 
(   29)   rhox = rho(k)*dtdx  
(   30)   rhoy = rho(k)*dtdy  
(   31)   rhoz = rhow(k)*dtdz  
(   32)   do j=1,ny
(   33)    do i=1,nx
(   34)   
(   35)      dudt(i,j,k,nc) = u(i,j,k) + dt3(na) & 
(   36)               *(at*dudt(i,j,k,na)+bt*dudt(i,j,k,nb)+ct*dudt(i,j,k,nc))
(   37) # 38 "adams.F90"
(   38)      dvdt(i,j,k,nc) = v(i,j,k) + dt3(na) &
(   39)               *(at*dvdt(i,j,k,na)+bt*dvdt(i,j,k,nb)+ct*dvdt(i,j,k,nc))
(   40) # 41 "adams.F90"
(   41)      dwdt(i,j,k,nc) = w(i,j,k) + dt3(na) &
(   42)               *(at*dwdt(i,j,k,na)+bt*dwdt(i,j,k,nb)+ct*dwdt(i,j,k,nc))
(   43)      
(   44)      u(i,j,k) = 0.5*(u(i,j,k)+dudt(i,j,k,nc)) * rhox
(   45)      v(i,j,k) = 0.5*(v(i,j,k)+dvdt(i,j,k,nc)) * rhoy
(   46)      misc(i,j,k) = 0.5*(w(i,j,k)+dwdt(i,j,k,nc)) 
(   47)      w(i,j,k) = 0.5*(w(i,j,k)+dwdt(i,j,k,nc)) * rhoz
(   48) # 50 "adams.F90"
(   50)    end do 
(   51)   end do 
(   52) end do 
(   53) # 54 "adams.F90"
(   54) end subroutine adams
(   55) # 56 "adams.F90"
(   56) 	
