


NVFORTRAN (Version     23.1)          02/24/2023  13:57:56      page 1

Switches: -noasm -nodclchk -debug -nodlines -line -list
          -idir .D[1]
          -idir .D[2]
          -idir .D[3]
          -idir .D[4]
          -idir .D[5]
          -idir .D[6]
          -idir .D[7]
          -idir .D[8]
          -idir .D[9]
          -idir .D[10]
          -idir .D[11]
          -idir .D[12]
          -idir .D[13]
          -idir .D[14]
          -idir .D[15]
          -idir .D[16]
          -idir .D[17]
          -idir .D[18]
          -idir .D[19]
          -idir .D[20]
          -idir .D[21]
          -idir .D[22]
          -idir .D[23]
          -idir .D[24]
          -idir .D[25]
          -idir .D[26]
          -idir .D[27]
          -idir .D[28]
          -idir .D[29]
          -idir .D[30]
          -idir .D[31]
          -idir .D[32]
          -idir .D[33]
          -idir .D[34]
          -idir .D[35]
          -idir .D[36]
          -idir .D[37]
          -idir .D[38]
          -idir .D[39]
          -idir .D[40]
          -idir .D[41]
          -idir .D[42]
          -idir .D[43]
          -idir .D[44]
          -idir .D[45]
          -idir .D[46]
          -idir .D[47]
          -idir .D[48]
          -idir .D[49]
          -idir .D[50]
          -idir .D[51]
          -idir .D[52]
          -idir .D[53]
          -idir .D[54]
          -idir .D[55]
          -idir .D[56]
          -idir .D[57]






NVFORTRAN (Version     23.1)          02/24/2023  13:57:56      page 2

          -idir .D[58]
          -idir .D[59]
          -idir .D[60]
          -idir .D[61]
          -idir .D[62]
          -idir .D[63]
          -idir .D[64]
          -idir .D[65]
          -idir .D[66]
          -idir .D[67]
          -idir .D[68]
          -idir .D[69]
          -idir .D[70]
          -idir .D[71]
          -idir .D[72]
          -idir .D[73]
          -idir .D[74]
          -idir .D[75]
          -idir .D[76]
          -idir .D[77]
          -idir .D[78]
          -idir /opt/softs/nvidia/hpc_sdk/Linux_x86_64/23.1/comm_libs/openmpi/openmpi-3.1.5/include
          -idir /opt/softs/nvidia/hpc_sdk/Linux_x86_64/23.1/comm_libs/openmpi/openmpi-3.1.5/lib
          -inform severe -opt 0 -nosave -object -noonetrip
          -depchk on -nostandard     
          -symbol -noupcase    

Filename: coriolis.F90

(    1) 
(    2) subroutine coriolis
(    3) 
(    4) !************* LICENSE START *****************
(    5) !
(    6) ! Copyright 2015 Marat Khairoutdinov 
(    7) ! School of Marine & Atmospheric Sciences
(    8) ! Stony Brook University
(    9) ! This software is distributed under the terms of
(   10) ! the Apache License version 2.0.
(   11) !
(   12) !************** LICENSE END ******************
(   13) 
(   14) use vars
(   15) use real_size
(   16) 
(   17) implicit none
(   18) 
(   19) real(RR) u_av, v_av, w_av
(   20) integer i,j,k,ib,ic,jb,jc,kc
(   21) 
(   22) if(RUN3D) then
(   23) 
(   24) do k=1,nzm
(   25)  kc=k+1
(   26)  do j=1,ny
(   27)   jb=j-1
(   28)   jc=j+1
(   29)   do i=1,nx
(   30)    ib=i-1






NVFORTRAN (Version     23.1)          02/24/2023  13:57:56      page 3

(   31)    ic=i+1
(   32)     v_av=0.25*(v(i,j,k)+v(i,jc,k)+v(ib,j,k)+v(ib,jc,k))
(   33)     w_av=0.25*(w(i,j,kc)+w(ib,j,kc)+w(i,j,k)+w(ib,j,k))
(   34)     dudt(i,j,k,na)=dudt(i,j,k,na)+fcory(j)*(v_av-vg0(k))-fcorzy(j)*w_av
(   35)     u_av=0.25*(u(i,j,k)+u(ic,j,k)+u(i,jb,k)+u(ic,jb,k))
(   36)     dvdt(i,j,k,na)=dvdt(i,j,k,na)-fcory(j)*(u_av-ug0(k))
(   37)   end do ! i
(   38)  end do ! j
(   39) end do ! k
(   40) 
(   41) else
(   42) 
(   43) do k=1,nzm
(   44)  kc=k+1
(   45)  do j=1,ny
(   46)   do i=1,nx
(   47)    ib=i-1
(   48)    ic=i+1
(   49)    w_av=0.25*(w(i,j,kc)+w(ib,j,kc)+w(i,j,k)+w(ib,j,k))
(   50)    dudt(i,j,k,na)=dudt(i,j,k,na)+fcory(j)*(v(i,j,k)-vg0(k))-fcorzy(j)*w_av
(   51)    dvdt(i,j,k,na)=dvdt(i,j,k,na)-fcory(j)*(u(i,j,k)-ug0(k))
(   52)   end do ! i
(   53)  end do ! i
(   54) end do ! k
(   55) 
(   56) endif
(   57) 
(   58) end subroutine coriolis
(   59) 



































NVFORTRAN (Version     23.1)          02/24/2023  13:57:56      page 4

(    1) # 1 "coriolis.F90"
(    1) # 2 "coriolis.F90"
(    2) subroutine coriolis
(    3) # 4 "coriolis.F90"
(    4) !************* LICENSE START *****************
(    5) !
(    6) ! Copyright 2015 Marat Khairoutdinov 
(    7) ! School of Marine & Atmospheric Sciences
(    8) ! Stony Brook University
(    9) ! This software is distributed under the terms of
(   10) ! the Apache License version 2.0.
(   11) !
(   12) !************** LICENSE END ******************
(   13) # 14 "coriolis.F90"
(   14) use vars
(   15) use real_size
(   16) # 17 "coriolis.F90"
(   17) implicit none
(   18) # 19 "coriolis.F90"
(   19) real(RR) u_av, v_av, w_av
(   20) integer i,j,k,ib,ic,jb,jc,kc
(   21) # 22 "coriolis.F90"
(   22) if(RUN3D) then
(   23) # 24 "coriolis.F90"
(   24) do k=1,nzm
(   25)  kc=k+1
(   26)  do j=1,ny
(   27)   jb=j-1
(   28)   jc=j+1
(   29)   do i=1,nx
(   30)    ib=i-1
(   31)    ic=i+1
(   32)     v_av=0.25*(v(i,j,k)+v(i,jc,k)+v(ib,j,k)+v(ib,jc,k))
(   33)     w_av=0.25*(w(i,j,kc)+w(ib,j,kc)+w(i,j,k)+w(ib,j,k))
(   34)     dudt(i,j,k,na)=dudt(i,j,k,na)+fcory(j)*(v_av-vg0(k))-fcorzy(j)*w_av
(   35)     u_av=0.25*(u(i,j,k)+u(ic,j,k)+u(i,jb,k)+u(ic,jb,k))
(   36)     dvdt(i,j,k,na)=dvdt(i,j,k,na)-fcory(j)*(u_av-ug0(k))
(   37)   end do ! i
(   38)  end do ! j
(   39) end do ! k
(   40) # 41 "coriolis.F90"
(   41) else
(   42) # 43 "coriolis.F90"
(   43) do k=1,nzm
(   44)  kc=k+1
(   45)  do j=1,ny
(   46)   do i=1,nx
(   47)    ib=i-1
(   48)    ic=i+1
(   49)    w_av=0.25*(w(i,j,kc)+w(ib,j,kc)+w(i,j,k)+w(ib,j,k))
(   50)    dudt(i,j,k,na)=dudt(i,j,k,na)+fcory(j)*(v(i,j,k)-vg0(k))-fcorzy(j)*w_av
(   51)    dvdt(i,j,k,na)=dvdt(i,j,k,na)-fcory(j)*(u(i,j,k)-ug0(k))
(   52)   end do ! i
(   53)  end do ! i
(   54) end do ! k
(   55) # 56 "coriolis.F90"
(   56) endif
(   57) # 58 "coriolis.F90"






NVFORTRAN (Version     23.1)          02/24/2023  13:57:56      page 5

(   58) end subroutine coriolis
