


NVFORTRAN (Version     23.1)          02/24/2023  13:57:15      page 1

Switches: -noasm -nodclchk -debug -nodlines -line -list
          -idir .D[1]
          -idir .D[2]
          -idir .D[3]
          -idir .D[4]
          -idir .D[5]
          -idir .D[6]
          -idir .D[7]
          -idir .D[8]
          -idir .D[9]
          -idir .D[10]
          -idir .D[11]
          -idir .D[12]
          -idir .D[13]
          -idir .D[14]
          -idir .D[15]
          -idir .D[16]
          -idir .D[17]
          -idir .D[18]
          -idir .D[19]
          -idir .D[20]
          -idir .D[21]
          -idir .D[22]
          -idir .D[23]
          -idir .D[24]
          -idir .D[25]
          -idir .D[26]
          -idir .D[27]
          -idir .D[28]
          -idir .D[29]
          -idir .D[30]
          -idir .D[31]
          -idir .D[32]
          -idir .D[33]
          -idir .D[34]
          -idir .D[35]
          -idir .D[36]
          -idir .D[37]
          -idir .D[38]
          -idir .D[39]
          -idir .D[40]
          -idir .D[41]
          -idir .D[42]
          -idir .D[43]
          -idir .D[44]
          -idir .D[45]
          -idir .D[46]
          -idir .D[47]
          -idir .D[48]
          -idir .D[49]
          -idir .D[50]
          -idir .D[51]
          -idir .D[52]
          -idir .D[53]
          -idir .D[54]
          -idir .D[55]
          -idir .D[56]
          -idir .D[57]






NVFORTRAN (Version     23.1)          02/24/2023  13:57:15      page 2

          -idir .D[58]
          -idir .D[59]
          -idir .D[60]
          -idir .D[61]
          -idir .D[62]
          -idir .D[63]
          -idir .D[64]
          -idir .D[65]
          -idir .D[66]
          -idir .D[67]
          -idir .D[68]
          -idir .D[69]
          -idir .D[70]
          -idir .D[71]
          -idir .D[72]
          -idir .D[73]
          -idir .D[74]
          -idir .D[75]
          -idir .D[76]
          -idir .D[77]
          -idir .D[78]
          -idir /opt/softs/nvidia/hpc_sdk/Linux_x86_64/23.1/comm_libs/openmpi/openmpi-3.1.5/include
          -idir /opt/softs/nvidia/hpc_sdk/Linux_x86_64/23.1/comm_libs/openmpi/openmpi-3.1.5/lib
          -inform severe -opt 0 -nosave -object -noonetrip
          -depchk on -nostandard     
          -symbol -noupcase    

Filename: init.F90

(    1) ! Initialize some arrays from vars module:
(    2) 
(    3) subroutine init()
(    4) 
(    5) !************* LICENSE START *****************
(    6) !
(    7) ! Copyright 2015 Marat Khairoutdinov 
(    8) ! School of Marine & Atmospheric Sciences
(    9) ! Stony Brook University
(   10) ! This software is distributed under the terms of
(   11) ! the Apache License version 2.0.
(   12) !
(   13) !************** LICENSE END ******************
(   14) 
(   15)   use vars
(   16)   use crmtracers
(   17) 
(   18)   implicit none
(   19) !-----------------------------------------------------------
(   20) !COMMON STAtements for saving the crm variables in the threads
(   21) 
(   22)   fzero = 0.
(   23)  
(   24)   ttend = 0.
(   25)   qtend = 0.
(   26)   wsub = 0.
(   27)   unudge = 0.
(   28)   vnudge = 0.
(   29)   tnudge = 0.
(   30)   qnudge = 0.






NVFORTRAN (Version     23.1)          02/24/2023  13:57:15      page 3

(   31)   qlsvadv = 0.
(   32)   tlsvadv = 0.
(   33)   ulsvadv = 0.
(   34)   vlsvadv = 0.
(   35)   qstor = 0.
(   36)   tstor = 0.
(   37)   ustor = 0.
(   38)   vstor = 0.
(   39) 
(   40)   radlwup = 0.
(   41)   radlwdn = 0.
(   42)   radswup = 0.
(   43)   radswdn = 0.
(   44)   radqrlw = 0.
(   45)   radqrsw = 0.
(   46)  
(   47)   tlat = 0. 
(   48)   tlatqi = 0.
(   49)   tadv = 0.
(   50)   tdiff = 0.
(   51)   qifall = 0.
(   52)   qpfall = 0.
(   53) 
(   54)   trwle = 0.
(   55)   trwsb = 0.
(   56)   tradv = 0.
(   57)   trdiff = 0.
(   58)   trphys = 0.
(   59) 
(   60)   gamt0 = 0.
(   61)   gamq0 = 0.
(   62) 
(   63) end subroutine init
(   64) 
(   65) 
(   66) 




























NVFORTRAN (Version     23.1)          02/24/2023  13:57:15      page 4

(    1) # 1 "init.F90"
(    1) ! Initialize some arrays from vars module:
(    2) # 3 "init.F90"
(    3) subroutine init()
(    4) # 5 "init.F90"
(    5) !************* LICENSE START *****************
(    6) !
(    7) ! Copyright 2015 Marat Khairoutdinov 
(    8) ! School of Marine & Atmospheric Sciences
(    9) ! Stony Brook University
(   10) ! This software is distributed under the terms of
(   11) ! the Apache License version 2.0.
(   12) !
(   13) !************** LICENSE END ******************
(   14) # 15 "init.F90"
(   15)   use vars
(   16)   use crmtracers
(   17) # 18 "init.F90"
(   18)   implicit none
(   19) !-----------------------------------------------------------
(   20) !COMMON STAtements for saving the crm variables in the threads
(   21) # 22 "init.F90"
(   22)   fzero = 0.
(   23)  
(   24)   ttend = 0.
(   25)   qtend = 0.
(   26)   wsub = 0.
(   27)   unudge = 0.
(   28)   vnudge = 0.
(   29)   tnudge = 0.
(   30)   qnudge = 0.
(   31)   qlsvadv = 0.
(   32)   tlsvadv = 0.
(   33)   ulsvadv = 0.
(   34)   vlsvadv = 0.
(   35)   qstor = 0.
(   36)   tstor = 0.
(   37)   ustor = 0.
(   38)   vstor = 0.
(   39) # 40 "init.F90"
(   40)   radlwup = 0.
(   41)   radlwdn = 0.
(   42)   radswup = 0.
(   43)   radswdn = 0.
(   44)   radqrlw = 0.
(   45)   radqrsw = 0.
(   46)  
(   47)   tlat = 0. 
(   48)   tlatqi = 0.
(   49)   tadv = 0.
(   50)   tdiff = 0.
(   51)   qifall = 0.
(   52)   qpfall = 0.
(   53) # 54 "init.F90"
(   54)   trwle = 0.
(   55)   trwsb = 0.
(   56)   tradv = 0.
(   57)   trdiff = 0.






NVFORTRAN (Version     23.1)          02/24/2023  13:57:15      page 5

(   58)   trphys = 0.
(   59) # 60 "init.F90"
(   60)   gamt0 = 0.
(   61)   gamq0 = 0.
(   62) # 63 "init.F90"
(   63) end subroutine init
