


NVFORTRAN (Version     23.1)          02/24/2023  13:30:39      page 1

Switches: -noasm -nodclchk -debug -nodlines -line -list
          -idir .D[1]
          -idir .D[2]
          -idir .D[3]
          -idir .D[4]
          -idir .D[5]
          -idir .D[6]
          -idir .D[7]
          -idir .D[8]
          -idir .D[9]
          -idir .D[10]
          -idir .D[11]
          -idir .D[12]
          -idir .D[13]
          -idir .D[14]
          -idir .D[15]
          -idir .D[16]
          -idir .D[17]
          -idir .D[18]
          -idir .D[19]
          -idir .D[20]
          -idir .D[21]
          -idir .D[22]
          -idir .D[23]
          -idir .D[24]
          -idir .D[25]
          -idir .D[26]
          -idir .D[27]
          -idir .D[28]
          -idir .D[29]
          -idir .D[30]
          -idir .D[31]
          -idir .D[32]
          -idir .D[33]
          -idir .D[34]
          -idir .D[35]
          -idir .D[36]
          -idir .D[37]
          -idir .D[38]
          -idir .D[39]
          -idir .D[40]
          -idir .D[41]
          -idir .D[42]
          -idir .D[43]
          -idir .D[44]
          -idir .D[45]
          -idir .D[46]
          -idir .D[47]
          -idir .D[48]
          -idir .D[49]
          -idir .D[50]
          -idir .D[51]
          -idir .D[52]
          -idir .D[53]
          -idir .D[54]
          -idir .D[55]
          -idir .D[56]
          -idir .D[57]






NVFORTRAN (Version     23.1)          02/24/2023  13:30:39      page 2

          -idir .D[58]
          -idir .D[59]
          -idir .D[60]
          -idir .D[61]
          -idir .D[62]
          -idir .D[63]
          -idir .D[64]
          -idir .D[65]
          -idir .D[66]
          -idir .D[67]
          -idir .D[68]
          -idir .D[69]
          -idir .D[70]
          -idir .D[71]
          -idir .D[72]
          -idir .D[73]
          -idir .D[74]
          -idir .D[75]
          -idir .D[76]
          -idir .D[77]
          -idir .D[78]
          -idir /opt/softs/nvidia/hpc_sdk/Linux_x86_64/23.1/comm_libs/openmpi/openmpi-3.1.5/include
          -idir /opt/softs/nvidia/hpc_sdk/Linux_x86_64/23.1/comm_libs/openmpi/openmpi-3.1.5/lib
          -inform severe -opt 0 -nosave -object -noonetrip
          -depchk on -nostandard     
          -symbol -noupcase    

Filename: task_util_nompi.F90

(    1) !************* LICENSE START *****************
(    2) !
(    3) ! Copyright 2015 Marat Khairoutdinov 
(    4) ! School of Marine & Atmospheric Sciences
(    5) ! Stony Brook University
(    6) ! This software is distributed under the terms of
(    7) ! the Apache License version 2.0.
(    8) !
(    9) !************** LICENSE END ******************
(   10) 
(   11)       subroutine task_start(rank,numtasks)
(   12)       integer rank,numtasks
(   13)       print*, 'MPI call from a single task program! Exiting...'
(   14)       stop
(   15)       end
(   16) 
(   17) !----------------------------------------------------------------------
(   18) 
(   19)       subroutine task_abort()
(   20)       print*,'Aborting the program...'
(   21)       stop
(   22)       end
(   23) !----------------------------------------------------------------------
(   24) 
(   25)       subroutine task_finish()
(   26)       print*,'program is finished...'
(   27)       stop
(   28)       end
(   29) 
(   30) !----------------------------------------------------------------------






NVFORTRAN (Version     23.1)          02/24/2023  13:30:39      page 3

(   31)         subroutine task_barrier()
(   32)         return
(   33)         end
(   34) 
(   35) !----------------------------------------------------------------------
(   36) 
(   37)         subroutine task_bcast_float(rank_from,buffer,length)
(   38)         implicit none
(   39)         integer rank_from       ! broadcasting task's rank
(   40)         real buffer(*)          ! buffer of data
(   41)         integer length          ! buffers' length
(   42)         print*, 'MPIsndf call from a single task program! Exiting...'
(   43)         stop
(   44)         end
(   45) 
(   46) !----------------------------------------------------------------------
(   47) 
(   48)       subroutine task_send_float(rank_to,buffer,length,tag,request)
(   49)       implicit none
(   50)       integer rank_to! receiving task's rank
(   51)       real buffer(*)! buffer of data
(   52)       integer length! buffers' length
(   53)       integer tag! tag of the message
(   54)       integer request! request id
(   55)       print*, 'MPIsndf call from a single task program! Exiting...'
(   56)       stop
(   57)       end
(   58) 
(   59) !----------------------------------------------------------------------
(   60) 
(   61)       subroutine task_send_integer(rank_to,buffer,length,tag,request)
(   62)       implicit none
(   63)       integer rank_to! receiving task's rank
(   64)       integer buffer(*)! buffer of data
(   65)       integer length! buffers' length
(   66)       integer tag! tag of the message
(   67)       integer request
(   68)       print*, 'MPIsndi call from a single task program! Exiting...'
(   69)       stop
(   70)       end
(   71) 
(   72) !----------------------------------------------------------------------
(   73) 
(   74)       subroutine task_send_character(rank_to,buffer,length,tag,request)
(   75)       implicit none
(   76)       integer rank_to! receiving task's rank
(   77)       character*1 buffer(*)! buffer of data
(   78)       integer length! buffers' length
(   79)       integer tag! tag of the message
(   80)       integer request
(   81)       print*, 'MPIsndi call from a single task program! Exiting...'
(   82)       stop
(   83)       end
(   84) 
(   85) !----------------------------------------------------------------------
(   86) 
(   87)         subroutine task_receive_float(buffer,length,request)
(   88)       real buffer(*)! buffer of data






NVFORTRAN (Version     23.1)          02/24/2023  13:30:39      page 4

(   89)       integer length! buffers' length
(   90)       integer request
(   91)       print*, 'MPIrcvf call from a single task program! Exiting...'
(   92)       stop
(   93)       end
(   94) 
(   95) !----------------------------------------------------------------------
(   96) 
(   97)         subroutine task_receive_charcater(buffer,length,request)
(   98)       character*1 buffer(*)! buffer of data
(   99)       integer length! buffers' length
(  100)       integer request
(  101)       print*, 'MPIrcvi call from a single task program! Exiting...'
(  102)       stop
(  103)       end
(  104)       
(  105) !----------------------------------------------------------------------
(  106) 
(  107)         subroutine task_receive_integer(buffer,length,request)
(  108)       integer buffer(*)! buffer of data
(  109)       integer length! buffers' length
(  110)       integer request
(  111)       print*, 'MPIrcvi call from a single task program! Exiting...'
(  112)       stop
(  113)       end
(  114) !----------------------------------------------------------------------
(  115) 
(  116)         subroutine task_bsend_float(rank_to,buffer,length,tag)
(  117)         integer rank_to         ! receiving task's rank
(  118)         real buffer(*)          ! buffer of data
(  119)         integer length          ! buffers' length
(  120)         integer tag             ! tag of the message
(  121)         print*, 'MPI call from a single task program! Exiting...'  
(  122)       stop
(  123)         return
(  124)         end
(  125) 
(  126) !----------------------------------------------------------------------
(  127)         subroutine task_wait(request,rank,tag)
(  128)       integer request
(  129)       integer rank, tag
(  130)       return
(  131)       end
(  132) 
(  133) !----------------------------------------------------------------------
(  134)         
(  135)         subroutine task_waitall(count,reqs,ranks,tags)
(  136)        integer count,reqs(count)
(  137)       integer ranks(count),tags(count)
(  138)       return
(  139)       end
(  140) 
(  141) !----------------------------------------------------------------------
(  142)         subroutine task_test(request,flag,rank,tag)
(  143)       integer request
(  144)       integer rank, tag
(  145)       logical flag
(  146)       print*, 'MPItst call from a single task program! Exiting...'






NVFORTRAN (Version     23.1)          02/24/2023  13:30:39      page 5

(  147)       stop
(  148)       end
(  149) 
(  150) !----------------------------------------------------------------------
(  151) 
(  152)         subroutine task_sum_real(buffer1,buffer2,length)
(  153)       real buffer1(*)! buffer of data
(  154)       real buffer2(*)! buffer of data
(  155)       integer length! buffers' length
(  156)       print*, 'MPI call from a single task program! Exiting...'
(  157)       stop
(  158)       end
(  159) 
(  160) !----------------------------------------------------------------------
(  161) 
(  162)         subroutine task_sum_real8(buffer1,buffer2,length)
(  163)       real buffer1(*)! buffer of data
(  164)       real buffer2(*)! buffer of data
(  165)       integer length! buffers' length
(  166)       print*, 'MPI call from a single task program! Exiting...'
(  167)       stop
(  168)       end
(  169) !----------------------------------------------------------------------
(  170) 
(  171)         subroutine task_sum_integer(buffer1,buffer2,length)
(  172)       real buffer1(*)! buffer of data
(  173)       real buffer2(*)! buffer of data
(  174)       integer length! buffers' length
(  175)       print*, 'MPI call from a single task program! Exiting...'
(  176)       stop
(  177)       end
(  178) !----------------------------------------------------------------------
(  179) 
(  180)         subroutine task_max_real(buffer1,buffer2,length)
(  181)       real buffer1(*)! buffer of data
(  182)       real buffer2(*)! buffer of data
(  183)       integer length! buffers' length
(  184)       return
(  185)       print*, 'MPI call from a single task program! Exiting...'
(  186)       stop
(  187)       end
(  188) !----------------------------------------------------------------------
(  189) 
(  190)         subroutine task_max_integer(buffer1,buffer2,length)
(  191)       real buffer1(*)! buffer of data
(  192)       real buffer2(*)! buffer of data
(  193)       integer length! buffers' length
(  194)       print*, 'MPI call from a single task program! Exiting...'
(  195)       stop
(  196)       end
(  197) !----------------------------------------------------------------------
(  198) 
(  199)         subroutine task_min_real(buffer1,buffer2,length)
(  200)       real buffer1(*)! buffer of data
(  201)       real buffer2(*)! buffer of data
(  202)       integer length! buffers' length
(  203)       print*, 'MPI call from a single task program! Exiting...'
(  204)       stop






NVFORTRAN (Version     23.1)          02/24/2023  13:30:39      page 6

(  205)       end
(  206) !----------------------------------------------------------------------
(  207) 
(  208)         subroutine task_min_integer(buffer1,buffer2,length)
(  209)       real buffer1(*)! buffer of data
(  210)       real buffer2(*)! buffer of data
(  211)       integer length! buffers' length
(  212)       print*, 'MPI call from a single task program! Exiting...'
(  213)       stop
(  214)       end
(  215) !----------------------------------------------------------------------
(  216) 
(  217)         subroutine task_receive_character(buffer,length,request)
(  218)         character*1 buffer(*)   ! buffer of data
(  219)         integer length          ! buffers' length
(  220)         integer request
(  221)       print*, 'MPI call from a single task program! Exiting...'
(  222)         stop
(  223)         end
(  224) !----------------------------------------------------------------------
(  225)        subroutine task_rank_to_index (rank,i,j)
(  226)         integer rank, i, j
(  227)         i=0
(  228)         j=0
(  229)         end
(  230) !----------------------------------------------------------------------
(  231)        subroutine task_bound_duvdt ()
(  232)        return
(  233)        end
(  234) !----------------------------------------------------------------------
(  235)        subroutine task_boundaries(flag)
(  236)        integer flag
(  237)        end
(  238) 
(  239) 





























NVFORTRAN (Version     23.1)          02/24/2023  13:30:39      page 7

(    1) # 1 "task_util_nompi.F90"
(    1) !************* LICENSE START *****************
(    2) !
(    3) ! Copyright 2015 Marat Khairoutdinov 
(    4) ! School of Marine & Atmospheric Sciences
(    5) ! Stony Brook University
(    6) ! This software is distributed under the terms of
(    7) ! the Apache License version 2.0.
(    8) !
(    9) !************** LICENSE END ******************
(   10) # 11 "task_util_nompi.F90"
(   11)       subroutine task_start(rank,numtasks)
(   12)       integer rank,numtasks
(   13)       print*, 'MPI call from a single task program! Exiting...'
(   14)       stop
(   15)       end
(   16) # 17 "task_util_nompi.F90"
(   17) !----------------------------------------------------------------------
(   18) # 19 "task_util_nompi.F90"
(   19)       subroutine task_abort()
(   20)       print*,'Aborting the program...'
(   21)       stop
(   22)       end
(   23) !----------------------------------------------------------------------
(   24) # 25 "task_util_nompi.F90"
(   25)       subroutine task_finish()
(   26)       print*,'program is finished...'
(   27)       stop
(   28)       end
(   29) # 30 "task_util_nompi.F90"
(   30) !----------------------------------------------------------------------
(   31)         subroutine task_barrier()
(   32)         return
(   33)         end
(   34) # 35 "task_util_nompi.F90"
(   35) !----------------------------------------------------------------------
(   36) # 37 "task_util_nompi.F90"
(   37)         subroutine task_bcast_float(rank_from,buffer,length)
(   38)         implicit none
(   39)         integer rank_from       ! broadcasting task's rank
(   40)         real buffer(*)          ! buffer of data
(   41)         integer length          ! buffers' length
(   42)         print*, 'MPIsndf call from a single task program! Exiting...'
(   43)         stop
(   44)         end
(   45) # 46 "task_util_nompi.F90"
(   46) !----------------------------------------------------------------------
(   47) # 48 "task_util_nompi.F90"
(   48)       subroutine task_send_float(rank_to,buffer,length,tag,request)
(   49)       implicit none
(   50)       integer rank_to! receiving task's rank
(   51)       real buffer(*)! buffer of data
(   52)       integer length! buffers' length
(   53)       integer tag! tag of the message
(   54)       integer request! request id
(   55)       print*, 'MPIsndf call from a single task program! Exiting...'
(   56)       stop
(   57)       end






NVFORTRAN (Version     23.1)          02/24/2023  13:30:39      page 8

(   58) # 59 "task_util_nompi.F90"
(   59) !----------------------------------------------------------------------
(   60) # 61 "task_util_nompi.F90"
(   61)       subroutine task_send_integer(rank_to,buffer,length,tag,request)
(   62)       implicit none
(   63)       integer rank_to! receiving task's rank
(   64)       integer buffer(*)! buffer of data
(   65)       integer length! buffers' length
(   66)       integer tag! tag of the message
(   67)       integer request
(   68)       print*, 'MPIsndi call from a single task program! Exiting...'
(   69)       stop
(   70)       end
(   71) # 72 "task_util_nompi.F90"
(   72) !----------------------------------------------------------------------
(   73) # 74 "task_util_nompi.F90"
(   74)       subroutine task_send_character(rank_to,buffer,length,tag,request)
(   75)       implicit none
(   76)       integer rank_to! receiving task's rank
(   77)       character*1 buffer(*)! buffer of data
(   78)       integer length! buffers' length
(   79)       integer tag! tag of the message
(   80)       integer request
(   81)       print*, 'MPIsndi call from a single task program! Exiting...'
(   82)       stop
(   83)       end
(   84) # 85 "task_util_nompi.F90"
(   85) !----------------------------------------------------------------------
(   86) # 87 "task_util_nompi.F90"
(   87)         subroutine task_receive_float(buffer,length,request)
(   88)       real buffer(*)! buffer of data
(   89)       integer length! buffers' length
(   90)       integer request
(   91)       print*, 'MPIrcvf call from a single task program! Exiting...'
(   92)       stop
(   93)       end
(   94) # 95 "task_util_nompi.F90"
(   95) !----------------------------------------------------------------------
(   96) # 97 "task_util_nompi.F90"
(   97)         subroutine task_receive_charcater(buffer,length,request)
(   98)       character*1 buffer(*)! buffer of data
(   99)       integer length! buffers' length
(  100)       integer request
(  101)       print*, 'MPIrcvi call from a single task program! Exiting...'
(  102)       stop
(  103)       end
(  104)       
(  105) !----------------------------------------------------------------------
(  106) # 107 "task_util_nompi.F90"
(  107)         subroutine task_receive_integer(buffer,length,request)
(  108)       integer buffer(*)! buffer of data
(  109)       integer length! buffers' length
(  110)       integer request
(  111)       print*, 'MPIrcvi call from a single task program! Exiting...'
(  112)       stop
(  113)       end
(  114) !----------------------------------------------------------------------
(  115) # 116 "task_util_nompi.F90"






NVFORTRAN (Version     23.1)          02/24/2023  13:30:39      page 9

(  116)         subroutine task_bsend_float(rank_to,buffer,length,tag)
(  117)         integer rank_to         ! receiving task's rank
(  118)         real buffer(*)          ! buffer of data
(  119)         integer length          ! buffers' length
(  120)         integer tag             ! tag of the message
(  121)         print*, 'MPI call from a single task program! Exiting...'  
(  122)       stop
(  123)         return
(  124)         end
(  125) # 126 "task_util_nompi.F90"
(  126) !----------------------------------------------------------------------
(  127)         subroutine task_wait(request,rank,tag)
(  128)       integer request
(  129)       integer rank, tag
(  130)       return
(  131)       end
(  132) # 133 "task_util_nompi.F90"
(  133) !----------------------------------------------------------------------
(  134)         
(  135)         subroutine task_waitall(count,reqs,ranks,tags)
(  136)        integer count,reqs(count)
(  137)       integer ranks(count),tags(count)
(  138)       return
(  139)       end
(  140) # 141 "task_util_nompi.F90"
(  141) !----------------------------------------------------------------------
(  142)         subroutine task_test(request,flag,rank,tag)
(  143)       integer request
(  144)       integer rank, tag
(  145)       logical flag
(  146)       print*, 'MPItst call from a single task program! Exiting...'
(  147)       stop
(  148)       end
(  149) # 150 "task_util_nompi.F90"
(  150) !----------------------------------------------------------------------
(  151) # 152 "task_util_nompi.F90"
(  152)         subroutine task_sum_real(buffer1,buffer2,length)
(  153)       real buffer1(*)! buffer of data
(  154)       real buffer2(*)! buffer of data
(  155)       integer length! buffers' length
(  156)       print*, 'MPI call from a single task program! Exiting...'
(  157)       stop
(  158)       end
(  159) # 160 "task_util_nompi.F90"
(  160) !----------------------------------------------------------------------
(  161) # 162 "task_util_nompi.F90"
(  162)         subroutine task_sum_real8(buffer1,buffer2,length)
(  163)       real buffer1(*)! buffer of data
(  164)       real buffer2(*)! buffer of data
(  165)       integer length! buffers' length
(  166)       print*, 'MPI call from a single task program! Exiting...'
(  167)       stop
(  168)       end
(  169) !----------------------------------------------------------------------
(  170) # 171 "task_util_nompi.F90"
(  171)         subroutine task_sum_integer(buffer1,buffer2,length)
(  172)       real buffer1(*)! buffer of data
(  173)       real buffer2(*)! buffer of data






NVFORTRAN (Version     23.1)          02/24/2023  13:30:39      page 10

(  174)       integer length! buffers' length
(  175)       print*, 'MPI call from a single task program! Exiting...'
(  176)       stop
(  177)       end
(  178) !----------------------------------------------------------------------
(  179) # 180 "task_util_nompi.F90"
(  180)         subroutine task_max_real(buffer1,buffer2,length)
(  181)       real buffer1(*)! buffer of data
(  182)       real buffer2(*)! buffer of data
(  183)       integer length! buffers' length
(  184)       return
(  185)       print*, 'MPI call from a single task program! Exiting...'
(  186)       stop
(  187)       end
(  188) !----------------------------------------------------------------------
(  189) # 190 "task_util_nompi.F90"
(  190)         subroutine task_max_integer(buffer1,buffer2,length)
(  191)       real buffer1(*)! buffer of data
(  192)       real buffer2(*)! buffer of data
(  193)       integer length! buffers' length
(  194)       print*, 'MPI call from a single task program! Exiting...'
(  195)       stop
(  196)       end
(  197) !----------------------------------------------------------------------
(  198) # 199 "task_util_nompi.F90"
(  199)         subroutine task_min_real(buffer1,buffer2,length)
(  200)       real buffer1(*)! buffer of data
(  201)       real buffer2(*)! buffer of data
(  202)       integer length! buffers' length
(  203)       print*, 'MPI call from a single task program! Exiting...'
(  204)       stop
(  205)       end
(  206) !----------------------------------------------------------------------
(  207) # 208 "task_util_nompi.F90"
(  208)         subroutine task_min_integer(buffer1,buffer2,length)
(  209)       real buffer1(*)! buffer of data
(  210)       real buffer2(*)! buffer of data
(  211)       integer length! buffers' length
(  212)       print*, 'MPI call from a single task program! Exiting...'
(  213)       stop
(  214)       end
(  215) !----------------------------------------------------------------------
(  216) # 217 "task_util_nompi.F90"
(  217)         subroutine task_receive_character(buffer,length,request)
(  218)         character*1 buffer(*)   ! buffer of data
(  219)         integer length          ! buffers' length
(  220)         integer request
(  221)       print*, 'MPI call from a single task program! Exiting...'
(  222)         stop
(  223)         end
(  224) !----------------------------------------------------------------------
(  225)        subroutine task_rank_to_index (rank,i,j)
(  226)         integer rank, i, j
(  227)         i=0
(  228)         j=0
(  229)         end
(  230) !----------------------------------------------------------------------
(  231)        subroutine task_bound_duvdt ()






NVFORTRAN (Version     23.1)          02/24/2023  13:30:39      page 11

(  232)        return
(  233)        end
(  234) !----------------------------------------------------------------------
(  235)        subroutine task_boundaries(flag)
(  236)        integer flag
(  237)        end
