


NVFORTRAN (Version     23.1)          02/24/2023  13:37:38      page 1

Switches: -noasm -nodclchk -debug -nodlines -line -list
          -idir .D[1]
          -idir .D[2]
          -idir .D[3]
          -idir .D[4]
          -idir .D[5]
          -idir .D[6]
          -idir .D[7]
          -idir .D[8]
          -idir .D[9]
          -idir .D[10]
          -idir .D[11]
          -idir .D[12]
          -idir .D[13]
          -idir .D[14]
          -idir .D[15]
          -idir .D[16]
          -idir .D[17]
          -idir .D[18]
          -idir .D[19]
          -idir .D[20]
          -idir .D[21]
          -idir .D[22]
          -idir .D[23]
          -idir .D[24]
          -idir .D[25]
          -idir .D[26]
          -idir .D[27]
          -idir .D[28]
          -idir .D[29]
          -idir .D[30]
          -idir .D[31]
          -idir .D[32]
          -idir .D[33]
          -idir .D[34]
          -idir .D[35]
          -idir .D[36]
          -idir .D[37]
          -idir .D[38]
          -idir .D[39]
          -idir .D[40]
          -idir .D[41]
          -idir .D[42]
          -idir .D[43]
          -idir .D[44]
          -idir .D[45]
          -idir .D[46]
          -idir .D[47]
          -idir .D[48]
          -idir .D[49]
          -idir .D[50]
          -idir .D[51]
          -idir .D[52]
          -idir .D[53]
          -idir .D[54]
          -idir .D[55]
          -idir .D[56]
          -idir .D[57]






NVFORTRAN (Version     23.1)          02/24/2023  13:37:38      page 2

          -idir .D[58]
          -idir .D[59]
          -idir .D[60]
          -idir .D[61]
          -idir .D[62]
          -idir .D[63]
          -idir .D[64]
          -idir .D[65]
          -idir .D[66]
          -idir .D[67]
          -idir .D[68]
          -idir .D[69]
          -idir .D[70]
          -idir .D[71]
          -idir .D[72]
          -idir .D[73]
          -idir .D[74]
          -idir .D[75]
          -idir .D[76]
          -idir .D[77]
          -idir .D[78]
          -idir /opt/softs/nvidia/hpc_sdk/Linux_x86_64/23.1/comm_libs/openmpi/openmpi-3.1.5/include
          -idir /opt/softs/nvidia/hpc_sdk/Linux_x86_64/23.1/comm_libs/openmpi/openmpi-3.1.5/lib
          -inform severe -opt 0 -nosave -object -noonetrip
          -depchk on -nostandard     
          -symbol -noupcase    

Filename: ellips64.F90

(    1) ! Oct-2012 P. Marguinaud 64b LFI
(    2) 
(    3) #undef JLIK
(    4) #undef _ELLIPS_
(    5) #define JLIK JPLIKB
(    6) #define _ELLIPS_  ELLIPS64 
(    7) #include "ellips.h"
(    8) 




























NVFORTRAN (Version     23.1)          02/24/2023  13:37:38      page 3

(    1) # 1 "ellips64.F90"
(    1) ! Oct-2012 P. Marguinaud 64b LFI
(    2) # 7 "ellips64.F90"
(    7) # 1 ".D[27]/ellips.h"
(    1) ! Jan-2011 P. Marguinaud Interface to thread-safe FA
(    2) SUBROUTINE ELLIPS64 (KSMAX,KMSMAX,KNTMP,KMTMP)
(    3) USE PARKIND1, ONLY : JPRB
(    4) USE YOMHOOK , ONLY : LHOOK, DR_HOOK
(    5) USE LFI_PRECISION
(    6) IMPLICIT NONE
(    7) !
(    8) ! ***ELLIPS*** - General routine for computing elliptic truncation
(    9) !
(   10) !    Purpose.
(   11) !    --------
(   12) !       Computation of zonal and meridional limit wavenumbers within the ellipse
(   13) !    Interface:
(   14) !    ----------
(   15) !                   *CALL* *ELLIPS *
(   16) !
(   17) !        Explicit arguments :
(   18) !        --------------------
(   19) !
(   20) !        Implicit arguments :
(   21) !        --------------------
(   22) !
(   23) !
(   24) !     Method.
(   25) !     -------
(   26) !        See documentation
(   27) !
(   28) !     Externals.   NONE.
(   29) !     ----------
(   30) !
(   31) !     Reference.
(   32) !     ----------
(   33) !        ARPEGE/ALADIN documentation
(   34) !
(   35) !     Author.
(   36) !     -------
(   37) !        G. Radnoti LACE 97/04/04
(   38) !
(   39) !     Modifications.
(   40) !-------------------------------------------------------------
(   41) !        J.Vivoda, 99/05/19  treating NSMAX=0 and NMSMAX=0
(   42) !
(   43) !
(   44) INTEGER (KIND=JPLIKB) KSMAX, KMSMAX
(   45) INTEGER (KIND=JPLIKB) KNTMP(0:KMSMAX),KMTMP(0:KSMAX)
(   46) !
(   47) INTEGER (KIND=JPLIKB) JM, JN
(   48) !
(   49) REAL (KIND=JPDBLR) ZEPS, ZKN, ZKM, ZAUXIL
(   50) !
(   51) REAL(KIND=JPRB) :: ZHOOK_HANDLE
(   52) IF (LHOOK) CALL DR_HOOK('ELLIPS',0,ZHOOK_HANDLE)
(   53) ZEPS=1.E-10
(   54) ZAUXIL=0.






NVFORTRAN (Version     23.1)          02/24/2023  13:37:38      page 4

(   55) !
(   56) ! 1. Computing meridional limit wavenumbers along zonal wavenumbers
(   57) !
(   58) DO JM=1,KMSMAX-1
(   59) ZKN = REAL(KSMAX,JPDBLR)/REAL(KMSMAX,JPDBLR)* &
(   60) & SQRT(MAX(ZAUXIL,REAL(KMSMAX**2-JM**2,JPDBLR)))
(   61)   KNTMP(JM)=INT(ZKN+ZEPS, JPLIKB)
(   62) ENDDO
(   63) # 64 ".D[27]/ellips.h"
(   64) IF( KMSMAX.EQ.0 )THEN
(   65)    KNTMP(0)=KSMAX
(   66) ELSE
(   67)    KNTMP(0)=KSMAX
(   68)    KNTMP(KMSMAX)=0
(   69) ENDIF
(   70) !
(   71) ! 2. Computing zonal limit wavenumbers along meridional wavenumbers
(   72) !             
(   73) DO JN=1,KSMAX-1
(   74)  ZKM = REAL(KMSMAX,JPDBLR)/REAL(KSMAX,JPDBLR)* &
(   75)      & SQRT(MAX(ZAUXIL,REAL(KSMAX**2-JN**2,JPDBLR)))
(   76)   KMTMP(JN)=INT(ZKM+ZEPS, JPLIKB)
(   77) ENDDO   
(   78) # 79 ".D[27]/ellips.h"
(   79) IF( KSMAX.EQ.0 )THEN
(   80)    KMTMP(0)=KMSMAX
(   81) ELSE
(   82)    KMTMP(0)=KMSMAX
(   83)    KMTMP(KSMAX)=0
(   84) ENDIF
(   85) !
(   86) IF (LHOOK) CALL DR_HOOK('ELLIPS',1,ZHOOK_HANDLE)
(   87) END      
(   88) # 8 "ellips64.F90"
