


NVFORTRAN (Version     23.1)          02/24/2023  13:55:04      page 1

Switches: -noasm -nodclchk -debug -nodlines -line -list
          -idir .D[1]
          -idir .D[2]
          -idir .D[3]
          -idir .D[4]
          -idir .D[5]
          -idir .D[6]
          -idir .D[7]
          -idir .D[8]
          -idir .D[9]
          -idir .D[10]
          -idir .D[11]
          -idir .D[12]
          -idir .D[13]
          -idir .D[14]
          -idir .D[15]
          -idir .D[16]
          -idir .D[17]
          -idir .D[18]
          -idir .D[19]
          -idir .D[20]
          -idir .D[21]
          -idir .D[22]
          -idir .D[23]
          -idir .D[24]
          -idir .D[25]
          -idir .D[26]
          -idir .D[27]
          -idir .D[28]
          -idir .D[29]
          -idir .D[30]
          -idir .D[31]
          -idir .D[32]
          -idir .D[33]
          -idir .D[34]
          -idir .D[35]
          -idir .D[36]
          -idir .D[37]
          -idir .D[38]
          -idir .D[39]
          -idir .D[40]
          -idir .D[41]
          -idir .D[42]
          -idir .D[43]
          -idir .D[44]
          -idir .D[45]
          -idir .D[46]
          -idir .D[47]
          -idir .D[48]
          -idir .D[49]
          -idir .D[50]
          -idir .D[51]
          -idir .D[52]
          -idir .D[53]
          -idir .D[54]
          -idir .D[55]
          -idir .D[56]
          -idir .D[57]






NVFORTRAN (Version     23.1)          02/24/2023  13:55:04      page 2

          -idir .D[58]
          -idir .D[59]
          -idir .D[60]
          -idir .D[61]
          -idir .D[62]
          -idir .D[63]
          -idir .D[64]
          -idir .D[65]
          -idir .D[66]
          -idir .D[67]
          -idir .D[68]
          -idir .D[69]
          -idir .D[70]
          -idir .D[71]
          -idir .D[72]
          -idir .D[73]
          -idir .D[74]
          -idir .D[75]
          -idir .D[76]
          -idir .D[77]
          -idir .D[78]
          -idir /opt/softs/nvidia/hpc_sdk/Linux_x86_64/23.1/comm_libs/openmpi/openmpi-3.1.5/include
          -idir /opt/softs/nvidia/hpc_sdk/Linux_x86_64/23.1/comm_libs/openmpi/openmpi-3.1.5/lib
          -inform severe -opt 0 -nosave -object -noonetrip
          -depchk on -nostandard     
          -symbol -noupcase    

Filename: fadiex.F90

(    1) ! Oct-2012 P. Marguinaud 64b LFI
(    2) ! Jan-2011 P. Marguinaud Thread-safe FA
(    3) SUBROUTINE FADIEX_MT64                           &
(    4) &                     (FA,  KREP, KNUMER, KDATEF )
(    5) USE FA_MOD, ONLY : FA_COM
(    6) USE PARKIND1, ONLY : JPRB
(    7) USE YOMHOOK , ONLY : LHOOK, DR_HOOK
(    8) USE LFI_PRECISION
(    9) IMPLICIT NONE
(   10) !****
(   11) !      Sous-programme permettant d'obtenir la date d'un fichier ouvert
(   12) !     pour le logiciel de Fichiers ARPEGE, et deja muni d'une date.
(   13) !     ( "DIES" = jour en latin... )
(   14) !**
(   15) !    Arguments : KREP   (Sortie) ==> Code-reponse du sous-programme;
(   16) !                KNUMER (Entree) ==> Numero de l'unite logique;
(   17) !     (Tableau)  KDATEF (Sortie) ==> Date elle-meme (FA%JPLDAT mots).
(   18) !
(   19) !
(   20) !
(   21) TYPE(FA_COM) :: FA
(   22) INTEGER (KIND=JPLIKB) KREP, KNUMER
(   23) INTEGER (KIND=JPLIKB) KDATEF (FA%JPLDAT*2)
(   24) !
(   25) INTEGER (KIND=JPLIKB) IRANG, IREP, INIMES, J
(   26) !
(   27) LOGICAL LLVERF
(   28) !
(   29) CHARACTER(LEN=FA%JPXNOM) CLACTI 
(   30) CHARACTER(LEN=FA%JPLMES) CLMESS 






NVFORTRAN (Version     23.1)          02/24/2023  13:55:04      page 3

(   31) CHARACTER(LEN=FA%JPLSPX) CLNSPR
(   32) LOGICAL                  LLFATA
(   33) 
(   34) !**
(   35) !     1.  -  CONTROLES DES PARAMETRES D'APPEL, ET INITIALISATIONS.
(   36) !-----------------------------------------------------------------------
(   37) !
(   38) REAL(KIND=JPRB) :: ZHOOK_HANDLE
(   39) IF (LHOOK) CALL DR_HOOK('FADIEX_MT',0,ZHOOK_HANDLE)
(   40) CLACTI=''
(   41) LLVERF=.FALSE.
(   42) CALL FANUMU_MT64                 &
(   43) &               (FA, KNUMER,IRANG)
(   44) !
(   45) IF (IRANG.EQ.0) THEN
(   46)   IREP=-51
(   47)   GOTO 1001
(   48) ENDIF
(   49) !
(   50) !         Verrouillage eventuel du fichier.
(   51) !
(   52) IF (FA%LFAMUL) CALL LFIVER_MT64                               &
(   53) &                              (FA%LFI, FA%FICHIER(IRANG)%VRFICH,'ON')
(   54) LLVERF=FA%LFAMUL
(   55) !**
(   56) !     2.  -  CONTROLE DE DEFINITION PREALABLE DE LA DATE.
(   57) !-----------------------------------------------------------------------
(   58) !
(   59) IF (FA%FICHIER(IRANG)%LCREAF) THEN
(   60)   IREP=-85
(   61)   GOTO 1001
(   62) ENDIF
(   63) !**
(   64) !     3.  -  TRANSFERT DE LA TABLE "FA%MADATE" DANS LE TABLEAU ARGUMENT.
(   65) !-----------------------------------------------------------------------
(   66) !
(   67) KDATEF(1:FA%JPLDAT)=FA%FICHIER(IRANG)%MADATE(:)
(   68) KDATEF(FA%JPLDAT+1:FA%JPLDAT*2)=FA%FICHIER(IRANG)%MADATX(:)
(   69) !
(   70) IREP=0
(   71) !**
(   72) !    10.  -  PHASE TERMINALE : MESSAGERIE, AVEC "ABORT" EVENTUEL,
(   73) !            VIA LE SOUS-PROGRAMME "FAIPAR" .
(   74) !-----------------------------------------------------------------------
(   75) !
(   76) 1001 CONTINUE
(   77) KREP=IREP
(   78) LLFATA=LLMOER (IREP,IRANG)
(   79) !
(   80) !        Deverrouillage eventuel du fichier.
(   81) !
(   82) IF (LLVERF) CALL LFIVER_MT64                                &
(   83) &                           (FA%LFI, FA%FICHIER(IRANG)%VRFICH,'OFF')
(   84) !
(   85) IF (LLFATA.OR.IXNVMS(IRANG).EQ.2) THEN
(   86)   INIMES=2
(   87) ELSE
(   88)   IF (LHOOK) CALL DR_HOOK('FADIEX_MT',1,ZHOOK_HANDLE)






NVFORTRAN (Version     23.1)          02/24/2023  13:55:04      page 4

(   89)   RETURN
(   90) ENDIF
(   91) !
(   92) CLNSPR='FADIEX'
(   93) !
(   94) IF (INIMES.EQ.2) THEN
(   95)   WRITE (UNIT=CLMESS,FMT='(''KREP='',I4,'', KNUMER='',I3, &
(   96) &       '', KDATEF(1:5)='',I5,2(''/'',I2),I3,'':'',I2.2,   &
(   97) &       '', KDATEF(7:8)='',I6,''-'',I6)') KREP,KNUMER,     &
(   98) &     (KDATEF(J),J=1,5),(KDATEF(J),J=7,8)
(   99)   CALL FAIPAR_MT64                                     &
(  100) &                 (FA, KNUMER,INIMES,IREP,LLFATA,CLMESS, &
(  101) &               CLNSPR,CLACTI,.FALSE.)
(  102) ENDIF
(  103) !
(  104) IF (LHOOK) CALL DR_HOOK('FADIEX_MT',1,ZHOOK_HANDLE)
(  105) 
(  106) CONTAINS
(  107) 
(  108) #include "facom2.llmoer.h"
(  109) #include "facom2.ixnvms.h"
(  110) 
(  111) END SUBROUTINE FADIEX_MT64
(  112) 
(  113) 
(  114) 
(  115) ! Oct-2012 P. Marguinaud 64b LFI
(  116) SUBROUTINE FADIEX64                      &
(  117) &           (KREP, KNUMER, KDATEF)
(  118) USE FA_MOD, ONLY : FA => FA_COM_DEFAULT, &
(  119) &                  FA_COM_DEFAULT_INIT,  &
(  120) &                  NEW_FA_DEFAULT
(  121) USE LFI_PRECISION
(  122) IMPLICIT NONE
(  123) ! Arguments
(  124) INTEGER (KIND=JPLIKB)  KREP                                   !   OUT
(  125) INTEGER (KIND=JPLIKB)  KNUMER                                 ! IN   
(  126) INTEGER (KIND=JPLIKB)  KDATEF     (FA%JPLDAT*2)               !   OUT
(  127) 
(  128) IF (.NOT. FA_COM_DEFAULT_INIT) CALL NEW_FA_DEFAULT ()
(  129) 
(  130) CALL FADIEX_MT64                     &
(  131) &           (FA, KREP, KNUMER, KDATEF)
(  132) 
(  133) END SUBROUTINE FADIEX64
(  134) 
(  135) SUBROUTINE FADIEX                        &
(  136) &           (KREP, KNUMER, KDATEF)
(  137) USE FA_MOD, ONLY : FA => FA_COM_DEFAULT, &
(  138) &                  FA_COM_DEFAULT_INIT,  &
(  139) &                  NEW_FA_DEFAULT
(  140) USE LFI_PRECISION
(  141) IMPLICIT NONE
(  142) ! Arguments
(  143) INTEGER (KIND=JPLIKM)  KREP                                   !   OUT
(  144) INTEGER (KIND=JPLIKM)  KNUMER                                 ! IN   
(  145) INTEGER (KIND=JPLIKM)  KDATEF     (FA%JPLDAT*2)               !   OUT
(  146) 






NVFORTRAN (Version     23.1)          02/24/2023  13:55:04      page 5

(  147) IF (.NOT. FA_COM_DEFAULT_INIT) CALL NEW_FA_DEFAULT ()
(  148) 
(  149) CALL FADIEX_MT                       &
(  150) &           (FA, KREP, KNUMER, KDATEF)
(  151) 
(  152) END SUBROUTINE FADIEX
(  153) 
(  154) SUBROUTINE FADIEX_MT                 &
(  155) &           (FA, KREP, KNUMER, KDATEF)
(  156) USE FA_MOD, ONLY : FA_COM
(  157) USE LFI_PRECISION
(  158) IMPLICIT NONE
(  159) ! Arguments
(  160) TYPE (FA_COM)          FA                                     ! INOUT
(  161) INTEGER (KIND=JPLIKM)  KREP                                   !   OUT
(  162) INTEGER (KIND=JPLIKM)  KNUMER                                 ! IN   
(  163) INTEGER (KIND=JPLIKM)  KDATEF     (FA%JPLDAT*2)               !   OUT
(  164) ! Local integers
(  165) INTEGER (KIND=JPLIKB)  IREP                                   !   OUT
(  166) INTEGER (KIND=JPLIKB)  INUMER                                 ! IN   
(  167) INTEGER (KIND=JPLIKB)  IDATEF     (FA%JPLDAT*2)               !   OUT
(  168) ! Convert arguments
(  169) 
(  170) INUMER     = INT (    KNUMER, JPLIKB)
(  171) 
(  172) CALL FADIEX_MT64                     &
(  173) &           (FA, IREP, INUMER, IDATEF)
(  174) 
(  175) KREP       = INT (      IREP, JPLIKM)
(  176) KDATEF     = INT (    IDATEF, JPLIKM)
(  177) 
(  178) END SUBROUTINE FADIEX_MT
(  179) 
(  180) !INTF KREP            OUT                               
(  181) !INTF KNUMER        IN                                  
(  182) !INTF KDATEF          OUT DIMS=FA%JPLDAT*2              
(  183) 



























NVFORTRAN (Version     23.1)          02/24/2023  13:55:04      page 6

(    1) # 1 "fadiex.F90"
(    1) ! Oct-2012 P. Marguinaud 64b LFI
(    2) ! Jan-2011 P. Marguinaud Thread-safe FA
(    3) SUBROUTINE FADIEX_MT64                           &
(    4) &                     (FA,  KREP, KNUMER, KDATEF )
(    5) USE FA_MOD, ONLY : FA_COM
(    6) USE PARKIND1, ONLY : JPRB
(    7) USE YOMHOOK , ONLY : LHOOK, DR_HOOK
(    8) USE LFI_PRECISION
(    9) IMPLICIT NONE
(   10) !****
(   11) !      Sous-programme permettant d'obtenir la date d'un fichier ouvert
(   12) !     pour le logiciel de Fichiers ARPEGE, et deja muni d'une date.
(   13) !     ( "DIES" = jour en latin... )
(   14) !**
(   15) !    Arguments : KREP   (Sortie) ==> Code-reponse du sous-programme;
(   16) !                KNUMER (Entree) ==> Numero de l'unite logique;
(   17) !     (Tableau)  KDATEF (Sortie) ==> Date elle-meme (FA%JPLDAT mots).
(   18) !
(   19) !
(   20) !
(   21) TYPE(FA_COM) :: FA
(   22) INTEGER (KIND=JPLIKB) KREP, KNUMER
(   23) INTEGER (KIND=JPLIKB) KDATEF (FA%JPLDAT*2)
(   24) !
(   25) INTEGER (KIND=JPLIKB) IRANG, IREP, INIMES, J
(   26) !
(   27) LOGICAL LLVERF
(   28) !
(   29) CHARACTER(LEN=FA%JPXNOM) CLACTI 
(   30) CHARACTER(LEN=FA%JPLMES) CLMESS 
(   31) CHARACTER(LEN=FA%JPLSPX) CLNSPR
(   32) LOGICAL                  LLFATA
(   33) # 34 "fadiex.F90"
(   34) !**
(   35) !     1.  -  CONTROLES DES PARAMETRES D'APPEL, ET INITIALISATIONS.
(   36) !-----------------------------------------------------------------------
(   37) !
(   38) REAL(KIND=JPRB) :: ZHOOK_HANDLE
(   39) IF (LHOOK) CALL DR_HOOK('FADIEX_MT',0,ZHOOK_HANDLE)
(   40) CLACTI=''
(   41) LLVERF=.FALSE.
(   42) CALL FANUMU_MT64                 &
(   43) &               (FA, KNUMER,IRANG)
(   44) !
(   45) IF (IRANG.EQ.0) THEN
(   46)   IREP=-51
(   47)   GOTO 1001
(   48) ENDIF
(   49) !
(   50) !         Verrouillage eventuel du fichier.
(   51) !
(   52) IF (FA%LFAMUL) CALL LFIVER_MT64                               &
(   53) &                              (FA%LFI, FA%FICHIER(IRANG)%VRFICH,'ON')
(   54) LLVERF=FA%LFAMUL
(   55) !**
(   56) !     2.  -  CONTROLE DE DEFINITION PREALABLE DE LA DATE.
(   57) !-----------------------------------------------------------------------






NVFORTRAN (Version     23.1)          02/24/2023  13:55:04      page 7

(   58) !
(   59) IF (FA%FICHIER(IRANG)%LCREAF) THEN
(   60)   IREP=-85
(   61)   GOTO 1001
(   62) ENDIF
(   63) !**
(   64) !     3.  -  TRANSFERT DE LA TABLE "FA%MADATE" DANS LE TABLEAU ARGUMENT.
(   65) !-----------------------------------------------------------------------
(   66) !
(   67) KDATEF(1:FA%JPLDAT)=FA%FICHIER(IRANG)%MADATE(:)
(   68) KDATEF(FA%JPLDAT+1:FA%JPLDAT*2)=FA%FICHIER(IRANG)%MADATX(:)
(   69) !
(   70) IREP=0
(   71) !**
(   72) !    10.  -  PHASE TERMINALE : MESSAGERIE, AVEC "ABORT" EVENTUEL,
(   73) !            VIA LE SOUS-PROGRAMME "FAIPAR" .
(   74) !-----------------------------------------------------------------------
(   75) !
(   76) 1001 CONTINUE
(   77) KREP=IREP
(   78) LLFATA=LLMOER (IREP,IRANG)
(   79) !
(   80) !        Deverrouillage eventuel du fichier.
(   81) !
(   82) IF (LLVERF) CALL LFIVER_MT64                                &
(   83) &                           (FA%LFI, FA%FICHIER(IRANG)%VRFICH,'OFF')
(   84) !
(   85) IF (LLFATA.OR.IXNVMS(IRANG).EQ.2) THEN
(   86)   INIMES=2
(   87) ELSE
(   88)   IF (LHOOK) CALL DR_HOOK('FADIEX_MT',1,ZHOOK_HANDLE)
(   89)   RETURN
(   90) ENDIF
(   91) !
(   92) CLNSPR='FADIEX'
(   93) !
(   94) IF (INIMES.EQ.2) THEN
(   95)   WRITE (UNIT=CLMESS,FMT='(''KREP='',I4,'', KNUMER='',I3, &
(   96) &       '', KDATEF(1:5)='',I5,2(''/'',I2),I3,'':'',I2.2,   &
(   97) &       '', KDATEF(7:8)='',I6,''-'',I6)') KREP,KNUMER,     &
(   98) &     (KDATEF(J),J=1,5),(KDATEF(J),J=7,8)
(   99)   CALL FAIPAR_MT64                                     &
(  100) &                 (FA, KNUMER,INIMES,IREP,LLFATA,CLMESS, &
(  101) &               CLNSPR,CLACTI,.FALSE.)
(  102) ENDIF
(  103) !
(  104) IF (LHOOK) CALL DR_HOOK('FADIEX_MT',1,ZHOOK_HANDLE)
(  105) # 106 "fadiex.F90"
(  106) CONTAINS
(  107) # 108 "fadiex.F90"
(  108) # 1 ".D[27]/facom2.llmoer.h"
(    1) !
(    2) !       Fonction servant a rendre fatale ou non une erreur detectee,
(    3) !       a l'aide du code reponse courant, du niveau de filtrage global,
(    4) !       et de l'option d'erreur fatale propre au fichier.
(    5) !       s'il n'y a pas de fichier (I5678=0, d'ou dimensionnement de
(    6) !          *LERRFA*), le niveau de filtrage joue le role principal.
(    7) !






NVFORTRAN (Version     23.1)          02/24/2023  13:55:04      page 8

(    8) LOGICAL FUNCTION LLMOER (I1234,I5678)
(    9) INTEGER (KIND=JPLIKB) :: I1234,I5678
(   10) LLMOER=I1234.EQ.-66_JPLIKB .OR. (I1234.NE.0_JPLIKB .AND.(FA%NRFAGA.EQ.0_JPLIKB &
(   11)      & .OR. (FA%NRFAGA.EQ.1_JPLIKB .AND.FA%FICHIER(I5678)%LERRFA)))
(   12) END FUNCTION
(   13) # 109 "fadiex.F90"
(  109) # 109 "fadiex.F90"
(  109) # 1 ".D[27]/facom2.ixnvms.h"
(    1) !*
(    2) !       Fonction "en ligne" donnant le plus haut niveau de messagerie
(    3) !       acceptable pour l'unite logique de rang "I3456"
(    4) !       (utilisation des niveaux de messagerie global et propre au
(    5) !        fichier; s'il n'y a pas de fichier - I3456=0, d'ou le dimensio-
(    6) !        nnement de *NIVOMS* a partir de zero, le niveau de filtrage
(    7) !        global joue seul)
(    8) !
(    9) INTEGER (KIND=JPLIKB) FUNCTION IXNVMS (I3456)
(   10) INTEGER (KIND=JPLIKB) :: I3456
(   11) IXNVMS =MIN (2_JPLIKB ,2_JPLIKB *FA%NIMSGA,MAX (2_JPLIKB *FA%NIMSGA-2_JPLIKB ,FA%FICHIER(I3456)%NIVOMS))
(   12) END FUNCTION
(   13) # 110 "fadiex.F90"
(  110) # 111 "fadiex.F90"
(  111) END SUBROUTINE FADIEX_MT64
(  112) # 115 "fadiex.F90"
(  115) ! Oct-2012 P. Marguinaud 64b LFI
(  116) SUBROUTINE FADIEX64                      &
(  117) &           (KREP, KNUMER, KDATEF)
(  118) USE FA_MOD, ONLY : FA => FA_COM_DEFAULT, &
(  119) &                  FA_COM_DEFAULT_INIT,  &
(  120) &                  NEW_FA_DEFAULT
(  121) USE LFI_PRECISION
(  122) IMPLICIT NONE
(  123) ! Arguments
(  124) INTEGER (KIND=JPLIKB)  KREP                                   !   OUT
(  125) INTEGER (KIND=JPLIKB)  KNUMER                                 ! IN   
(  126) INTEGER (KIND=JPLIKB)  KDATEF     (FA%JPLDAT*2)               !   OUT
(  127) # 128 "fadiex.F90"
(  128) IF (.NOT. FA_COM_DEFAULT_INIT) CALL NEW_FA_DEFAULT ()
(  129) # 130 "fadiex.F90"
(  130) CALL FADIEX_MT64                     &
(  131) &           (FA, KREP, KNUMER, KDATEF)
(  132) # 133 "fadiex.F90"
(  133) END SUBROUTINE FADIEX64
(  134) # 135 "fadiex.F90"
(  135) SUBROUTINE FADIEX                        &
(  136) &           (KREP, KNUMER, KDATEF)
(  137) USE FA_MOD, ONLY : FA => FA_COM_DEFAULT, &
(  138) &                  FA_COM_DEFAULT_INIT,  &
(  139) &                  NEW_FA_DEFAULT
(  140) USE LFI_PRECISION
(  141) IMPLICIT NONE
(  142) ! Arguments
(  143) INTEGER (KIND=JPLIKM)  KREP                                   !   OUT
(  144) INTEGER (KIND=JPLIKM)  KNUMER                                 ! IN   
(  145) INTEGER (KIND=JPLIKM)  KDATEF     (FA%JPLDAT*2)               !   OUT
(  146) # 147 "fadiex.F90"
(  147) IF (.NOT. FA_COM_DEFAULT_INIT) CALL NEW_FA_DEFAULT ()
(  148) # 149 "fadiex.F90"






NVFORTRAN (Version     23.1)          02/24/2023  13:55:04      page 9

(  149) CALL FADIEX_MT                       &
(  150) &           (FA, KREP, KNUMER, KDATEF)
(  151) # 152 "fadiex.F90"
(  152) END SUBROUTINE FADIEX
(  153) # 154 "fadiex.F90"
(  154) SUBROUTINE FADIEX_MT                 &
(  155) &           (FA, KREP, KNUMER, KDATEF)
(  156) USE FA_MOD, ONLY : FA_COM
(  157) USE LFI_PRECISION
(  158) IMPLICIT NONE
(  159) ! Arguments
(  160) TYPE (FA_COM)          FA                                     ! INOUT
(  161) INTEGER (KIND=JPLIKM)  KREP                                   !   OUT
(  162) INTEGER (KIND=JPLIKM)  KNUMER                                 ! IN   
(  163) INTEGER (KIND=JPLIKM)  KDATEF     (FA%JPLDAT*2)               !   OUT
(  164) ! Local integers
(  165) INTEGER (KIND=JPLIKB)  IREP                                   !   OUT
(  166) INTEGER (KIND=JPLIKB)  INUMER                                 ! IN   
(  167) INTEGER (KIND=JPLIKB)  IDATEF     (FA%JPLDAT*2)               !   OUT
(  168) ! Convert arguments
(  169) # 170 "fadiex.F90"
(  170) INUMER     = INT (    KNUMER, JPLIKB)
(  171) # 172 "fadiex.F90"
(  172) CALL FADIEX_MT64                     &
(  173) &           (FA, IREP, INUMER, IDATEF)
(  174) # 175 "fadiex.F90"
(  175) KREP       = INT (      IREP, JPLIKM)
(  176) KDATEF     = INT (    IDATEF, JPLIKM)
(  177) # 178 "fadiex.F90"
(  178) END SUBROUTINE FADIEX_MT
(  179) # 180 "fadiex.F90"
(  180) !INTF KREP            OUT                               
(  181) !INTF KNUMER        IN                                  
(  182) !INTF KDATEF          OUT DIMS=FA%JPLDAT*2              
