


NVFORTRAN (Version     23.1)          02/24/2023  13:54:52      page 1

Switches: -noasm -nodclchk -debug -nodlines -line -list
          -idir .D[1]
          -idir .D[2]
          -idir .D[3]
          -idir .D[4]
          -idir .D[5]
          -idir .D[6]
          -idir .D[7]
          -idir .D[8]
          -idir .D[9]
          -idir .D[10]
          -idir .D[11]
          -idir .D[12]
          -idir .D[13]
          -idir .D[14]
          -idir .D[15]
          -idir .D[16]
          -idir .D[17]
          -idir .D[18]
          -idir .D[19]
          -idir .D[20]
          -idir .D[21]
          -idir .D[22]
          -idir .D[23]
          -idir .D[24]
          -idir .D[25]
          -idir .D[26]
          -idir .D[27]
          -idir .D[28]
          -idir .D[29]
          -idir .D[30]
          -idir .D[31]
          -idir .D[32]
          -idir .D[33]
          -idir .D[34]
          -idir .D[35]
          -idir .D[36]
          -idir .D[37]
          -idir .D[38]
          -idir .D[39]
          -idir .D[40]
          -idir .D[41]
          -idir .D[42]
          -idir .D[43]
          -idir .D[44]
          -idir .D[45]
          -idir .D[46]
          -idir .D[47]
          -idir .D[48]
          -idir .D[49]
          -idir .D[50]
          -idir .D[51]
          -idir .D[52]
          -idir .D[53]
          -idir .D[54]
          -idir .D[55]
          -idir .D[56]
          -idir .D[57]






NVFORTRAN (Version     23.1)          02/24/2023  13:54:52      page 2

          -idir .D[58]
          -idir .D[59]
          -idir .D[60]
          -idir .D[61]
          -idir .D[62]
          -idir .D[63]
          -idir .D[64]
          -idir .D[65]
          -idir .D[66]
          -idir .D[67]
          -idir .D[68]
          -idir .D[69]
          -idir .D[70]
          -idir .D[71]
          -idir .D[72]
          -idir .D[73]
          -idir .D[74]
          -idir .D[75]
          -idir .D[76]
          -idir .D[77]
          -idir .D[78]
          -idir /opt/softs/nvidia/hpc_sdk/Linux_x86_64/23.1/comm_libs/openmpi/openmpi-3.1.5/include
          -idir /opt/softs/nvidia/hpc_sdk/Linux_x86_64/23.1/comm_libs/openmpi/openmpi-3.1.5/lib
          -inform severe -opt 0 -nosave -object -noonetrip
          -depchk on -nostandard     
          -symbol -noupcase    

Filename: fairme.F90

(    1) ! Oct-2012 P. Marguinaud 64b LFI
(    2) ! Jan-2011 P. Marguinaud Thread-safe FA
(    3) SUBROUTINE FAIRME_MT64                           &
(    4) &                     (FA,  KREP, KNUMER, CDSTTU )
(    5) USE FA_MOD, ONLY : FA_COM, FREE_FICHIER, JPNIIL
(    6) USE PARKIND1, ONLY : JPRB
(    7) USE YOMHOOK , ONLY : LHOOK, DR_HOOK
(    8) USE LFI_PRECISION
(    9) IMPLICIT NONE
(   10) !****
(   11) !       Sous-programme de FERMETURE d'une unite logique "Fichier ARPEGE"
(   12) !**
(   13) !    Arguments : KREP   (Sortie) ==> Code-reponse du sous-programme;
(   14) !                KNUMER (Entree) ==> Numero de l'unite logique;
(   15) !                CDSTTU (Entree) ==> "STATUS" eventuel pour "CLOSE".
(   16) !
(   17) !
(   18) !
(   19) TYPE(FA_COM) :: FA
(   20) INTEGER (KIND=JPLIKB) KREP, KNUMER
(   21) !
(   22) INTEGER (KIND=JPLIKB) IREP, IRANG, J, IPOSNU
(   23) INTEGER (KIND=JPLIKB) IRANGC, INIMES, ILNOMC
(   24) !
(   25) CHARACTER(LEN=*) CDSTTU
(   26) CHARACTER(LEN=7) CLSTTU
(   27) !
(   28) LOGICAL LLSTTU, LLVERF, LLRLFI
(   29) !
(   30) CHARACTER(LEN=FA%JPXNOM) CLACTI 






NVFORTRAN (Version     23.1)          02/24/2023  13:54:52      page 3

(   31) CHARACTER(LEN=FA%JPLMES) CLMESS 
(   32) CHARACTER(LEN=FA%JPLSPX) CLNSPR
(   33) LOGICAL                  LLFATA
(   34) INTEGER (KIND=JPLIKM)    IREP4
(   35) 
(   36) !**
(   37) !     1.  -  CONTROLES DES PARAMETRES D'APPEL, PUIS INITIALISATIONS.
(   38) !-----------------------------------------------------------------------
(   39) !
(   40) REAL(KIND=JPRB) :: ZHOOK_HANDLE
(   41) IF (LHOOK) CALL DR_HOOK('FAIRME_MT',0,ZHOOK_HANDLE)
(   42) CLACTI=''
(   43) IREP=0
(   44) LLVERF=.FALSE.
(   45) LLRLFI=.FALSE.
(   46) CALL FANUMU_MT64                 &
(   47) &               (FA, KNUMER,IRANG)
(   48) !
(   49) !         Verrouillage global eventuel.
(   50) !
(   51) IF (FA%LFAMUL) CALL LFIVER_MT64                        &
(   52) &                              (FA%LFI, FA%VRGLAS,'ON')
(   53) !
(   54) IF (IRANG.EQ.0) THEN
(   55)   IREP=-51
(   56)   GOTO 1001
(   57) ELSEIF (LEN (CDSTTU).LE.0) THEN
(   58)   IREP=-65
(   59)   GOTO 1001
(   60) ELSE
(   61)   LLSTTU=CDSTTU.EQ.'KEEP'.OR.CDSTTU.EQ.'DELETE'
(   62) !
(   63)   IF (LLSTTU) THEN
(   64)     CLSTTU=CDSTTU(1:MIN (LEN (CDSTTU),LEN (CLSTTU)))
(   65)   ELSE
(   66)     CLSTTU='DEFAUT'
(   67)   ENDIF
(   68) !
(   69) ENDIF
(   70) !
(   71) IF (FA%LFAMUL) CALL LFIVER_MT64                               &
(   72) &                              (FA%LFI, FA%FICHIER(IRANG)%VRFICH,'ON')
(   73) LLVERF=FA%LFAMUL
(   74) !
(   75) IF (FA%FICHIER(IRANG)%LCREAF.AND..NOT.LLSTTU) THEN
(   76) !
(   77) !         On force le relachement d'un fichier "parasite".
(   78) !
(   79)   LLSTTU=.TRUE.
(   80)   CLSTTU='DELETE'
(   81) ENDIF
(   82) !**
(   83) !     2.  -  FERMETURE DU FICHIER, AU SENS DU LOGICIEL LFI.
(   84) !-----------------------------------------------------------------------
(   85) !
(   86) CALL LFIFER_MT64                            &
(   87) &               (FA%LFI, IREP,KNUMER,CLSTTU)
(   88) !






NVFORTRAN (Version     23.1)          02/24/2023  13:54:52      page 4

(   89) IF (IREP.NE.0) THEN
(   90)   LLRLFI=.TRUE.
(   91)   GOTO 1001
(   92) ENDIF
(   93) IF (FA%FICHIER(IRANG)%NFILEP /= 0) THEN
(   94)   CALL FI_FCLOSE (IREP4, FA%FICHIER(IRANG)%NFILEP)
(   95)   FA%FICHIER(IRANG)%NFILEP = 0
(   96)   IREP = IREP4
(   97)   IF (IREP /= 0) GOTO 1001
(   98) ENDIF
(   99) !**
(  100) !     3.  -  "NETTOYAGE" DES TABLES AYANT PERMIS DE GERER LE FICHIER.
(  101) !            ( au moins celles ayant un caractere "global" )
(  102) !-----------------------------------------------------------------------
(  103) !
(  104) FA%FICHIER(IRANG)%NULOGI=JPNIIL
(  105) !
(  106) DO J=1,FA%NFIOUV
(  107) !
(  108) IF (FA%NULIND(J).EQ.IRANG) THEN
(  109)   IPOSNU=J
(  110)   GOTO 302
(  111) ENDIF
(  112) !
(  113) ENDDO
(  114) !
(  115) IREP=-66
(  116) GOTO 1001
(  117) !
(  118) 302 CONTINUE
(  119) !
(  120) FA%NFIOUV=FA%NFIOUV-1
(  121) !
(  122) DO J=IPOSNU,FA%NFIOUV
(  123) FA%NULIND(J)=FA%NULIND(J+1)
(  124) ENDDO
(  125) !
(  126) IF (FA%LFAMUL) THEN
(  127)   CALL LFIVER_MT64                                &
(  128) &                 (FA%LFI, FA%FICHIER(IRANG)%VRFICH,'OFF')
(  129)   CALL LFIVER_MT64                                &
(  130) &                 (FA%LFI, FA%FICHIER(IRANG)%VRFICH,'REL')
(  131) ENDIF
(  132) !
(  133) LLVERF=.FALSE.
(  134) IRANGC=FA%FICHIER(IRANG)%NUCADR
(  135) FA%CADRE(IRANGC)%NULCAD=FA%CADRE(IRANGC)%NULCAD-1
(  136) !
(  137) !        Si le cadre auquel etait rattache le fichier n'a plus d'autre
(  138) !     fichier rattache, et qu'on ne devait pas conserver ce cadre,
(  139) !     on le supprime.
(  140) !
(  141) IF (FA%CADRE(IRANGC)%NULCAD.LE.0.AND. &
(  142) &   (FA%CADRE(IRANGC)%NGARDE.EQ.0.OR.  &
(  143) &   (FA%CADRE(IRANGC)%NGARDE.EQ.1.AND. &
(  144) &   .NOT.FA%LIGARD)))                  &
(  145) &      CALL FACTUI_MT64                &
(  146) &                     (FA, IREP,IRANGC)






NVFORTRAN (Version     23.1)          02/24/2023  13:54:52      page 5

(  147) CALL FREE_FICHIER (FA%FICHIER(IRANG))
(  148) !**
(  149) !    10.  -  PHASE TERMINALE : MESSAGERIE, AVEC "ABORT" EVENTUEL,
(  150) !            VIA LE SOUS-PROGRAMME "FAIPAR" .
(  151) !-----------------------------------------------------------------------
(  152) !
(  153) 1001 CONTINUE
(  154) KREP=IREP
(  155) LLFATA=LLMOER (IREP,IRANG)
(  156) !
(  157) !        Deverrouillage(s) eventuel(s).
(  158) !
(  159) IF (LLVERF) CALL LFIVER_MT64                                &
(  160) &                           (FA%LFI, FA%FICHIER(IRANG)%VRFICH,'OFF')
(  161) IF (FA%LFAMUL) CALL LFIVER_MT64                         &
(  162) &                              (FA%LFI, FA%VRGLAS,'OFF')
(  163) !
(  164) IF (LLFATA) THEN
(  165)   INIMES=2
(  166) ELSE
(  167)   INIMES=IXNVMS(IRANG)
(  168) ENDIF
(  169) !
(  170) IF (INIMES.EQ.0)  THEN 
(  171)   IF (LHOOK) CALL DR_HOOK('FAIRME_MT',1,ZHOOK_HANDLE)
(  172)   RETURN
(  173) ENDIF
(  174) !
(  175) CLNSPR='FAIRME'
(  176) !
(  177) IF (IREP.EQ.-65) THEN
(  178)   ILNOMC=8
(  179)   CLACTI(1:ILNOMC)=FA%CHAINC(:ILNOMC)
(  180)  ELSE
(  181)   ILNOMC=MIN ( INT (LEN (CDSTTU), JPLIKB),  &
(  182) &               INT (LEN (CLACTI), JPLIKB) )
(  183)   CLACTI(1:ILNOMC)=CDSTTU(1:ILNOMC)
(  184) ENDIF
(  185) !
(  186) IF (INIMES.EQ.2) THEN
(  187) !
(  188)   ILNOMC=MIN (ILNOMC,FA%NCPCAD)
(  189)   WRITE (UNIT=CLMESS,FMT='(''KREP='',I4,'', KNUMER='',I3, &
(  190) &         '', CDSTTU='''''',A,'''''''')') KREP,KNUMER,     &
(  191) &       CLACTI(1:ILNOMC)
(  192)   CALL FAIPAR_MT64                              &
(  193) &                 (FA, KNUMER,INIMES,IREP,LLFATA, &
(  194) &               CLMESS,CLNSPR,                    &
(  195) &               CLACTI(1:ILNOMC),LLRLFI)
(  196) !
(  197) ENDIF
(  198) !
(  199) IF (LHOOK) CALL DR_HOOK('FAIRME_MT',1,ZHOOK_HANDLE)
(  200) 
(  201) CONTAINS
(  202) 
(  203) #include "facom2.llmoer.h"
(  204) #include "facom2.ixnvms.h"






NVFORTRAN (Version     23.1)          02/24/2023  13:54:52      page 6

(  205) 
(  206) END SUBROUTINE FAIRME_MT64
(  207) 
(  208) 
(  209) 
(  210) ! Oct-2012 P. Marguinaud 64b LFI
(  211) SUBROUTINE FAIRME64              &
(  212) &           (KREP, KNUMER, CDSTTU)
(  213) USE FA_MOD, ONLY : FA => FA_COM_DEFAULT, &
(  214) &                   FA_COM_DEFAULT_INIT,  &
(  215) &                   NEW_FA_DEFAULT
(  216) USE LFI_PRECISION
(  217) IMPLICIT NONE
(  218) ! Arguments
(  219) INTEGER (KIND=JPLIKB)  KREP                                   !   OUT
(  220) INTEGER (KIND=JPLIKB)  KNUMER                                 ! IN   
(  221) CHARACTER (LEN=*)      CDSTTU                                 ! IN   
(  222) 
(  223) IF (.NOT. FA_COM_DEFAULT_INIT) CALL NEW_FA_DEFAULT ()
(  224) 
(  225) CALL FAIRME_MT64                     &
(  226) &           (FA, KREP, KNUMER, CDSTTU)
(  227) 
(  228) END SUBROUTINE FAIRME64
(  229) 
(  230) SUBROUTINE FAIRME                &
(  231) &           (KREP, KNUMER, CDSTTU)
(  232) USE FA_MOD, ONLY : FA => FA_COM_DEFAULT, &
(  233) &                   FA_COM_DEFAULT_INIT,  &
(  234) &                   NEW_FA_DEFAULT
(  235) USE LFI_PRECISION
(  236) IMPLICIT NONE
(  237) ! Arguments
(  238) INTEGER (KIND=JPLIKM)  KREP                                   !   OUT
(  239) INTEGER (KIND=JPLIKM)  KNUMER                                 ! IN   
(  240) CHARACTER (LEN=*)      CDSTTU                                 ! IN   
(  241) 
(  242) IF (.NOT. FA_COM_DEFAULT_INIT) CALL NEW_FA_DEFAULT ()
(  243) 
(  244) CALL FAIRME_MT                       &
(  245) &           (FA, KREP, KNUMER, CDSTTU)
(  246) 
(  247) END SUBROUTINE FAIRME
(  248) 
(  249) SUBROUTINE FAIRME_MT                 &
(  250) &           (FA, KREP, KNUMER, CDSTTU)
(  251) USE FA_MOD, ONLY : FA_COM
(  252) USE LFI_PRECISION
(  253) IMPLICIT NONE
(  254) ! Arguments
(  255) TYPE (FA_COM)          FA                                     ! INOUT
(  256) INTEGER (KIND=JPLIKM)  KREP                                   !   OUT
(  257) INTEGER (KIND=JPLIKM)  KNUMER                                 ! IN   
(  258) CHARACTER (LEN=*)      CDSTTU                                 ! IN   
(  259) ! Local integers
(  260) INTEGER (KIND=JPLIKB)  IREP                                   !   OUT
(  261) INTEGER (KIND=JPLIKB)  INUMER                                 ! IN   
(  262) ! Convert arguments






NVFORTRAN (Version     23.1)          02/24/2023  13:54:52      page 7

(  263) 
(  264) INUMER     = INT (    KNUMER, JPLIKB)
(  265) 
(  266) CALL FAIRME_MT64                     &
(  267) &           (FA, IREP, INUMER, CDSTTU)
(  268) 
(  269) KREP       = INT (      IREP, JPLIKM)
(  270) 
(  271) END SUBROUTINE FAIRME_MT
(  272) 
(  273) !INTF KREP            OUT 
(  274) !INTF KNUMER        IN    
(  275) !INTF CDSTTU        IN    



















































NVFORTRAN (Version     23.1)          02/24/2023  13:54:52      page 8

(    1) # 1 "fairme.F90"
(    1) ! Oct-2012 P. Marguinaud 64b LFI
(    2) ! Jan-2011 P. Marguinaud Thread-safe FA
(    3) SUBROUTINE FAIRME_MT64                           &
(    4) &                     (FA,  KREP, KNUMER, CDSTTU )
(    5) USE FA_MOD, ONLY : FA_COM, FREE_FICHIER, JPNIIL
(    6) USE PARKIND1, ONLY : JPRB
(    7) USE YOMHOOK , ONLY : LHOOK, DR_HOOK
(    8) USE LFI_PRECISION
(    9) IMPLICIT NONE
(   10) !****
(   11) !       Sous-programme de FERMETURE d'une unite logique "Fichier ARPEGE"
(   12) !**
(   13) !    Arguments : KREP   (Sortie) ==> Code-reponse du sous-programme;
(   14) !                KNUMER (Entree) ==> Numero de l'unite logique;
(   15) !                CDSTTU (Entree) ==> "STATUS" eventuel pour "CLOSE".
(   16) !
(   17) !
(   18) !
(   19) TYPE(FA_COM) :: FA
(   20) INTEGER (KIND=JPLIKB) KREP, KNUMER
(   21) !
(   22) INTEGER (KIND=JPLIKB) IREP, IRANG, J, IPOSNU
(   23) INTEGER (KIND=JPLIKB) IRANGC, INIMES, ILNOMC
(   24) !
(   25) CHARACTER(LEN=*) CDSTTU
(   26) CHARACTER(LEN=7) CLSTTU
(   27) !
(   28) LOGICAL LLSTTU, LLVERF, LLRLFI
(   29) !
(   30) CHARACTER(LEN=FA%JPXNOM) CLACTI 
(   31) CHARACTER(LEN=FA%JPLMES) CLMESS 
(   32) CHARACTER(LEN=FA%JPLSPX) CLNSPR
(   33) LOGICAL                  LLFATA
(   34) INTEGER (KIND=JPLIKM)    IREP4
(   35) # 36 "fairme.F90"
(   36) !**
(   37) !     1.  -  CONTROLES DES PARAMETRES D'APPEL, PUIS INITIALISATIONS.
(   38) !-----------------------------------------------------------------------
(   39) !
(   40) REAL(KIND=JPRB) :: ZHOOK_HANDLE
(   41) IF (LHOOK) CALL DR_HOOK('FAIRME_MT',0,ZHOOK_HANDLE)
(   42) CLACTI=''
(   43) IREP=0
(   44) LLVERF=.FALSE.
(   45) LLRLFI=.FALSE.
(   46) CALL FANUMU_MT64                 &
(   47) &               (FA, KNUMER,IRANG)
(   48) !
(   49) !         Verrouillage global eventuel.
(   50) !
(   51) IF (FA%LFAMUL) CALL LFIVER_MT64                        &
(   52) &                              (FA%LFI, FA%VRGLAS,'ON')
(   53) !
(   54) IF (IRANG.EQ.0) THEN
(   55)   IREP=-51
(   56)   GOTO 1001
(   57) ELSEIF (LEN (CDSTTU).LE.0) THEN






NVFORTRAN (Version     23.1)          02/24/2023  13:54:52      page 9

(   58)   IREP=-65
(   59)   GOTO 1001
(   60) ELSE
(   61)   LLSTTU=CDSTTU.EQ.'KEEP'.OR.CDSTTU.EQ.'DELETE'
(   62) !
(   63)   IF (LLSTTU) THEN
(   64)     CLSTTU=CDSTTU(1:MIN (LEN (CDSTTU),LEN (CLSTTU)))
(   65)   ELSE
(   66)     CLSTTU='DEFAUT'
(   67)   ENDIF
(   68) !
(   69) ENDIF
(   70) !
(   71) IF (FA%LFAMUL) CALL LFIVER_MT64                               &
(   72) &                              (FA%LFI, FA%FICHIER(IRANG)%VRFICH,'ON')
(   73) LLVERF=FA%LFAMUL
(   74) !
(   75) IF (FA%FICHIER(IRANG)%LCREAF.AND..NOT.LLSTTU) THEN
(   76) !
(   77) !         On force le relachement d'un fichier "parasite".
(   78) !
(   79)   LLSTTU=.TRUE.
(   80)   CLSTTU='DELETE'
(   81) ENDIF
(   82) !**
(   83) !     2.  -  FERMETURE DU FICHIER, AU SENS DU LOGICIEL LFI.
(   84) !-----------------------------------------------------------------------
(   85) !
(   86) CALL LFIFER_MT64                            &
(   87) &               (FA%LFI, IREP,KNUMER,CLSTTU)
(   88) !
(   89) IF (IREP.NE.0) THEN
(   90)   LLRLFI=.TRUE.
(   91)   GOTO 1001
(   92) ENDIF
(   93) IF (FA%FICHIER(IRANG)%NFILEP /= 0) THEN
(   94)   CALL FI_FCLOSE (IREP4, FA%FICHIER(IRANG)%NFILEP)
(   95)   FA%FICHIER(IRANG)%NFILEP = 0
(   96)   IREP = IREP4
(   97)   IF (IREP /= 0) GOTO 1001
(   98) ENDIF
(   99) !**
(  100) !     3.  -  "NETTOYAGE" DES TABLES AYANT PERMIS DE GERER LE FICHIER.
(  101) !            ( au moins celles ayant un caractere "global" )
(  102) !-----------------------------------------------------------------------
(  103) !
(  104) FA%FICHIER(IRANG)%NULOGI=JPNIIL
(  105) !
(  106) DO J=1,FA%NFIOUV
(  107) !
(  108) IF (FA%NULIND(J).EQ.IRANG) THEN
(  109)   IPOSNU=J
(  110)   GOTO 302
(  111) ENDIF
(  112) !
(  113) ENDDO
(  114) !
(  115) IREP=-66






NVFORTRAN (Version     23.1)          02/24/2023  13:54:52      page 10

(  116) GOTO 1001
(  117) !
(  118) 302 CONTINUE
(  119) !
(  120) FA%NFIOUV=FA%NFIOUV-1
(  121) !
(  122) DO J=IPOSNU,FA%NFIOUV
(  123) FA%NULIND(J)=FA%NULIND(J+1)
(  124) ENDDO
(  125) !
(  126) IF (FA%LFAMUL) THEN
(  127)   CALL LFIVER_MT64                                &
(  128) &                 (FA%LFI, FA%FICHIER(IRANG)%VRFICH,'OFF')
(  129)   CALL LFIVER_MT64                                &
(  130) &                 (FA%LFI, FA%FICHIER(IRANG)%VRFICH,'REL')
(  131) ENDIF
(  132) !
(  133) LLVERF=.FALSE.
(  134) IRANGC=FA%FICHIER(IRANG)%NUCADR
(  135) FA%CADRE(IRANGC)%NULCAD=FA%CADRE(IRANGC)%NULCAD-1
(  136) !
(  137) !        Si le cadre auquel etait rattache le fichier n'a plus d'autre
(  138) !     fichier rattache, et qu'on ne devait pas conserver ce cadre,
(  139) !     on le supprime.
(  140) !
(  141) IF (FA%CADRE(IRANGC)%NULCAD.LE.0.AND. &
(  142) &   (FA%CADRE(IRANGC)%NGARDE.EQ.0.OR.  &
(  143) &   (FA%CADRE(IRANGC)%NGARDE.EQ.1.AND. &
(  144) &   .NOT.FA%LIGARD)))                  &
(  145) &      CALL FACTUI_MT64                &
(  146) &                     (FA, IREP,IRANGC)
(  147) CALL FREE_FICHIER (FA%FICHIER(IRANG))
(  148) !**
(  149) !    10.  -  PHASE TERMINALE : MESSAGERIE, AVEC "ABORT" EVENTUEL,
(  150) !            VIA LE SOUS-PROGRAMME "FAIPAR" .
(  151) !-----------------------------------------------------------------------
(  152) !
(  153) 1001 CONTINUE
(  154) KREP=IREP
(  155) LLFATA=LLMOER (IREP,IRANG)
(  156) !
(  157) !        Deverrouillage(s) eventuel(s).
(  158) !
(  159) IF (LLVERF) CALL LFIVER_MT64                                &
(  160) &                           (FA%LFI, FA%FICHIER(IRANG)%VRFICH,'OFF')
(  161) IF (FA%LFAMUL) CALL LFIVER_MT64                         &
(  162) &                              (FA%LFI, FA%VRGLAS,'OFF')
(  163) !
(  164) IF (LLFATA) THEN
(  165)   INIMES=2
(  166) ELSE
(  167)   INIMES=IXNVMS(IRANG)
(  168) ENDIF
(  169) !
(  170) IF (INIMES.EQ.0)  THEN 
(  171)   IF (LHOOK) CALL DR_HOOK('FAIRME_MT',1,ZHOOK_HANDLE)
(  172)   RETURN
(  173) ENDIF






NVFORTRAN (Version     23.1)          02/24/2023  13:54:52      page 11

(  174) !
(  175) CLNSPR='FAIRME'
(  176) !
(  177) IF (IREP.EQ.-65) THEN
(  178)   ILNOMC=8
(  179)   CLACTI(1:ILNOMC)=FA%CHAINC(:ILNOMC)
(  180)  ELSE
(  181)   ILNOMC=MIN ( INT (LEN (CDSTTU), JPLIKB),  &
(  182) &               INT (LEN (CLACTI), JPLIKB) )
(  183)   CLACTI(1:ILNOMC)=CDSTTU(1:ILNOMC)
(  184) ENDIF
(  185) !
(  186) IF (INIMES.EQ.2) THEN
(  187) !
(  188)   ILNOMC=MIN (ILNOMC,FA%NCPCAD)
(  189)   WRITE (UNIT=CLMESS,FMT='(''KREP='',I4,'', KNUMER='',I3, &
(  190) &         '', CDSTTU='''''',A,'''''''')') KREP,KNUMER,     &
(  191) &       CLACTI(1:ILNOMC)
(  192)   CALL FAIPAR_MT64                              &
(  193) &                 (FA, KNUMER,INIMES,IREP,LLFATA, &
(  194) &               CLMESS,CLNSPR,                    &
(  195) &               CLACTI(1:ILNOMC),LLRLFI)
(  196) !
(  197) ENDIF
(  198) !
(  199) IF (LHOOK) CALL DR_HOOK('FAIRME_MT',1,ZHOOK_HANDLE)
(  200) # 201 "fairme.F90"
(  201) CONTAINS
(  202) # 203 "fairme.F90"
(  203) # 1 ".D[27]/facom2.llmoer.h"
(    1) !
(    2) !       Fonction servant a rendre fatale ou non une erreur detectee,
(    3) !       a l'aide du code reponse courant, du niveau de filtrage global,
(    4) !       et de l'option d'erreur fatale propre au fichier.
(    5) !       s'il n'y a pas de fichier (I5678=0, d'ou dimensionnement de
(    6) !          *LERRFA*), le niveau de filtrage joue le role principal.
(    7) !
(    8) LOGICAL FUNCTION LLMOER (I1234,I5678)
(    9) INTEGER (KIND=JPLIKB) :: I1234,I5678
(   10) LLMOER=I1234.EQ.-66_JPLIKB .OR. (I1234.NE.0_JPLIKB .AND.(FA%NRFAGA.EQ.0_JPLIKB &
(   11)      & .OR. (FA%NRFAGA.EQ.1_JPLIKB .AND.FA%FICHIER(I5678)%LERRFA)))
(   12) END FUNCTION
(   13) # 204 "fairme.F90"
(  204) # 204 "fairme.F90"
(  204) # 1 ".D[27]/facom2.ixnvms.h"
(    1) !*
(    2) !       Fonction "en ligne" donnant le plus haut niveau de messagerie
(    3) !       acceptable pour l'unite logique de rang "I3456"
(    4) !       (utilisation des niveaux de messagerie global et propre au
(    5) !        fichier; s'il n'y a pas de fichier - I3456=0, d'ou le dimensio-
(    6) !        nnement de *NIVOMS* a partir de zero, le niveau de filtrage
(    7) !        global joue seul)
(    8) !
(    9) INTEGER (KIND=JPLIKB) FUNCTION IXNVMS (I3456)
(   10) INTEGER (KIND=JPLIKB) :: I3456
(   11) IXNVMS =MIN (2_JPLIKB ,2_JPLIKB *FA%NIMSGA,MAX (2_JPLIKB *FA%NIMSGA-2_JPLIKB ,FA%FICHIER(I3456)%NIVOMS))
(   12) END FUNCTION
(   13) # 205 "fairme.F90"






NVFORTRAN (Version     23.1)          02/24/2023  13:54:52      page 12

(  205) # 206 "fairme.F90"
(  206) END SUBROUTINE FAIRME_MT64
(  207) # 210 "fairme.F90"
(  210) ! Oct-2012 P. Marguinaud 64b LFI
(  211) SUBROUTINE FAIRME64              &
(  212) &           (KREP, KNUMER, CDSTTU)
(  213) USE FA_MOD, ONLY : FA => FA_COM_DEFAULT, &
(  214) &                   FA_COM_DEFAULT_INIT,  &
(  215) &                   NEW_FA_DEFAULT
(  216) USE LFI_PRECISION
(  217) IMPLICIT NONE
(  218) ! Arguments
(  219) INTEGER (KIND=JPLIKB)  KREP                                   !   OUT
(  220) INTEGER (KIND=JPLIKB)  KNUMER                                 ! IN   
(  221) CHARACTER (LEN=*)      CDSTTU                                 ! IN   
(  222) # 223 "fairme.F90"
(  223) IF (.NOT. FA_COM_DEFAULT_INIT) CALL NEW_FA_DEFAULT ()
(  224) # 225 "fairme.F90"
(  225) CALL FAIRME_MT64                     &
(  226) &           (FA, KREP, KNUMER, CDSTTU)
(  227) # 228 "fairme.F90"
(  228) END SUBROUTINE FAIRME64
(  229) # 230 "fairme.F90"
(  230) SUBROUTINE FAIRME                &
(  231) &           (KREP, KNUMER, CDSTTU)
(  232) USE FA_MOD, ONLY : FA => FA_COM_DEFAULT, &
(  233) &                   FA_COM_DEFAULT_INIT,  &
(  234) &                   NEW_FA_DEFAULT
(  235) USE LFI_PRECISION
(  236) IMPLICIT NONE
(  237) ! Arguments
(  238) INTEGER (KIND=JPLIKM)  KREP                                   !   OUT
(  239) INTEGER (KIND=JPLIKM)  KNUMER                                 ! IN   
(  240) CHARACTER (LEN=*)      CDSTTU                                 ! IN   
(  241) # 242 "fairme.F90"
(  242) IF (.NOT. FA_COM_DEFAULT_INIT) CALL NEW_FA_DEFAULT ()
(  243) # 244 "fairme.F90"
(  244) CALL FAIRME_MT                       &
(  245) &           (FA, KREP, KNUMER, CDSTTU)
(  246) # 247 "fairme.F90"
(  247) END SUBROUTINE FAIRME
(  248) # 249 "fairme.F90"
(  249) SUBROUTINE FAIRME_MT                 &
(  250) &           (FA, KREP, KNUMER, CDSTTU)
(  251) USE FA_MOD, ONLY : FA_COM
(  252) USE LFI_PRECISION
(  253) IMPLICIT NONE
(  254) ! Arguments
(  255) TYPE (FA_COM)          FA                                     ! INOUT
(  256) INTEGER (KIND=JPLIKM)  KREP                                   !   OUT
(  257) INTEGER (KIND=JPLIKM)  KNUMER                                 ! IN   
(  258) CHARACTER (LEN=*)      CDSTTU                                 ! IN   
(  259) ! Local integers
(  260) INTEGER (KIND=JPLIKB)  IREP                                   !   OUT
(  261) INTEGER (KIND=JPLIKB)  INUMER                                 ! IN   
(  262) ! Convert arguments
(  263) # 264 "fairme.F90"
(  264) INUMER     = INT (    KNUMER, JPLIKB)






NVFORTRAN (Version     23.1)          02/24/2023  13:54:52      page 13

(  265) # 266 "fairme.F90"
(  266) CALL FAIRME_MT64                     &
(  267) &           (FA, IREP, INUMER, CDSTTU)
(  268) # 269 "fairme.F90"
(  269) KREP       = INT (      IREP, JPLIKM)
(  270) # 271 "fairme.F90"
(  271) END SUBROUTINE FAIRME_MT
(  272) # 273 "fairme.F90"
(  273) !INTF KREP            OUT 
(  274) !INTF KNUMER        IN    
(  275) !INTF CDSTTU        IN    
